#-----------------------------------------------------------
# Vivado v2016.2 (64-bit)
# SW Build 1577090 on Thu Jun  2 16:32:40 MDT 2016
# IP Build 1577682 on Fri Jun  3 12:00:54 MDT 2016
# Start of session at: Sat Feb 18 11:23:42 2017
# Process ID: 9960
# Current directory: H:/Desktop/SeniorDesign/Final Code/Register_Slices
# Command line: vivado.exe -gui_launcher_event rodinguilauncherevent11180 H:\Desktop\SeniorDesign\Final Code\Register_Slices\Register_Slices.xpr
# Log file: H:/Desktop/SeniorDesign/Final Code/Register_Slices/vivado.log
# Journal file: H:/Desktop/SeniorDesign/Final Code/Register_Slices\vivado.jou
#-----------------------------------------------------------
start_gui
open_project {H:/Desktop/SeniorDesign/Final Code/Register_Slices/Register_Slices.xpr}
INFO: [Project 1-313] Project file moved from 'F:/SeniorDesign/Final Code/Register_Slices' since last save.
Scanning sources...
Finished scanning sources
INFO: [IP_Flow 19-234] Refreshing IP repositories
INFO: [IP_Flow 19-1704] No user IP repositories specified
INFO: [IP_Flow 19-2313] Loaded Vivado IP repository 'C:/Xilinx/Vivado/2016.2/data/ip'.
open_project: Time (s): cpu = 00:00:08 ; elapsed = 00:00:13 . Memory (MB): peak = 514.328 ; gain = 83.594
update_compile_order -fileset sources_1
exit
INFO: [Common 17-206] Exiting Vivado at Sat Feb 18 11:25:10 2017...
