
*** Running vivado
    with args -log FifoTesting.vdi -applog -m64 -messageDb vivado.pb -mode batch -source FifoTesting.tcl -notrace


****** Vivado v2016.2 (64-bit)
  **** SW Build 1577090 on Thu Jun  2 16:32:40 MDT 2016
  **** IP Build 1577682 on Fri Jun  3 12:00:54 MDT 2016
    ** Copyright 1986-2016 Xilinx, Inc. All Rights Reserved.

source FifoTesting.tcl -notrace
Design is defaulting to srcset: sources_1
Design is defaulting to constrset: constrs_1
INFO: [Netlist 29-17] Analyzing 30 Unisim elements for replacement
INFO: [Netlist 29-28] Unisim Transformation completed in 0 CPU seconds
INFO: [Project 1-479] Netlist was created with Vivado 2016.2
INFO: [Device 21-403] Loading part xc7z020clg484-1
INFO: [Project 1-570] Preparing netlist for logic optimization
INFO: [Opt 31-138] Pushed 0 inverter(s) to 0 load pin(s).
INFO: [Project 1-111] Unisim Transformation Summary:
  A total of 4 instances were transformed.
  RAM32M => RAM32M (RAMD32, RAMD32, RAMD32, RAMD32, RAMD32, RAMD32, RAMS32, RAMS32): 4 instances

link_design: Time (s): cpu = 00:00:06 ; elapsed = 00:00:10 . Memory (MB): peak = 462.336 ; gain = 255.398
INFO: [Vivado_Tcl 4-424] Cannot write hardware definition file as there are no IPI block design hardware handoff files present
Command: opt_design
Attempting to get a license for feature 'Implementation' and/or device 'xc7z020'
INFO: [Common 17-349] Got license for feature 'Implementation' and/or device 'xc7z020'
Running DRC as a precondition to command opt_design

Starting DRC Task
INFO: [Project 1-461] DRC finished with 0 Errors
INFO: [Project 1-462] Please refer to the DRC report (report_drc) for more information.

Time (s): cpu = 00:00:00 ; elapsed = 00:00:00.153 . Memory (MB): peak = 468.293 ; gain = 5.938
INFO: [Timing 38-35] Done setting XDC timing constraints.

Starting Logic Optimization Task
Implement Debug Cores | Checksum: 197075f66

Phase 1 Retarget
INFO: [Opt 31-138] Pushed 0 inverter(s) to 0 load pin(s).
INFO: [Opt 31-49] Retargeted 0 cell(s).
Phase 1 Retarget | Checksum: 197075f66

Time (s): cpu = 00:00:00 ; elapsed = 00:00:00.056 . Memory (MB): peak = 934.000 ; gain = 0.000

Phase 2 Constant Propagation
INFO: [Opt 31-138] Pushed 0 inverter(s) to 0 load pin(s).
INFO: [Opt 31-10] Eliminated 0 cells.
Phase 2 Constant Propagation | Checksum: 197075f66

Time (s): cpu = 00:00:00 ; elapsed = 00:00:00.085 . Memory (MB): peak = 934.000 ; gain = 0.000

Phase 3 Sweep
INFO: [Opt 31-12] Eliminated 0 unconnected nets.
INFO: [Opt 31-11] Eliminated 0 unconnected cells.
Phase 3 Sweep | Checksum: 197075f66

Time (s): cpu = 00:00:00 ; elapsed = 00:00:00.122 . Memory (MB): peak = 934.000 ; gain = 0.000

Starting Connectivity Check Task

Time (s): cpu = 00:00:00 ; elapsed = 00:00:00.007 . Memory (MB): peak = 934.000 ; gain = 0.000
Ending Logic Optimization Task | Checksum: 197075f66

Time (s): cpu = 00:00:00 ; elapsed = 00:00:00.148 . Memory (MB): peak = 934.000 ; gain = 0.000

Starting Power Optimization Task
INFO: [Pwropt 34-132] Skipping clock gating for clocks with a period < 2.00 ns.
Ending Power Optimization Task | Checksum: 197075f66

Time (s): cpu = 00:00:00 ; elapsed = 00:00:00.035 . Memory (MB): peak = 934.000 ; gain = 0.000
INFO: [Common 17-83] Releasing license: Implementation
20 Infos, 0 Warnings, 0 Critical Warnings and 0 Errors encountered.
opt_design completed successfully
opt_design: Time (s): cpu = 00:00:11 ; elapsed = 00:00:13 . Memory (MB): peak = 934.000 ; gain = 471.645
INFO: [Coretcl 2-168] The results of DRC are in file H:/Desktop/SeniorDesign/Final Code/Final_FifoBuffers/Fifo_Buffers.runs/impl_1/FifoTesting_drc_opted.rpt.
INFO: [Chipscope 16-241] No debug cores found in the current design.
Before running the implement_debug_core command, either use the Set Up Debug wizard (GUI mode)
or use the create_debug_core and connect_debug_core Tcl commands to insert debug cores into the design.
Command: place_design
Attempting to get a license for feature 'Implementation' and/or device 'xc7z020'
INFO: [Common 17-349] Got license for feature 'Implementation' and/or device 'xc7z020'
INFO: [Vivado_Tcl 4-198] DRC finished with 0 Errors
INFO: [Vivado_Tcl 4-199] Please refer to the DRC report (report_drc) for more information.
Running DRC as a precondition to command place_design
INFO: [Vivado_Tcl 4-198] DRC finished with 0 Errors
INFO: [Vivado_Tcl 4-199] Please refer to the DRC report (report_drc) for more information.

Starting Placer Task

Phase 1 Placer Initialization
Netlist sorting complete. Time (s): cpu = 00:00:00 ; elapsed = 00:00:00 . Memory (MB): peak = 934.000 ; gain = 0.000
Netlist sorting complete. Time (s): cpu = 00:00:00 ; elapsed = 00:00:00 . Memory (MB): peak = 934.000 ; gain = 0.000

Phase 1.1 IO Placement/ Clock Placement/ Build Placer Device

Phase 1.1.1 ParallelPlaceIOClockAndInitTop

Phase 1.1.1.1 Pre-Place Cells
Phase 1.1.1.1 Pre-Place Cells | Checksum: 00000000

Time (s): cpu = 00:00:00 ; elapsed = 00:00:00.072 . Memory (MB): peak = 934.000 ; gain = 0.000

Phase 1.1.1.2 Constructing HAPIClkRuleMgr
Phase 1.1.1.2 Constructing HAPIClkRuleMgr | Checksum: 00000000

Time (s): cpu = 00:00:00 ; elapsed = 00:00:00.112 . Memory (MB): peak = 934.000 ; gain = 0.000
INFO: [Timing 38-35] Done setting XDC timing constraints.

Phase 1.1.1.3 IO and Clk Clean Up

Phase 1.1.1.3.1 Constructing HAPIClkRuleMgr
Phase 1.1.1.3.1 Constructing HAPIClkRuleMgr | Checksum: 00000000

Time (s): cpu = 00:00:01 ; elapsed = 00:00:01 . Memory (MB): peak = 949.641 ; gain = 15.641
Phase 1.1.1.3 IO and Clk Clean Up | Checksum: 00000000

Time (s): cpu = 00:00:01 ; elapsed = 00:00:01 . Memory (MB): peak = 949.641 ; gain = 15.641

Phase 1.1.1.4 Implementation Feasibility check On IDelay
Phase 1.1.1.4 Implementation Feasibility check On IDelay | Checksum: 00000000

Time (s): cpu = 00:00:01 ; elapsed = 00:00:01 . Memory (MB): peak = 949.641 ; gain = 15.641

Phase 1.1.1.5 Commit IO Placement
Phase 1.1.1.5 Commit IO Placement | Checksum: c38ba299

Time (s): cpu = 00:00:01 ; elapsed = 00:00:01 . Memory (MB): peak = 949.641 ; gain = 15.641
Phase 1.1.1 ParallelPlaceIOClockAndInitTop | Checksum: c38ba299

Time (s): cpu = 00:00:01 ; elapsed = 00:00:01 . Memory (MB): peak = 949.641 ; gain = 15.641
Phase 1.1 IO Placement/ Clock Placement/ Build Placer Device | Checksum: 1788cfe91

Time (s): cpu = 00:00:01 ; elapsed = 00:00:01 . Memory (MB): peak = 949.641 ; gain = 15.641

Phase 1.2 Build Placer Netlist Model

Phase 1.2.1 Place Init Design

Phase 1.2.1.1 Make Others
Phase 1.2.1.1 Make Others | Checksum: 1f2a63b35

Time (s): cpu = 00:00:01 ; elapsed = 00:00:01 . Memory (MB): peak = 949.641 ; gain = 15.641
Phase 1.2.1 Place Init Design | Checksum: 1e9da9c0d

Time (s): cpu = 00:00:01 ; elapsed = 00:00:01 . Memory (MB): peak = 949.641 ; gain = 15.641
Phase 1.2 Build Placer Netlist Model | Checksum: 1e9da9c0d

Time (s): cpu = 00:00:01 ; elapsed = 00:00:01 . Memory (MB): peak = 949.641 ; gain = 15.641

Phase 1.3 Constrain Clocks/Macros
Phase 1.3 Constrain Clocks/Macros | Checksum: 1e9da9c0d

Time (s): cpu = 00:00:01 ; elapsed = 00:00:02 . Memory (MB): peak = 949.641 ; gain = 15.641
Phase 1 Placer Initialization | Checksum: 1e9da9c0d

Time (s): cpu = 00:00:01 ; elapsed = 00:00:02 . Memory (MB): peak = 949.641 ; gain = 15.641

Phase 2 Global Placement
Phase 2 Global Placement | Checksum: 19aa80705

Time (s): cpu = 00:00:01 ; elapsed = 00:00:02 . Memory (MB): peak = 949.641 ; gain = 15.641

Phase 3 Detail Placement

Phase 3.1 Commit Multi Column Macros
Phase 3.1 Commit Multi Column Macros | Checksum: 19aa80705

Time (s): cpu = 00:00:01 ; elapsed = 00:00:02 . Memory (MB): peak = 949.641 ; gain = 15.641

Phase 3.2 Commit Most Macros & LUTRAMs
Phase 3.2 Commit Most Macros & LUTRAMs | Checksum: 20a49d175

Time (s): cpu = 00:00:01 ; elapsed = 00:00:02 . Memory (MB): peak = 949.641 ; gain = 15.641

Phase 3.3 Area Swap Optimization
Phase 3.3 Area Swap Optimization | Checksum: 12749c1e8

Time (s): cpu = 00:00:01 ; elapsed = 00:00:02 . Memory (MB): peak = 949.641 ; gain = 15.641

Phase 3.4 Small Shape Detail Placement
Phase 3.4 Small Shape Detail Placement | Checksum: fc019daf

Time (s): cpu = 00:00:01 ; elapsed = 00:00:02 . Memory (MB): peak = 949.641 ; gain = 15.641

Phase 3.5 Re-assign LUT pins
Phase 3.5 Re-assign LUT pins | Checksum: fc019daf

Time (s): cpu = 00:00:01 ; elapsed = 00:00:02 . Memory (MB): peak = 949.641 ; gain = 15.641

Phase 3.6 Pipeline Register Optimization
Phase 3.6 Pipeline Register Optimization | Checksum: fc019daf

Time (s): cpu = 00:00:01 ; elapsed = 00:00:02 . Memory (MB): peak = 949.641 ; gain = 15.641
Phase 3 Detail Placement | Checksum: fc019daf

Time (s): cpu = 00:00:01 ; elapsed = 00:00:02 . Memory (MB): peak = 949.641 ; gain = 15.641

Phase 4 Post Placement Optimization and Clean-Up

Phase 4.1 Post Commit Optimization
Phase 4.1 Post Commit Optimization | Checksum: fc019daf

Time (s): cpu = 00:00:01 ; elapsed = 00:00:02 . Memory (MB): peak = 949.641 ; gain = 15.641

Phase 4.2 Sweep Clock Roots: Post-Placement
Phase 4.2 Sweep Clock Roots: Post-Placement | Checksum: fc019daf

Time (s): cpu = 00:00:01 ; elapsed = 00:00:02 . Memory (MB): peak = 949.641 ; gain = 15.641

Phase 4.3 Post Placement Cleanup
Phase 4.3 Post Placement Cleanup | Checksum: fc019daf

Time (s): cpu = 00:00:01 ; elapsed = 00:00:02 . Memory (MB): peak = 949.641 ; gain = 15.641

Phase 4.4 Placer Reporting
Phase 4.4 Placer Reporting | Checksum: fc019daf

Time (s): cpu = 00:00:01 ; elapsed = 00:00:02 . Memory (MB): peak = 949.641 ; gain = 15.641

Phase 4.5 Final Placement Cleanup
Phase 4.5 Final Placement Cleanup | Checksum: ae2496aa

Time (s): cpu = 00:00:01 ; elapsed = 00:00:02 . Memory (MB): peak = 949.641 ; gain = 15.641
Phase 4 Post Placement Optimization and Clean-Up | Checksum: ae2496aa

Time (s): cpu = 00:00:01 ; elapsed = 00:00:02 . Memory (MB): peak = 949.641 ; gain = 15.641
Ending Placer Task | Checksum: 96be24b5

Time (s): cpu = 00:00:01 ; elapsed = 00:00:02 . Memory (MB): peak = 949.641 ; gain = 15.641
INFO: [Common 17-83] Releasing license: Implementation
29 Infos, 0 Warnings, 0 Critical Warnings and 0 Errors encountered.
place_design completed successfully
Writing placer database...
Writing XDEF routing.
Writing XDEF routing logical nets.
Writing XDEF routing special nets.
Write XDEF Complete: Time (s): cpu = 00:00:00 ; elapsed = 00:00:00.538 . Memory (MB): peak = 949.641 ; gain = 0.000
report_io: Time (s): cpu = 00:00:00 ; elapsed = 00:00:00.121 . Memory (MB): peak = 949.641 ; gain = 0.000
report_utilization: Time (s): cpu = 00:00:00 ; elapsed = 00:00:00.084 . Memory (MB): peak = 949.641 ; gain = 0.000
report_control_sets: Time (s): cpu = 00:00:00 ; elapsed = 00:00:00.037 . Memory (MB): peak = 949.641 ; gain = 0.000
Command: route_design
Attempting to get a license for feature 'Implementation' and/or device 'xc7z020'
INFO: [Common 17-349] Got license for feature 'Implementation' and/or device 'xc7z020'
Running DRC as a precondition to command route_design
INFO: [Vivado_Tcl 4-198] DRC finished with 0 Errors
INFO: [Vivado_Tcl 4-199] Please refer to the DRC report (report_drc) for more information.


Starting Routing Task
Checksum: PlaceDB: 2f99cfc2 ConstDB: 0 ShapeSum: 672454f3 RouteDB: 0

Phase 1 Build RT Design
Phase 1 Build RT Design | Checksum: 1c50d0cc3

Time (s): cpu = 00:00:30 ; elapsed = 00:00:32 . Memory (MB): peak = 1043.191 ; gain = 93.551

Phase 2 Router Initialization
INFO: [Route 35-64] No timing constraints were detected. The router will operate in resource-optimization mode.

Phase 2.1 Fix Topology Constraints
Phase 2.1 Fix Topology Constraints | Checksum: 1c50d0cc3

Time (s): cpu = 00:00:30 ; elapsed = 00:00:32 . Memory (MB): peak = 1043.191 ; gain = 93.551

Phase 2.2 Pre Route Cleanup
Phase 2.2 Pre Route Cleanup | Checksum: 1c50d0cc3

Time (s): cpu = 00:00:30 ; elapsed = 00:00:32 . Memory (MB): peak = 1043.191 ; gain = 93.551
 Number of Nodes with overlaps = 0
Phase 2 Router Initialization | Checksum: dad8b650

Time (s): cpu = 00:00:31 ; elapsed = 00:00:32 . Memory (MB): peak = 1047.223 ; gain = 97.582

Phase 3 Initial Routing
Phase 3 Initial Routing | Checksum: 17160e0b4

Time (s): cpu = 00:00:31 ; elapsed = 00:00:32 . Memory (MB): peak = 1047.223 ; gain = 97.582

Phase 4 Rip-up And Reroute

Phase 4.1 Global Iteration 0
 Number of Nodes with overlaps = 0
Phase 4.1 Global Iteration 0 | Checksum: 1b6292e55

Time (s): cpu = 00:00:31 ; elapsed = 00:00:32 . Memory (MB): peak = 1047.223 ; gain = 97.582
Phase 4 Rip-up And Reroute | Checksum: 1b6292e55

Time (s): cpu = 00:00:31 ; elapsed = 00:00:32 . Memory (MB): peak = 1047.223 ; gain = 97.582

Phase 5 Delay and Skew Optimization
Phase 5 Delay and Skew Optimization | Checksum: 1b6292e55

Time (s): cpu = 00:00:31 ; elapsed = 00:00:32 . Memory (MB): peak = 1047.223 ; gain = 97.582

Phase 6 Post Hold Fix

Phase 6.1 Hold Fix Iter
Phase 6.1 Hold Fix Iter | Checksum: 1b6292e55

Time (s): cpu = 00:00:31 ; elapsed = 00:00:32 . Memory (MB): peak = 1047.223 ; gain = 97.582
Phase 6 Post Hold Fix | Checksum: 1b6292e55

Time (s): cpu = 00:00:31 ; elapsed = 00:00:33 . Memory (MB): peak = 1047.223 ; gain = 97.582

Phase 7 Route finalize

Router Utilization Summary
  Global Vertical Routing Utilization    = 0.0850678 %
  Global Horizontal Routing Utilization  = 0.0136917 %
  Routable Net Status*
  *Does not include unroutable nets such as driverless and loadless.
  Run report_route_status for detailed report.
  Number of Failed Nets               = 0
  Number of Unrouted Nets             = 0
  Number of Partially Routed Nets     = 0
  Number of Node Overlaps             = 0

Congestion Report
North Dir 1x1 Area, Max Cong = 16.2162%, No Congested Regions.
South Dir 1x1 Area, Max Cong = 29.7297%, No Congested Regions.
East Dir 1x1 Area, Max Cong = 14.7059%, No Congested Regions.
West Dir 1x1 Area, Max Cong = 7.35294%, No Congested Regions.
Phase 7 Route finalize | Checksum: 1b6292e55

Time (s): cpu = 00:00:31 ; elapsed = 00:00:33 . Memory (MB): peak = 1047.223 ; gain = 97.582

Phase 8 Verifying routed nets

 Verification completed successfully
Phase 8 Verifying routed nets | Checksum: 1b6292e55

Time (s): cpu = 00:00:31 ; elapsed = 00:00:33 . Memory (MB): peak = 1047.223 ; gain = 97.582

Phase 9 Depositing Routes
Phase 9 Depositing Routes | Checksum: 121b4e3ca

Time (s): cpu = 00:00:31 ; elapsed = 00:00:33 . Memory (MB): peak = 1047.223 ; gain = 97.582
INFO: [Route 35-16] Router Completed Successfully

Time (s): cpu = 00:00:31 ; elapsed = 00:00:33 . Memory (MB): peak = 1047.223 ; gain = 97.582

Routing Is Done.
INFO: [Common 17-83] Releasing license: Implementation
35 Infos, 0 Warnings, 0 Critical Warnings and 0 Errors encountered.
route_design completed successfully
route_design: Time (s): cpu = 00:00:32 ; elapsed = 00:00:34 . Memory (MB): peak = 1047.223 ; gain = 97.582
Writing placer database...
Writing XDEF routing.
Writing XDEF routing logical nets.
Writing XDEF routing special nets.
Write XDEF Complete: Time (s): cpu = 00:00:00 ; elapsed = 00:00:00.441 . Memory (MB): peak = 1047.223 ; gain = 0.000
INFO: [Coretcl 2-168] The results of DRC are in file H:/Desktop/SeniorDesign/Final Code/Final_FifoBuffers/Fifo_Buffers.runs/impl_1/FifoTesting_drc_routed.rpt.
INFO: [Timing 38-91] UpdateTimingParams: Speed grade: -1, Delay Type: min_max.
WARNING: [Timing 38-313] There are no user specified timing constraints. Timing constraints are needed for proper timing analysis.
WARNING: [Power 33-232] No user defined clocks were found in the design!
Resolution: Please specify clocks using create_clock/create_generated_clock for sequential elements. For pure combinatorial circuits, please specify a virtual clock, otherwise the vectorless estimation might be inaccurate
Running Vector-less Activity Propagation...

Finished Running Vector-less Activity Propagation
INFO: [Common 17-206] Exiting Vivado at Sat Feb 18 14:41:00 2017...
