#-----------------------------------------------------------
# Vivado v2016.2 (64-bit)
# SW Build 1577090 on Thu Jun  2 16:32:40 MDT 2016
# IP Build 1577682 on Fri Jun  3 12:00:54 MDT 2016
# Start of session at: Wed Feb 08 14:00:10 2017
# Process ID: 14004
# Current directory: H:/Desktop/SeniorDesign/MemoryManagement
# Command line: vivado.exe -gui_launcher_event rodinguilauncherevent13888 H:\Desktop\SeniorDesign\MemoryManagement\MemoryManagement.xpr
# Log file: H:/Desktop/SeniorDesign/MemoryManagement/vivado.log
# Journal file: H:/Desktop/SeniorDesign/MemoryManagement\vivado.jou
#-----------------------------------------------------------
start_gui
open_project H:/Desktop/SeniorDesign/MemoryManagement/MemoryManagement.xpr
Scanning sources...
Finished scanning sources
INFO: [IP_Flow 19-234] Refreshing IP repositories
INFO: [IP_Flow 19-1704] No user IP repositories specified
INFO: [IP_Flow 19-2313] Loaded Vivado IP repository 'C:/Xilinx/Vivado/2016.2/data/ip'.
open_project: Time (s): cpu = 00:00:12 ; elapsed = 00:00:31 . Memory (MB): peak = 553.074 ; gain = 123.570
update_compile_order -fileset sources_1
open_bd_design {H:/Desktop/SeniorDesign/MemoryManagement/MemoryManagement.srcs/sources_1/bd/MemBlock/MemBlock.bd}
Adding cell -- xilinx.com:ip:processing_system7:5.5 - processing_system7_0
Adding cell -- xilinx.com:ip:axi_dma:7.1 - axi_dma_0
WARNING: [BD 41-1282] Ignoring parameter HAS_BURST
WARNING: [BD 41-1281] Parameter HAS_BURST is not defined on /axi_dma_0/M_AXIS_MM2S. Setting parameter on /axi_dma_0/M_AXIS_MM2S failed
WARNING: [BD 41-1282] Ignoring parameter HAS_BURST
WARNING: [BD 41-1281] Parameter HAS_BURST is not defined on /axi_dma_0/M_AXIS_CNTRL. Setting parameter on /axi_dma_0/M_AXIS_CNTRL failed
Adding cell -- xilinx.com:ip:proc_sys_reset:5.0 - rst_processing_system7_0_100M
INFO: [Ipptcl 7-1463] No Compatible Board Interface found. Board Tab not created in customize GUI
Adding cell -- xilinx.com:ip:xlconcat:2.1 - xlconcat_0
Adding cell -- xilinx.com:ip:axi_crossbar:2.1 - xbar
Successfully read diagram <MemBlock> from BD file <H:/Desktop/SeniorDesign/MemoryManagement/MemoryManagement.srcs/sources_1/bd/MemBlock/MemBlock.bd>
open_bd_design: Time (s): cpu = 00:00:21 ; elapsed = 00:00:35 . Memory (MB): peak = 730.813 ; gain = 152.695
startgroup
create_bd_cell -type ip -vlnv xilinx.com:ip:v_axi4s_vid_out:4.0 v_axi4s_vid_out_0
endgroup
delete_bd_objs [get_bd_cells v_axi4s_vid_out_0]
startgroup
create_bd_cell -type ip -vlnv xilinx.com:ip:axis_register_slice:1.1 axis_register_slice_0
endgroup
set_property -dict [list CONFIG.TDATA_NUM_BYTES.VALUE_SRC USER] [get_bd_cells axis_register_slice_0]
set_property -dict [list CONFIG.TDATA_NUM_BYTES {4}] [get_bd_cells axis_register_slice_0]
