#-----------------------------------------------------------
# Vivado v2016.3 (64-bit)
# SW Build 1682563 on Mon Oct 10 19:07:27 MDT 2016
# IP Build 1681267 on Mon Oct 10 21:28:31 MDT 2016
# Start of session at: Tue Feb 21 19:12:54 2017
# Process ID: 7040
# Current directory: C:/Users/saina/Desktop/SeniorDesign/Top_Module
# Command line: vivado.exe -gui_launcher_event rodinguilauncherevent10660 C:\Users\saina\Desktop\SeniorDesign\Top_Module\Top_Module.xpr
# Log file: C:/Users/saina/Desktop/SeniorDesign/Top_Module/vivado.log
# Journal file: C:/Users/saina/Desktop/SeniorDesign/Top_Module\vivado.jou
#-----------------------------------------------------------
start_gui
open_project C:/Users/saina/Desktop/SeniorDesign/Top_Module/Top_Module.xpr
Scanning sources...
Finished scanning sources
INFO: [IP_Flow 19-234] Refreshing IP repositories
INFO: [IP_Flow 19-1704] No user IP repositories specified
INFO: [IP_Flow 19-2313] Loaded Vivado IP repository 'C:/Xilinx/Vivado/2016.3/data/ip'.
open_project: Time (s): cpu = 00:00:12 ; elapsed = 00:00:12 . Memory (MB): peak = 726.164 ; gain = 114.754
launch_simulation -mode post-implementation -type timing
INFO: [SIM-utils-51] Simulation object is 'sim_1'
INFO: [Netlist 29-17] Analyzing 2261 Unisim elements for replacement
INFO: [Netlist 29-28] Unisim Transformation completed in 0 CPU seconds
INFO: [Project 1-479] Netlist was created with Vivado 2016.3
INFO: [Device 21-403] Loading part xc7z020clg484-1
INFO: [Project 1-570] Preparing netlist for logic optimization
Reading XDEF placement.
Reading placer database...
Reading XDEF routing.
Read XDEF File: Time (s): cpu = 00:00:03 ; elapsed = 00:00:03 . Memory (MB): peak = 1079.285 ; gain = 26.801
Restored from archive | CPU: 3.000000 secs | Memory: 0.000000 MB |
Finished XDEF File Restore: Time (s): cpu = 00:00:03 ; elapsed = 00:00:03 . Memory (MB): peak = 1079.285 ; gain = 26.801
INFO: [Project 1-111] Unisim Transformation Summary:
  A total of 28 instances were transformed.
  RAM32M => RAM32M (RAMS32, RAMS32, RAMD32, RAMD32, RAMD32, RAMD32, RAMD32, RAMD32): 28 instances

open_run: Time (s): cpu = 00:00:30 ; elapsed = 00:00:25 . Memory (MB): peak = 1197.348 ; gain = 399.609
INFO: [SIM-utils-31] Writing simulation netlist file for design 'impl_1'...
INFO: [SIM-utils-32] write_verilog -mode timesim -nolib -sdf_anno true -force -file "C:/Users/saina/Desktop/SeniorDesign/Top_Module/Top_Module.sim/sim_1/impl/timing/FifoTesting_tb_time_impl.v"
write_verilog: Time (s): cpu = 00:00:36 ; elapsed = 00:00:19 . Memory (MB): peak = 1369.578 ; gain = 171.176
INFO: [SIM-utils-34] Writing SDF file...
INFO: [SIM-utils-35] write_sdf -mode timesim -process_corner slow -force -file "C:/Users/saina/Desktop/SeniorDesign/Top_Module/Top_Module.sim/sim_1/impl/timing/FifoTesting_tb_time_impl.sdf"
write_sdf: Time (s): cpu = 00:00:18 ; elapsed = 00:00:21 . Memory (MB): peak = 1671.188 ; gain = 301.609
INFO: [SIM-utils-36] Netlist generated:C:/Users/saina/Desktop/SeniorDesign/Top_Module/Top_Module.sim/sim_1/impl/timing/FifoTesting_tb_time_impl.v
INFO: [SIM-utils-37] SDF generated:C:/Users/saina/Desktop/SeniorDesign/Top_Module/Top_Module.sim/sim_1/impl/timing/FifoTesting_tb_time_impl.sdf
INFO: [USF-XSim-37] Inspecting design source files for 'FifoTesting_tb' in fileset 'sim_1'...
INFO: [USF-XSim-2] XSim::Compile design
INFO: [USF-XSim-61] Executing 'COMPILE and ANALYZE' step in 'C:/Users/saina/Desktop/SeniorDesign/Top_Module/Top_Module.sim/sim_1/impl/timing'
"xvlog -m64 --relax -prj FifoTesting_tb_vlog.prj"
INFO: [VRFC 10-2263] Analyzing Verilog file "C:/Users/saina/Desktop/SeniorDesign/Top_Module/Top_Module.sim/sim_1/impl/timing/FifoTesting_tb_time_impl.v" into library xil_defaultlib
INFO: [VRFC 10-311] analyzing module RAM32M_UNIQ_BASE_
INFO: [VRFC 10-311] analyzing module RAM32M_HD1
INFO: [VRFC 10-311] analyzing module RAM32M_HD10
INFO: [VRFC 10-311] analyzing module RAM32M_HD11
INFO: [VRFC 10-311] analyzing module RAM32M_HD12
INFO: [VRFC 10-311] analyzing module RAM32M_HD13
INFO: [VRFC 10-311] analyzing module RAM32M_HD14
INFO: [VRFC 10-311] analyzing module RAM32M_HD15
INFO: [VRFC 10-311] analyzing module RAM32M_HD16
INFO: [VRFC 10-311] analyzing module RAM32M_HD17
INFO: [VRFC 10-311] analyzing module RAM32M_HD18
INFO: [VRFC 10-311] analyzing module RAM32M_HD19
INFO: [VRFC 10-311] analyzing module RAM32M_HD2
INFO: [VRFC 10-311] analyzing module RAM32M_HD20
INFO: [VRFC 10-311] analyzing module RAM32M_HD21
INFO: [VRFC 10-311] analyzing module RAM32M_HD22
INFO: [VRFC 10-311] analyzing module RAM32M_HD23
INFO: [VRFC 10-311] analyzing module RAM32M_HD24
INFO: [VRFC 10-311] analyzing module RAM32M_HD25
INFO: [VRFC 10-311] analyzing module RAM32M_HD26
INFO: [VRFC 10-311] analyzing module RAM32M_HD27
INFO: [VRFC 10-311] analyzing module RAM32M_HD3
INFO: [VRFC 10-311] analyzing module RAM32M_HD4
INFO: [VRFC 10-311] analyzing module RAM32M_HD5
INFO: [VRFC 10-311] analyzing module RAM32M_HD6
INFO: [VRFC 10-311] analyzing module RAM32M_HD7
INFO: [VRFC 10-311] analyzing module RAM32M_HD8
INFO: [VRFC 10-311] analyzing module RAM32M_HD9
INFO: [VRFC 10-311] analyzing module ConvolutionEngine
INFO: [VRFC 10-311] analyzing module ConvolutionEngine_0
INFO: [VRFC 10-311] analyzing module ConvolutionEngine_1
INFO: [VRFC 10-311] analyzing module FifoTesting
INFO: [VRFC 10-311] analyzing module FifoTesting_50
INFO: [VRFC 10-311] analyzing module FifoTesting_51
INFO: [VRFC 10-311] analyzing module FifoTesting_52
INFO: [VRFC 10-311] analyzing module FifoTesting_53
INFO: [VRFC 10-311] analyzing module FifoTesting_54
INFO: [VRFC 10-311] analyzing module FifoTesting_55
INFO: [VRFC 10-311] analyzing module Reg
INFO: [VRFC 10-311] analyzing module Reg_10
INFO: [VRFC 10-311] analyzing module Reg_11
INFO: [VRFC 10-311] analyzing module Reg_12
INFO: [VRFC 10-311] analyzing module Reg_13
INFO: [VRFC 10-311] analyzing module Reg_14
INFO: [VRFC 10-311] analyzing module Reg_15
INFO: [VRFC 10-311] analyzing module Reg_16
INFO: [VRFC 10-311] analyzing module Reg_17
INFO: [VRFC 10-311] analyzing module Reg_18
INFO: [VRFC 10-311] analyzing module Reg_19
INFO: [VRFC 10-311] analyzing module Reg_2
INFO: [VRFC 10-311] analyzing module Reg_20
INFO: [VRFC 10-311] analyzing module Reg_21
INFO: [VRFC 10-311] analyzing module Reg_22
INFO: [VRFC 10-311] analyzing module Reg_23
INFO: [VRFC 10-311] analyzing module Reg_24
INFO: [VRFC 10-311] analyzing module Reg_25
INFO: [VRFC 10-311] analyzing module Reg_26
INFO: [VRFC 10-311] analyzing module Reg_27
INFO: [VRFC 10-311] analyzing module Reg_28
INFO: [VRFC 10-311] analyzing module Reg_29
INFO: [VRFC 10-311] analyzing module Reg_3
INFO: [VRFC 10-311] analyzing module Reg_30
INFO: [VRFC 10-311] analyzing module Reg_31
INFO: [VRFC 10-311] analyzing module Reg_32
INFO: [VRFC 10-311] analyzing module Reg_33
INFO: [VRFC 10-311] analyzing module Reg_34
INFO: [VRFC 10-311] analyzing module Reg_35
INFO: [VRFC 10-311] analyzing module Reg_36
INFO: [VRFC 10-311] analyzing module Reg_37
INFO: [VRFC 10-311] analyzing module Reg_38
INFO: [VRFC 10-311] analyzing module Reg_39
INFO: [VRFC 10-311] analyzing module Reg_4
INFO: [VRFC 10-311] analyzing module Reg_40
INFO: [VRFC 10-311] analyzing module Reg_41
INFO: [VRFC 10-311] analyzing module Reg_42
INFO: [VRFC 10-311] analyzing module Reg_43
INFO: [VRFC 10-311] analyzing module Reg_44
INFO: [VRFC 10-311] analyzing module Reg_45
INFO: [VRFC 10-311] analyzing module Reg_46
INFO: [VRFC 10-311] analyzing module Reg_47
INFO: [VRFC 10-311] analyzing module Reg_48
INFO: [VRFC 10-311] analyzing module Reg_49
INFO: [VRFC 10-311] analyzing module Reg_5
INFO: [VRFC 10-311] analyzing module Reg_6
INFO: [VRFC 10-311] analyzing module Reg_7
INFO: [VRFC 10-311] analyzing module Reg_8
INFO: [VRFC 10-311] analyzing module Reg_9
INFO: [VRFC 10-311] analyzing module TopLevel_Convolution
INFO: [VRFC 10-311] analyzing module glbl
INFO: [VRFC 10-2263] Analyzing Verilog file "C:/Users/saina/Desktop/SeniorDesign/Top_Module/Top_Module.srcs/sim_1/new/TopLevel_Convolution_tb.v" into library xil_defaultlib
INFO: [VRFC 10-311] analyzing module FifoTesting_tb
run_program: Time (s): cpu = 00:00:01 ; elapsed = 00:00:05 . Memory (MB): peak = 1671.188 ; gain = 0.000
INFO: [USF-XSim-69] 'compile' step finished in '5' seconds
INFO: [USF-XSim-3] XSim::Elaborate design
INFO: [USF-XSim-61] Executing 'ELABORATE' step in 'C:/Users/saina/Desktop/SeniorDesign/Top_Module/Top_Module.sim/sim_1/impl/timing'
Vivado Simulator 2016.3
Copyright 1986-1999, 2001-2016 Xilinx, Inc. All Rights Reserved.
Running: C:/Xilinx/Vivado/2016.3/bin/unwrapped/win64.o/xelab.exe -wto 28d6c5201c454e92bf6c4d8e32c4482b --debug typical --relax --mt 2 --maxdelay -L xil_defaultlib -L simprims_ver -L secureip --snapshot FifoTesting_tb_time_impl -transport_int_delays -pulse_r 0 -pulse_int_r 0 -pulse_e 0 -pulse_int_e 0 xil_defaultlib.FifoTesting_tb xil_defaultlib.glbl -log elaborate.log 
Using 2 slave threads.
Starting static elaboration
Completed static elaboration
Starting simulation data flow analysis
Completed simulation data flow analysis
INFO: [XSIM 43-3451] SDF backannotation process started with SDF file "FifoTesting_tb_time_impl.sdf", for root module "FifoTesting_tb/uut".
INFO: [XSIM 43-3452] SDF backannotation was successful for SDF file "FifoTesting_tb_time_impl.sdf", for root module "FifoTesting_tb/uut".
Time Resolution for simulation is 1ps
Compiling module simprims_ver.CARRY4
Compiling module simprims_ver.LUT4
Compiling module simprims_ver.LUT6
Compiling module simprims_ver.LUT5
Compiling module simprims_ver.x_lut3_mux4
Compiling module simprims_ver.x_lut3_mux4_reduced_0
Compiling module simprims_ver.LUT3
Compiling module simprims_ver.x_lut2_mux4
Compiling module simprims_ver.LUT2
Compiling module simprims_ver.sffsrce_fdre
Compiling module simprims_ver.FDRE
Compiling module simprims_ver.SRL16E
Compiling module xil_defaultlib.ConvolutionEngine
Compiling module xil_defaultlib.ConvolutionEngine_0
Compiling module xil_defaultlib.ConvolutionEngine_1
Compiling module simprims_ver.IBUF
Compiling module simprims_ver.x_lut1_mux2
Compiling module simprims_ver.LUT1
Compiling module simprims_ver.FDRE(INIT=1'b1)
Compiling module xil_defaultlib.Reg
Compiling module xil_defaultlib.Reg_2
Compiling module xil_defaultlib.Reg_3
Compiling module xil_defaultlib.Reg_4
Compiling module xil_defaultlib.Reg_5
Compiling module xil_defaultlib.Reg_6
Compiling module xil_defaultlib.Reg_7
Compiling module xil_defaultlib.Reg_8
Compiling module xil_defaultlib.Reg_9
Compiling module xil_defaultlib.Reg_10
Compiling module xil_defaultlib.Reg_11
Compiling module xil_defaultlib.Reg_12
Compiling module xil_defaultlib.Reg_13
Compiling module xil_defaultlib.Reg_14
Compiling module xil_defaultlib.Reg_15
Compiling module xil_defaultlib.Reg_16
Compiling module xil_defaultlib.Reg_17
Compiling module xil_defaultlib.Reg_18
Compiling module xil_defaultlib.Reg_19
Compiling module xil_defaultlib.Reg_20
Compiling module xil_defaultlib.Reg_21
Compiling module xil_defaultlib.Reg_22
Compiling module xil_defaultlib.Reg_23
Compiling module xil_defaultlib.Reg_24
Compiling module xil_defaultlib.Reg_25
Compiling module xil_defaultlib.Reg_26
Compiling module xil_defaultlib.Reg_27
Compiling module xil_defaultlib.Reg_28
Compiling module xil_defaultlib.Reg_29
Compiling module xil_defaultlib.Reg_30
Compiling module xil_defaultlib.Reg_31
Compiling module xil_defaultlib.Reg_32
Compiling module xil_defaultlib.Reg_33
Compiling module xil_defaultlib.Reg_34
Compiling module xil_defaultlib.Reg_35
Compiling module xil_defaultlib.Reg_36
Compiling module xil_defaultlib.Reg_37
Compiling module xil_defaultlib.Reg_38
Compiling module xil_defaultlib.Reg_39
Compiling module xil_defaultlib.Reg_40
Compiling module xil_defaultlib.Reg_41
Compiling module xil_defaultlib.Reg_42
Compiling module xil_defaultlib.Reg_43
Compiling module xil_defaultlib.Reg_44
Compiling module xil_defaultlib.Reg_45
Compiling module xil_defaultlib.Reg_46
Compiling module xil_defaultlib.Reg_47
Compiling module xil_defaultlib.Reg_48
Compiling module xil_defaultlib.Reg_49
Compiling module simprims_ver.BUFG
Compiling module simprims_ver.OBUF
Compiling module simprims_ver.RAMD32
Compiling module simprims_ver.RAMS32
Compiling module xil_defaultlib.RAM32M_UNIQ_BASE_
Compiling module xil_defaultlib.RAM32M_HD1
Compiling module xil_defaultlib.RAM32M_HD2
Compiling module xil_defaultlib.RAM32M_HD3
Compiling module xil_defaultlib.FifoTesting
Compiling module xil_defaultlib.RAM32M_HD4
Compiling module xil_defaultlib.RAM32M_HD5
Compiling module xil_defaultlib.RAM32M_HD6
Compiling module xil_defaultlib.RAM32M_HD7
Compiling module xil_defaultlib.FifoTesting_50
Compiling module xil_defaultlib.RAM32M_HD8
Compiling module xil_defaultlib.RAM32M_HD9
Compiling module xil_defaultlib.RAM32M_HD10
Compiling module xil_defaultlib.RAM32M_HD11
Compiling module xil_defaultlib.FifoTesting_51
Compiling module xil_defaultlib.RAM32M_HD12
Compiling module xil_defaultlib.RAM32M_HD13
Compiling module xil_defaultlib.RAM32M_HD14
Compiling module xil_defaultlib.RAM32M_HD15
Compiling module xil_defaultlib.FifoTesting_52
Compiling module xil_defaultlib.RAM32M_HD16
Compiling module xil_defaultlib.RAM32M_HD17
Compiling module xil_defaultlib.RAM32M_HD18
Compiling module xil_defaultlib.RAM32M_HD19
Compiling module xil_defaultlib.FifoTesting_53
Compiling module xil_defaultlib.RAM32M_HD20
Compiling module xil_defaultlib.RAM32M_HD21
Compiling module xil_defaultlib.RAM32M_HD22
Compiling module xil_defaultlib.RAM32M_HD23
Compiling module xil_defaultlib.FifoTesting_54
Compiling module xil_defaultlib.RAM32M_HD24
Compiling module xil_defaultlib.RAM32M_HD25
Compiling module xil_defaultlib.RAM32M_HD26
Compiling module xil_defaultlib.RAM32M_HD27
Compiling module xil_defaultlib.FifoTesting_55
Compiling module xil_defaultlib.TopLevel_Convolution
Compiling module xil_defaultlib.FifoTesting_tb
Compiling module xil_defaultlib.glbl
Built simulation snapshot FifoTesting_tb_time_impl

****** Webtalk v2016.3 (64-bit)
  **** SW Build 1682563 on Mon Oct 10 19:07:27 MDT 2016
  **** IP Build 1681267 on Mon Oct 10 21:28:31 MDT 2016
    ** Copyright 1986-2016 Xilinx, Inc. All Rights Reserved.

source C:/Users/saina/Desktop/SeniorDesign/Top_Module/Top_Module.sim/sim_1/impl/timing/xsim.dir/FifoTesting_tb_time_impl/webtalk/xsim_webtalk.tcl -notrace
INFO: [Common 17-186] 'C:/Users/saina/Desktop/SeniorDesign/Top_Module/Top_Module.sim/sim_1/impl/timing/xsim.dir/FifoTesting_tb_time_impl/webtalk/usage_statistics_ext_xsim.xml' has been successfully sent to Xilinx on Tue Feb 21 19:51:33 2017. For additional details about this file, please refer to the WebTalk help file at C:/Xilinx/Vivado/2016.3/doc/webtalk_introduction.html.
INFO: [Common 17-206] Exiting Webtalk at Tue Feb 21 19:51:33 2017...
run_program: Time (s): cpu = 00:00:35 ; elapsed = 00:23:15 . Memory (MB): peak = 1701.398 ; gain = 30.211
INFO: [USF-XSim-69] 'elaborate' step finished in '1395' seconds
INFO: [USF-XSim-4] XSim::Simulate design
INFO: [USF-XSim-61] Executing 'SIMULATE' step in 'C:/Users/saina/Desktop/SeniorDesign/Top_Module/Top_Module.sim/sim_1/impl/timing'
INFO: [USF-XSim-98] *** Running xsim
   with args "FifoTesting_tb_time_impl -key {Post-Implementation:sim_1:Timing:FifoTesting_tb} -tclbatch {FifoTesting_tb.tcl} -log {simulate.log}"
INFO: [USF-XSim-8] Loading simulator feature
Vivado Simulator 2016.3
Time resolution is 1 ps
source FifoTesting_tb.tcl
# set curr_wave [current_wave_config]
# if { [string length $curr_wave] == 0 } {
#   if { [llength [get_objects]] > 0} {
#     add_wave /
#     set_property needs_save false [current_wave_config]
#   } else {
#      send_msg_id Add_Wave-1 WARNING "No top level signals found. Simulator will start without a wave window. If you want to open a wave window go to 'File->New Waveform Configuration' or type 'create_wave_config' in the TCL console."
#   }
# }
# run 1000ns
Pushed    65793
Pushed    65793
Pushed    65793
Pushed    65793
Pushed    65793
Pushed    65793
Pushed    65793
Pushed    65793
Pushed    65793
Pushed    65793
Pushed    65793
Pushed    65793
Pushed    65793
Pushed    65793
Pushed    65793
Pushed    65793
Pushed    65793
Pushed    65793
Pushed    65793
Pushed    65793
Pushed    65793
Pushed    65793
Pushed    65793
Pushed    65793
Pushed    65793
Pushed    65793
run: Time (s): cpu = 00:00:04 ; elapsed = 00:00:11 . Memory (MB): peak = 1829.117 ; gain = 94.363
xsim: Time (s): cpu = 00:00:10 ; elapsed = 00:00:29 . Memory (MB): peak = 1829.117 ; gain = 127.719
INFO: [USF-XSim-96] XSim completed. Design snapshot 'FifoTesting_tb_time_impl' loaded.
INFO: [USF-XSim-97] XSim simulation ran for 1000ns
launch_simulation: Time (s): cpu = 00:02:17 ; elapsed = 00:25:02 . Memory (MB): peak = 1829.117 ; gain = 1031.379
run 5000 ns
Pushed    65793
Pushed    65793
Pushed    65793
Pushed    65793
Pushed    65793
Pushed    65793
Pushed    65793
Pushed    65793
Pushed    65793
Pushed    65793
Pushed    65793
Pushed    65793
Pushed    65793
Pushed    65793
Pushed    65793
Pushed    65793
Pushed    65793
Pushed    65793
Pushed    65793
Pushed    65793
Pushed    65793
Pushed    65793
Pushed    65793
Pushed    65793
Pushed    65793
Pushed    65793
Pushed    65793
Pushed    65793
Pushed    65793
Pushed    65793
Pushed    65793
Pushed    65793
Pushed    65793
Pushed    65793
Pushed    65793
Pushed    65793
Pushed    65793
Pushed    65793
Pushed    65793
Pushed    65793
Pushed    65793
Pushed    65793
Pushed    65793
Pushed    65793
Pushed    65793
Pushed    65793
Pushed    65793
Pushed    65793
Pushed    65793
Pushed    65793
Pushed    65793
Pushed    65793
Pushed    65793
Pushed    65793
Pushed    65793
Pushed    65793
Pushed    65793
Pushed    65793
Pushed    65793
Pushed    65793
Pushed    65793
Pushed    65793
Pushed    65793
Pushed    65793
Pushed    65793
Pushed    65793
Pushed    65793
Pushed    65793
Pushed    65793
Pushed    65793
Pushed    65793
Pushed    65793
Pushed    65793
Pushed    65793
Pushed    65793
Pushed    65793
Pushed    65793
Pushed    65793
Pushed    65793
Pushed    65793
Pushed    65793
Pushed    65793
Pushed    65793
Pushed    65793
Pushed    65793
Pushed    65793
Pushed    65793
Pushed    65793
Pushed    65793
Pushed    65793
Pushed    65793
Pushed    65793
Pushed    65793
Pushed    65793
Pushed    65793
Pushed    65793
Pushed    65793
Pushed    65793
Pushed    65793
run: Time (s): cpu = 00:00:03 ; elapsed = 00:00:14 . Memory (MB): peak = 1829.117 ; gain = 0.000
save_wave_config {C:/Users/saina/Desktop/SeniorDesign/Top_Module/FifoTesting_tb_time_impl.wcfg}
add_files -fileset sim_1 -norecurse C:/Users/saina/Desktop/SeniorDesign/Top_Module/FifoTesting_tb_time_impl.wcfg
set_property xsim.view C:/Users/saina/Desktop/SeniorDesign/Top_Module/FifoTesting_tb_time_impl.wcfg [get_filesets sim_1]
reset_run synth_1
WARNING: [Vivado 12-1017] Problems encountered:
1. Failed to delete one or more files in run directory C:/Users/saina/Desktop/SeniorDesign/Top_Module/Top_Module.runs/synth_1

launch_runs synth_1 -jobs 2
INFO: [HDL 9-2216] Analyzing Verilog file "C:/Users/saina/Desktop/SeniorDesign/Top_Module/Top_Module.srcs/sources_1/new/TopLevel_Convolution.v" into library work [C:/Users/saina/Desktop/SeniorDesign/Top_Module/Top_Module.srcs/sources_1/new/TopLevel_Convolution.v:1]
[Tue Feb 21 22:29:21 2017] Launched synth_1...
Run output will be captured here: C:/Users/saina/Desktop/SeniorDesign/Top_Module/Top_Module.runs/synth_1/runme.log
launch_runs impl_1 -jobs 2
[Tue Feb 21 22:30:53 2017] Launched impl_1...
Run output will be captured here: C:/Users/saina/Desktop/SeniorDesign/Top_Module/Top_Module.runs/impl_1/runme.log
close_sim
INFO: [Simtcl 6-16] Simulation closed
close_design
close_design: Time (s): cpu = 00:00:03 ; elapsed = 00:00:07 . Memory (MB): peak = 1834.191 ; gain = 0.000
launch_simulation -mode post-implementation -type timing
INFO: [SIM-utils-51] Simulation object is 'sim_1'
INFO: [Netlist 29-17] Analyzing 2261 Unisim elements for replacement
INFO: [Netlist 29-28] Unisim Transformation completed in 0 CPU seconds
INFO: [Project 1-479] Netlist was created with Vivado 2016.3
INFO: [Project 1-570] Preparing netlist for logic optimization
Reading XDEF placement.
Reading placer database...
Reading XDEF routing.
Read XDEF File: Time (s): cpu = 00:00:02 ; elapsed = 00:00:04 . Memory (MB): peak = 1834.191 ; gain = 0.000
Restored from archive | CPU: 3.000000 secs | Memory: 0.000000 MB |
Finished XDEF File Restore: Time (s): cpu = 00:00:02 ; elapsed = 00:00:04 . Memory (MB): peak = 1834.191 ; gain = 0.000
INFO: [Project 1-111] Unisim Transformation Summary:
  A total of 28 instances were transformed.
  RAM32M => RAM32M (RAMS32, RAMS32, RAMD32, RAMD32, RAMD32, RAMD32, RAMD32, RAMD32): 28 instances

open_run: Time (s): cpu = 00:00:13 ; elapsed = 00:00:12 . Memory (MB): peak = 1834.191 ; gain = 0.000
INFO: [SIM-utils-31] Writing simulation netlist file for design 'impl_1'...
INFO: [SIM-utils-32] write_verilog -mode timesim -nolib -sdf_anno true -force -file "C:/Users/saina/Desktop/SeniorDesign/Top_Module/Top_Module.sim/sim_1/impl/timing/FifoTesting_tb_time_impl.v"
INFO: [SIM-utils-34] Writing SDF file...
INFO: [SIM-utils-35] write_sdf -mode timesim -process_corner slow -force -file "C:/Users/saina/Desktop/SeniorDesign/Top_Module/Top_Module.sim/sim_1/impl/timing/FifoTesting_tb_time_impl.sdf"
write_sdf: Time (s): cpu = 00:00:17 ; elapsed = 00:00:19 . Memory (MB): peak = 1837.730 ; gain = 3.539
INFO: [SIM-utils-36] Netlist generated:C:/Users/saina/Desktop/SeniorDesign/Top_Module/Top_Module.sim/sim_1/impl/timing/FifoTesting_tb_time_impl.v
INFO: [SIM-utils-37] SDF generated:C:/Users/saina/Desktop/SeniorDesign/Top_Module/Top_Module.sim/sim_1/impl/timing/FifoTesting_tb_time_impl.sdf
INFO: [USF-XSim-37] Inspecting design source files for 'FifoTesting_tb' in fileset 'sim_1'...
INFO: [USF-XSim-2] XSim::Compile design
INFO: [USF-XSim-61] Executing 'COMPILE and ANALYZE' step in 'C:/Users/saina/Desktop/SeniorDesign/Top_Module/Top_Module.sim/sim_1/impl/timing'
"xvlog -m64 --relax -prj FifoTesting_tb_vlog.prj"
INFO: [VRFC 10-2263] Analyzing Verilog file "C:/Users/saina/Desktop/SeniorDesign/Top_Module/Top_Module.sim/sim_1/impl/timing/FifoTesting_tb_time_impl.v" into library xil_defaultlib
INFO: [VRFC 10-311] analyzing module RAM32M_UNIQ_BASE_
INFO: [VRFC 10-311] analyzing module RAM32M_HD28
INFO: [VRFC 10-311] analyzing module RAM32M_HD29
INFO: [VRFC 10-311] analyzing module RAM32M_HD30
INFO: [VRFC 10-311] analyzing module RAM32M_HD31
INFO: [VRFC 10-311] analyzing module RAM32M_HD32
INFO: [VRFC 10-311] analyzing module RAM32M_HD33
INFO: [VRFC 10-311] analyzing module RAM32M_HD34
INFO: [VRFC 10-311] analyzing module RAM32M_HD35
INFO: [VRFC 10-311] analyzing module RAM32M_HD36
INFO: [VRFC 10-311] analyzing module RAM32M_HD37
INFO: [VRFC 10-311] analyzing module RAM32M_HD38
INFO: [VRFC 10-311] analyzing module RAM32M_HD39
INFO: [VRFC 10-311] analyzing module RAM32M_HD40
INFO: [VRFC 10-311] analyzing module RAM32M_HD41
INFO: [VRFC 10-311] analyzing module RAM32M_HD42
INFO: [VRFC 10-311] analyzing module RAM32M_HD43
INFO: [VRFC 10-311] analyzing module RAM32M_HD44
INFO: [VRFC 10-311] analyzing module RAM32M_HD45
INFO: [VRFC 10-311] analyzing module RAM32M_HD46
INFO: [VRFC 10-311] analyzing module RAM32M_HD47
INFO: [VRFC 10-311] analyzing module RAM32M_HD48
INFO: [VRFC 10-311] analyzing module RAM32M_HD49
INFO: [VRFC 10-311] analyzing module RAM32M_HD50
INFO: [VRFC 10-311] analyzing module RAM32M_HD51
INFO: [VRFC 10-311] analyzing module RAM32M_HD52
INFO: [VRFC 10-311] analyzing module RAM32M_HD53
INFO: [VRFC 10-311] analyzing module RAM32M_HD54
INFO: [VRFC 10-311] analyzing module ConvolutionEngine
INFO: [VRFC 10-311] analyzing module ConvolutionEngine_0
INFO: [VRFC 10-311] analyzing module ConvolutionEngine_1
INFO: [VRFC 10-311] analyzing module FifoTesting
INFO: [VRFC 10-311] analyzing module FifoTesting_50
INFO: [VRFC 10-311] analyzing module FifoTesting_51
INFO: [VRFC 10-311] analyzing module FifoTesting_52
INFO: [VRFC 10-311] analyzing module FifoTesting_53
INFO: [VRFC 10-311] analyzing module FifoTesting_54
INFO: [VRFC 10-311] analyzing module FifoTesting_55
INFO: [VRFC 10-311] analyzing module Reg
INFO: [VRFC 10-311] analyzing module Reg_10
INFO: [VRFC 10-311] analyzing module Reg_11
INFO: [VRFC 10-311] analyzing module Reg_12
INFO: [VRFC 10-311] analyzing module Reg_13
INFO: [VRFC 10-311] analyzing module Reg_14
INFO: [VRFC 10-311] analyzing module Reg_15
INFO: [VRFC 10-311] analyzing module Reg_16
INFO: [VRFC 10-311] analyzing module Reg_17
INFO: [VRFC 10-311] analyzing module Reg_18
INFO: [VRFC 10-311] analyzing module Reg_19
INFO: [VRFC 10-311] analyzing module Reg_2
INFO: [VRFC 10-311] analyzing module Reg_20
INFO: [VRFC 10-311] analyzing module Reg_21
INFO: [VRFC 10-311] analyzing module Reg_22
INFO: [VRFC 10-311] analyzing module Reg_23
INFO: [VRFC 10-311] analyzing module Reg_24
INFO: [VRFC 10-311] analyzing module Reg_25
INFO: [VRFC 10-311] analyzing module Reg_26
INFO: [VRFC 10-311] analyzing module Reg_27
INFO: [VRFC 10-311] analyzing module Reg_28
INFO: [VRFC 10-311] analyzing module Reg_29
INFO: [VRFC 10-311] analyzing module Reg_3
INFO: [VRFC 10-311] analyzing module Reg_30
INFO: [VRFC 10-311] analyzing module Reg_31
INFO: [VRFC 10-311] analyzing module Reg_32
INFO: [VRFC 10-311] analyzing module Reg_33
INFO: [VRFC 10-311] analyzing module Reg_34
INFO: [VRFC 10-311] analyzing module Reg_35
INFO: [VRFC 10-311] analyzing module Reg_36
INFO: [VRFC 10-311] analyzing module Reg_37
INFO: [VRFC 10-311] analyzing module Reg_38
INFO: [VRFC 10-311] analyzing module Reg_39
INFO: [VRFC 10-311] analyzing module Reg_4
INFO: [VRFC 10-311] analyzing module Reg_40
INFO: [VRFC 10-311] analyzing module Reg_41
INFO: [VRFC 10-311] analyzing module Reg_42
INFO: [VRFC 10-311] analyzing module Reg_43
INFO: [VRFC 10-311] analyzing module Reg_44
INFO: [VRFC 10-311] analyzing module Reg_45
INFO: [VRFC 10-311] analyzing module Reg_46
INFO: [VRFC 10-311] analyzing module Reg_47
INFO: [VRFC 10-311] analyzing module Reg_48
INFO: [VRFC 10-311] analyzing module Reg_49
INFO: [VRFC 10-311] analyzing module Reg_5
INFO: [VRFC 10-311] analyzing module Reg_6
INFO: [VRFC 10-311] analyzing module Reg_7
INFO: [VRFC 10-311] analyzing module Reg_8
INFO: [VRFC 10-311] analyzing module Reg_9
INFO: [VRFC 10-311] analyzing module TFlipFlop
INFO: [VRFC 10-311] analyzing module TopLevel_Convolution
INFO: [VRFC 10-311] analyzing module glbl
INFO: [VRFC 10-2263] Analyzing Verilog file "C:/Users/saina/Desktop/SeniorDesign/Top_Module/Top_Module.srcs/sim_1/new/TopLevel_Convolution_tb.v" into library xil_defaultlib
INFO: [VRFC 10-311] analyzing module FifoTesting_tb
INFO: [USF-XSim-69] 'compile' step finished in '3' seconds
INFO: [USF-XSim-3] XSim::Elaborate design
INFO: [USF-XSim-61] Executing 'ELABORATE' step in 'C:/Users/saina/Desktop/SeniorDesign/Top_Module/Top_Module.sim/sim_1/impl/timing'
Vivado Simulator 2016.3
Copyright 1986-1999, 2001-2016 Xilinx, Inc. All Rights Reserved.
Running: C:/Xilinx/Vivado/2016.3/bin/unwrapped/win64.o/xelab.exe -wto 28d6c5201c454e92bf6c4d8e32c4482b --debug typical --relax --mt 2 --maxdelay -L xil_defaultlib -L simprims_ver -L secureip --snapshot FifoTesting_tb_time_impl -transport_int_delays -pulse_r 0 -pulse_int_r 0 -pulse_e 0 -pulse_int_e 0 xil_defaultlib.FifoTesting_tb xil_defaultlib.glbl -log elaborate.log 
Using 2 slave threads.
Starting static elaboration
Completed static elaboration
Starting simulation data flow analysis
Completed simulation data flow analysis
INFO: [XSIM 43-3451] SDF backannotation process started with SDF file "FifoTesting_tb_time_impl.sdf", for root module "FifoTesting_tb/uut".
INFO: [XSIM 43-3452] SDF backannotation was successful for SDF file "FifoTesting_tb_time_impl.sdf", for root module "FifoTesting_tb/uut".
Time Resolution for simulation is 1ps
Compiling module simprims_ver.CARRY4
Compiling module simprims_ver.LUT4
Compiling module simprims_ver.LUT6
Compiling module simprims_ver.LUT5
Compiling module simprims_ver.x_lut3_mux4
Compiling module simprims_ver.x_lut3_mux4_reduced_0
Compiling module simprims_ver.LUT3
Compiling module simprims_ver.x_lut2_mux4
Compiling module simprims_ver.LUT2
Compiling module simprims_ver.sffsrce_fdre
Compiling module simprims_ver.FDRE
Compiling module simprims_ver.SRL16E
Compiling module xil_defaultlib.ConvolutionEngine
Compiling module xil_defaultlib.ConvolutionEngine_0
Compiling module xil_defaultlib.ConvolutionEngine_1
Compiling module simprims_ver.IBUF
Compiling module simprims_ver.BUFG
Compiling module simprims_ver.x_lut1_mux2
Compiling module simprims_ver.LUT1
Compiling module simprims_ver.FDRE(INIT=1'b1)
Compiling module xil_defaultlib.Reg
Compiling module xil_defaultlib.Reg_2
Compiling module xil_defaultlib.Reg_3
Compiling module xil_defaultlib.Reg_4
Compiling module xil_defaultlib.Reg_5
Compiling module xil_defaultlib.Reg_6
Compiling module xil_defaultlib.Reg_7
Compiling module xil_defaultlib.Reg_8
Compiling module xil_defaultlib.Reg_9
Compiling module xil_defaultlib.Reg_10
Compiling module xil_defaultlib.Reg_11
Compiling module xil_defaultlib.Reg_12
Compiling module xil_defaultlib.Reg_13
Compiling module xil_defaultlib.Reg_14
Compiling module xil_defaultlib.Reg_15
Compiling module xil_defaultlib.Reg_16
Compiling module xil_defaultlib.Reg_17
Compiling module xil_defaultlib.Reg_18
Compiling module xil_defaultlib.Reg_19
Compiling module xil_defaultlib.Reg_20
Compiling module xil_defaultlib.Reg_21
Compiling module xil_defaultlib.Reg_22
Compiling module xil_defaultlib.Reg_23
Compiling module xil_defaultlib.Reg_24
Compiling module xil_defaultlib.Reg_25
Compiling module xil_defaultlib.Reg_26
Compiling module xil_defaultlib.Reg_27
Compiling module xil_defaultlib.Reg_28
Compiling module xil_defaultlib.Reg_29
Compiling module xil_defaultlib.Reg_30
Compiling module xil_defaultlib.Reg_31
Compiling module xil_defaultlib.Reg_32
Compiling module xil_defaultlib.Reg_33
Compiling module xil_defaultlib.Reg_34
Compiling module xil_defaultlib.Reg_35
Compiling module xil_defaultlib.Reg_36
Compiling module xil_defaultlib.Reg_37
Compiling module xil_defaultlib.Reg_38
Compiling module xil_defaultlib.Reg_39
Compiling module xil_defaultlib.Reg_40
Compiling module xil_defaultlib.Reg_41
Compiling module xil_defaultlib.Reg_42
Compiling module xil_defaultlib.Reg_43
Compiling module xil_defaultlib.Reg_44
Compiling module xil_defaultlib.Reg_45
Compiling module xil_defaultlib.Reg_46
Compiling module xil_defaultlib.Reg_47
Compiling module xil_defaultlib.Reg_48
Compiling module xil_defaultlib.Reg_49
Compiling module simprims_ver.sffsrce_fdse
Compiling module simprims_ver.FDSE
Compiling module xil_defaultlib.TFlipFlop
Compiling module simprims_ver.OBUF
Compiling module simprims_ver.RAMD32
Compiling module simprims_ver.RAMS32
Compiling module xil_defaultlib.RAM32M_UNIQ_BASE_
Compiling module xil_defaultlib.RAM32M_HD28
Compiling module xil_defaultlib.RAM32M_HD29
Compiling module xil_defaultlib.RAM32M_HD30
Compiling module xil_defaultlib.FifoTesting
Compiling module xil_defaultlib.RAM32M_HD31
Compiling module xil_defaultlib.RAM32M_HD32
Compiling module xil_defaultlib.RAM32M_HD33
Compiling module xil_defaultlib.RAM32M_HD34
Compiling module xil_defaultlib.FifoTesting_50
Compiling module xil_defaultlib.RAM32M_HD35
Compiling module xil_defaultlib.RAM32M_HD36
Compiling module xil_defaultlib.RAM32M_HD37
Compiling module xil_defaultlib.RAM32M_HD38
Compiling module xil_defaultlib.FifoTesting_51
Compiling module xil_defaultlib.RAM32M_HD39
Compiling module xil_defaultlib.RAM32M_HD40
Compiling module xil_defaultlib.RAM32M_HD41
Compiling module xil_defaultlib.RAM32M_HD42
Compiling module xil_defaultlib.FifoTesting_52
Compiling module xil_defaultlib.RAM32M_HD43
Compiling module xil_defaultlib.RAM32M_HD44
Compiling module xil_defaultlib.RAM32M_HD45
Compiling module xil_defaultlib.RAM32M_HD46
Compiling module xil_defaultlib.FifoTesting_53
Compiling module xil_defaultlib.RAM32M_HD47
Compiling module xil_defaultlib.RAM32M_HD48
Compiling module xil_defaultlib.RAM32M_HD49
Compiling module xil_defaultlib.RAM32M_HD50
Compiling module xil_defaultlib.FifoTesting_54
Compiling module xil_defaultlib.RAM32M_HD51
Compiling module xil_defaultlib.RAM32M_HD52
Compiling module xil_defaultlib.RAM32M_HD53
Compiling module xil_defaultlib.RAM32M_HD54
Compiling module xil_defaultlib.FifoTesting_55
Compiling module xil_defaultlib.TopLevel_Convolution
Compiling module xil_defaultlib.FifoTesting_tb
Compiling module xil_defaultlib.glbl
Built simulation snapshot FifoTesting_tb_time_impl

****** Webtalk v2016.3 (64-bit)
  **** SW Build 1682563 on Mon Oct 10 19:07:27 MDT 2016
  **** IP Build 1681267 on Mon Oct 10 21:28:31 MDT 2016
    ** Copyright 1986-2016 Xilinx, Inc. All Rights Reserved.

source C:/Users/saina/Desktop/SeniorDesign/Top_Module/Top_Module.sim/sim_1/impl/timing/xsim.dir/FifoTesting_tb_time_impl/webtalk/xsim_webtalk.tcl -notrace
INFO: [Common 17-186] 'C:/Users/saina/Desktop/SeniorDesign/Top_Module/Top_Module.sim/sim_1/impl/timing/xsim.dir/FifoTesting_tb_time_impl/webtalk/usage_statistics_ext_xsim.xml' has been successfully sent to Xilinx on Tue Feb 21 22:56:25 2017. For additional details about this file, please refer to the WebTalk help file at C:/Xilinx/Vivado/2016.3/doc/webtalk_introduction.html.
INFO: [Common 17-206] Exiting Webtalk at Tue Feb 21 22:56:25 2017...
run_program: Time (s): cpu = 00:00:10 ; elapsed = 00:21:26 . Memory (MB): peak = 1837.730 ; gain = 0.000
INFO: [USF-XSim-69] 'elaborate' step finished in '1286' seconds
INFO: [USF-XSim-4] XSim::Simulate design
INFO: [USF-XSim-61] Executing 'SIMULATE' step in 'C:/Users/saina/Desktop/SeniorDesign/Top_Module/Top_Module.sim/sim_1/impl/timing'
INFO: [USF-XSim-98] *** Running xsim
   with args "FifoTesting_tb_time_impl -key {Post-Implementation:sim_1:Timing:FifoTesting_tb} -tclbatch {FifoTesting_tb.tcl} -view {C:/Users/saina/Desktop/SeniorDesign/Top_Module/FifoTesting_tb_time_impl.wcfg} -log {simulate.log}"
INFO: [USF-XSim-8] Loading simulator feature
Vivado Simulator 2016.3
Time resolution is 1 ps
open_wave_config C:/Users/saina/Desktop/SeniorDesign/Top_Module/FifoTesting_tb_time_impl.wcfg
source FifoTesting_tb.tcl
# set curr_wave [current_wave_config]
# if { [string length $curr_wave] == 0 } {
#   if { [llength [get_objects]] > 0} {
#     add_wave /
#     set_property needs_save false [current_wave_config]
#   } else {
#      send_msg_id Add_Wave-1 WARNING "No top level signals found. Simulator will start without a wave window. If you want to open a wave window go to 'File->New Waveform Configuration' or type 'create_wave_config' in the TCL console."
#   }
# }
# run 1000ns
Pushed    65793
Pushed    65793
Pushed    65793
Pushed    65793
Pushed    65793
Pushed    65793
Pushed    65793
Pushed    65793
Pushed    65793
Pushed    65793
Pushed    65793
Pushed    65793
Pushed    65793
Pushed    65793
Pushed    65793
Pushed    65793
Pushed    65793
Pushed    65793
Pushed    65793
Pushed    65793
Pushed    65793
Pushed    65793
Pushed    65793
Pushed    65793
Pushed    65793
Pushed    65793
run: Time (s): cpu = 00:00:02 ; elapsed = 00:00:06 . Memory (MB): peak = 1838.668 ; gain = 0.000
xsim: Time (s): cpu = 00:00:03 ; elapsed = 00:00:17 . Memory (MB): peak = 1838.668 ; gain = 0.938
INFO: [USF-XSim-96] XSim completed. Design snapshot 'FifoTesting_tb_time_impl' loaded.
INFO: [USF-XSim-97] XSim simulation ran for 1000ns
launch_simulation: Time (s): cpu = 00:00:52 ; elapsed = 00:22:21 . Memory (MB): peak = 1838.668 ; gain = 4.477
run 5000 ns
Pushed    65793
Pushed    65793
Pushed    65793
Pushed    65793
Pushed    65793
Pushed    65793
Pushed    65793
Pushed    65793
Pushed    65793
Pushed    65793
Pushed    65793
Pushed    65793
Pushed    65793
Pushed    65793
Pushed    65793
Pushed    65793
Pushed    65793
Pushed    65793
Pushed    65793
Pushed    65793
Pushed    65793
Pushed    65793
Pushed    65793
Pushed    65793
Pushed    65793
Pushed    65793
Pushed    65793
Pushed    65793
Pushed    65793
Pushed    65793
Pushed    65793
Pushed    65793
Pushed    65793
Pushed    65793
Pushed    65793
Pushed    65793
Pushed    65793
Pushed    65793
Pushed    65793
Pushed    65793
Pushed    65793
Pushed    65793
Pushed    65793
Pushed    65793
Pushed    65793
Pushed    65793
Pushed    65793
Pushed    65793
Pushed    65793
Pushed    65793
Pushed    65793
Pushed    65793
Pushed    65793
Pushed    65793
Pushed    65793
Pushed    65793
Pushed    65793
Pushed    65793
Pushed    65793
Pushed    65793
Pushed    65793
Pushed    65793
Pushed    65793
Pushed    65793
Pushed    65793
Pushed    65793
Pushed    65793
Pushed    65793
Pushed    65793
Pushed    65793
Pushed    65793
Pushed    65793
Pushed    65793
Pushed    65793
Pushed    65793
Pushed    65793
Pushed    65793
Pushed    65793
Pushed    65793
Pushed    65793
run: Time (s): cpu = 00:00:00 ; elapsed = 00:00:08 . Memory (MB): peak = 1838.668 ; gain = 0.000
close_sim
INFO: [Simtcl 6-16] Simulation closed
exit
INFO: [Common 17-206] Exiting Vivado at Tue Feb 21 23:53:27 2017...
