#-----------------------------------------------------------
# Vivado v2016.3 (64-bit)
# SW Build 1682563 on Mon Oct 10 19:07:27 MDT 2016
# IP Build 1681267 on Mon Oct 10 21:28:31 MDT 2016
# Start of session at: Thu Apr 06 09:27:09 2017
# Process ID: 3348
# Current directory: C:/Users/saina/Desktop/SeniorDesign/Top_Module
# Command line: vivado.exe -gui_launcher_event rodinguilauncherevent2448 C:\Users\saina\Desktop\SeniorDesign\Top_Module\Top_Module.xpr
# Log file: C:/Users/saina/Desktop/SeniorDesign/Top_Module/vivado.log
# Journal file: C:/Users/saina/Desktop/SeniorDesign/Top_Module\vivado.jou
#-----------------------------------------------------------
start_gui
open_project C:/Users/saina/Desktop/SeniorDesign/Top_Module/Top_Module.xpr
CRITICAL WARNING: [Project 1-19] Could not find the file 'C:/Users/saina/Desktop/Division/Division.srcs/sources_1/new/Divide.v'.
Scanning sources...
Finished scanning sources
INFO: [IP_Flow 19-234] Refreshing IP repositories
INFO: [IP_Flow 19-1704] No user IP repositories specified
INFO: [IP_Flow 19-2313] Loaded Vivado IP repository 'C:/Xilinx/Vivado/2016.3/data/ip'.
open_project: Time (s): cpu = 00:00:12 ; elapsed = 00:00:23 . Memory (MB): peak = 666.191 ; gain = 85.480
add_files -norecurse -scan_for_includes C:/Users/saina/Desktop/SeniorDesign/Division/Division.srcs/sources_1/new/Divide.v
WARNING: [filemgmt 56-12] File 'C:/Users/saina/Desktop/SeniorDesign/Division/Division.srcs/sources_1/new/Divide.v' cannot be added to the project because it already exists in the project, skipping this file
open_run synth_1 -name synth_1
Design is defaulting to impl run constrset: constrs_1
Design is defaulting to synth run part: xc7z020clg484-1
INFO: [Common 17-41] Interrupt caught. Command should exit soon.
INFO: [Netlist 29-17] Analyzing 819 Unisim elements for replacement
INFO: [Netlist 29-28] Unisim Transformation completed in 0 CPU seconds
INFO: [Project 1-479] Netlist was created with Vivado 2016.3
INFO: [Project 1-111] Unisim Transformation Summary:
  A total of 28 instances were transformed.
  RAM32M => RAM32M (RAMS32, RAMS32, RAMD32, RAMD32, RAMD32, RAMD32, RAMD32, RAMD32): 28 instances

open_run: Time (s): cpu = 00:00:03 ; elapsed = 00:00:40 . Memory (MB): peak = 744.164 ; gain = 4.285
INFO: [Common 17-344] 'open_run' was cancelled
exit
INFO: [Common 17-206] Exiting Vivado at Thu Apr 06 11:35:13 2017...
