Vivado Simulator 2016.3
Copyright 1986-1999, 2001-2016 Xilinx, Inc. All Rights Reserved.
Running: C:/Xilinx/Vivado/2016.3/bin/unwrapped/win64.o/xelab.exe -wto 4ef828423d4546ac8757e875e23cac8a --debug typical --relax --mt 2 -L xbip_utils_v3_0_7 -L xbip_pipe_v3_0_3 -L xbip_bram18k_v3_0_3 -L mult_gen_v12_0_12 -L xil_defaultlib -L unisims_ver -L unimacro_ver -L secureip -L xpm --snapshot design_1_tb_behav xil_defaultlib.design_1_tb xil_defaultlib.glbl -log elaborate.log 
Using 2 slave threads.
Starting static elaboration
WARNING: [VRFC 10-1374] size mismatch in mixed language port association, vhdl port p [C:/Users/saina/Desktop/SeniorDesign/Ip_Try1/Ip_Try1.ip_user_files/bd/design_1/ipshared/6910/src/ConvolutionEngine.v:236]
WARNING: [VRFC 10-1374] size mismatch in mixed language port association, vhdl port p [C:/Users/saina/Desktop/SeniorDesign/Ip_Try1/Ip_Try1.ip_user_files/bd/design_1/ipshared/6910/src/ConvolutionEngine.v:236]
WARNING: [VRFC 10-1374] size mismatch in mixed language port association, vhdl port p [C:/Users/saina/Desktop/SeniorDesign/Ip_Try1/Ip_Try1.ip_user_files/bd/design_1/ipshared/6910/src/ConvolutionEngine.v:236]
WARNING: [VRFC 10-278] actual bit length 8 differs from formal bit length 9 for port P1 [C:/Users/saina/Desktop/SeniorDesign/Ip_Try1/Ip_Try1.ip_user_files/bd/design_1/ipshared/6910/src/TopLevel_Convolution.v:678]
WARNING: [VRFC 10-278] actual bit length 8 differs from formal bit length 9 for port P2 [C:/Users/saina/Desktop/SeniorDesign/Ip_Try1/Ip_Try1.ip_user_files/bd/design_1/ipshared/6910/src/TopLevel_Convolution.v:679]
WARNING: [VRFC 10-278] actual bit length 8 differs from formal bit length 9 for port P3 [C:/Users/saina/Desktop/SeniorDesign/Ip_Try1/Ip_Try1.ip_user_files/bd/design_1/ipshared/6910/src/TopLevel_Convolution.v:680]
WARNING: [VRFC 10-278] actual bit length 8 differs from formal bit length 9 for port P4 [C:/Users/saina/Desktop/SeniorDesign/Ip_Try1/Ip_Try1.ip_user_files/bd/design_1/ipshared/6910/src/TopLevel_Convolution.v:681]
WARNING: [VRFC 10-278] actual bit length 8 differs from formal bit length 9 for port P5 [C:/Users/saina/Desktop/SeniorDesign/Ip_Try1/Ip_Try1.ip_user_files/bd/design_1/ipshared/6910/src/TopLevel_Convolution.v:682]
WARNING: [VRFC 10-278] actual bit length 8 differs from formal bit length 9 for port P6 [C:/Users/saina/Desktop/SeniorDesign/Ip_Try1/Ip_Try1.ip_user_files/bd/design_1/ipshared/6910/src/TopLevel_Convolution.v:683]
WARNING: [VRFC 10-278] actual bit length 8 differs from formal bit length 9 for port P7 [C:/Users/saina/Desktop/SeniorDesign/Ip_Try1/Ip_Try1.ip_user_files/bd/design_1/ipshared/6910/src/TopLevel_Convolution.v:684]
WARNING: [VRFC 10-278] actual bit length 8 differs from formal bit length 9 for port P8 [C:/Users/saina/Desktop/SeniorDesign/Ip_Try1/Ip_Try1.ip_user_files/bd/design_1/ipshared/6910/src/TopLevel_Convolution.v:685]
WARNING: [VRFC 10-278] actual bit length 8 differs from formal bit length 9 for port P9 [C:/Users/saina/Desktop/SeniorDesign/Ip_Try1/Ip_Try1.ip_user_files/bd/design_1/ipshared/6910/src/TopLevel_Convolution.v:686]
WARNING: [VRFC 10-278] actual bit length 8 differs from formal bit length 9 for port P10 [C:/Users/saina/Desktop/SeniorDesign/Ip_Try1/Ip_Try1.ip_user_files/bd/design_1/ipshared/6910/src/TopLevel_Convolution.v:687]
WARNING: [VRFC 10-278] actual bit length 8 differs from formal bit length 9 for port P11 [C:/Users/saina/Desktop/SeniorDesign/Ip_Try1/Ip_Try1.ip_user_files/bd/design_1/ipshared/6910/src/TopLevel_Convolution.v:688]
WARNING: [VRFC 10-278] actual bit length 8 differs from formal bit length 9 for port P12 [C:/Users/saina/Desktop/SeniorDesign/Ip_Try1/Ip_Try1.ip_user_files/bd/design_1/ipshared/6910/src/TopLevel_Convolution.v:689]
WARNING: [VRFC 10-278] actual bit length 8 differs from formal bit length 9 for port P13 [C:/Users/saina/Desktop/SeniorDesign/Ip_Try1/Ip_Try1.ip_user_files/bd/design_1/ipshared/6910/src/TopLevel_Convolution.v:690]
WARNING: [VRFC 10-278] actual bit length 8 differs from formal bit length 9 for port P14 [C:/Users/saina/Desktop/SeniorDesign/Ip_Try1/Ip_Try1.ip_user_files/bd/design_1/ipshared/6910/src/TopLevel_Convolution.v:691]
WARNING: [VRFC 10-278] actual bit length 8 differs from formal bit length 9 for port P15 [C:/Users/saina/Desktop/SeniorDesign/Ip_Try1/Ip_Try1.ip_user_files/bd/design_1/ipshared/6910/src/TopLevel_Convolution.v:692]
WARNING: [VRFC 10-278] actual bit length 8 differs from formal bit length 9 for port P16 [C:/Users/saina/Desktop/SeniorDesign/Ip_Try1/Ip_Try1.ip_user_files/bd/design_1/ipshared/6910/src/TopLevel_Convolution.v:693]
WARNING: [VRFC 10-278] actual bit length 8 differs from formal bit length 9 for port P17 [C:/Users/saina/Desktop/SeniorDesign/Ip_Try1/Ip_Try1.ip_user_files/bd/design_1/ipshared/6910/src/TopLevel_Convolution.v:694]
WARNING: [VRFC 10-278] actual bit length 8 differs from formal bit length 9 for port P18 [C:/Users/saina/Desktop/SeniorDesign/Ip_Try1/Ip_Try1.ip_user_files/bd/design_1/ipshared/6910/src/TopLevel_Convolution.v:695]
WARNING: [VRFC 10-278] actual bit length 8 differs from formal bit length 9 for port P19 [C:/Users/saina/Desktop/SeniorDesign/Ip_Try1/Ip_Try1.ip_user_files/bd/design_1/ipshared/6910/src/TopLevel_Convolution.v:696]
WARNING: [VRFC 10-278] actual bit length 8 differs from formal bit length 9 for port P20 [C:/Users/saina/Desktop/SeniorDesign/Ip_Try1/Ip_Try1.ip_user_files/bd/design_1/ipshared/6910/src/TopLevel_Convolution.v:697]
WARNING: [VRFC 10-278] actual bit length 8 differs from formal bit length 9 for port P21 [C:/Users/saina/Desktop/SeniorDesign/Ip_Try1/Ip_Try1.ip_user_files/bd/design_1/ipshared/6910/src/TopLevel_Convolution.v:698]
WARNING: [VRFC 10-278] actual bit length 8 differs from formal bit length 9 for port P22 [C:/Users/saina/Desktop/SeniorDesign/Ip_Try1/Ip_Try1.ip_user_files/bd/design_1/ipshared/6910/src/TopLevel_Convolution.v:699]
WARNING: [VRFC 10-278] actual bit length 8 differs from formal bit length 9 for port P23 [C:/Users/saina/Desktop/SeniorDesign/Ip_Try1/Ip_Try1.ip_user_files/bd/design_1/ipshared/6910/src/TopLevel_Convolution.v:700]
WARNING: [VRFC 10-278] actual bit length 8 differs from formal bit length 9 for port P24 [C:/Users/saina/Desktop/SeniorDesign/Ip_Try1/Ip_Try1.ip_user_files/bd/design_1/ipshared/6910/src/TopLevel_Convolution.v:701]
WARNING: [VRFC 10-278] actual bit length 8 differs from formal bit length 9 for port P25 [C:/Users/saina/Desktop/SeniorDesign/Ip_Try1/Ip_Try1.ip_user_files/bd/design_1/ipshared/6910/src/TopLevel_Convolution.v:702]
WARNING: [VRFC 10-278] actual bit length 8 differs from formal bit length 9 for port P26 [C:/Users/saina/Desktop/SeniorDesign/Ip_Try1/Ip_Try1.ip_user_files/bd/design_1/ipshared/6910/src/TopLevel_Convolution.v:703]
WARNING: [VRFC 10-278] actual bit length 8 differs from formal bit length 9 for port P27 [C:/Users/saina/Desktop/SeniorDesign/Ip_Try1/Ip_Try1.ip_user_files/bd/design_1/ipshared/6910/src/TopLevel_Convolution.v:704]
WARNING: [VRFC 10-278] actual bit length 8 differs from formal bit length 9 for port P28 [C:/Users/saina/Desktop/SeniorDesign/Ip_Try1/Ip_Try1.ip_user_files/bd/design_1/ipshared/6910/src/TopLevel_Convolution.v:705]
WARNING: [VRFC 10-278] actual bit length 8 differs from formal bit length 9 for port P29 [C:/Users/saina/Desktop/SeniorDesign/Ip_Try1/Ip_Try1.ip_user_files/bd/design_1/ipshared/6910/src/TopLevel_Convolution.v:706]
WARNING: [VRFC 10-278] actual bit length 8 differs from formal bit length 9 for port P30 [C:/Users/saina/Desktop/SeniorDesign/Ip_Try1/Ip_Try1.ip_user_files/bd/design_1/ipshared/6910/src/TopLevel_Convolution.v:707]
WARNING: [VRFC 10-278] actual bit length 8 differs from formal bit length 9 for port P31 [C:/Users/saina/Desktop/SeniorDesign/Ip_Try1/Ip_Try1.ip_user_files/bd/design_1/ipshared/6910/src/TopLevel_Convolution.v:708]
WARNING: [VRFC 10-278] actual bit length 8 differs from formal bit length 9 for port P32 [C:/Users/saina/Desktop/SeniorDesign/Ip_Try1/Ip_Try1.ip_user_files/bd/design_1/ipshared/6910/src/TopLevel_Convolution.v:709]
WARNING: [VRFC 10-278] actual bit length 8 differs from formal bit length 9 for port P33 [C:/Users/saina/Desktop/SeniorDesign/Ip_Try1/Ip_Try1.ip_user_files/bd/design_1/ipshared/6910/src/TopLevel_Convolution.v:710]
WARNING: [VRFC 10-278] actual bit length 8 differs from formal bit length 9 for port P34 [C:/Users/saina/Desktop/SeniorDesign/Ip_Try1/Ip_Try1.ip_user_files/bd/design_1/ipshared/6910/src/TopLevel_Convolution.v:711]
WARNING: [VRFC 10-278] actual bit length 8 differs from formal bit length 9 for port P35 [C:/Users/saina/Desktop/SeniorDesign/Ip_Try1/Ip_Try1.ip_user_files/bd/design_1/ipshared/6910/src/TopLevel_Convolution.v:712]
WARNING: [VRFC 10-278] actual bit length 8 differs from formal bit length 9 for port P36 [C:/Users/saina/Desktop/SeniorDesign/Ip_Try1/Ip_Try1.ip_user_files/bd/design_1/ipshared/6910/src/TopLevel_Convolution.v:713]
WARNING: [VRFC 10-278] actual bit length 8 differs from formal bit length 9 for port P37 [C:/Users/saina/Desktop/SeniorDesign/Ip_Try1/Ip_Try1.ip_user_files/bd/design_1/ipshared/6910/src/TopLevel_Convolution.v:714]
WARNING: [VRFC 10-278] actual bit length 8 differs from formal bit length 9 for port P38 [C:/Users/saina/Desktop/SeniorDesign/Ip_Try1/Ip_Try1.ip_user_files/bd/design_1/ipshared/6910/src/TopLevel_Convolution.v:715]
WARNING: [VRFC 10-278] actual bit length 8 differs from formal bit length 9 for port P39 [C:/Users/saina/Desktop/SeniorDesign/Ip_Try1/Ip_Try1.ip_user_files/bd/design_1/ipshared/6910/src/TopLevel_Convolution.v:716]
WARNING: [VRFC 10-278] actual bit length 8 differs from formal bit length 9 for port P40 [C:/Users/saina/Desktop/SeniorDesign/Ip_Try1/Ip_Try1.ip_user_files/bd/design_1/ipshared/6910/src/TopLevel_Convolution.v:717]
WARNING: [VRFC 10-278] actual bit length 8 differs from formal bit length 9 for port P41 [C:/Users/saina/Desktop/SeniorDesign/Ip_Try1/Ip_Try1.ip_user_files/bd/design_1/ipshared/6910/src/TopLevel_Convolution.v:718]
WARNING: [VRFC 10-278] actual bit length 8 differs from formal bit length 9 for port P42 [C:/Users/saina/Desktop/SeniorDesign/Ip_Try1/Ip_Try1.ip_user_files/bd/design_1/ipshared/6910/src/TopLevel_Convolution.v:719]
WARNING: [VRFC 10-278] actual bit length 8 differs from formal bit length 9 for port P43 [C:/Users/saina/Desktop/SeniorDesign/Ip_Try1/Ip_Try1.ip_user_files/bd/design_1/ipshared/6910/src/TopLevel_Convolution.v:720]
WARNING: [VRFC 10-278] actual bit length 8 differs from formal bit length 9 for port P44 [C:/Users/saina/Desktop/SeniorDesign/Ip_Try1/Ip_Try1.ip_user_files/bd/design_1/ipshared/6910/src/TopLevel_Convolution.v:721]
WARNING: [VRFC 10-278] actual bit length 8 differs from formal bit length 9 for port P45 [C:/Users/saina/Desktop/SeniorDesign/Ip_Try1/Ip_Try1.ip_user_files/bd/design_1/ipshared/6910/src/TopLevel_Convolution.v:722]
WARNING: [VRFC 10-278] actual bit length 8 differs from formal bit length 9 for port P46 [C:/Users/saina/Desktop/SeniorDesign/Ip_Try1/Ip_Try1.ip_user_files/bd/design_1/ipshared/6910/src/TopLevel_Convolution.v:723]
WARNING: [VRFC 10-278] actual bit length 8 differs from formal bit length 9 for port P47 [C:/Users/saina/Desktop/SeniorDesign/Ip_Try1/Ip_Try1.ip_user_files/bd/design_1/ipshared/6910/src/TopLevel_Convolution.v:724]
WARNING: [VRFC 10-278] actual bit length 8 differs from formal bit length 9 for port P48 [C:/Users/saina/Desktop/SeniorDesign/Ip_Try1/Ip_Try1.ip_user_files/bd/design_1/ipshared/6910/src/TopLevel_Convolution.v:725]
WARNING: [VRFC 10-278] actual bit length 8 differs from formal bit length 9 for port P49 [C:/Users/saina/Desktop/SeniorDesign/Ip_Try1/Ip_Try1.ip_user_files/bd/design_1/ipshared/6910/src/TopLevel_Convolution.v:726]
WARNING: [VRFC 10-278] actual bit length 8 differs from formal bit length 23 for port result [C:/Users/saina/Desktop/SeniorDesign/Ip_Try1/Ip_Try1.ip_user_files/bd/design_1/ipshared/6910/src/TopLevel_Convolution.v:777]
WARNING: [VRFC 10-278] actual bit length 8 differs from formal bit length 9 for port P1 [C:/Users/saina/Desktop/SeniorDesign/Ip_Try1/Ip_Try1.ip_user_files/bd/design_1/ipshared/6910/src/TopLevel_Convolution.v:779]
WARNING: [VRFC 10-278] actual bit length 8 differs from formal bit length 9 for port P2 [C:/Users/saina/Desktop/SeniorDesign/Ip_Try1/Ip_Try1.ip_user_files/bd/design_1/ipshared/6910/src/TopLevel_Convolution.v:780]
WARNING: [VRFC 10-278] actual bit length 8 differs from formal bit length 9 for port P3 [C:/Users/saina/Desktop/SeniorDesign/Ip_Try1/Ip_Try1.ip_user_files/bd/design_1/ipshared/6910/src/TopLevel_Convolution.v:781]
WARNING: [VRFC 10-278] actual bit length 8 differs from formal bit length 9 for port P4 [C:/Users/saina/Desktop/SeniorDesign/Ip_Try1/Ip_Try1.ip_user_files/bd/design_1/ipshared/6910/src/TopLevel_Convolution.v:782]
WARNING: [VRFC 10-278] actual bit length 8 differs from formal bit length 9 for port P5 [C:/Users/saina/Desktop/SeniorDesign/Ip_Try1/Ip_Try1.ip_user_files/bd/design_1/ipshared/6910/src/TopLevel_Convolution.v:783]
WARNING: [VRFC 10-278] actual bit length 8 differs from formal bit length 9 for port P6 [C:/Users/saina/Desktop/SeniorDesign/Ip_Try1/Ip_Try1.ip_user_files/bd/design_1/ipshared/6910/src/TopLevel_Convolution.v:784]
WARNING: [VRFC 10-278] actual bit length 8 differs from formal bit length 9 for port P7 [C:/Users/saina/Desktop/SeniorDesign/Ip_Try1/Ip_Try1.ip_user_files/bd/design_1/ipshared/6910/src/TopLevel_Convolution.v:785]
WARNING: [VRFC 10-278] actual bit length 8 differs from formal bit length 9 for port P8 [C:/Users/saina/Desktop/SeniorDesign/Ip_Try1/Ip_Try1.ip_user_files/bd/design_1/ipshared/6910/src/TopLevel_Convolution.v:786]
WARNING: [VRFC 10-278] actual bit length 8 differs from formal bit length 9 for port P9 [C:/Users/saina/Desktop/SeniorDesign/Ip_Try1/Ip_Try1.ip_user_files/bd/design_1/ipshared/6910/src/TopLevel_Convolution.v:787]
WARNING: [VRFC 10-278] actual bit length 8 differs from formal bit length 9 for port P10 [C:/Users/saina/Desktop/SeniorDesign/Ip_Try1/Ip_Try1.ip_user_files/bd/design_1/ipshared/6910/src/TopLevel_Convolution.v:788]
WARNING: [VRFC 10-278] actual bit length 8 differs from formal bit length 9 for port P11 [C:/Users/saina/Desktop/SeniorDesign/Ip_Try1/Ip_Try1.ip_user_files/bd/design_1/ipshared/6910/src/TopLevel_Convolution.v:789]
WARNING: [VRFC 10-278] actual bit length 8 differs from formal bit length 9 for port P12 [C:/Users/saina/Desktop/SeniorDesign/Ip_Try1/Ip_Try1.ip_user_files/bd/design_1/ipshared/6910/src/TopLevel_Convolution.v:790]
WARNING: [VRFC 10-278] actual bit length 8 differs from formal bit length 9 for port P13 [C:/Users/saina/Desktop/SeniorDesign/Ip_Try1/Ip_Try1.ip_user_files/bd/design_1/ipshared/6910/src/TopLevel_Convolution.v:791]
WARNING: [VRFC 10-278] actual bit length 8 differs from formal bit length 9 for port P14 [C:/Users/saina/Desktop/SeniorDesign/Ip_Try1/Ip_Try1.ip_user_files/bd/design_1/ipshared/6910/src/TopLevel_Convolution.v:792]
WARNING: [VRFC 10-278] actual bit length 8 differs from formal bit length 9 for port P15 [C:/Users/saina/Desktop/SeniorDesign/Ip_Try1/Ip_Try1.ip_user_files/bd/design_1/ipshared/6910/src/TopLevel_Convolution.v:793]
WARNING: [VRFC 10-278] actual bit length 8 differs from formal bit length 9 for port P16 [C:/Users/saina/Desktop/SeniorDesign/Ip_Try1/Ip_Try1.ip_user_files/bd/design_1/ipshared/6910/src/TopLevel_Convolution.v:794]
WARNING: [VRFC 10-278] actual bit length 8 differs from formal bit length 9 for port P17 [C:/Users/saina/Desktop/SeniorDesign/Ip_Try1/Ip_Try1.ip_user_files/bd/design_1/ipshared/6910/src/TopLevel_Convolution.v:795]
WARNING: [VRFC 10-278] actual bit length 8 differs from formal bit length 9 for port P18 [C:/Users/saina/Desktop/SeniorDesign/Ip_Try1/Ip_Try1.ip_user_files/bd/design_1/ipshared/6910/src/TopLevel_Convolution.v:796]
WARNING: [VRFC 10-278] actual bit length 8 differs from formal bit length 9 for port P19 [C:/Users/saina/Desktop/SeniorDesign/Ip_Try1/Ip_Try1.ip_user_files/bd/design_1/ipshared/6910/src/TopLevel_Convolution.v:797]
WARNING: [VRFC 10-278] actual bit length 8 differs from formal bit length 9 for port P20 [C:/Users/saina/Desktop/SeniorDesign/Ip_Try1/Ip_Try1.ip_user_files/bd/design_1/ipshared/6910/src/TopLevel_Convolution.v:798]
WARNING: [VRFC 10-278] actual bit length 8 differs from formal bit length 9 for port P21 [C:/Users/saina/Desktop/SeniorDesign/Ip_Try1/Ip_Try1.ip_user_files/bd/design_1/ipshared/6910/src/TopLevel_Convolution.v:799]
WARNING: [VRFC 10-278] actual bit length 8 differs from formal bit length 9 for port P22 [C:/Users/saina/Desktop/SeniorDesign/Ip_Try1/Ip_Try1.ip_user_files/bd/design_1/ipshared/6910/src/TopLevel_Convolution.v:800]
WARNING: [VRFC 10-278] actual bit length 8 differs from formal bit length 9 for port P23 [C:/Users/saina/Desktop/SeniorDesign/Ip_Try1/Ip_Try1.ip_user_files/bd/design_1/ipshared/6910/src/TopLevel_Convolution.v:801]
WARNING: [VRFC 10-278] actual bit length 8 differs from formal bit length 9 for port P24 [C:/Users/saina/Desktop/SeniorDesign/Ip_Try1/Ip_Try1.ip_user_files/bd/design_1/ipshared/6910/src/TopLevel_Convolution.v:802]
WARNING: [VRFC 10-278] actual bit length 8 differs from formal bit length 9 for port P25 [C:/Users/saina/Desktop/SeniorDesign/Ip_Try1/Ip_Try1.ip_user_files/bd/design_1/ipshared/6910/src/TopLevel_Convolution.v:803]
WARNING: [VRFC 10-278] actual bit length 8 differs from formal bit length 9 for port P26 [C:/Users/saina/Desktop/SeniorDesign/Ip_Try1/Ip_Try1.ip_user_files/bd/design_1/ipshared/6910/src/TopLevel_Convolution.v:804]
WARNING: [VRFC 10-278] actual bit length 8 differs from formal bit length 9 for port P27 [C:/Users/saina/Desktop/SeniorDesign/Ip_Try1/Ip_Try1.ip_user_files/bd/design_1/ipshared/6910/src/TopLevel_Convolution.v:805]
WARNING: [VRFC 10-278] actual bit length 8 differs from formal bit length 9 for port P28 [C:/Users/saina/Desktop/SeniorDesign/Ip_Try1/Ip_Try1.ip_user_files/bd/design_1/ipshared/6910/src/TopLevel_Convolution.v:806]
WARNING: [VRFC 10-278] actual bit length 8 differs from formal bit length 9 for port P29 [C:/Users/saina/Desktop/SeniorDesign/Ip_Try1/Ip_Try1.ip_user_files/bd/design_1/ipshared/6910/src/TopLevel_Convolution.v:807]
WARNING: [VRFC 10-278] actual bit length 8 differs from formal bit length 9 for port P30 [C:/Users/saina/Desktop/SeniorDesign/Ip_Try1/Ip_Try1.ip_user_files/bd/design_1/ipshared/6910/src/TopLevel_Convolution.v:808]
WARNING: [VRFC 10-278] actual bit length 8 differs from formal bit length 9 for port P31 [C:/Users/saina/Desktop/SeniorDesign/Ip_Try1/Ip_Try1.ip_user_files/bd/design_1/ipshared/6910/src/TopLevel_Convolution.v:809]
WARNING: [VRFC 10-278] actual bit length 8 differs from formal bit length 9 for port P32 [C:/Users/saina/Desktop/SeniorDesign/Ip_Try1/Ip_Try1.ip_user_files/bd/design_1/ipshared/6910/src/TopLevel_Convolution.v:810]
WARNING: [VRFC 10-278] actual bit length 8 differs from formal bit length 9 for port P33 [C:/Users/saina/Desktop/SeniorDesign/Ip_Try1/Ip_Try1.ip_user_files/bd/design_1/ipshared/6910/src/TopLevel_Convolution.v:811]
WARNING: [VRFC 10-278] actual bit length 8 differs from formal bit length 9 for port P34 [C:/Users/saina/Desktop/SeniorDesign/Ip_Try1/Ip_Try1.ip_user_files/bd/design_1/ipshared/6910/src/TopLevel_Convolution.v:812]
WARNING: [VRFC 10-278] actual bit length 8 differs from formal bit length 9 for port P35 [C:/Users/saina/Desktop/SeniorDesign/Ip_Try1/Ip_Try1.ip_user_files/bd/design_1/ipshared/6910/src/TopLevel_Convolution.v:813]
WARNING: [VRFC 10-278] actual bit length 8 differs from formal bit length 9 for port P36 [C:/Users/saina/Desktop/SeniorDesign/Ip_Try1/Ip_Try1.ip_user_files/bd/design_1/ipshared/6910/src/TopLevel_Convolution.v:814]
WARNING: [VRFC 10-278] actual bit length 8 differs from formal bit length 9 for port P37 [C:/Users/saina/Desktop/SeniorDesign/Ip_Try1/Ip_Try1.ip_user_files/bd/design_1/ipshared/6910/src/TopLevel_Convolution.v:815]
WARNING: [VRFC 10-278] actual bit length 8 differs from formal bit length 9 for port P38 [C:/Users/saina/Desktop/SeniorDesign/Ip_Try1/Ip_Try1.ip_user_files/bd/design_1/ipshared/6910/src/TopLevel_Convolution.v:816]
WARNING: [VRFC 10-278] actual bit length 8 differs from formal bit length 9 for port P39 [C:/Users/saina/Desktop/SeniorDesign/Ip_Try1/Ip_Try1.ip_user_files/bd/design_1/ipshared/6910/src/TopLevel_Convolution.v:817]
WARNING: [VRFC 10-278] actual bit length 8 differs from formal bit length 9 for port P40 [C:/Users/saina/Desktop/SeniorDesign/Ip_Try1/Ip_Try1.ip_user_files/bd/design_1/ipshared/6910/src/TopLevel_Convolution.v:818]
WARNING: [VRFC 10-278] actual bit length 8 differs from formal bit length 9 for port P41 [C:/Users/saina/Desktop/SeniorDesign/Ip_Try1/Ip_Try1.ip_user_files/bd/design_1/ipshared/6910/src/TopLevel_Convolution.v:819]
WARNING: [VRFC 10-278] actual bit length 8 differs from formal bit length 9 for port P42 [C:/Users/saina/Desktop/SeniorDesign/Ip_Try1/Ip_Try1.ip_user_files/bd/design_1/ipshared/6910/src/TopLevel_Convolution.v:820]
WARNING: [VRFC 10-278] actual bit length 8 differs from formal bit length 9 for port P43 [C:/Users/saina/Desktop/SeniorDesign/Ip_Try1/Ip_Try1.ip_user_files/bd/design_1/ipshared/6910/src/TopLevel_Convolution.v:821]
WARNING: [VRFC 10-278] actual bit length 8 differs from formal bit length 9 for port P44 [C:/Users/saina/Desktop/SeniorDesign/Ip_Try1/Ip_Try1.ip_user_files/bd/design_1/ipshared/6910/src/TopLevel_Convolution.v:822]
WARNING: [VRFC 10-278] actual bit length 8 differs from formal bit length 9 for port P45 [C:/Users/saina/Desktop/SeniorDesign/Ip_Try1/Ip_Try1.ip_user_files/bd/design_1/ipshared/6910/src/TopLevel_Convolution.v:823]
WARNING: [VRFC 10-278] actual bit length 8 differs from formal bit length 9 for port P46 [C:/Users/saina/Desktop/SeniorDesign/Ip_Try1/Ip_Try1.ip_user_files/bd/design_1/ipshared/6910/src/TopLevel_Convolution.v:824]
WARNING: [VRFC 10-278] actual bit length 8 differs from formal bit length 9 for port P47 [C:/Users/saina/Desktop/SeniorDesign/Ip_Try1/Ip_Try1.ip_user_files/bd/design_1/ipshared/6910/src/TopLevel_Convolution.v:825]
WARNING: [VRFC 10-278] actual bit length 8 differs from formal bit length 9 for port P48 [C:/Users/saina/Desktop/SeniorDesign/Ip_Try1/Ip_Try1.ip_user_files/bd/design_1/ipshared/6910/src/TopLevel_Convolution.v:826]
WARNING: [VRFC 10-278] actual bit length 8 differs from formal bit length 9 for port P49 [C:/Users/saina/Desktop/SeniorDesign/Ip_Try1/Ip_Try1.ip_user_files/bd/design_1/ipshared/6910/src/TopLevel_Convolution.v:827]
WARNING: [VRFC 10-278] actual bit length 8 differs from formal bit length 23 for port result [C:/Users/saina/Desktop/SeniorDesign/Ip_Try1/Ip_Try1.ip_user_files/bd/design_1/ipshared/6910/src/TopLevel_Convolution.v:878]
WARNING: [VRFC 10-278] actual bit length 8 differs from formal bit length 9 for port P1 [C:/Users/saina/Desktop/SeniorDesign/Ip_Try1/Ip_Try1.ip_user_files/bd/design_1/ipshared/6910/src/TopLevel_Convolution.v:880]
WARNING: [VRFC 10-278] actual bit length 8 differs from formal bit length 9 for port P2 [C:/Users/saina/Desktop/SeniorDesign/Ip_Try1/Ip_Try1.ip_user_files/bd/design_1/ipshared/6910/src/TopLevel_Convolution.v:881]
WARNING: [VRFC 10-278] actual bit length 8 differs from formal bit length 9 for port P3 [C:/Users/saina/Desktop/SeniorDesign/Ip_Try1/Ip_Try1.ip_user_files/bd/design_1/ipshared/6910/src/TopLevel_Convolution.v:882]
WARNING: [VRFC 10-278] actual bit length 8 differs from formal bit length 9 for port P4 [C:/Users/saina/Desktop/SeniorDesign/Ip_Try1/Ip_Try1.ip_user_files/bd/design_1/ipshared/6910/src/TopLevel_Convolution.v:883]
WARNING: [VRFC 10-278] actual bit length 8 differs from formal bit length 9 for port P5 [C:/Users/saina/Desktop/SeniorDesign/Ip_Try1/Ip_Try1.ip_user_files/bd/design_1/ipshared/6910/src/TopLevel_Convolution.v:884]
WARNING: [VRFC 10-278] actual bit length 8 differs from formal bit length 9 for port P6 [C:/Users/saina/Desktop/SeniorDesign/Ip_Try1/Ip_Try1.ip_user_files/bd/design_1/ipshared/6910/src/TopLevel_Convolution.v:885]
WARNING: [VRFC 10-278] actual bit length 8 differs from formal bit length 9 for port P7 [C:/Users/saina/Desktop/SeniorDesign/Ip_Try1/Ip_Try1.ip_user_files/bd/design_1/ipshared/6910/src/TopLevel_Convolution.v:886]
WARNING: [VRFC 10-278] actual bit length 8 differs from formal bit length 9 for port P8 [C:/Users/saina/Desktop/SeniorDesign/Ip_Try1/Ip_Try1.ip_user_files/bd/design_1/ipshared/6910/src/TopLevel_Convolution.v:887]
WARNING: [VRFC 10-278] actual bit length 8 differs from formal bit length 9 for port P9 [C:/Users/saina/Desktop/SeniorDesign/Ip_Try1/Ip_Try1.ip_user_files/bd/design_1/ipshared/6910/src/TopLevel_Convolution.v:888]
WARNING: [VRFC 10-278] actual bit length 8 differs from formal bit length 9 for port P10 [C:/Users/saina/Desktop/SeniorDesign/Ip_Try1/Ip_Try1.ip_user_files/bd/design_1/ipshared/6910/src/TopLevel_Convolution.v:889]
WARNING: [VRFC 10-278] actual bit length 8 differs from formal bit length 9 for port P11 [C:/Users/saina/Desktop/SeniorDesign/Ip_Try1/Ip_Try1.ip_user_files/bd/design_1/ipshared/6910/src/TopLevel_Convolution.v:890]
WARNING: [VRFC 10-278] actual bit length 8 differs from formal bit length 9 for port P12 [C:/Users/saina/Desktop/SeniorDesign/Ip_Try1/Ip_Try1.ip_user_files/bd/design_1/ipshared/6910/src/TopLevel_Convolution.v:891]
WARNING: [VRFC 10-278] actual bit length 8 differs from formal bit length 9 for port P13 [C:/Users/saina/Desktop/SeniorDesign/Ip_Try1/Ip_Try1.ip_user_files/bd/design_1/ipshared/6910/src/TopLevel_Convolution.v:892]
WARNING: [VRFC 10-278] actual bit length 8 differs from formal bit length 9 for port P14 [C:/Users/saina/Desktop/SeniorDesign/Ip_Try1/Ip_Try1.ip_user_files/bd/design_1/ipshared/6910/src/TopLevel_Convolution.v:893]
WARNING: [VRFC 10-278] actual bit length 8 differs from formal bit length 9 for port P15 [C:/Users/saina/Desktop/SeniorDesign/Ip_Try1/Ip_Try1.ip_user_files/bd/design_1/ipshared/6910/src/TopLevel_Convolution.v:894]
WARNING: [VRFC 10-278] actual bit length 8 differs from formal bit length 9 for port P16 [C:/Users/saina/Desktop/SeniorDesign/Ip_Try1/Ip_Try1.ip_user_files/bd/design_1/ipshared/6910/src/TopLevel_Convolution.v:895]
WARNING: [VRFC 10-278] actual bit length 8 differs from formal bit length 9 for port P17 [C:/Users/saina/Desktop/SeniorDesign/Ip_Try1/Ip_Try1.ip_user_files/bd/design_1/ipshared/6910/src/TopLevel_Convolution.v:896]
WARNING: [VRFC 10-278] actual bit length 8 differs from formal bit length 9 for port P18 [C:/Users/saina/Desktop/SeniorDesign/Ip_Try1/Ip_Try1.ip_user_files/bd/design_1/ipshared/6910/src/TopLevel_Convolution.v:897]
WARNING: [VRFC 10-278] actual bit length 8 differs from formal bit length 9 for port P19 [C:/Users/saina/Desktop/SeniorDesign/Ip_Try1/Ip_Try1.ip_user_files/bd/design_1/ipshared/6910/src/TopLevel_Convolution.v:898]
WARNING: [VRFC 10-278] actual bit length 8 differs from formal bit length 9 for port P20 [C:/Users/saina/Desktop/SeniorDesign/Ip_Try1/Ip_Try1.ip_user_files/bd/design_1/ipshared/6910/src/TopLevel_Convolution.v:899]
WARNING: [VRFC 10-278] actual bit length 8 differs from formal bit length 9 for port P21 [C:/Users/saina/Desktop/SeniorDesign/Ip_Try1/Ip_Try1.ip_user_files/bd/design_1/ipshared/6910/src/TopLevel_Convolution.v:900]
WARNING: [VRFC 10-278] actual bit length 8 differs from formal bit length 9 for port P22 [C:/Users/saina/Desktop/SeniorDesign/Ip_Try1/Ip_Try1.ip_user_files/bd/design_1/ipshared/6910/src/TopLevel_Convolution.v:901]
WARNING: [VRFC 10-278] actual bit length 8 differs from formal bit length 9 for port P23 [C:/Users/saina/Desktop/SeniorDesign/Ip_Try1/Ip_Try1.ip_user_files/bd/design_1/ipshared/6910/src/TopLevel_Convolution.v:902]
WARNING: [VRFC 10-278] actual bit length 8 differs from formal bit length 9 for port P24 [C:/Users/saina/Desktop/SeniorDesign/Ip_Try1/Ip_Try1.ip_user_files/bd/design_1/ipshared/6910/src/TopLevel_Convolution.v:903]
WARNING: [VRFC 10-278] actual bit length 8 differs from formal bit length 9 for port P25 [C:/Users/saina/Desktop/SeniorDesign/Ip_Try1/Ip_Try1.ip_user_files/bd/design_1/ipshared/6910/src/TopLevel_Convolution.v:904]
WARNING: [VRFC 10-278] actual bit length 8 differs from formal bit length 9 for port P26 [C:/Users/saina/Desktop/SeniorDesign/Ip_Try1/Ip_Try1.ip_user_files/bd/design_1/ipshared/6910/src/TopLevel_Convolution.v:905]
WARNING: [VRFC 10-278] actual bit length 8 differs from formal bit length 9 for port P27 [C:/Users/saina/Desktop/SeniorDesign/Ip_Try1/Ip_Try1.ip_user_files/bd/design_1/ipshared/6910/src/TopLevel_Convolution.v:906]
WARNING: [VRFC 10-278] actual bit length 8 differs from formal bit length 9 for port P28 [C:/Users/saina/Desktop/SeniorDesign/Ip_Try1/Ip_Try1.ip_user_files/bd/design_1/ipshared/6910/src/TopLevel_Convolution.v:907]
WARNING: [VRFC 10-278] actual bit length 8 differs from formal bit length 9 for port P29 [C:/Users/saina/Desktop/SeniorDesign/Ip_Try1/Ip_Try1.ip_user_files/bd/design_1/ipshared/6910/src/TopLevel_Convolution.v:908]
WARNING: [VRFC 10-278] actual bit length 8 differs from formal bit length 9 for port P30 [C:/Users/saina/Desktop/SeniorDesign/Ip_Try1/Ip_Try1.ip_user_files/bd/design_1/ipshared/6910/src/TopLevel_Convolution.v:909]
WARNING: [VRFC 10-278] actual bit length 8 differs from formal bit length 9 for port P31 [C:/Users/saina/Desktop/SeniorDesign/Ip_Try1/Ip_Try1.ip_user_files/bd/design_1/ipshared/6910/src/TopLevel_Convolution.v:910]
WARNING: [VRFC 10-278] actual bit length 8 differs from formal bit length 9 for port P32 [C:/Users/saina/Desktop/SeniorDesign/Ip_Try1/Ip_Try1.ip_user_files/bd/design_1/ipshared/6910/src/TopLevel_Convolution.v:911]
WARNING: [VRFC 10-278] actual bit length 8 differs from formal bit length 9 for port P33 [C:/Users/saina/Desktop/SeniorDesign/Ip_Try1/Ip_Try1.ip_user_files/bd/design_1/ipshared/6910/src/TopLevel_Convolution.v:912]
WARNING: [VRFC 10-278] actual bit length 8 differs from formal bit length 9 for port P34 [C:/Users/saina/Desktop/SeniorDesign/Ip_Try1/Ip_Try1.ip_user_files/bd/design_1/ipshared/6910/src/TopLevel_Convolution.v:913]
WARNING: [VRFC 10-278] actual bit length 8 differs from formal bit length 9 for port P35 [C:/Users/saina/Desktop/SeniorDesign/Ip_Try1/Ip_Try1.ip_user_files/bd/design_1/ipshared/6910/src/TopLevel_Convolution.v:914]
WARNING: [VRFC 10-278] actual bit length 8 differs from formal bit length 9 for port P36 [C:/Users/saina/Desktop/SeniorDesign/Ip_Try1/Ip_Try1.ip_user_files/bd/design_1/ipshared/6910/src/TopLevel_Convolution.v:915]
WARNING: [VRFC 10-278] actual bit length 8 differs from formal bit length 9 for port P37 [C:/Users/saina/Desktop/SeniorDesign/Ip_Try1/Ip_Try1.ip_user_files/bd/design_1/ipshared/6910/src/TopLevel_Convolution.v:916]
WARNING: [VRFC 10-278] actual bit length 8 differs from formal bit length 9 for port P38 [C:/Users/saina/Desktop/SeniorDesign/Ip_Try1/Ip_Try1.ip_user_files/bd/design_1/ipshared/6910/src/TopLevel_Convolution.v:917]
WARNING: [VRFC 10-278] actual bit length 8 differs from formal bit length 9 for port P39 [C:/Users/saina/Desktop/SeniorDesign/Ip_Try1/Ip_Try1.ip_user_files/bd/design_1/ipshared/6910/src/TopLevel_Convolution.v:918]
WARNING: [VRFC 10-278] actual bit length 8 differs from formal bit length 9 for port P40 [C:/Users/saina/Desktop/SeniorDesign/Ip_Try1/Ip_Try1.ip_user_files/bd/design_1/ipshared/6910/src/TopLevel_Convolution.v:919]
WARNING: [VRFC 10-278] actual bit length 8 differs from formal bit length 9 for port P41 [C:/Users/saina/Desktop/SeniorDesign/Ip_Try1/Ip_Try1.ip_user_files/bd/design_1/ipshared/6910/src/TopLevel_Convolution.v:920]
WARNING: [VRFC 10-278] actual bit length 8 differs from formal bit length 9 for port P42 [C:/Users/saina/Desktop/SeniorDesign/Ip_Try1/Ip_Try1.ip_user_files/bd/design_1/ipshared/6910/src/TopLevel_Convolution.v:921]
WARNING: [VRFC 10-278] actual bit length 8 differs from formal bit length 9 for port P43 [C:/Users/saina/Desktop/SeniorDesign/Ip_Try1/Ip_Try1.ip_user_files/bd/design_1/ipshared/6910/src/TopLevel_Convolution.v:922]
WARNING: [VRFC 10-278] actual bit length 8 differs from formal bit length 9 for port P44 [C:/Users/saina/Desktop/SeniorDesign/Ip_Try1/Ip_Try1.ip_user_files/bd/design_1/ipshared/6910/src/TopLevel_Convolution.v:923]
WARNING: [VRFC 10-278] actual bit length 8 differs from formal bit length 9 for port P45 [C:/Users/saina/Desktop/SeniorDesign/Ip_Try1/Ip_Try1.ip_user_files/bd/design_1/ipshared/6910/src/TopLevel_Convolution.v:924]
WARNING: [VRFC 10-278] actual bit length 8 differs from formal bit length 9 for port P46 [C:/Users/saina/Desktop/SeniorDesign/Ip_Try1/Ip_Try1.ip_user_files/bd/design_1/ipshared/6910/src/TopLevel_Convolution.v:925]
WARNING: [VRFC 10-278] actual bit length 8 differs from formal bit length 9 for port P47 [C:/Users/saina/Desktop/SeniorDesign/Ip_Try1/Ip_Try1.ip_user_files/bd/design_1/ipshared/6910/src/TopLevel_Convolution.v:926]
WARNING: [VRFC 10-278] actual bit length 8 differs from formal bit length 9 for port P48 [C:/Users/saina/Desktop/SeniorDesign/Ip_Try1/Ip_Try1.ip_user_files/bd/design_1/ipshared/6910/src/TopLevel_Convolution.v:927]
WARNING: [VRFC 10-278] actual bit length 8 differs from formal bit length 9 for port P49 [C:/Users/saina/Desktop/SeniorDesign/Ip_Try1/Ip_Try1.ip_user_files/bd/design_1/ipshared/6910/src/TopLevel_Convolution.v:928]
WARNING: [VRFC 10-278] actual bit length 8 differs from formal bit length 23 for port result [C:/Users/saina/Desktop/SeniorDesign/Ip_Try1/Ip_Try1.ip_user_files/bd/design_1/ipshared/6910/src/TopLevel_Convolution.v:979]
WARNING: [VRFC 10-278] actual bit length 8 differs from formal bit length 23 for port pixel_value [C:/Users/saina/Desktop/SeniorDesign/Ip_Try1/Ip_Try1.ip_user_files/bd/design_1/ipshared/6910/src/TopLevel_Convolution.v:981]
WARNING: [VRFC 10-278] actual bit length 8 differs from formal bit length 23 for port pixel_value [C:/Users/saina/Desktop/SeniorDesign/Ip_Try1/Ip_Try1.ip_user_files/bd/design_1/ipshared/6910/src/TopLevel_Convolution.v:982]
WARNING: [VRFC 10-278] actual bit length 8 differs from formal bit length 23 for port pixel_value [C:/Users/saina/Desktop/SeniorDesign/Ip_Try1/Ip_Try1.ip_user_files/bd/design_1/ipshared/6910/src/TopLevel_Convolution.v:983]
WARNING: [VRFC 10-278] actual bit length 4 differs from formal bit length 24 for port buf_out [C:/Users/saina/Desktop/SeniorDesign/Ip_Try1/Ip_Try1.ip_user_files/bd/design_1/ipshared/6910/hdl/myip_v1_0.v:98]
WARNING: [VRFC 10-142] buf_out was previously declared with a different range [C:/Users/saina/Desktop/SeniorDesign/Ip_Try1/Ip_Try1.ip_user_files/bd/design_1/ipshared/6910/src/FifoBuffer2.v:40]
Completed static elaboration
Starting simulation data flow analysis
Completed simulation data flow analysis
Time Resolution for simulation is 1ps
Compiling package std.standard
Compiling package std.textio
Compiling package ieee.std_logic_1164
Compiling package ieee.numeric_std
Compiling package mult_gen_v12_0_12.mult_gen_v12_0_12_viv_comp
Compiling package xbip_utils_v3_0_7.xbip_utils_v3_0_7_pkg
Compiling package mult_gen_v12_0_12.mult_gen_v12_0_12_pkg
Compiling package ieee.std_logic_arith
Compiling package ieee.std_logic_signed
Compiling package unisim.vcomponents
Compiling package mult_gen_v12_0_12.dsp_pkg
Compiling package ieee.vital_timing
Compiling package ieee.vital_primitives
Compiling package unisim.vpkg
Compiling module xil_defaultlib.myip_v1_0_S00_AXIS(C_S_AXIS_TDAT...
Compiling module xil_defaultlib.myip_v1_0_M00_AXIS(C_M_AXIS_TDAT...
Compiling module xil_defaultlib.FifoTesting
Compiling module xil_defaultlib.Reg
Compiling module xil_defaultlib.TFlipFlop
Compiling architecture xilinx of entity mult_gen_v12_0_12.delay_line [\delay_line(c_xdevicefamily="zyn...]
Compiling architecture xilinx of entity mult_gen_v12_0_12.op_resize [\op_resize(ai_width=9,bi_width=9...]
Compiling architecture xilinx of entity mult_gen_v12_0_12.dsp [\dsp(c_xdevicefamily="zynq",c_a_...]
Compiling architecture xilinx of entity mult_gen_v12_0_12.mult_gen_v12_0_12_viv [\mult_gen_v12_0_12_viv(c_verbosi...]
Compiling architecture xilinx of entity mult_gen_v12_0_12.mult_gen_v12_0_12 [\mult_gen_v12_0_12(c_xdevicefami...]
Compiling architecture mult_gen_0_arch of entity xil_defaultlib.mult_gen_0 [mult_gen_0_default]
Compiling module xil_defaultlib.ConvolutionEngine
Compiling architecture xilinx of entity mult_gen_v12_0_12.delay_line [\delay_line(c_xdevicefamily="zyn...]
Compiling architecture xilinx of entity mult_gen_v12_0_12.delay_line [\delay_line(c_xdevicefamily="zyn...]
Compiling architecture xilinx of entity mult_gen_v12_0_12.delay_line [\delay_line(c_xdevicefamily="zyn...]
Compiling architecture xilinx of entity mult_gen_v12_0_12.delay_line [\delay_line(c_xdevicefamily="zyn...]
Compiling architecture dsp48e1_v of entity unisim.DSP48E1 [\DSP48E1(acascreg=0,alumodereg=0...]
Compiling architecture xilinx of entity mult_gen_v12_0_12.delay_line [\delay_line(c_xdevicefamily="zyn...]
Compiling architecture dsp48e1_v of entity unisim.DSP48E1 [\DSP48E1(acascreg=0,alumodereg=0...]
Compiling architecture xilinx of entity mult_gen_v12_0_12.op_resize [\op_resize(ai_width=23,bi_width=...]
Compiling architecture xilinx of entity mult_gen_v12_0_12.dsp [\dsp(c_xdevicefamily="zynq",c_a_...]
Compiling architecture xilinx of entity mult_gen_v12_0_12.mult_gen_v12_0_12_viv [\mult_gen_v12_0_12_viv(c_verbosi...]
Compiling architecture xilinx of entity mult_gen_v12_0_12.mult_gen_v12_0_12 [\mult_gen_v12_0_12(c_xdevicefami...]
Compiling architecture mult_gen_1_arch of entity xil_defaultlib.mult_gen_1 [mult_gen_1_default]
Compiling module xil_defaultlib.Divide
Compiling module xil_defaultlib.TopLevel_Convolution
Compiling module xil_defaultlib.FifoBuffer2
Compiling module xil_defaultlib.myip_v1_0
Compiling module xil_defaultlib.design_1_myip_0_0
Compiling module xil_defaultlib.design_1
Compiling module xil_defaultlib.design_1_wrapper
Compiling module xil_defaultlib.design_1_tb
Compiling module xil_defaultlib.glbl
Built simulation snapshot design_1_tb_behav
