INFO: [VRFC 10-2263] Analyzing Verilog file "C:/Users/saina/Desktop/SeniorDesign/Ip_Try1/Ip_Try1.ip_user_files/bd/design_1/ipshared/6910/src/TFlipFlop.v" into library xil_defaultlib
INFO: [VRFC 10-311] analyzing module TFlipFlop
INFO: [VRFC 10-2263] Analyzing Verilog file "C:/Users/saina/Desktop/SeniorDesign/Ip_Try1/Ip_Try1.ip_user_files/bd/design_1/ipshared/6910/src/Divide.v" into library xil_defaultlib
INFO: [VRFC 10-311] analyzing module Divide
INFO: [VRFC 10-2263] Analyzing Verilog file "C:/Users/saina/Desktop/SeniorDesign/Ip_Try1/Ip_Try1.ip_user_files/bd/design_1/ipshared/6910/src/Reg.v" into library xil_defaultlib
INFO: [VRFC 10-311] analyzing module Reg
INFO: [VRFC 10-2263] Analyzing Verilog file "C:/Users/saina/Desktop/SeniorDesign/Ip_Try1/Ip_Try1.ip_user_files/bd/design_1/ipshared/6910/src/FifoTesting.v" into library xil_defaultlib
INFO: [VRFC 10-311] analyzing module FifoTesting
INFO: [VRFC 10-2263] Analyzing Verilog file "C:/Users/saina/Desktop/SeniorDesign/Ip_Try1/Ip_Try1.ip_user_files/bd/design_1/ipshared/6910/src/ConvolutionEngine.v" into library xil_defaultlib
INFO: [VRFC 10-311] analyzing module ConvolutionEngine
INFO: [VRFC 10-2458] undeclared symbol DSP_Out11, assumed default net type wire [C:/Users/saina/Desktop/SeniorDesign/Ip_Try1/Ip_Try1.ip_user_files/bd/design_1/ipshared/6910/src/ConvolutionEngine.v:236]
INFO: [VRFC 10-2263] Analyzing Verilog file "C:/Users/saina/Desktop/SeniorDesign/Ip_Try1/Ip_Try1.ip_user_files/bd/design_1/ipshared/6910/src/FifoBuffer2.v" into library xil_defaultlib
INFO: [VRFC 10-311] analyzing module FifoBuffer2
INFO: [VRFC 10-2263] Analyzing Verilog file "C:/Users/saina/Desktop/SeniorDesign/Ip_Try1/Ip_Try1.ip_user_files/bd/design_1/ipshared/6910/hdl/myip_v1_0_S00_AXIS.v" into library xil_defaultlib
INFO: [VRFC 10-311] analyzing module myip_v1_0_S00_AXIS
INFO: [VRFC 10-2263] Analyzing Verilog file "C:/Users/saina/Desktop/SeniorDesign/Ip_Try1/Ip_Try1.ip_user_files/bd/design_1/ipshared/6910/hdl/myip_v1_0_M00_AXIS.v" into library xil_defaultlib
INFO: [VRFC 10-311] analyzing module myip_v1_0_M00_AXIS
INFO: [VRFC 10-2263] Analyzing Verilog file "C:/Users/saina/Desktop/SeniorDesign/Ip_Try1/Ip_Try1.ip_user_files/bd/design_1/ipshared/6910/src/TopLevel_Convolution.v" into library xil_defaultlib
INFO: [VRFC 10-311] analyzing module TopLevel_Convolution
INFO: [VRFC 10-2458] undeclared symbol data_out_red, assumed default net type wire [C:/Users/saina/Desktop/SeniorDesign/Ip_Try1/Ip_Try1.ip_user_files/bd/design_1/ipshared/6910/src/TopLevel_Convolution.v:981]
INFO: [VRFC 10-2458] undeclared symbol data_out_green, assumed default net type wire [C:/Users/saina/Desktop/SeniorDesign/Ip_Try1/Ip_Try1.ip_user_files/bd/design_1/ipshared/6910/src/TopLevel_Convolution.v:982]
INFO: [VRFC 10-2458] undeclared symbol data_out_blue, assumed default net type wire [C:/Users/saina/Desktop/SeniorDesign/Ip_Try1/Ip_Try1.ip_user_files/bd/design_1/ipshared/6910/src/TopLevel_Convolution.v:983]
INFO: [VRFC 10-2263] Analyzing Verilog file "C:/Users/saina/Desktop/SeniorDesign/Ip_Try1/Ip_Try1.ip_user_files/bd/design_1/ipshared/6910/hdl/myip_v1_0.v" into library xil_defaultlib
INFO: [VRFC 10-311] analyzing module myip_v1_0
INFO: [VRFC 10-2458] undeclared symbol s00_axis_sof, assumed default net type wire [C:/Users/saina/Desktop/SeniorDesign/Ip_Try1/Ip_Try1.ip_user_files/bd/design_1/ipshared/6910/hdl/myip_v1_0.v:71]
INFO: [VRFC 10-2263] Analyzing Verilog file "C:/Users/saina/Desktop/SeniorDesign/Ip_Try1/Ip_Try1.ip_user_files/bd/design_1/ip/design_1_myip_0_0/sim/design_1_myip_0_0.v" into library xil_defaultlib
INFO: [VRFC 10-311] analyzing module design_1_myip_0_0
INFO: [VRFC 10-2263] Analyzing Verilog file "C:/Users/saina/Desktop/SeniorDesign/Ip_Try1/Ip_Try1.ip_user_files/bd/design_1/hdl/design_1.v" into library xil_defaultlib
INFO: [VRFC 10-311] analyzing module design_1
INFO: [VRFC 10-2263] Analyzing Verilog file "C:/Users/saina/Desktop/SeniorDesign/Ip_Try1/Ip_Try1.srcs/sources_1/bd/design_1/hdl/design_1_wrapper.v" into library xil_defaultlib
INFO: [VRFC 10-311] analyzing module design_1_wrapper
INFO: [VRFC 10-2263] Analyzing Verilog file "C:/Users/saina/Desktop/SeniorDesign/Ip_Try1/Ip_Try1.srcs/sim_1/new/design_1_tb.v" into library xil_defaultlib
INFO: [VRFC 10-311] analyzing module design_1_tb
INFO: [VRFC 10-2263] Analyzing Verilog file "C:/Users/saina/Desktop/SeniorDesign/Ip_Try1/Ip_Try1.sim/sim_1/behav/glbl.v" into library xil_defaultlib
INFO: [VRFC 10-311] analyzing module glbl
