#-----------------------------------------------------------
# Vivado v2016.2 (64-bit)
# SW Build 1577090 on Thu Jun  2 16:32:40 MDT 2016
# IP Build 1577682 on Fri Jun  3 12:00:54 MDT 2016
# Start of session at: Sat Feb 18 11:22:03 2017
# Process ID: 11128
# Current directory: H:/Desktop/SeniorDesign/Final Code/Final_FifoBuffers
# Command line: vivado.exe -gui_launcher_event rodinguilauncherevent11804 H:\Desktop\SeniorDesign\Final Code\Final_FifoBuffers\Fifo_Buffers.xpr
# Log file: H:/Desktop/SeniorDesign/Final Code/Final_FifoBuffers/vivado.log
# Journal file: H:/Desktop/SeniorDesign/Final Code/Final_FifoBuffers\vivado.jou
#-----------------------------------------------------------
start_gui
open_project {H:/Desktop/SeniorDesign/Final Code/Final_FifoBuffers/Fifo_Buffers.xpr}
Scanning sources...
Finished scanning sources
INFO: [IP_Flow 19-234] Refreshing IP repositories
INFO: [IP_Flow 19-1704] No user IP repositories specified
INFO: [IP_Flow 19-2313] Loaded Vivado IP repository 'C:/Xilinx/Vivado/2016.2/data/ip'.
open_project: Time (s): cpu = 00:00:11 ; elapsed = 00:00:19 . Memory (MB): peak = 537.855 ; gain = 105.324
update_compile_order -fileset sources_1
exit
INFO: [Common 17-206] Exiting Vivado at Sat Feb 18 11:23:30 2017...
