
*** Running vivado
    with args -log TopLevel_Convolution.vds -m64 -product Vivado -mode batch -messageDb vivado.pb -notrace -source TopLevel_Convolution.tcl


****** Vivado v2016.3 (64-bit)
  **** SW Build 1682563 on Mon Oct 10 19:07:27 MDT 2016
  **** IP Build 1681267 on Mon Oct 10 21:28:31 MDT 2016
    ** Copyright 1986-2016 Xilinx, Inc. All Rights Reserved.

source TopLevel_Convolution.tcl -notrace
Command: synth_design -top TopLevel_Convolution -part xc7z020clg484-1
Starting synth_design
Attempting to get a license for feature 'Synthesis' and/or device 'xc7z020'
INFO: [Common 17-349] Got license for feature 'Synthesis' and/or device 'xc7z020'
INFO: Launching helper process for spawning children vivado processes
INFO: Helper process launched with PID 4348 
---------------------------------------------------------------------------------
Starting RTL Elaboration : Time (s): cpu = 00:00:05 ; elapsed = 00:00:10 . Memory (MB): peak = 282.203 ; gain = 72.121
---------------------------------------------------------------------------------
INFO: [Synth 8-638] synthesizing module 'TopLevel_Convolution' [C:/Users/saina/Desktop/SeniorDesign/Top_Module/Top_Module.srcs/sources_1/new/TopLevel_Convolution.v:23]
INFO: [Synth 8-638] synthesizing module 'FifoTesting' [C:/Users/saina/Desktop/SeniorDesign/Final_FifoBuffers/Fifo_Buffers.srcs/sources_1/new/FifoTesting.v:24]
INFO: [Synth 8-256] done synthesizing module 'FifoTesting' (1#1) [C:/Users/saina/Desktop/SeniorDesign/Final_FifoBuffers/Fifo_Buffers.srcs/sources_1/new/FifoTesting.v:24]
INFO: [Synth 8-638] synthesizing module 'Reg' [C:/Users/saina/Desktop/SeniorDesign/Register_Slices/Register_Slices.srcs/sources_1/new/Reg.v:23]
INFO: [Synth 8-256] done synthesizing module 'Reg' (2#1) [C:/Users/saina/Desktop/SeniorDesign/Register_Slices/Register_Slices.srcs/sources_1/new/Reg.v:23]
INFO: [Synth 8-638] synthesizing module 'TFlipFlop' [C:/Users/saina/Desktop/SeniorDesign/T_Flip_Flop/T_Flip_Flop.srcs/sources_1/new/TFlipFlop.v:23]
INFO: [Synth 8-256] done synthesizing module 'TFlipFlop' (3#1) [C:/Users/saina/Desktop/SeniorDesign/T_Flip_Flop/T_Flip_Flop.srcs/sources_1/new/TFlipFlop.v:23]
INFO: [Synth 8-638] synthesizing module 'ConvolutionEngine' [C:/Users/saina/Desktop/SeniorDesign/ConEngine_Verilog/ConEngine_Verilog.srcs/sources_1/new/ConvolutionEngine.v:23]
INFO: [Synth 8-638] synthesizing module 'mult_gen_2' [C:/Users/saina/Desktop/SeniorDesign/Top_Module/Top_Module.runs/synth_1/.Xil/Vivado-8028-DESKTOP-7PO5321/realtime/mult_gen_2_stub.v:6]
INFO: [Synth 8-256] done synthesizing module 'mult_gen_2' (4#1) [C:/Users/saina/Desktop/SeniorDesign/Top_Module/Top_Module.runs/synth_1/.Xil/Vivado-8028-DESKTOP-7PO5321/realtime/mult_gen_2_stub.v:6]
WARNING: [Synth 8-689] width (1) of port connection 'P' does not match port width (16) of module 'mult_gen_2' [C:/Users/saina/Desktop/SeniorDesign/ConEngine_Verilog/ConEngine_Verilog.srcs/sources_1/new/ConvolutionEngine.v:236]
INFO: [Synth 8-256] done synthesizing module 'ConvolutionEngine' (5#1) [C:/Users/saina/Desktop/SeniorDesign/ConEngine_Verilog/ConEngine_Verilog.srcs/sources_1/new/ConvolutionEngine.v:23]
INFO: [Synth 8-256] done synthesizing module 'TopLevel_Convolution' (6#1) [C:/Users/saina/Desktop/SeniorDesign/Top_Module/Top_Module.srcs/sources_1/new/TopLevel_Convolution.v:23]
---------------------------------------------------------------------------------
Finished RTL Elaboration : Time (s): cpu = 00:00:06 ; elapsed = 00:00:12 . Memory (MB): peak = 319.586 ; gain = 109.504
---------------------------------------------------------------------------------

Report Check Netlist: 
+------+------------------+-------+---------+-------+------------------+
|      |Item              |Errors |Warnings |Status |Description       |
+------+------------------+-------+---------+-------+------------------+
|1     |multi_driven_nets |      0|        0|Passed |Multi driven nets |
+------+------------------+-------+---------+-------+------------------+
---------------------------------------------------------------------------------
Finished RTL Optimization Phase 1 : Time (s): cpu = 00:00:06 ; elapsed = 00:00:12 . Memory (MB): peak = 319.586 ; gain = 109.504
---------------------------------------------------------------------------------
WARNING: [Project 1-560] Could not resolve non-primitive black box cell 'mult_gen_2' instantiated as 'ConEngine_Red/DSP_1'. 147 instances of this cell are unresolved black boxes. [C:/Users/saina/Desktop/SeniorDesign/ConEngine_Verilog/ConEngine_Verilog.srcs/sources_1/new/ConvolutionEngine.v:226]
INFO: [Device 21-403] Loading part xc7z020clg484-1
INFO: [Project 1-570] Preparing netlist for logic optimization

Processing XDC Constraints
Initializing timing engine
Parsing XDC File [C:/Users/saina/Desktop/SeniorDesign/Top_Module/Top_Module.runs/synth_1/.Xil/Vivado-8028-DESKTOP-7PO5321/dcp/mult_gen_2_in_context.xdc] for cell 'ConEngine_Red/DSP_1'
Finished Parsing XDC File [C:/Users/saina/Desktop/SeniorDesign/Top_Module/Top_Module.runs/synth_1/.Xil/Vivado-8028-DESKTOP-7PO5321/dcp/mult_gen_2_in_context.xdc] for cell 'ConEngine_Red/DSP_1'
Parsing XDC File [C:/Users/saina/Desktop/SeniorDesign/Top_Module/Top_Module.runs/synth_1/.Xil/Vivado-8028-DESKTOP-7PO5321/dcp/mult_gen_2_in_context.xdc] for cell 'ConEngine_Red/DSP_2'
Finished Parsing XDC File [C:/Users/saina/Desktop/SeniorDesign/Top_Module/Top_Module.runs/synth_1/.Xil/Vivado-8028-DESKTOP-7PO5321/dcp/mult_gen_2_in_context.xdc] for cell 'ConEngine_Red/DSP_2'
Parsing XDC File [C:/Users/saina/Desktop/SeniorDesign/Top_Module/Top_Module.runs/synth_1/.Xil/Vivado-8028-DESKTOP-7PO5321/dcp/mult_gen_2_in_context.xdc] for cell 'ConEngine_Red/DSP_3'
Finished Parsing XDC File [C:/Users/saina/Desktop/SeniorDesign/Top_Module/Top_Module.runs/synth_1/.Xil/Vivado-8028-DESKTOP-7PO5321/dcp/mult_gen_2_in_context.xdc] for cell 'ConEngine_Red/DSP_3'
Parsing XDC File [C:/Users/saina/Desktop/SeniorDesign/Top_Module/Top_Module.runs/synth_1/.Xil/Vivado-8028-DESKTOP-7PO5321/dcp/mult_gen_2_in_context.xdc] for cell 'ConEngine_Red/DSP_4'
Finished Parsing XDC File [C:/Users/saina/Desktop/SeniorDesign/Top_Module/Top_Module.runs/synth_1/.Xil/Vivado-8028-DESKTOP-7PO5321/dcp/mult_gen_2_in_context.xdc] for cell 'ConEngine_Red/DSP_4'
Parsing XDC File [C:/Users/saina/Desktop/SeniorDesign/Top_Module/Top_Module.runs/synth_1/.Xil/Vivado-8028-DESKTOP-7PO5321/dcp/mult_gen_2_in_context.xdc] for cell 'ConEngine_Red/DSP_5'
Finished Parsing XDC File [C:/Users/saina/Desktop/SeniorDesign/Top_Module/Top_Module.runs/synth_1/.Xil/Vivado-8028-DESKTOP-7PO5321/dcp/mult_gen_2_in_context.xdc] for cell 'ConEngine_Red/DSP_5'
Parsing XDC File [C:/Users/saina/Desktop/SeniorDesign/Top_Module/Top_Module.runs/synth_1/.Xil/Vivado-8028-DESKTOP-7PO5321/dcp/mult_gen_2_in_context.xdc] for cell 'ConEngine_Red/DSP_6'
Finished Parsing XDC File [C:/Users/saina/Desktop/SeniorDesign/Top_Module/Top_Module.runs/synth_1/.Xil/Vivado-8028-DESKTOP-7PO5321/dcp/mult_gen_2_in_context.xdc] for cell 'ConEngine_Red/DSP_6'
Parsing XDC File [C:/Users/saina/Desktop/SeniorDesign/Top_Module/Top_Module.runs/synth_1/.Xil/Vivado-8028-DESKTOP-7PO5321/dcp/mult_gen_2_in_context.xdc] for cell 'ConEngine_Red/DSP_7'
Finished Parsing XDC File [C:/Users/saina/Desktop/SeniorDesign/Top_Module/Top_Module.runs/synth_1/.Xil/Vivado-8028-DESKTOP-7PO5321/dcp/mult_gen_2_in_context.xdc] for cell 'ConEngine_Red/DSP_7'
Parsing XDC File [C:/Users/saina/Desktop/SeniorDesign/Top_Module/Top_Module.runs/synth_1/.Xil/Vivado-8028-DESKTOP-7PO5321/dcp/mult_gen_2_in_context.xdc] for cell 'ConEngine_Red/DSP_8'
Finished Parsing XDC File [C:/Users/saina/Desktop/SeniorDesign/Top_Module/Top_Module.runs/synth_1/.Xil/Vivado-8028-DESKTOP-7PO5321/dcp/mult_gen_2_in_context.xdc] for cell 'ConEngine_Red/DSP_8'
Parsing XDC File [C:/Users/saina/Desktop/SeniorDesign/Top_Module/Top_Module.runs/synth_1/.Xil/Vivado-8028-DESKTOP-7PO5321/dcp/mult_gen_2_in_context.xdc] for cell 'ConEngine_Red/DSP_9'
Finished Parsing XDC File [C:/Users/saina/Desktop/SeniorDesign/Top_Module/Top_Module.runs/synth_1/.Xil/Vivado-8028-DESKTOP-7PO5321/dcp/mult_gen_2_in_context.xdc] for cell 'ConEngine_Red/DSP_9'
Parsing XDC File [C:/Users/saina/Desktop/SeniorDesign/Top_Module/Top_Module.runs/synth_1/.Xil/Vivado-8028-DESKTOP-7PO5321/dcp/mult_gen_2_in_context.xdc] for cell 'ConEngine_Red/DSP_10'
Finished Parsing XDC File [C:/Users/saina/Desktop/SeniorDesign/Top_Module/Top_Module.runs/synth_1/.Xil/Vivado-8028-DESKTOP-7PO5321/dcp/mult_gen_2_in_context.xdc] for cell 'ConEngine_Red/DSP_10'
Parsing XDC File [C:/Users/saina/Desktop/SeniorDesign/Top_Module/Top_Module.runs/synth_1/.Xil/Vivado-8028-DESKTOP-7PO5321/dcp/mult_gen_2_in_context.xdc] for cell 'ConEngine_Red/DSP_11'
Finished Parsing XDC File [C:/Users/saina/Desktop/SeniorDesign/Top_Module/Top_Module.runs/synth_1/.Xil/Vivado-8028-DESKTOP-7PO5321/dcp/mult_gen_2_in_context.xdc] for cell 'ConEngine_Red/DSP_11'
Parsing XDC File [C:/Users/saina/Desktop/SeniorDesign/Top_Module/Top_Module.runs/synth_1/.Xil/Vivado-8028-DESKTOP-7PO5321/dcp/mult_gen_2_in_context.xdc] for cell 'ConEngine_Red/DSP_12'
Finished Parsing XDC File [C:/Users/saina/Desktop/SeniorDesign/Top_Module/Top_Module.runs/synth_1/.Xil/Vivado-8028-DESKTOP-7PO5321/dcp/mult_gen_2_in_context.xdc] for cell 'ConEngine_Red/DSP_12'
Parsing XDC File [C:/Users/saina/Desktop/SeniorDesign/Top_Module/Top_Module.runs/synth_1/.Xil/Vivado-8028-DESKTOP-7PO5321/dcp/mult_gen_2_in_context.xdc] for cell 'ConEngine_Red/DSP_13'
Finished Parsing XDC File [C:/Users/saina/Desktop/SeniorDesign/Top_Module/Top_Module.runs/synth_1/.Xil/Vivado-8028-DESKTOP-7PO5321/dcp/mult_gen_2_in_context.xdc] for cell 'ConEngine_Red/DSP_13'
Parsing XDC File [C:/Users/saina/Desktop/SeniorDesign/Top_Module/Top_Module.runs/synth_1/.Xil/Vivado-8028-DESKTOP-7PO5321/dcp/mult_gen_2_in_context.xdc] for cell 'ConEngine_Red/DSP_14'
Finished Parsing XDC File [C:/Users/saina/Desktop/SeniorDesign/Top_Module/Top_Module.runs/synth_1/.Xil/Vivado-8028-DESKTOP-7PO5321/dcp/mult_gen_2_in_context.xdc] for cell 'ConEngine_Red/DSP_14'
Parsing XDC File [C:/Users/saina/Desktop/SeniorDesign/Top_Module/Top_Module.runs/synth_1/.Xil/Vivado-8028-DESKTOP-7PO5321/dcp/mult_gen_2_in_context.xdc] for cell 'ConEngine_Red/DSP_15'
Finished Parsing XDC File [C:/Users/saina/Desktop/SeniorDesign/Top_Module/Top_Module.runs/synth_1/.Xil/Vivado-8028-DESKTOP-7PO5321/dcp/mult_gen_2_in_context.xdc] for cell 'ConEngine_Red/DSP_15'
Parsing XDC File [C:/Users/saina/Desktop/SeniorDesign/Top_Module/Top_Module.runs/synth_1/.Xil/Vivado-8028-DESKTOP-7PO5321/dcp/mult_gen_2_in_context.xdc] for cell 'ConEngine_Red/DSP_16'
Finished Parsing XDC File [C:/Users/saina/Desktop/SeniorDesign/Top_Module/Top_Module.runs/synth_1/.Xil/Vivado-8028-DESKTOP-7PO5321/dcp/mult_gen_2_in_context.xdc] for cell 'ConEngine_Red/DSP_16'
Parsing XDC File [C:/Users/saina/Desktop/SeniorDesign/Top_Module/Top_Module.runs/synth_1/.Xil/Vivado-8028-DESKTOP-7PO5321/dcp/mult_gen_2_in_context.xdc] for cell 'ConEngine_Red/DSP_17'
Finished Parsing XDC File [C:/Users/saina/Desktop/SeniorDesign/Top_Module/Top_Module.runs/synth_1/.Xil/Vivado-8028-DESKTOP-7PO5321/dcp/mult_gen_2_in_context.xdc] for cell 'ConEngine_Red/DSP_17'
Parsing XDC File [C:/Users/saina/Desktop/SeniorDesign/Top_Module/Top_Module.runs/synth_1/.Xil/Vivado-8028-DESKTOP-7PO5321/dcp/mult_gen_2_in_context.xdc] for cell 'ConEngine_Red/DSP_18'
Finished Parsing XDC File [C:/Users/saina/Desktop/SeniorDesign/Top_Module/Top_Module.runs/synth_1/.Xil/Vivado-8028-DESKTOP-7PO5321/dcp/mult_gen_2_in_context.xdc] for cell 'ConEngine_Red/DSP_18'
Parsing XDC File [C:/Users/saina/Desktop/SeniorDesign/Top_Module/Top_Module.runs/synth_1/.Xil/Vivado-8028-DESKTOP-7PO5321/dcp/mult_gen_2_in_context.xdc] for cell 'ConEngine_Red/DSP_19'
Finished Parsing XDC File [C:/Users/saina/Desktop/SeniorDesign/Top_Module/Top_Module.runs/synth_1/.Xil/Vivado-8028-DESKTOP-7PO5321/dcp/mult_gen_2_in_context.xdc] for cell 'ConEngine_Red/DSP_19'
Parsing XDC File [C:/Users/saina/Desktop/SeniorDesign/Top_Module/Top_Module.runs/synth_1/.Xil/Vivado-8028-DESKTOP-7PO5321/dcp/mult_gen_2_in_context.xdc] for cell 'ConEngine_Red/DSP_20'
Finished Parsing XDC File [C:/Users/saina/Desktop/SeniorDesign/Top_Module/Top_Module.runs/synth_1/.Xil/Vivado-8028-DESKTOP-7PO5321/dcp/mult_gen_2_in_context.xdc] for cell 'ConEngine_Red/DSP_20'
Parsing XDC File [C:/Users/saina/Desktop/SeniorDesign/Top_Module/Top_Module.runs/synth_1/.Xil/Vivado-8028-DESKTOP-7PO5321/dcp/mult_gen_2_in_context.xdc] for cell 'ConEngine_Red/DSP_21'
Finished Parsing XDC File [C:/Users/saina/Desktop/SeniorDesign/Top_Module/Top_Module.runs/synth_1/.Xil/Vivado-8028-DESKTOP-7PO5321/dcp/mult_gen_2_in_context.xdc] for cell 'ConEngine_Red/DSP_21'
Parsing XDC File [C:/Users/saina/Desktop/SeniorDesign/Top_Module/Top_Module.runs/synth_1/.Xil/Vivado-8028-DESKTOP-7PO5321/dcp/mult_gen_2_in_context.xdc] for cell 'ConEngine_Red/DSP_22'
Finished Parsing XDC File [C:/Users/saina/Desktop/SeniorDesign/Top_Module/Top_Module.runs/synth_1/.Xil/Vivado-8028-DESKTOP-7PO5321/dcp/mult_gen_2_in_context.xdc] for cell 'ConEngine_Red/DSP_22'
Parsing XDC File [C:/Users/saina/Desktop/SeniorDesign/Top_Module/Top_Module.runs/synth_1/.Xil/Vivado-8028-DESKTOP-7PO5321/dcp/mult_gen_2_in_context.xdc] for cell 'ConEngine_Red/DSP_23'
Finished Parsing XDC File [C:/Users/saina/Desktop/SeniorDesign/Top_Module/Top_Module.runs/synth_1/.Xil/Vivado-8028-DESKTOP-7PO5321/dcp/mult_gen_2_in_context.xdc] for cell 'ConEngine_Red/DSP_23'
Parsing XDC File [C:/Users/saina/Desktop/SeniorDesign/Top_Module/Top_Module.runs/synth_1/.Xil/Vivado-8028-DESKTOP-7PO5321/dcp/mult_gen_2_in_context.xdc] for cell 'ConEngine_Red/DSP_24'
Finished Parsing XDC File [C:/Users/saina/Desktop/SeniorDesign/Top_Module/Top_Module.runs/synth_1/.Xil/Vivado-8028-DESKTOP-7PO5321/dcp/mult_gen_2_in_context.xdc] for cell 'ConEngine_Red/DSP_24'
Parsing XDC File [C:/Users/saina/Desktop/SeniorDesign/Top_Module/Top_Module.runs/synth_1/.Xil/Vivado-8028-DESKTOP-7PO5321/dcp/mult_gen_2_in_context.xdc] for cell 'ConEngine_Red/DSP_25'
Finished Parsing XDC File [C:/Users/saina/Desktop/SeniorDesign/Top_Module/Top_Module.runs/synth_1/.Xil/Vivado-8028-DESKTOP-7PO5321/dcp/mult_gen_2_in_context.xdc] for cell 'ConEngine_Red/DSP_25'
Parsing XDC File [C:/Users/saina/Desktop/SeniorDesign/Top_Module/Top_Module.runs/synth_1/.Xil/Vivado-8028-DESKTOP-7PO5321/dcp/mult_gen_2_in_context.xdc] for cell 'ConEngine_Red/DSP_26'
Finished Parsing XDC File [C:/Users/saina/Desktop/SeniorDesign/Top_Module/Top_Module.runs/synth_1/.Xil/Vivado-8028-DESKTOP-7PO5321/dcp/mult_gen_2_in_context.xdc] for cell 'ConEngine_Red/DSP_26'
Parsing XDC File [C:/Users/saina/Desktop/SeniorDesign/Top_Module/Top_Module.runs/synth_1/.Xil/Vivado-8028-DESKTOP-7PO5321/dcp/mult_gen_2_in_context.xdc] for cell 'ConEngine_Red/DSP_27'
Finished Parsing XDC File [C:/Users/saina/Desktop/SeniorDesign/Top_Module/Top_Module.runs/synth_1/.Xil/Vivado-8028-DESKTOP-7PO5321/dcp/mult_gen_2_in_context.xdc] for cell 'ConEngine_Red/DSP_27'
Parsing XDC File [C:/Users/saina/Desktop/SeniorDesign/Top_Module/Top_Module.runs/synth_1/.Xil/Vivado-8028-DESKTOP-7PO5321/dcp/mult_gen_2_in_context.xdc] for cell 'ConEngine_Red/DSP_28'
Finished Parsing XDC File [C:/Users/saina/Desktop/SeniorDesign/Top_Module/Top_Module.runs/synth_1/.Xil/Vivado-8028-DESKTOP-7PO5321/dcp/mult_gen_2_in_context.xdc] for cell 'ConEngine_Red/DSP_28'
Parsing XDC File [C:/Users/saina/Desktop/SeniorDesign/Top_Module/Top_Module.runs/synth_1/.Xil/Vivado-8028-DESKTOP-7PO5321/dcp/mult_gen_2_in_context.xdc] for cell 'ConEngine_Red/DSP_29'
Finished Parsing XDC File [C:/Users/saina/Desktop/SeniorDesign/Top_Module/Top_Module.runs/synth_1/.Xil/Vivado-8028-DESKTOP-7PO5321/dcp/mult_gen_2_in_context.xdc] for cell 'ConEngine_Red/DSP_29'
Parsing XDC File [C:/Users/saina/Desktop/SeniorDesign/Top_Module/Top_Module.runs/synth_1/.Xil/Vivado-8028-DESKTOP-7PO5321/dcp/mult_gen_2_in_context.xdc] for cell 'ConEngine_Red/DSP_30'
Finished Parsing XDC File [C:/Users/saina/Desktop/SeniorDesign/Top_Module/Top_Module.runs/synth_1/.Xil/Vivado-8028-DESKTOP-7PO5321/dcp/mult_gen_2_in_context.xdc] for cell 'ConEngine_Red/DSP_30'
Parsing XDC File [C:/Users/saina/Desktop/SeniorDesign/Top_Module/Top_Module.runs/synth_1/.Xil/Vivado-8028-DESKTOP-7PO5321/dcp/mult_gen_2_in_context.xdc] for cell 'ConEngine_Red/DSP_31'
Finished Parsing XDC File [C:/Users/saina/Desktop/SeniorDesign/Top_Module/Top_Module.runs/synth_1/.Xil/Vivado-8028-DESKTOP-7PO5321/dcp/mult_gen_2_in_context.xdc] for cell 'ConEngine_Red/DSP_31'
Parsing XDC File [C:/Users/saina/Desktop/SeniorDesign/Top_Module/Top_Module.runs/synth_1/.Xil/Vivado-8028-DESKTOP-7PO5321/dcp/mult_gen_2_in_context.xdc] for cell 'ConEngine_Red/DSP_32'
Finished Parsing XDC File [C:/Users/saina/Desktop/SeniorDesign/Top_Module/Top_Module.runs/synth_1/.Xil/Vivado-8028-DESKTOP-7PO5321/dcp/mult_gen_2_in_context.xdc] for cell 'ConEngine_Red/DSP_32'
Parsing XDC File [C:/Users/saina/Desktop/SeniorDesign/Top_Module/Top_Module.runs/synth_1/.Xil/Vivado-8028-DESKTOP-7PO5321/dcp/mult_gen_2_in_context.xdc] for cell 'ConEngine_Red/DSP_33'
Finished Parsing XDC File [C:/Users/saina/Desktop/SeniorDesign/Top_Module/Top_Module.runs/synth_1/.Xil/Vivado-8028-DESKTOP-7PO5321/dcp/mult_gen_2_in_context.xdc] for cell 'ConEngine_Red/DSP_33'
Parsing XDC File [C:/Users/saina/Desktop/SeniorDesign/Top_Module/Top_Module.runs/synth_1/.Xil/Vivado-8028-DESKTOP-7PO5321/dcp/mult_gen_2_in_context.xdc] for cell 'ConEngine_Red/DSP_34'
Finished Parsing XDC File [C:/Users/saina/Desktop/SeniorDesign/Top_Module/Top_Module.runs/synth_1/.Xil/Vivado-8028-DESKTOP-7PO5321/dcp/mult_gen_2_in_context.xdc] for cell 'ConEngine_Red/DSP_34'
Parsing XDC File [C:/Users/saina/Desktop/SeniorDesign/Top_Module/Top_Module.runs/synth_1/.Xil/Vivado-8028-DESKTOP-7PO5321/dcp/mult_gen_2_in_context.xdc] for cell 'ConEngine_Red/DSP_35'
Finished Parsing XDC File [C:/Users/saina/Desktop/SeniorDesign/Top_Module/Top_Module.runs/synth_1/.Xil/Vivado-8028-DESKTOP-7PO5321/dcp/mult_gen_2_in_context.xdc] for cell 'ConEngine_Red/DSP_35'
Parsing XDC File [C:/Users/saina/Desktop/SeniorDesign/Top_Module/Top_Module.runs/synth_1/.Xil/Vivado-8028-DESKTOP-7PO5321/dcp/mult_gen_2_in_context.xdc] for cell 'ConEngine_Red/DSP_36'
Finished Parsing XDC File [C:/Users/saina/Desktop/SeniorDesign/Top_Module/Top_Module.runs/synth_1/.Xil/Vivado-8028-DESKTOP-7PO5321/dcp/mult_gen_2_in_context.xdc] for cell 'ConEngine_Red/DSP_36'
Parsing XDC File [C:/Users/saina/Desktop/SeniorDesign/Top_Module/Top_Module.runs/synth_1/.Xil/Vivado-8028-DESKTOP-7PO5321/dcp/mult_gen_2_in_context.xdc] for cell 'ConEngine_Red/DSP_37'
Finished Parsing XDC File [C:/Users/saina/Desktop/SeniorDesign/Top_Module/Top_Module.runs/synth_1/.Xil/Vivado-8028-DESKTOP-7PO5321/dcp/mult_gen_2_in_context.xdc] for cell 'ConEngine_Red/DSP_37'
Parsing XDC File [C:/Users/saina/Desktop/SeniorDesign/Top_Module/Top_Module.runs/synth_1/.Xil/Vivado-8028-DESKTOP-7PO5321/dcp/mult_gen_2_in_context.xdc] for cell 'ConEngine_Red/DSP_38'
Finished Parsing XDC File [C:/Users/saina/Desktop/SeniorDesign/Top_Module/Top_Module.runs/synth_1/.Xil/Vivado-8028-DESKTOP-7PO5321/dcp/mult_gen_2_in_context.xdc] for cell 'ConEngine_Red/DSP_38'
Parsing XDC File [C:/Users/saina/Desktop/SeniorDesign/Top_Module/Top_Module.runs/synth_1/.Xil/Vivado-8028-DESKTOP-7PO5321/dcp/mult_gen_2_in_context.xdc] for cell 'ConEngine_Red/DSP_39'
Finished Parsing XDC File [C:/Users/saina/Desktop/SeniorDesign/Top_Module/Top_Module.runs/synth_1/.Xil/Vivado-8028-DESKTOP-7PO5321/dcp/mult_gen_2_in_context.xdc] for cell 'ConEngine_Red/DSP_39'
Parsing XDC File [C:/Users/saina/Desktop/SeniorDesign/Top_Module/Top_Module.runs/synth_1/.Xil/Vivado-8028-DESKTOP-7PO5321/dcp/mult_gen_2_in_context.xdc] for cell 'ConEngine_Red/DSP_40'
Finished Parsing XDC File [C:/Users/saina/Desktop/SeniorDesign/Top_Module/Top_Module.runs/synth_1/.Xil/Vivado-8028-DESKTOP-7PO5321/dcp/mult_gen_2_in_context.xdc] for cell 'ConEngine_Red/DSP_40'
Parsing XDC File [C:/Users/saina/Desktop/SeniorDesign/Top_Module/Top_Module.runs/synth_1/.Xil/Vivado-8028-DESKTOP-7PO5321/dcp/mult_gen_2_in_context.xdc] for cell 'ConEngine_Red/DSP_41'
Finished Parsing XDC File [C:/Users/saina/Desktop/SeniorDesign/Top_Module/Top_Module.runs/synth_1/.Xil/Vivado-8028-DESKTOP-7PO5321/dcp/mult_gen_2_in_context.xdc] for cell 'ConEngine_Red/DSP_41'
Parsing XDC File [C:/Users/saina/Desktop/SeniorDesign/Top_Module/Top_Module.runs/synth_1/.Xil/Vivado-8028-DESKTOP-7PO5321/dcp/mult_gen_2_in_context.xdc] for cell 'ConEngine_Red/DSP_42'
Finished Parsing XDC File [C:/Users/saina/Desktop/SeniorDesign/Top_Module/Top_Module.runs/synth_1/.Xil/Vivado-8028-DESKTOP-7PO5321/dcp/mult_gen_2_in_context.xdc] for cell 'ConEngine_Red/DSP_42'
Parsing XDC File [C:/Users/saina/Desktop/SeniorDesign/Top_Module/Top_Module.runs/synth_1/.Xil/Vivado-8028-DESKTOP-7PO5321/dcp/mult_gen_2_in_context.xdc] for cell 'ConEngine_Red/DSP_43'
Finished Parsing XDC File [C:/Users/saina/Desktop/SeniorDesign/Top_Module/Top_Module.runs/synth_1/.Xil/Vivado-8028-DESKTOP-7PO5321/dcp/mult_gen_2_in_context.xdc] for cell 'ConEngine_Red/DSP_43'
Parsing XDC File [C:/Users/saina/Desktop/SeniorDesign/Top_Module/Top_Module.runs/synth_1/.Xil/Vivado-8028-DESKTOP-7PO5321/dcp/mult_gen_2_in_context.xdc] for cell 'ConEngine_Red/DSP_44'
Finished Parsing XDC File [C:/Users/saina/Desktop/SeniorDesign/Top_Module/Top_Module.runs/synth_1/.Xil/Vivado-8028-DESKTOP-7PO5321/dcp/mult_gen_2_in_context.xdc] for cell 'ConEngine_Red/DSP_44'
Parsing XDC File [C:/Users/saina/Desktop/SeniorDesign/Top_Module/Top_Module.runs/synth_1/.Xil/Vivado-8028-DESKTOP-7PO5321/dcp/mult_gen_2_in_context.xdc] for cell 'ConEngine_Red/DSP_45'
Finished Parsing XDC File [C:/Users/saina/Desktop/SeniorDesign/Top_Module/Top_Module.runs/synth_1/.Xil/Vivado-8028-DESKTOP-7PO5321/dcp/mult_gen_2_in_context.xdc] for cell 'ConEngine_Red/DSP_45'
Parsing XDC File [C:/Users/saina/Desktop/SeniorDesign/Top_Module/Top_Module.runs/synth_1/.Xil/Vivado-8028-DESKTOP-7PO5321/dcp/mult_gen_2_in_context.xdc] for cell 'ConEngine_Red/DSP_46'
Finished Parsing XDC File [C:/Users/saina/Desktop/SeniorDesign/Top_Module/Top_Module.runs/synth_1/.Xil/Vivado-8028-DESKTOP-7PO5321/dcp/mult_gen_2_in_context.xdc] for cell 'ConEngine_Red/DSP_46'
Parsing XDC File [C:/Users/saina/Desktop/SeniorDesign/Top_Module/Top_Module.runs/synth_1/.Xil/Vivado-8028-DESKTOP-7PO5321/dcp/mult_gen_2_in_context.xdc] for cell 'ConEngine_Red/DSP_47'
Finished Parsing XDC File [C:/Users/saina/Desktop/SeniorDesign/Top_Module/Top_Module.runs/synth_1/.Xil/Vivado-8028-DESKTOP-7PO5321/dcp/mult_gen_2_in_context.xdc] for cell 'ConEngine_Red/DSP_47'
Parsing XDC File [C:/Users/saina/Desktop/SeniorDesign/Top_Module/Top_Module.runs/synth_1/.Xil/Vivado-8028-DESKTOP-7PO5321/dcp/mult_gen_2_in_context.xdc] for cell 'ConEngine_Red/DSP_48'
Finished Parsing XDC File [C:/Users/saina/Desktop/SeniorDesign/Top_Module/Top_Module.runs/synth_1/.Xil/Vivado-8028-DESKTOP-7PO5321/dcp/mult_gen_2_in_context.xdc] for cell 'ConEngine_Red/DSP_48'
Parsing XDC File [C:/Users/saina/Desktop/SeniorDesign/Top_Module/Top_Module.runs/synth_1/.Xil/Vivado-8028-DESKTOP-7PO5321/dcp/mult_gen_2_in_context.xdc] for cell 'ConEngine_Red/DSP_49'
Finished Parsing XDC File [C:/Users/saina/Desktop/SeniorDesign/Top_Module/Top_Module.runs/synth_1/.Xil/Vivado-8028-DESKTOP-7PO5321/dcp/mult_gen_2_in_context.xdc] for cell 'ConEngine_Red/DSP_49'
Parsing XDC File [C:/Users/saina/Desktop/SeniorDesign/Top_Module/Top_Module.runs/synth_1/.Xil/Vivado-8028-DESKTOP-7PO5321/dcp/mult_gen_2_in_context.xdc] for cell 'ConEngine_Green/DSP_1'
Finished Parsing XDC File [C:/Users/saina/Desktop/SeniorDesign/Top_Module/Top_Module.runs/synth_1/.Xil/Vivado-8028-DESKTOP-7PO5321/dcp/mult_gen_2_in_context.xdc] for cell 'ConEngine_Green/DSP_1'
Parsing XDC File [C:/Users/saina/Desktop/SeniorDesign/Top_Module/Top_Module.runs/synth_1/.Xil/Vivado-8028-DESKTOP-7PO5321/dcp/mult_gen_2_in_context.xdc] for cell 'ConEngine_Green/DSP_2'
Finished Parsing XDC File [C:/Users/saina/Desktop/SeniorDesign/Top_Module/Top_Module.runs/synth_1/.Xil/Vivado-8028-DESKTOP-7PO5321/dcp/mult_gen_2_in_context.xdc] for cell 'ConEngine_Green/DSP_2'
Parsing XDC File [C:/Users/saina/Desktop/SeniorDesign/Top_Module/Top_Module.runs/synth_1/.Xil/Vivado-8028-DESKTOP-7PO5321/dcp/mult_gen_2_in_context.xdc] for cell 'ConEngine_Green/DSP_3'
Finished Parsing XDC File [C:/Users/saina/Desktop/SeniorDesign/Top_Module/Top_Module.runs/synth_1/.Xil/Vivado-8028-DESKTOP-7PO5321/dcp/mult_gen_2_in_context.xdc] for cell 'ConEngine_Green/DSP_3'
Parsing XDC File [C:/Users/saina/Desktop/SeniorDesign/Top_Module/Top_Module.runs/synth_1/.Xil/Vivado-8028-DESKTOP-7PO5321/dcp/mult_gen_2_in_context.xdc] for cell 'ConEngine_Green/DSP_4'
Finished Parsing XDC File [C:/Users/saina/Desktop/SeniorDesign/Top_Module/Top_Module.runs/synth_1/.Xil/Vivado-8028-DESKTOP-7PO5321/dcp/mult_gen_2_in_context.xdc] for cell 'ConEngine_Green/DSP_4'
Parsing XDC File [C:/Users/saina/Desktop/SeniorDesign/Top_Module/Top_Module.runs/synth_1/.Xil/Vivado-8028-DESKTOP-7PO5321/dcp/mult_gen_2_in_context.xdc] for cell 'ConEngine_Green/DSP_5'
Finished Parsing XDC File [C:/Users/saina/Desktop/SeniorDesign/Top_Module/Top_Module.runs/synth_1/.Xil/Vivado-8028-DESKTOP-7PO5321/dcp/mult_gen_2_in_context.xdc] for cell 'ConEngine_Green/DSP_5'
Parsing XDC File [C:/Users/saina/Desktop/SeniorDesign/Top_Module/Top_Module.runs/synth_1/.Xil/Vivado-8028-DESKTOP-7PO5321/dcp/mult_gen_2_in_context.xdc] for cell 'ConEngine_Green/DSP_6'
Finished Parsing XDC File [C:/Users/saina/Desktop/SeniorDesign/Top_Module/Top_Module.runs/synth_1/.Xil/Vivado-8028-DESKTOP-7PO5321/dcp/mult_gen_2_in_context.xdc] for cell 'ConEngine_Green/DSP_6'
Parsing XDC File [C:/Users/saina/Desktop/SeniorDesign/Top_Module/Top_Module.runs/synth_1/.Xil/Vivado-8028-DESKTOP-7PO5321/dcp/mult_gen_2_in_context.xdc] for cell 'ConEngine_Green/DSP_7'
Finished Parsing XDC File [C:/Users/saina/Desktop/SeniorDesign/Top_Module/Top_Module.runs/synth_1/.Xil/Vivado-8028-DESKTOP-7PO5321/dcp/mult_gen_2_in_context.xdc] for cell 'ConEngine_Green/DSP_7'
Parsing XDC File [C:/Users/saina/Desktop/SeniorDesign/Top_Module/Top_Module.runs/synth_1/.Xil/Vivado-8028-DESKTOP-7PO5321/dcp/mult_gen_2_in_context.xdc] for cell 'ConEngine_Green/DSP_8'
Finished Parsing XDC File [C:/Users/saina/Desktop/SeniorDesign/Top_Module/Top_Module.runs/synth_1/.Xil/Vivado-8028-DESKTOP-7PO5321/dcp/mult_gen_2_in_context.xdc] for cell 'ConEngine_Green/DSP_8'
Parsing XDC File [C:/Users/saina/Desktop/SeniorDesign/Top_Module/Top_Module.runs/synth_1/.Xil/Vivado-8028-DESKTOP-7PO5321/dcp/mult_gen_2_in_context.xdc] for cell 'ConEngine_Green/DSP_9'
Finished Parsing XDC File [C:/Users/saina/Desktop/SeniorDesign/Top_Module/Top_Module.runs/synth_1/.Xil/Vivado-8028-DESKTOP-7PO5321/dcp/mult_gen_2_in_context.xdc] for cell 'ConEngine_Green/DSP_9'
Parsing XDC File [C:/Users/saina/Desktop/SeniorDesign/Top_Module/Top_Module.runs/synth_1/.Xil/Vivado-8028-DESKTOP-7PO5321/dcp/mult_gen_2_in_context.xdc] for cell 'ConEngine_Green/DSP_10'
Finished Parsing XDC File [C:/Users/saina/Desktop/SeniorDesign/Top_Module/Top_Module.runs/synth_1/.Xil/Vivado-8028-DESKTOP-7PO5321/dcp/mult_gen_2_in_context.xdc] for cell 'ConEngine_Green/DSP_10'
Parsing XDC File [C:/Users/saina/Desktop/SeniorDesign/Top_Module/Top_Module.runs/synth_1/.Xil/Vivado-8028-DESKTOP-7PO5321/dcp/mult_gen_2_in_context.xdc] for cell 'ConEngine_Green/DSP_11'
Finished Parsing XDC File [C:/Users/saina/Desktop/SeniorDesign/Top_Module/Top_Module.runs/synth_1/.Xil/Vivado-8028-DESKTOP-7PO5321/dcp/mult_gen_2_in_context.xdc] for cell 'ConEngine_Green/DSP_11'
Parsing XDC File [C:/Users/saina/Desktop/SeniorDesign/Top_Module/Top_Module.runs/synth_1/.Xil/Vivado-8028-DESKTOP-7PO5321/dcp/mult_gen_2_in_context.xdc] for cell 'ConEngine_Green/DSP_12'
Finished Parsing XDC File [C:/Users/saina/Desktop/SeniorDesign/Top_Module/Top_Module.runs/synth_1/.Xil/Vivado-8028-DESKTOP-7PO5321/dcp/mult_gen_2_in_context.xdc] for cell 'ConEngine_Green/DSP_12'
Parsing XDC File [C:/Users/saina/Desktop/SeniorDesign/Top_Module/Top_Module.runs/synth_1/.Xil/Vivado-8028-DESKTOP-7PO5321/dcp/mult_gen_2_in_context.xdc] for cell 'ConEngine_Green/DSP_13'
Finished Parsing XDC File [C:/Users/saina/Desktop/SeniorDesign/Top_Module/Top_Module.runs/synth_1/.Xil/Vivado-8028-DESKTOP-7PO5321/dcp/mult_gen_2_in_context.xdc] for cell 'ConEngine_Green/DSP_13'
Parsing XDC File [C:/Users/saina/Desktop/SeniorDesign/Top_Module/Top_Module.runs/synth_1/.Xil/Vivado-8028-DESKTOP-7PO5321/dcp/mult_gen_2_in_context.xdc] for cell 'ConEngine_Green/DSP_14'
Finished Parsing XDC File [C:/Users/saina/Desktop/SeniorDesign/Top_Module/Top_Module.runs/synth_1/.Xil/Vivado-8028-DESKTOP-7PO5321/dcp/mult_gen_2_in_context.xdc] for cell 'ConEngine_Green/DSP_14'
Parsing XDC File [C:/Users/saina/Desktop/SeniorDesign/Top_Module/Top_Module.runs/synth_1/.Xil/Vivado-8028-DESKTOP-7PO5321/dcp/mult_gen_2_in_context.xdc] for cell 'ConEngine_Green/DSP_15'
Finished Parsing XDC File [C:/Users/saina/Desktop/SeniorDesign/Top_Module/Top_Module.runs/synth_1/.Xil/Vivado-8028-DESKTOP-7PO5321/dcp/mult_gen_2_in_context.xdc] for cell 'ConEngine_Green/DSP_15'
Parsing XDC File [C:/Users/saina/Desktop/SeniorDesign/Top_Module/Top_Module.runs/synth_1/.Xil/Vivado-8028-DESKTOP-7PO5321/dcp/mult_gen_2_in_context.xdc] for cell 'ConEngine_Green/DSP_16'
Finished Parsing XDC File [C:/Users/saina/Desktop/SeniorDesign/Top_Module/Top_Module.runs/synth_1/.Xil/Vivado-8028-DESKTOP-7PO5321/dcp/mult_gen_2_in_context.xdc] for cell 'ConEngine_Green/DSP_16'
Parsing XDC File [C:/Users/saina/Desktop/SeniorDesign/Top_Module/Top_Module.runs/synth_1/.Xil/Vivado-8028-DESKTOP-7PO5321/dcp/mult_gen_2_in_context.xdc] for cell 'ConEngine_Green/DSP_17'
Finished Parsing XDC File [C:/Users/saina/Desktop/SeniorDesign/Top_Module/Top_Module.runs/synth_1/.Xil/Vivado-8028-DESKTOP-7PO5321/dcp/mult_gen_2_in_context.xdc] for cell 'ConEngine_Green/DSP_17'
Parsing XDC File [C:/Users/saina/Desktop/SeniorDesign/Top_Module/Top_Module.runs/synth_1/.Xil/Vivado-8028-DESKTOP-7PO5321/dcp/mult_gen_2_in_context.xdc] for cell 'ConEngine_Green/DSP_18'
Finished Parsing XDC File [C:/Users/saina/Desktop/SeniorDesign/Top_Module/Top_Module.runs/synth_1/.Xil/Vivado-8028-DESKTOP-7PO5321/dcp/mult_gen_2_in_context.xdc] for cell 'ConEngine_Green/DSP_18'
Parsing XDC File [C:/Users/saina/Desktop/SeniorDesign/Top_Module/Top_Module.runs/synth_1/.Xil/Vivado-8028-DESKTOP-7PO5321/dcp/mult_gen_2_in_context.xdc] for cell 'ConEngine_Green/DSP_19'
Finished Parsing XDC File [C:/Users/saina/Desktop/SeniorDesign/Top_Module/Top_Module.runs/synth_1/.Xil/Vivado-8028-DESKTOP-7PO5321/dcp/mult_gen_2_in_context.xdc] for cell 'ConEngine_Green/DSP_19'
Parsing XDC File [C:/Users/saina/Desktop/SeniorDesign/Top_Module/Top_Module.runs/synth_1/.Xil/Vivado-8028-DESKTOP-7PO5321/dcp/mult_gen_2_in_context.xdc] for cell 'ConEngine_Green/DSP_20'
Finished Parsing XDC File [C:/Users/saina/Desktop/SeniorDesign/Top_Module/Top_Module.runs/synth_1/.Xil/Vivado-8028-DESKTOP-7PO5321/dcp/mult_gen_2_in_context.xdc] for cell 'ConEngine_Green/DSP_20'
Parsing XDC File [C:/Users/saina/Desktop/SeniorDesign/Top_Module/Top_Module.runs/synth_1/.Xil/Vivado-8028-DESKTOP-7PO5321/dcp/mult_gen_2_in_context.xdc] for cell 'ConEngine_Green/DSP_21'
Finished Parsing XDC File [C:/Users/saina/Desktop/SeniorDesign/Top_Module/Top_Module.runs/synth_1/.Xil/Vivado-8028-DESKTOP-7PO5321/dcp/mult_gen_2_in_context.xdc] for cell 'ConEngine_Green/DSP_21'
Parsing XDC File [C:/Users/saina/Desktop/SeniorDesign/Top_Module/Top_Module.runs/synth_1/.Xil/Vivado-8028-DESKTOP-7PO5321/dcp/mult_gen_2_in_context.xdc] for cell 'ConEngine_Green/DSP_22'
Finished Parsing XDC File [C:/Users/saina/Desktop/SeniorDesign/Top_Module/Top_Module.runs/synth_1/.Xil/Vivado-8028-DESKTOP-7PO5321/dcp/mult_gen_2_in_context.xdc] for cell 'ConEngine_Green/DSP_22'
Parsing XDC File [C:/Users/saina/Desktop/SeniorDesign/Top_Module/Top_Module.runs/synth_1/.Xil/Vivado-8028-DESKTOP-7PO5321/dcp/mult_gen_2_in_context.xdc] for cell 'ConEngine_Green/DSP_23'
Finished Parsing XDC File [C:/Users/saina/Desktop/SeniorDesign/Top_Module/Top_Module.runs/synth_1/.Xil/Vivado-8028-DESKTOP-7PO5321/dcp/mult_gen_2_in_context.xdc] for cell 'ConEngine_Green/DSP_23'
Parsing XDC File [C:/Users/saina/Desktop/SeniorDesign/Top_Module/Top_Module.runs/synth_1/.Xil/Vivado-8028-DESKTOP-7PO5321/dcp/mult_gen_2_in_context.xdc] for cell 'ConEngine_Green/DSP_24'
Finished Parsing XDC File [C:/Users/saina/Desktop/SeniorDesign/Top_Module/Top_Module.runs/synth_1/.Xil/Vivado-8028-DESKTOP-7PO5321/dcp/mult_gen_2_in_context.xdc] for cell 'ConEngine_Green/DSP_24'
Parsing XDC File [C:/Users/saina/Desktop/SeniorDesign/Top_Module/Top_Module.runs/synth_1/.Xil/Vivado-8028-DESKTOP-7PO5321/dcp/mult_gen_2_in_context.xdc] for cell 'ConEngine_Green/DSP_25'
Finished Parsing XDC File [C:/Users/saina/Desktop/SeniorDesign/Top_Module/Top_Module.runs/synth_1/.Xil/Vivado-8028-DESKTOP-7PO5321/dcp/mult_gen_2_in_context.xdc] for cell 'ConEngine_Green/DSP_25'
Parsing XDC File [C:/Users/saina/Desktop/SeniorDesign/Top_Module/Top_Module.runs/synth_1/.Xil/Vivado-8028-DESKTOP-7PO5321/dcp/mult_gen_2_in_context.xdc] for cell 'ConEngine_Green/DSP_26'
Finished Parsing XDC File [C:/Users/saina/Desktop/SeniorDesign/Top_Module/Top_Module.runs/synth_1/.Xil/Vivado-8028-DESKTOP-7PO5321/dcp/mult_gen_2_in_context.xdc] for cell 'ConEngine_Green/DSP_26'
Parsing XDC File [C:/Users/saina/Desktop/SeniorDesign/Top_Module/Top_Module.runs/synth_1/.Xil/Vivado-8028-DESKTOP-7PO5321/dcp/mult_gen_2_in_context.xdc] for cell 'ConEngine_Green/DSP_27'
Finished Parsing XDC File [C:/Users/saina/Desktop/SeniorDesign/Top_Module/Top_Module.runs/synth_1/.Xil/Vivado-8028-DESKTOP-7PO5321/dcp/mult_gen_2_in_context.xdc] for cell 'ConEngine_Green/DSP_27'
Parsing XDC File [C:/Users/saina/Desktop/SeniorDesign/Top_Module/Top_Module.runs/synth_1/.Xil/Vivado-8028-DESKTOP-7PO5321/dcp/mult_gen_2_in_context.xdc] for cell 'ConEngine_Green/DSP_28'
Finished Parsing XDC File [C:/Users/saina/Desktop/SeniorDesign/Top_Module/Top_Module.runs/synth_1/.Xil/Vivado-8028-DESKTOP-7PO5321/dcp/mult_gen_2_in_context.xdc] for cell 'ConEngine_Green/DSP_28'
Parsing XDC File [C:/Users/saina/Desktop/SeniorDesign/Top_Module/Top_Module.runs/synth_1/.Xil/Vivado-8028-DESKTOP-7PO5321/dcp/mult_gen_2_in_context.xdc] for cell 'ConEngine_Green/DSP_29'
Finished Parsing XDC File [C:/Users/saina/Desktop/SeniorDesign/Top_Module/Top_Module.runs/synth_1/.Xil/Vivado-8028-DESKTOP-7PO5321/dcp/mult_gen_2_in_context.xdc] for cell 'ConEngine_Green/DSP_29'
Parsing XDC File [C:/Users/saina/Desktop/SeniorDesign/Top_Module/Top_Module.runs/synth_1/.Xil/Vivado-8028-DESKTOP-7PO5321/dcp/mult_gen_2_in_context.xdc] for cell 'ConEngine_Green/DSP_30'
Finished Parsing XDC File [C:/Users/saina/Desktop/SeniorDesign/Top_Module/Top_Module.runs/synth_1/.Xil/Vivado-8028-DESKTOP-7PO5321/dcp/mult_gen_2_in_context.xdc] for cell 'ConEngine_Green/DSP_30'
Parsing XDC File [C:/Users/saina/Desktop/SeniorDesign/Top_Module/Top_Module.runs/synth_1/.Xil/Vivado-8028-DESKTOP-7PO5321/dcp/mult_gen_2_in_context.xdc] for cell 'ConEngine_Green/DSP_31'
Finished Parsing XDC File [C:/Users/saina/Desktop/SeniorDesign/Top_Module/Top_Module.runs/synth_1/.Xil/Vivado-8028-DESKTOP-7PO5321/dcp/mult_gen_2_in_context.xdc] for cell 'ConEngine_Green/DSP_31'
Parsing XDC File [C:/Users/saina/Desktop/SeniorDesign/Top_Module/Top_Module.runs/synth_1/.Xil/Vivado-8028-DESKTOP-7PO5321/dcp/mult_gen_2_in_context.xdc] for cell 'ConEngine_Green/DSP_32'
Finished Parsing XDC File [C:/Users/saina/Desktop/SeniorDesign/Top_Module/Top_Module.runs/synth_1/.Xil/Vivado-8028-DESKTOP-7PO5321/dcp/mult_gen_2_in_context.xdc] for cell 'ConEngine_Green/DSP_32'
Parsing XDC File [C:/Users/saina/Desktop/SeniorDesign/Top_Module/Top_Module.runs/synth_1/.Xil/Vivado-8028-DESKTOP-7PO5321/dcp/mult_gen_2_in_context.xdc] for cell 'ConEngine_Green/DSP_33'
Finished Parsing XDC File [C:/Users/saina/Desktop/SeniorDesign/Top_Module/Top_Module.runs/synth_1/.Xil/Vivado-8028-DESKTOP-7PO5321/dcp/mult_gen_2_in_context.xdc] for cell 'ConEngine_Green/DSP_33'
Parsing XDC File [C:/Users/saina/Desktop/SeniorDesign/Top_Module/Top_Module.runs/synth_1/.Xil/Vivado-8028-DESKTOP-7PO5321/dcp/mult_gen_2_in_context.xdc] for cell 'ConEngine_Green/DSP_34'
Finished Parsing XDC File [C:/Users/saina/Desktop/SeniorDesign/Top_Module/Top_Module.runs/synth_1/.Xil/Vivado-8028-DESKTOP-7PO5321/dcp/mult_gen_2_in_context.xdc] for cell 'ConEngine_Green/DSP_34'
Parsing XDC File [C:/Users/saina/Desktop/SeniorDesign/Top_Module/Top_Module.runs/synth_1/.Xil/Vivado-8028-DESKTOP-7PO5321/dcp/mult_gen_2_in_context.xdc] for cell 'ConEngine_Green/DSP_35'
Finished Parsing XDC File [C:/Users/saina/Desktop/SeniorDesign/Top_Module/Top_Module.runs/synth_1/.Xil/Vivado-8028-DESKTOP-7PO5321/dcp/mult_gen_2_in_context.xdc] for cell 'ConEngine_Green/DSP_35'
Parsing XDC File [C:/Users/saina/Desktop/SeniorDesign/Top_Module/Top_Module.runs/synth_1/.Xil/Vivado-8028-DESKTOP-7PO5321/dcp/mult_gen_2_in_context.xdc] for cell 'ConEngine_Green/DSP_36'
Finished Parsing XDC File [C:/Users/saina/Desktop/SeniorDesign/Top_Module/Top_Module.runs/synth_1/.Xil/Vivado-8028-DESKTOP-7PO5321/dcp/mult_gen_2_in_context.xdc] for cell 'ConEngine_Green/DSP_36'
Parsing XDC File [C:/Users/saina/Desktop/SeniorDesign/Top_Module/Top_Module.runs/synth_1/.Xil/Vivado-8028-DESKTOP-7PO5321/dcp/mult_gen_2_in_context.xdc] for cell 'ConEngine_Green/DSP_37'
Finished Parsing XDC File [C:/Users/saina/Desktop/SeniorDesign/Top_Module/Top_Module.runs/synth_1/.Xil/Vivado-8028-DESKTOP-7PO5321/dcp/mult_gen_2_in_context.xdc] for cell 'ConEngine_Green/DSP_37'
Parsing XDC File [C:/Users/saina/Desktop/SeniorDesign/Top_Module/Top_Module.runs/synth_1/.Xil/Vivado-8028-DESKTOP-7PO5321/dcp/mult_gen_2_in_context.xdc] for cell 'ConEngine_Green/DSP_38'
Finished Parsing XDC File [C:/Users/saina/Desktop/SeniorDesign/Top_Module/Top_Module.runs/synth_1/.Xil/Vivado-8028-DESKTOP-7PO5321/dcp/mult_gen_2_in_context.xdc] for cell 'ConEngine_Green/DSP_38'
Parsing XDC File [C:/Users/saina/Desktop/SeniorDesign/Top_Module/Top_Module.runs/synth_1/.Xil/Vivado-8028-DESKTOP-7PO5321/dcp/mult_gen_2_in_context.xdc] for cell 'ConEngine_Green/DSP_39'
Finished Parsing XDC File [C:/Users/saina/Desktop/SeniorDesign/Top_Module/Top_Module.runs/synth_1/.Xil/Vivado-8028-DESKTOP-7PO5321/dcp/mult_gen_2_in_context.xdc] for cell 'ConEngine_Green/DSP_39'
Parsing XDC File [C:/Users/saina/Desktop/SeniorDesign/Top_Module/Top_Module.runs/synth_1/.Xil/Vivado-8028-DESKTOP-7PO5321/dcp/mult_gen_2_in_context.xdc] for cell 'ConEngine_Green/DSP_40'
Finished Parsing XDC File [C:/Users/saina/Desktop/SeniorDesign/Top_Module/Top_Module.runs/synth_1/.Xil/Vivado-8028-DESKTOP-7PO5321/dcp/mult_gen_2_in_context.xdc] for cell 'ConEngine_Green/DSP_40'
Parsing XDC File [C:/Users/saina/Desktop/SeniorDesign/Top_Module/Top_Module.runs/synth_1/.Xil/Vivado-8028-DESKTOP-7PO5321/dcp/mult_gen_2_in_context.xdc] for cell 'ConEngine_Green/DSP_41'
Finished Parsing XDC File [C:/Users/saina/Desktop/SeniorDesign/Top_Module/Top_Module.runs/synth_1/.Xil/Vivado-8028-DESKTOP-7PO5321/dcp/mult_gen_2_in_context.xdc] for cell 'ConEngine_Green/DSP_41'
Parsing XDC File [C:/Users/saina/Desktop/SeniorDesign/Top_Module/Top_Module.runs/synth_1/.Xil/Vivado-8028-DESKTOP-7PO5321/dcp/mult_gen_2_in_context.xdc] for cell 'ConEngine_Green/DSP_42'
Finished Parsing XDC File [C:/Users/saina/Desktop/SeniorDesign/Top_Module/Top_Module.runs/synth_1/.Xil/Vivado-8028-DESKTOP-7PO5321/dcp/mult_gen_2_in_context.xdc] for cell 'ConEngine_Green/DSP_42'
Parsing XDC File [C:/Users/saina/Desktop/SeniorDesign/Top_Module/Top_Module.runs/synth_1/.Xil/Vivado-8028-DESKTOP-7PO5321/dcp/mult_gen_2_in_context.xdc] for cell 'ConEngine_Green/DSP_43'
Finished Parsing XDC File [C:/Users/saina/Desktop/SeniorDesign/Top_Module/Top_Module.runs/synth_1/.Xil/Vivado-8028-DESKTOP-7PO5321/dcp/mult_gen_2_in_context.xdc] for cell 'ConEngine_Green/DSP_43'
Parsing XDC File [C:/Users/saina/Desktop/SeniorDesign/Top_Module/Top_Module.runs/synth_1/.Xil/Vivado-8028-DESKTOP-7PO5321/dcp/mult_gen_2_in_context.xdc] for cell 'ConEngine_Green/DSP_44'
Finished Parsing XDC File [C:/Users/saina/Desktop/SeniorDesign/Top_Module/Top_Module.runs/synth_1/.Xil/Vivado-8028-DESKTOP-7PO5321/dcp/mult_gen_2_in_context.xdc] for cell 'ConEngine_Green/DSP_44'
Parsing XDC File [C:/Users/saina/Desktop/SeniorDesign/Top_Module/Top_Module.runs/synth_1/.Xil/Vivado-8028-DESKTOP-7PO5321/dcp/mult_gen_2_in_context.xdc] for cell 'ConEngine_Green/DSP_45'
Finished Parsing XDC File [C:/Users/saina/Desktop/SeniorDesign/Top_Module/Top_Module.runs/synth_1/.Xil/Vivado-8028-DESKTOP-7PO5321/dcp/mult_gen_2_in_context.xdc] for cell 'ConEngine_Green/DSP_45'
Parsing XDC File [C:/Users/saina/Desktop/SeniorDesign/Top_Module/Top_Module.runs/synth_1/.Xil/Vivado-8028-DESKTOP-7PO5321/dcp/mult_gen_2_in_context.xdc] for cell 'ConEngine_Green/DSP_46'
Finished Parsing XDC File [C:/Users/saina/Desktop/SeniorDesign/Top_Module/Top_Module.runs/synth_1/.Xil/Vivado-8028-DESKTOP-7PO5321/dcp/mult_gen_2_in_context.xdc] for cell 'ConEngine_Green/DSP_46'
Parsing XDC File [C:/Users/saina/Desktop/SeniorDesign/Top_Module/Top_Module.runs/synth_1/.Xil/Vivado-8028-DESKTOP-7PO5321/dcp/mult_gen_2_in_context.xdc] for cell 'ConEngine_Green/DSP_47'
Finished Parsing XDC File [C:/Users/saina/Desktop/SeniorDesign/Top_Module/Top_Module.runs/synth_1/.Xil/Vivado-8028-DESKTOP-7PO5321/dcp/mult_gen_2_in_context.xdc] for cell 'ConEngine_Green/DSP_47'
Parsing XDC File [C:/Users/saina/Desktop/SeniorDesign/Top_Module/Top_Module.runs/synth_1/.Xil/Vivado-8028-DESKTOP-7PO5321/dcp/mult_gen_2_in_context.xdc] for cell 'ConEngine_Green/DSP_48'
Finished Parsing XDC File [C:/Users/saina/Desktop/SeniorDesign/Top_Module/Top_Module.runs/synth_1/.Xil/Vivado-8028-DESKTOP-7PO5321/dcp/mult_gen_2_in_context.xdc] for cell 'ConEngine_Green/DSP_48'
Parsing XDC File [C:/Users/saina/Desktop/SeniorDesign/Top_Module/Top_Module.runs/synth_1/.Xil/Vivado-8028-DESKTOP-7PO5321/dcp/mult_gen_2_in_context.xdc] for cell 'ConEngine_Green/DSP_49'
Finished Parsing XDC File [C:/Users/saina/Desktop/SeniorDesign/Top_Module/Top_Module.runs/synth_1/.Xil/Vivado-8028-DESKTOP-7PO5321/dcp/mult_gen_2_in_context.xdc] for cell 'ConEngine_Green/DSP_49'
Parsing XDC File [C:/Users/saina/Desktop/SeniorDesign/Top_Module/Top_Module.runs/synth_1/.Xil/Vivado-8028-DESKTOP-7PO5321/dcp/mult_gen_2_in_context.xdc] for cell 'ConEngine_Blue/DSP_1'
Finished Parsing XDC File [C:/Users/saina/Desktop/SeniorDesign/Top_Module/Top_Module.runs/synth_1/.Xil/Vivado-8028-DESKTOP-7PO5321/dcp/mult_gen_2_in_context.xdc] for cell 'ConEngine_Blue/DSP_1'
Parsing XDC File [C:/Users/saina/Desktop/SeniorDesign/Top_Module/Top_Module.runs/synth_1/.Xil/Vivado-8028-DESKTOP-7PO5321/dcp/mult_gen_2_in_context.xdc] for cell 'ConEngine_Blue/DSP_2'
Finished Parsing XDC File [C:/Users/saina/Desktop/SeniorDesign/Top_Module/Top_Module.runs/synth_1/.Xil/Vivado-8028-DESKTOP-7PO5321/dcp/mult_gen_2_in_context.xdc] for cell 'ConEngine_Blue/DSP_2'
Parsing XDC File [C:/Users/saina/Desktop/SeniorDesign/Top_Module/Top_Module.runs/synth_1/.Xil/Vivado-8028-DESKTOP-7PO5321/dcp/mult_gen_2_in_context.xdc] for cell 'ConEngine_Blue/DSP_3'
Finished Parsing XDC File [C:/Users/saina/Desktop/SeniorDesign/Top_Module/Top_Module.runs/synth_1/.Xil/Vivado-8028-DESKTOP-7PO5321/dcp/mult_gen_2_in_context.xdc] for cell 'ConEngine_Blue/DSP_3'
Parsing XDC File [C:/Users/saina/Desktop/SeniorDesign/Top_Module/Top_Module.runs/synth_1/.Xil/Vivado-8028-DESKTOP-7PO5321/dcp/mult_gen_2_in_context.xdc] for cell 'ConEngine_Blue/DSP_4'
Finished Parsing XDC File [C:/Users/saina/Desktop/SeniorDesign/Top_Module/Top_Module.runs/synth_1/.Xil/Vivado-8028-DESKTOP-7PO5321/dcp/mult_gen_2_in_context.xdc] for cell 'ConEngine_Blue/DSP_4'
Parsing XDC File [C:/Users/saina/Desktop/SeniorDesign/Top_Module/Top_Module.runs/synth_1/.Xil/Vivado-8028-DESKTOP-7PO5321/dcp/mult_gen_2_in_context.xdc] for cell 'ConEngine_Blue/DSP_5'
Finished Parsing XDC File [C:/Users/saina/Desktop/SeniorDesign/Top_Module/Top_Module.runs/synth_1/.Xil/Vivado-8028-DESKTOP-7PO5321/dcp/mult_gen_2_in_context.xdc] for cell 'ConEngine_Blue/DSP_5'
Parsing XDC File [C:/Users/saina/Desktop/SeniorDesign/Top_Module/Top_Module.runs/synth_1/.Xil/Vivado-8028-DESKTOP-7PO5321/dcp/mult_gen_2_in_context.xdc] for cell 'ConEngine_Blue/DSP_6'
Finished Parsing XDC File [C:/Users/saina/Desktop/SeniorDesign/Top_Module/Top_Module.runs/synth_1/.Xil/Vivado-8028-DESKTOP-7PO5321/dcp/mult_gen_2_in_context.xdc] for cell 'ConEngine_Blue/DSP_6'
Parsing XDC File [C:/Users/saina/Desktop/SeniorDesign/Top_Module/Top_Module.runs/synth_1/.Xil/Vivado-8028-DESKTOP-7PO5321/dcp/mult_gen_2_in_context.xdc] for cell 'ConEngine_Blue/DSP_7'
Finished Parsing XDC File [C:/Users/saina/Desktop/SeniorDesign/Top_Module/Top_Module.runs/synth_1/.Xil/Vivado-8028-DESKTOP-7PO5321/dcp/mult_gen_2_in_context.xdc] for cell 'ConEngine_Blue/DSP_7'
Parsing XDC File [C:/Users/saina/Desktop/SeniorDesign/Top_Module/Top_Module.runs/synth_1/.Xil/Vivado-8028-DESKTOP-7PO5321/dcp/mult_gen_2_in_context.xdc] for cell 'ConEngine_Blue/DSP_8'
Finished Parsing XDC File [C:/Users/saina/Desktop/SeniorDesign/Top_Module/Top_Module.runs/synth_1/.Xil/Vivado-8028-DESKTOP-7PO5321/dcp/mult_gen_2_in_context.xdc] for cell 'ConEngine_Blue/DSP_8'
Parsing XDC File [C:/Users/saina/Desktop/SeniorDesign/Top_Module/Top_Module.runs/synth_1/.Xil/Vivado-8028-DESKTOP-7PO5321/dcp/mult_gen_2_in_context.xdc] for cell 'ConEngine_Blue/DSP_9'
Finished Parsing XDC File [C:/Users/saina/Desktop/SeniorDesign/Top_Module/Top_Module.runs/synth_1/.Xil/Vivado-8028-DESKTOP-7PO5321/dcp/mult_gen_2_in_context.xdc] for cell 'ConEngine_Blue/DSP_9'
Parsing XDC File [C:/Users/saina/Desktop/SeniorDesign/Top_Module/Top_Module.runs/synth_1/.Xil/Vivado-8028-DESKTOP-7PO5321/dcp/mult_gen_2_in_context.xdc] for cell 'ConEngine_Blue/DSP_10'
Finished Parsing XDC File [C:/Users/saina/Desktop/SeniorDesign/Top_Module/Top_Module.runs/synth_1/.Xil/Vivado-8028-DESKTOP-7PO5321/dcp/mult_gen_2_in_context.xdc] for cell 'ConEngine_Blue/DSP_10'
Parsing XDC File [C:/Users/saina/Desktop/SeniorDesign/Top_Module/Top_Module.runs/synth_1/.Xil/Vivado-8028-DESKTOP-7PO5321/dcp/mult_gen_2_in_context.xdc] for cell 'ConEngine_Blue/DSP_11'
Finished Parsing XDC File [C:/Users/saina/Desktop/SeniorDesign/Top_Module/Top_Module.runs/synth_1/.Xil/Vivado-8028-DESKTOP-7PO5321/dcp/mult_gen_2_in_context.xdc] for cell 'ConEngine_Blue/DSP_11'
Parsing XDC File [C:/Users/saina/Desktop/SeniorDesign/Top_Module/Top_Module.runs/synth_1/.Xil/Vivado-8028-DESKTOP-7PO5321/dcp/mult_gen_2_in_context.xdc] for cell 'ConEngine_Blue/DSP_12'
Finished Parsing XDC File [C:/Users/saina/Desktop/SeniorDesign/Top_Module/Top_Module.runs/synth_1/.Xil/Vivado-8028-DESKTOP-7PO5321/dcp/mult_gen_2_in_context.xdc] for cell 'ConEngine_Blue/DSP_12'
Parsing XDC File [C:/Users/saina/Desktop/SeniorDesign/Top_Module/Top_Module.runs/synth_1/.Xil/Vivado-8028-DESKTOP-7PO5321/dcp/mult_gen_2_in_context.xdc] for cell 'ConEngine_Blue/DSP_13'
Finished Parsing XDC File [C:/Users/saina/Desktop/SeniorDesign/Top_Module/Top_Module.runs/synth_1/.Xil/Vivado-8028-DESKTOP-7PO5321/dcp/mult_gen_2_in_context.xdc] for cell 'ConEngine_Blue/DSP_13'
Parsing XDC File [C:/Users/saina/Desktop/SeniorDesign/Top_Module/Top_Module.runs/synth_1/.Xil/Vivado-8028-DESKTOP-7PO5321/dcp/mult_gen_2_in_context.xdc] for cell 'ConEngine_Blue/DSP_14'
Finished Parsing XDC File [C:/Users/saina/Desktop/SeniorDesign/Top_Module/Top_Module.runs/synth_1/.Xil/Vivado-8028-DESKTOP-7PO5321/dcp/mult_gen_2_in_context.xdc] for cell 'ConEngine_Blue/DSP_14'
Parsing XDC File [C:/Users/saina/Desktop/SeniorDesign/Top_Module/Top_Module.runs/synth_1/.Xil/Vivado-8028-DESKTOP-7PO5321/dcp/mult_gen_2_in_context.xdc] for cell 'ConEngine_Blue/DSP_15'
Finished Parsing XDC File [C:/Users/saina/Desktop/SeniorDesign/Top_Module/Top_Module.runs/synth_1/.Xil/Vivado-8028-DESKTOP-7PO5321/dcp/mult_gen_2_in_context.xdc] for cell 'ConEngine_Blue/DSP_15'
Parsing XDC File [C:/Users/saina/Desktop/SeniorDesign/Top_Module/Top_Module.runs/synth_1/.Xil/Vivado-8028-DESKTOP-7PO5321/dcp/mult_gen_2_in_context.xdc] for cell 'ConEngine_Blue/DSP_16'
Finished Parsing XDC File [C:/Users/saina/Desktop/SeniorDesign/Top_Module/Top_Module.runs/synth_1/.Xil/Vivado-8028-DESKTOP-7PO5321/dcp/mult_gen_2_in_context.xdc] for cell 'ConEngine_Blue/DSP_16'
Parsing XDC File [C:/Users/saina/Desktop/SeniorDesign/Top_Module/Top_Module.runs/synth_1/.Xil/Vivado-8028-DESKTOP-7PO5321/dcp/mult_gen_2_in_context.xdc] for cell 'ConEngine_Blue/DSP_17'
Finished Parsing XDC File [C:/Users/saina/Desktop/SeniorDesign/Top_Module/Top_Module.runs/synth_1/.Xil/Vivado-8028-DESKTOP-7PO5321/dcp/mult_gen_2_in_context.xdc] for cell 'ConEngine_Blue/DSP_17'
Parsing XDC File [C:/Users/saina/Desktop/SeniorDesign/Top_Module/Top_Module.runs/synth_1/.Xil/Vivado-8028-DESKTOP-7PO5321/dcp/mult_gen_2_in_context.xdc] for cell 'ConEngine_Blue/DSP_18'
Finished Parsing XDC File [C:/Users/saina/Desktop/SeniorDesign/Top_Module/Top_Module.runs/synth_1/.Xil/Vivado-8028-DESKTOP-7PO5321/dcp/mult_gen_2_in_context.xdc] for cell 'ConEngine_Blue/DSP_18'
Parsing XDC File [C:/Users/saina/Desktop/SeniorDesign/Top_Module/Top_Module.runs/synth_1/.Xil/Vivado-8028-DESKTOP-7PO5321/dcp/mult_gen_2_in_context.xdc] for cell 'ConEngine_Blue/DSP_19'
Finished Parsing XDC File [C:/Users/saina/Desktop/SeniorDesign/Top_Module/Top_Module.runs/synth_1/.Xil/Vivado-8028-DESKTOP-7PO5321/dcp/mult_gen_2_in_context.xdc] for cell 'ConEngine_Blue/DSP_19'
Parsing XDC File [C:/Users/saina/Desktop/SeniorDesign/Top_Module/Top_Module.runs/synth_1/.Xil/Vivado-8028-DESKTOP-7PO5321/dcp/mult_gen_2_in_context.xdc] for cell 'ConEngine_Blue/DSP_20'
Finished Parsing XDC File [C:/Users/saina/Desktop/SeniorDesign/Top_Module/Top_Module.runs/synth_1/.Xil/Vivado-8028-DESKTOP-7PO5321/dcp/mult_gen_2_in_context.xdc] for cell 'ConEngine_Blue/DSP_20'
Parsing XDC File [C:/Users/saina/Desktop/SeniorDesign/Top_Module/Top_Module.runs/synth_1/.Xil/Vivado-8028-DESKTOP-7PO5321/dcp/mult_gen_2_in_context.xdc] for cell 'ConEngine_Blue/DSP_21'
Finished Parsing XDC File [C:/Users/saina/Desktop/SeniorDesign/Top_Module/Top_Module.runs/synth_1/.Xil/Vivado-8028-DESKTOP-7PO5321/dcp/mult_gen_2_in_context.xdc] for cell 'ConEngine_Blue/DSP_21'
Parsing XDC File [C:/Users/saina/Desktop/SeniorDesign/Top_Module/Top_Module.runs/synth_1/.Xil/Vivado-8028-DESKTOP-7PO5321/dcp/mult_gen_2_in_context.xdc] for cell 'ConEngine_Blue/DSP_22'
Finished Parsing XDC File [C:/Users/saina/Desktop/SeniorDesign/Top_Module/Top_Module.runs/synth_1/.Xil/Vivado-8028-DESKTOP-7PO5321/dcp/mult_gen_2_in_context.xdc] for cell 'ConEngine_Blue/DSP_22'
Parsing XDC File [C:/Users/saina/Desktop/SeniorDesign/Top_Module/Top_Module.runs/synth_1/.Xil/Vivado-8028-DESKTOP-7PO5321/dcp/mult_gen_2_in_context.xdc] for cell 'ConEngine_Blue/DSP_23'
Finished Parsing XDC File [C:/Users/saina/Desktop/SeniorDesign/Top_Module/Top_Module.runs/synth_1/.Xil/Vivado-8028-DESKTOP-7PO5321/dcp/mult_gen_2_in_context.xdc] for cell 'ConEngine_Blue/DSP_23'
Parsing XDC File [C:/Users/saina/Desktop/SeniorDesign/Top_Module/Top_Module.runs/synth_1/.Xil/Vivado-8028-DESKTOP-7PO5321/dcp/mult_gen_2_in_context.xdc] for cell 'ConEngine_Blue/DSP_24'
Finished Parsing XDC File [C:/Users/saina/Desktop/SeniorDesign/Top_Module/Top_Module.runs/synth_1/.Xil/Vivado-8028-DESKTOP-7PO5321/dcp/mult_gen_2_in_context.xdc] for cell 'ConEngine_Blue/DSP_24'
Parsing XDC File [C:/Users/saina/Desktop/SeniorDesign/Top_Module/Top_Module.runs/synth_1/.Xil/Vivado-8028-DESKTOP-7PO5321/dcp/mult_gen_2_in_context.xdc] for cell 'ConEngine_Blue/DSP_25'
Finished Parsing XDC File [C:/Users/saina/Desktop/SeniorDesign/Top_Module/Top_Module.runs/synth_1/.Xil/Vivado-8028-DESKTOP-7PO5321/dcp/mult_gen_2_in_context.xdc] for cell 'ConEngine_Blue/DSP_25'
Parsing XDC File [C:/Users/saina/Desktop/SeniorDesign/Top_Module/Top_Module.runs/synth_1/.Xil/Vivado-8028-DESKTOP-7PO5321/dcp/mult_gen_2_in_context.xdc] for cell 'ConEngine_Blue/DSP_26'
Finished Parsing XDC File [C:/Users/saina/Desktop/SeniorDesign/Top_Module/Top_Module.runs/synth_1/.Xil/Vivado-8028-DESKTOP-7PO5321/dcp/mult_gen_2_in_context.xdc] for cell 'ConEngine_Blue/DSP_26'
Parsing XDC File [C:/Users/saina/Desktop/SeniorDesign/Top_Module/Top_Module.runs/synth_1/.Xil/Vivado-8028-DESKTOP-7PO5321/dcp/mult_gen_2_in_context.xdc] for cell 'ConEngine_Blue/DSP_27'
Finished Parsing XDC File [C:/Users/saina/Desktop/SeniorDesign/Top_Module/Top_Module.runs/synth_1/.Xil/Vivado-8028-DESKTOP-7PO5321/dcp/mult_gen_2_in_context.xdc] for cell 'ConEngine_Blue/DSP_27'
Parsing XDC File [C:/Users/saina/Desktop/SeniorDesign/Top_Module/Top_Module.runs/synth_1/.Xil/Vivado-8028-DESKTOP-7PO5321/dcp/mult_gen_2_in_context.xdc] for cell 'ConEngine_Blue/DSP_28'
Finished Parsing XDC File [C:/Users/saina/Desktop/SeniorDesign/Top_Module/Top_Module.runs/synth_1/.Xil/Vivado-8028-DESKTOP-7PO5321/dcp/mult_gen_2_in_context.xdc] for cell 'ConEngine_Blue/DSP_28'
Parsing XDC File [C:/Users/saina/Desktop/SeniorDesign/Top_Module/Top_Module.runs/synth_1/.Xil/Vivado-8028-DESKTOP-7PO5321/dcp/mult_gen_2_in_context.xdc] for cell 'ConEngine_Blue/DSP_29'
Finished Parsing XDC File [C:/Users/saina/Desktop/SeniorDesign/Top_Module/Top_Module.runs/synth_1/.Xil/Vivado-8028-DESKTOP-7PO5321/dcp/mult_gen_2_in_context.xdc] for cell 'ConEngine_Blue/DSP_29'
Parsing XDC File [C:/Users/saina/Desktop/SeniorDesign/Top_Module/Top_Module.runs/synth_1/.Xil/Vivado-8028-DESKTOP-7PO5321/dcp/mult_gen_2_in_context.xdc] for cell 'ConEngine_Blue/DSP_30'
Finished Parsing XDC File [C:/Users/saina/Desktop/SeniorDesign/Top_Module/Top_Module.runs/synth_1/.Xil/Vivado-8028-DESKTOP-7PO5321/dcp/mult_gen_2_in_context.xdc] for cell 'ConEngine_Blue/DSP_30'
Parsing XDC File [C:/Users/saina/Desktop/SeniorDesign/Top_Module/Top_Module.runs/synth_1/.Xil/Vivado-8028-DESKTOP-7PO5321/dcp/mult_gen_2_in_context.xdc] for cell 'ConEngine_Blue/DSP_31'
Finished Parsing XDC File [C:/Users/saina/Desktop/SeniorDesign/Top_Module/Top_Module.runs/synth_1/.Xil/Vivado-8028-DESKTOP-7PO5321/dcp/mult_gen_2_in_context.xdc] for cell 'ConEngine_Blue/DSP_31'
Parsing XDC File [C:/Users/saina/Desktop/SeniorDesign/Top_Module/Top_Module.runs/synth_1/.Xil/Vivado-8028-DESKTOP-7PO5321/dcp/mult_gen_2_in_context.xdc] for cell 'ConEngine_Blue/DSP_32'
Finished Parsing XDC File [C:/Users/saina/Desktop/SeniorDesign/Top_Module/Top_Module.runs/synth_1/.Xil/Vivado-8028-DESKTOP-7PO5321/dcp/mult_gen_2_in_context.xdc] for cell 'ConEngine_Blue/DSP_32'
Parsing XDC File [C:/Users/saina/Desktop/SeniorDesign/Top_Module/Top_Module.runs/synth_1/.Xil/Vivado-8028-DESKTOP-7PO5321/dcp/mult_gen_2_in_context.xdc] for cell 'ConEngine_Blue/DSP_33'
Finished Parsing XDC File [C:/Users/saina/Desktop/SeniorDesign/Top_Module/Top_Module.runs/synth_1/.Xil/Vivado-8028-DESKTOP-7PO5321/dcp/mult_gen_2_in_context.xdc] for cell 'ConEngine_Blue/DSP_33'
Parsing XDC File [C:/Users/saina/Desktop/SeniorDesign/Top_Module/Top_Module.runs/synth_1/.Xil/Vivado-8028-DESKTOP-7PO5321/dcp/mult_gen_2_in_context.xdc] for cell 'ConEngine_Blue/DSP_34'
Finished Parsing XDC File [C:/Users/saina/Desktop/SeniorDesign/Top_Module/Top_Module.runs/synth_1/.Xil/Vivado-8028-DESKTOP-7PO5321/dcp/mult_gen_2_in_context.xdc] for cell 'ConEngine_Blue/DSP_34'
Parsing XDC File [C:/Users/saina/Desktop/SeniorDesign/Top_Module/Top_Module.runs/synth_1/.Xil/Vivado-8028-DESKTOP-7PO5321/dcp/mult_gen_2_in_context.xdc] for cell 'ConEngine_Blue/DSP_35'
Finished Parsing XDC File [C:/Users/saina/Desktop/SeniorDesign/Top_Module/Top_Module.runs/synth_1/.Xil/Vivado-8028-DESKTOP-7PO5321/dcp/mult_gen_2_in_context.xdc] for cell 'ConEngine_Blue/DSP_35'
Parsing XDC File [C:/Users/saina/Desktop/SeniorDesign/Top_Module/Top_Module.runs/synth_1/.Xil/Vivado-8028-DESKTOP-7PO5321/dcp/mult_gen_2_in_context.xdc] for cell 'ConEngine_Blue/DSP_36'
Finished Parsing XDC File [C:/Users/saina/Desktop/SeniorDesign/Top_Module/Top_Module.runs/synth_1/.Xil/Vivado-8028-DESKTOP-7PO5321/dcp/mult_gen_2_in_context.xdc] for cell 'ConEngine_Blue/DSP_36'
Parsing XDC File [C:/Users/saina/Desktop/SeniorDesign/Top_Module/Top_Module.runs/synth_1/.Xil/Vivado-8028-DESKTOP-7PO5321/dcp/mult_gen_2_in_context.xdc] for cell 'ConEngine_Blue/DSP_37'
Finished Parsing XDC File [C:/Users/saina/Desktop/SeniorDesign/Top_Module/Top_Module.runs/synth_1/.Xil/Vivado-8028-DESKTOP-7PO5321/dcp/mult_gen_2_in_context.xdc] for cell 'ConEngine_Blue/DSP_37'
Parsing XDC File [C:/Users/saina/Desktop/SeniorDesign/Top_Module/Top_Module.runs/synth_1/.Xil/Vivado-8028-DESKTOP-7PO5321/dcp/mult_gen_2_in_context.xdc] for cell 'ConEngine_Blue/DSP_38'
Finished Parsing XDC File [C:/Users/saina/Desktop/SeniorDesign/Top_Module/Top_Module.runs/synth_1/.Xil/Vivado-8028-DESKTOP-7PO5321/dcp/mult_gen_2_in_context.xdc] for cell 'ConEngine_Blue/DSP_38'
Parsing XDC File [C:/Users/saina/Desktop/SeniorDesign/Top_Module/Top_Module.runs/synth_1/.Xil/Vivado-8028-DESKTOP-7PO5321/dcp/mult_gen_2_in_context.xdc] for cell 'ConEngine_Blue/DSP_39'
Finished Parsing XDC File [C:/Users/saina/Desktop/SeniorDesign/Top_Module/Top_Module.runs/synth_1/.Xil/Vivado-8028-DESKTOP-7PO5321/dcp/mult_gen_2_in_context.xdc] for cell 'ConEngine_Blue/DSP_39'
Parsing XDC File [C:/Users/saina/Desktop/SeniorDesign/Top_Module/Top_Module.runs/synth_1/.Xil/Vivado-8028-DESKTOP-7PO5321/dcp/mult_gen_2_in_context.xdc] for cell 'ConEngine_Blue/DSP_40'
Finished Parsing XDC File [C:/Users/saina/Desktop/SeniorDesign/Top_Module/Top_Module.runs/synth_1/.Xil/Vivado-8028-DESKTOP-7PO5321/dcp/mult_gen_2_in_context.xdc] for cell 'ConEngine_Blue/DSP_40'
Parsing XDC File [C:/Users/saina/Desktop/SeniorDesign/Top_Module/Top_Module.runs/synth_1/.Xil/Vivado-8028-DESKTOP-7PO5321/dcp/mult_gen_2_in_context.xdc] for cell 'ConEngine_Blue/DSP_41'
Finished Parsing XDC File [C:/Users/saina/Desktop/SeniorDesign/Top_Module/Top_Module.runs/synth_1/.Xil/Vivado-8028-DESKTOP-7PO5321/dcp/mult_gen_2_in_context.xdc] for cell 'ConEngine_Blue/DSP_41'
Parsing XDC File [C:/Users/saina/Desktop/SeniorDesign/Top_Module/Top_Module.runs/synth_1/.Xil/Vivado-8028-DESKTOP-7PO5321/dcp/mult_gen_2_in_context.xdc] for cell 'ConEngine_Blue/DSP_42'
Finished Parsing XDC File [C:/Users/saina/Desktop/SeniorDesign/Top_Module/Top_Module.runs/synth_1/.Xil/Vivado-8028-DESKTOP-7PO5321/dcp/mult_gen_2_in_context.xdc] for cell 'ConEngine_Blue/DSP_42'
Parsing XDC File [C:/Users/saina/Desktop/SeniorDesign/Top_Module/Top_Module.runs/synth_1/.Xil/Vivado-8028-DESKTOP-7PO5321/dcp/mult_gen_2_in_context.xdc] for cell 'ConEngine_Blue/DSP_43'
Finished Parsing XDC File [C:/Users/saina/Desktop/SeniorDesign/Top_Module/Top_Module.runs/synth_1/.Xil/Vivado-8028-DESKTOP-7PO5321/dcp/mult_gen_2_in_context.xdc] for cell 'ConEngine_Blue/DSP_43'
Parsing XDC File [C:/Users/saina/Desktop/SeniorDesign/Top_Module/Top_Module.runs/synth_1/.Xil/Vivado-8028-DESKTOP-7PO5321/dcp/mult_gen_2_in_context.xdc] for cell 'ConEngine_Blue/DSP_44'
Finished Parsing XDC File [C:/Users/saina/Desktop/SeniorDesign/Top_Module/Top_Module.runs/synth_1/.Xil/Vivado-8028-DESKTOP-7PO5321/dcp/mult_gen_2_in_context.xdc] for cell 'ConEngine_Blue/DSP_44'
Parsing XDC File [C:/Users/saina/Desktop/SeniorDesign/Top_Module/Top_Module.runs/synth_1/.Xil/Vivado-8028-DESKTOP-7PO5321/dcp/mult_gen_2_in_context.xdc] for cell 'ConEngine_Blue/DSP_45'
Finished Parsing XDC File [C:/Users/saina/Desktop/SeniorDesign/Top_Module/Top_Module.runs/synth_1/.Xil/Vivado-8028-DESKTOP-7PO5321/dcp/mult_gen_2_in_context.xdc] for cell 'ConEngine_Blue/DSP_45'
Parsing XDC File [C:/Users/saina/Desktop/SeniorDesign/Top_Module/Top_Module.runs/synth_1/.Xil/Vivado-8028-DESKTOP-7PO5321/dcp/mult_gen_2_in_context.xdc] for cell 'ConEngine_Blue/DSP_46'
Finished Parsing XDC File [C:/Users/saina/Desktop/SeniorDesign/Top_Module/Top_Module.runs/synth_1/.Xil/Vivado-8028-DESKTOP-7PO5321/dcp/mult_gen_2_in_context.xdc] for cell 'ConEngine_Blue/DSP_46'
Parsing XDC File [C:/Users/saina/Desktop/SeniorDesign/Top_Module/Top_Module.runs/synth_1/.Xil/Vivado-8028-DESKTOP-7PO5321/dcp/mult_gen_2_in_context.xdc] for cell 'ConEngine_Blue/DSP_47'
Finished Parsing XDC File [C:/Users/saina/Desktop/SeniorDesign/Top_Module/Top_Module.runs/synth_1/.Xil/Vivado-8028-DESKTOP-7PO5321/dcp/mult_gen_2_in_context.xdc] for cell 'ConEngine_Blue/DSP_47'
Parsing XDC File [C:/Users/saina/Desktop/SeniorDesign/Top_Module/Top_Module.runs/synth_1/.Xil/Vivado-8028-DESKTOP-7PO5321/dcp/mult_gen_2_in_context.xdc] for cell 'ConEngine_Blue/DSP_48'
Finished Parsing XDC File [C:/Users/saina/Desktop/SeniorDesign/Top_Module/Top_Module.runs/synth_1/.Xil/Vivado-8028-DESKTOP-7PO5321/dcp/mult_gen_2_in_context.xdc] for cell 'ConEngine_Blue/DSP_48'
Parsing XDC File [C:/Users/saina/Desktop/SeniorDesign/Top_Module/Top_Module.runs/synth_1/.Xil/Vivado-8028-DESKTOP-7PO5321/dcp/mult_gen_2_in_context.xdc] for cell 'ConEngine_Blue/DSP_49'
Finished Parsing XDC File [C:/Users/saina/Desktop/SeniorDesign/Top_Module/Top_Module.runs/synth_1/.Xil/Vivado-8028-DESKTOP-7PO5321/dcp/mult_gen_2_in_context.xdc] for cell 'ConEngine_Blue/DSP_49'
Completed Processing XDC Constraints

INFO: [Project 1-111] Unisim Transformation Summary:
No Unisim elements were transformed.

Constraint Validation Runtime : Time (s): cpu = 00:00:00 ; elapsed = 00:00:00.054 . Memory (MB): peak = 646.039 ; gain = 0.000
---------------------------------------------------------------------------------
Finished Constraint Validation : Time (s): cpu = 00:00:18 ; elapsed = 00:00:25 . Memory (MB): peak = 646.039 ; gain = 435.957
---------------------------------------------------------------------------------
---------------------------------------------------------------------------------
Start Loading Part and Timing Information
---------------------------------------------------------------------------------
Loading part: xc7z020clg484-1
---------------------------------------------------------------------------------
Finished Loading Part and Timing Information : Time (s): cpu = 00:00:18 ; elapsed = 00:00:25 . Memory (MB): peak = 646.039 ; gain = 435.957
---------------------------------------------------------------------------------
---------------------------------------------------------------------------------
Start Applying 'set_property' XDC Constraints
---------------------------------------------------------------------------------
---------------------------------------------------------------------------------
Finished applying 'set_property' XDC Constraints : Time (s): cpu = 00:00:18 ; elapsed = 00:00:26 . Memory (MB): peak = 646.039 ; gain = 435.957
---------------------------------------------------------------------------------
INFO: [Synth 8-5818] HDL ADVISOR - The operator resource <adder> is shared. To prevent sharing consider applying a KEEP on the output of the operator [C:/Users/saina/Desktop/SeniorDesign/Final_FifoBuffers/Fifo_Buffers.srcs/sources_1/new/FifoTesting.v:64]
---------------------------------------------------------------------------------
Finished RTL Optimization Phase 2 : Time (s): cpu = 00:00:19 ; elapsed = 00:00:26 . Memory (MB): peak = 646.039 ; gain = 435.957
---------------------------------------------------------------------------------

Report RTL Partitions: 
+-+--------------+------------+----------+
| |RTL Partition |Replication |Instances |
+-+--------------+------------+----------+
+-+--------------+------------+----------+
---------------------------------------------------------------------------------
Start RTL Component Statistics 
---------------------------------------------------------------------------------
Detailed RTL Component Info : 
+---Adders : 
	   2 Input     22 Bit       Adders := 3     
	   2 Input     21 Bit       Adders := 6     
	   2 Input     20 Bit       Adders := 9     
	   2 Input     19 Bit       Adders := 18    
	   2 Input     18 Bit       Adders := 36    
	   2 Input     17 Bit       Adders := 72    
	   2 Input      4 Bit       Adders := 7     
	   2 Input      3 Bit       Adders := 14    
+---Registers : 
	               24 Bit    Registers := 105   
	               22 Bit    Registers := 3     
	               21 Bit    Registers := 6     
	               20 Bit    Registers := 9     
	               19 Bit    Registers := 18    
	               18 Bit    Registers := 36    
	               17 Bit    Registers := 72    
	               16 Bit    Registers := 156   
	                4 Bit    Registers := 7     
	                1 Bit    Registers := 60    
+---RAMs : 
	              120 Bit         RAMs := 7     
+---Muxes : 
	   5 Input      3 Bit        Muxes := 7     
	   2 Input      3 Bit        Muxes := 28    
	   2 Input      2 Bit        Muxes := 7     
	   2 Input      1 Bit        Muxes := 35    
---------------------------------------------------------------------------------
Finished RTL Component Statistics 
---------------------------------------------------------------------------------
---------------------------------------------------------------------------------
Start RTL Hierarchical Component Statistics 
---------------------------------------------------------------------------------
Hierarchical RTL Component report 
Module FifoTesting 
Detailed RTL Component Info : 
+---Adders : 
	   2 Input      4 Bit       Adders := 1     
	   2 Input      3 Bit       Adders := 2     
+---Registers : 
	               24 Bit    Registers := 1     
	                4 Bit    Registers := 1     
	                1 Bit    Registers := 1     
+---RAMs : 
	              120 Bit         RAMs := 1     
+---Muxes : 
	   5 Input      3 Bit        Muxes := 1     
	   2 Input      3 Bit        Muxes := 4     
	   2 Input      2 Bit        Muxes := 1     
	   2 Input      1 Bit        Muxes := 5     
Module Reg 
Detailed RTL Component Info : 
+---Registers : 
	               24 Bit    Registers := 2     
	                1 Bit    Registers := 1     
Module TFlipFlop 
Detailed RTL Component Info : 
+---Registers : 
	                1 Bit    Registers := 1     
Module ConvolutionEngine 
Detailed RTL Component Info : 
+---Adders : 
	   2 Input     22 Bit       Adders := 1     
	   2 Input     21 Bit       Adders := 2     
	   2 Input     20 Bit       Adders := 3     
	   2 Input     19 Bit       Adders := 6     
	   2 Input     18 Bit       Adders := 12    
	   2 Input     17 Bit       Adders := 24    
+---Registers : 
	               22 Bit    Registers := 1     
	               21 Bit    Registers := 2     
	               20 Bit    Registers := 3     
	               19 Bit    Registers := 6     
	               18 Bit    Registers := 12    
	               17 Bit    Registers := 24    
	               16 Bit    Registers := 52    
	                1 Bit    Registers := 1     
---------------------------------------------------------------------------------
Finished RTL Hierarchical Component Statistics
---------------------------------------------------------------------------------
---------------------------------------------------------------------------------
Start Part Resource Summary
---------------------------------------------------------------------------------
Part Resources:
DSPs: 220 (col length:60)
BRAMs: 280 (col length: RAMB18 60 RAMB36 30)
---------------------------------------------------------------------------------
Finished Part Resource Summary
---------------------------------------------------------------------------------
---------------------------------------------------------------------------------
Start Cross Boundary and Area Optimization
---------------------------------------------------------------------------------
---------------------------------------------------------------------------------
Finished Cross Boundary and Area Optimization : Time (s): cpu = 00:00:23 ; elapsed = 00:00:31 . Memory (MB): peak = 646.039 ; gain = 435.957
---------------------------------------------------------------------------------
---------------------------------------------------------------------------------
Start ROM, RAM, DSP and Shift Register Reporting
---------------------------------------------------------------------------------

Distributed RAM: Preliminary Mapping  Report (see note below)
+---------------------+--------------------+-----------+----------------------+--------------+
|Module Name          | RTL Object         | Inference | Size (Depth x Width) | Primitives   | 
+---------------------+--------------------+-----------+----------------------+--------------+
|TopLevel_Convolution | fifo_1/buf_mem_reg | Implied   | 8 x 24               | RAM32M x 4   | 
|TopLevel_Convolution | fifo_2/buf_mem_reg | Implied   | 8 x 24               | RAM32M x 4   | 
|TopLevel_Convolution | fifo_3/buf_mem_reg | Implied   | 8 x 24               | RAM32M x 4   | 
|TopLevel_Convolution | fifo_4/buf_mem_reg | Implied   | 8 x 24               | RAM32M x 4   | 
|TopLevel_Convolution | fifo_5/buf_mem_reg | Implied   | 8 x 24               | RAM32M x 4   | 
|TopLevel_Convolution | fifo_6/buf_mem_reg | Implied   | 8 x 24               | RAM32M x 4   | 
|TopLevel_Convolution | fifo_7/buf_mem_reg | Implied   | 8 x 24               | RAM32M x 4   | 
+---------------------+--------------------+-----------+----------------------+--------------+

Note: The table above is a preliminary report that shows the Distributed RAMs at the current stage of the synthesis flow. Some Distributed RAMs may be reimplemented as non Distributed RAM primitives later in the synthesis flow. Multiple instantiated RAMs are reported only once.
---------------------------------------------------------------------------------
Finished ROM, RAM, DSP and Shift Register Reporting
---------------------------------------------------------------------------------

Report RTL Partitions: 
+-+--------------+------------+----------+
| |RTL Partition |Replication |Instances |
+-+--------------+------------+----------+
+-+--------------+------------+----------+
---------------------------------------------------------------------------------
Start Timing Optimization
---------------------------------------------------------------------------------
---------------------------------------------------------------------------------
Start Applying XDC Timing Constraints
---------------------------------------------------------------------------------
---------------------------------------------------------------------------------
Finished Applying XDC Timing Constraints : Time (s): cpu = 00:00:33 ; elapsed = 00:00:42 . Memory (MB): peak = 646.039 ; gain = 435.957
---------------------------------------------------------------------------------
---------------------------------------------------------------------------------
Finished Timing Optimization : Time (s): cpu = 00:00:34 ; elapsed = 00:00:42 . Memory (MB): peak = 646.039 ; gain = 435.957
---------------------------------------------------------------------------------

Report RTL Partitions: 
+-+--------------+------------+----------+
| |RTL Partition |Replication |Instances |
+-+--------------+------------+----------+
+-+--------------+------------+----------+
---------------------------------------------------------------------------------
Start Technology Mapping
---------------------------------------------------------------------------------
---------------------------------------------------------------------------------
Finished Technology Mapping : Time (s): cpu = 00:00:36 ; elapsed = 00:00:44 . Memory (MB): peak = 646.039 ; gain = 435.957
---------------------------------------------------------------------------------

Report RTL Partitions: 
+-+--------------+------------+----------+
| |RTL Partition |Replication |Instances |
+-+--------------+------------+----------+
+-+--------------+------------+----------+
---------------------------------------------------------------------------------
Start IO Insertion
---------------------------------------------------------------------------------
---------------------------------------------------------------------------------
Start Flattening Before IO Insertion
---------------------------------------------------------------------------------
---------------------------------------------------------------------------------
Finished Flattening Before IO Insertion
---------------------------------------------------------------------------------
---------------------------------------------------------------------------------
Start Final Netlist Cleanup
---------------------------------------------------------------------------------
---------------------------------------------------------------------------------
Finished Final Netlist Cleanup
---------------------------------------------------------------------------------
---------------------------------------------------------------------------------
Finished IO Insertion : Time (s): cpu = 00:00:37 ; elapsed = 00:00:45 . Memory (MB): peak = 646.039 ; gain = 435.957
---------------------------------------------------------------------------------

Report Check Netlist: 
+------+------------------+-------+---------+-------+------------------+
|      |Item              |Errors |Warnings |Status |Description       |
+------+------------------+-------+---------+-------+------------------+
|1     |multi_driven_nets |      0|        0|Passed |Multi driven nets |
+------+------------------+-------+---------+-------+------------------+
---------------------------------------------------------------------------------
Start Renaming Generated Instances
---------------------------------------------------------------------------------
---------------------------------------------------------------------------------
Finished Renaming Generated Instances : Time (s): cpu = 00:00:37 ; elapsed = 00:00:45 . Memory (MB): peak = 646.039 ; gain = 435.957
---------------------------------------------------------------------------------

Report RTL Partitions: 
+-+--------------+------------+----------+
| |RTL Partition |Replication |Instances |
+-+--------------+------------+----------+
+-+--------------+------------+----------+
---------------------------------------------------------------------------------
Start Rebuilding User Hierarchy
---------------------------------------------------------------------------------
---------------------------------------------------------------------------------
Finished Rebuilding User Hierarchy : Time (s): cpu = 00:00:37 ; elapsed = 00:00:46 . Memory (MB): peak = 646.039 ; gain = 435.957
---------------------------------------------------------------------------------
---------------------------------------------------------------------------------
Start Renaming Generated Ports
---------------------------------------------------------------------------------
---------------------------------------------------------------------------------
Finished Renaming Generated Ports : Time (s): cpu = 00:00:37 ; elapsed = 00:00:46 . Memory (MB): peak = 646.039 ; gain = 435.957
---------------------------------------------------------------------------------
---------------------------------------------------------------------------------
Start Handling Custom Attributes
---------------------------------------------------------------------------------
---------------------------------------------------------------------------------
Finished Handling Custom Attributes : Time (s): cpu = 00:00:38 ; elapsed = 00:00:46 . Memory (MB): peak = 646.039 ; gain = 435.957
---------------------------------------------------------------------------------
---------------------------------------------------------------------------------
Start Renaming Generated Nets
---------------------------------------------------------------------------------
---------------------------------------------------------------------------------
Finished Renaming Generated Nets : Time (s): cpu = 00:00:38 ; elapsed = 00:00:46 . Memory (MB): peak = 646.039 ; gain = 435.957
---------------------------------------------------------------------------------
---------------------------------------------------------------------------------
Start ROM, RAM, DSP and Shift Register Reporting
---------------------------------------------------------------------------------

Static Shift Register Report:
+---------------------+--------------------------------+--------+-------+--------------+--------------------+-------------------+--------+---------+
|Module Name          | RTL Name                       | Length | Width | Reset Signal | Pull out first Reg | Pull out last Reg | SRL16E | SRLC32E | 
+---------------------+--------------------------------+--------+-------+--------------+--------------------+-------------------+--------+---------+
|TopLevel_Convolution | ConEngine_Red/Sum4_4_reg[15]   | 5      | 16    | NO           | NO                 | YES               | 16     | 0       | 
|TopLevel_Convolution | ConEngine_Green/Sum4_4_reg[15] | 5      | 16    | NO           | NO                 | YES               | 16     | 0       | 
|TopLevel_Convolution | ConEngine_Blue/Sum4_4_reg[15]  | 5      | 16    | NO           | NO                 | YES               | 16     | 0       | 
+---------------------+--------------------------------+--------+-------+--------------+--------------------+-------------------+--------+---------+

---------------------------------------------------------------------------------
Finished ROM, RAM, DSP and Shift Register Reporting
---------------------------------------------------------------------------------
---------------------------------------------------------------------------------
Start Writing Synthesis Report
---------------------------------------------------------------------------------

Report BlackBoxes: 
+------+--------------+----------+
|      |BlackBox name |Instances |
+------+--------------+----------+
|1     |mult_gen_2    |       147|
+------+--------------+----------+

Report Cell Usage: 
+------+----------------+------+
|      |Cell            |Count |
+------+----------------+------+
|1     |mult_gen_2      |     1|
|2     |mult_gen_2__10  |     1|
|3     |mult_gen_2__100 |     1|
|4     |mult_gen_2__101 |     1|
|5     |mult_gen_2__102 |     1|
|6     |mult_gen_2__103 |     1|
|7     |mult_gen_2__104 |     1|
|8     |mult_gen_2__105 |     1|
|9     |mult_gen_2__106 |     1|
|10    |mult_gen_2__107 |     1|
|11    |mult_gen_2__108 |     1|
|12    |mult_gen_2__109 |     1|
|13    |mult_gen_2__11  |     1|
|14    |mult_gen_2__110 |     1|
|15    |mult_gen_2__111 |     1|
|16    |mult_gen_2__112 |     1|
|17    |mult_gen_2__113 |     1|
|18    |mult_gen_2__114 |     1|
|19    |mult_gen_2__115 |     1|
|20    |mult_gen_2__116 |     1|
|21    |mult_gen_2__117 |     1|
|22    |mult_gen_2__118 |     1|
|23    |mult_gen_2__119 |     1|
|24    |mult_gen_2__12  |     1|
|25    |mult_gen_2__120 |     1|
|26    |mult_gen_2__121 |     1|
|27    |mult_gen_2__122 |     1|
|28    |mult_gen_2__123 |     1|
|29    |mult_gen_2__124 |     1|
|30    |mult_gen_2__125 |     1|
|31    |mult_gen_2__126 |     1|
|32    |mult_gen_2__127 |     1|
|33    |mult_gen_2__128 |     1|
|34    |mult_gen_2__129 |     1|
|35    |mult_gen_2__13  |     1|
|36    |mult_gen_2__130 |     1|
|37    |mult_gen_2__131 |     1|
|38    |mult_gen_2__132 |     1|
|39    |mult_gen_2__133 |     1|
|40    |mult_gen_2__134 |     1|
|41    |mult_gen_2__135 |     1|
|42    |mult_gen_2__136 |     1|
|43    |mult_gen_2__137 |     1|
|44    |mult_gen_2__138 |     1|
|45    |mult_gen_2__139 |     1|
|46    |mult_gen_2__14  |     1|
|47    |mult_gen_2__140 |     1|
|48    |mult_gen_2__141 |     1|
|49    |mult_gen_2__142 |     1|
|50    |mult_gen_2__143 |     1|
|51    |mult_gen_2__144 |     1|
|52    |mult_gen_2__145 |     1|
|53    |mult_gen_2__146 |     1|
|54    |mult_gen_2__147 |     1|
|55    |mult_gen_2__148 |     1|
|56    |mult_gen_2__15  |     1|
|57    |mult_gen_2__16  |     1|
|58    |mult_gen_2__17  |     1|
|59    |mult_gen_2__18  |     1|
|60    |mult_gen_2__19  |     1|
|61    |mult_gen_2__20  |     1|
|62    |mult_gen_2__21  |     1|
|63    |mult_gen_2__22  |     1|
|64    |mult_gen_2__23  |     1|
|65    |mult_gen_2__24  |     1|
|66    |mult_gen_2__25  |     1|
|67    |mult_gen_2__26  |     1|
|68    |mult_gen_2__27  |     1|
|69    |mult_gen_2__28  |     1|
|70    |mult_gen_2__29  |     1|
|71    |mult_gen_2__3   |     1|
|72    |mult_gen_2__30  |     1|
|73    |mult_gen_2__31  |     1|
|74    |mult_gen_2__32  |     1|
|75    |mult_gen_2__33  |     1|
|76    |mult_gen_2__34  |     1|
|77    |mult_gen_2__35  |     1|
|78    |mult_gen_2__36  |     1|
|79    |mult_gen_2__37  |     1|
|80    |mult_gen_2__38  |     1|
|81    |mult_gen_2__39  |     1|
|82    |mult_gen_2__4   |     1|
|83    |mult_gen_2__40  |     1|
|84    |mult_gen_2__41  |     1|
|85    |mult_gen_2__42  |     1|
|86    |mult_gen_2__43  |     1|
|87    |mult_gen_2__44  |     1|
|88    |mult_gen_2__45  |     1|
|89    |mult_gen_2__46  |     1|
|90    |mult_gen_2__47  |     1|
|91    |mult_gen_2__48  |     1|
|92    |mult_gen_2__49  |     1|
|93    |mult_gen_2__5   |     1|
|94    |mult_gen_2__50  |     1|
|95    |mult_gen_2__51  |     1|
|96    |mult_gen_2__52  |     1|
|97    |mult_gen_2__53  |     1|
|98    |mult_gen_2__54  |     1|
|99    |mult_gen_2__55  |     1|
|100   |mult_gen_2__56  |     1|
|101   |mult_gen_2__57  |     1|
|102   |mult_gen_2__58  |     1|
|103   |mult_gen_2__59  |     1|
|104   |mult_gen_2__6   |     1|
|105   |mult_gen_2__60  |     1|
|106   |mult_gen_2__61  |     1|
|107   |mult_gen_2__62  |     1|
|108   |mult_gen_2__63  |     1|
|109   |mult_gen_2__64  |     1|
|110   |mult_gen_2__65  |     1|
|111   |mult_gen_2__66  |     1|
|112   |mult_gen_2__67  |     1|
|113   |mult_gen_2__68  |     1|
|114   |mult_gen_2__69  |     1|
|115   |mult_gen_2__7   |     1|
|116   |mult_gen_2__70  |     1|
|117   |mult_gen_2__71  |     1|
|118   |mult_gen_2__72  |     1|
|119   |mult_gen_2__73  |     1|
|120   |mult_gen_2__74  |     1|
|121   |mult_gen_2__75  |     1|
|122   |mult_gen_2__76  |     1|
|123   |mult_gen_2__77  |     1|
|124   |mult_gen_2__78  |     1|
|125   |mult_gen_2__79  |     1|
|126   |mult_gen_2__8   |     1|
|127   |mult_gen_2__80  |     1|
|128   |mult_gen_2__81  |     1|
|129   |mult_gen_2__82  |     1|
|130   |mult_gen_2__83  |     1|
|131   |mult_gen_2__84  |     1|
|132   |mult_gen_2__85  |     1|
|133   |mult_gen_2__86  |     1|
|134   |mult_gen_2__87  |     1|
|135   |mult_gen_2__88  |     1|
|136   |mult_gen_2__89  |     1|
|137   |mult_gen_2__9   |     1|
|138   |mult_gen_2__90  |     1|
|139   |mult_gen_2__91  |     1|
|140   |mult_gen_2__92  |     1|
|141   |mult_gen_2__93  |     1|
|142   |mult_gen_2__94  |     1|
|143   |mult_gen_2__95  |     1|
|144   |mult_gen_2__96  |     1|
|145   |mult_gen_2__97  |     1|
|146   |mult_gen_2__98  |     1|
|147   |mult_gen_2__99  |     1|
|148   |BUFG            |     2|
|149   |CARRY4          |   729|
|150   |LUT1            |   121|
|151   |LUT2            |  2434|
|152   |LUT3            |     7|
|153   |LUT4            |    14|
|154   |LUT5            |     7|
|155   |LUT6            |    63|
|156   |RAM32M          |    28|
|157   |SRL16E          |    48|
|158   |FDRE            |  7539|
|159   |FDSE            |     1|
|160   |IBUF            |    34|
|161   |OBUF            |    66|
+------+----------------+------+

Report Instance Areas: 
+------+------------------+--------------------+------+
|      |Instance          |Module              |Cells |
+------+------------------+--------------------+------+
|1     |top               |                    | 13445|
|2     |  ConEngine_Blue  |ConvolutionEngine   |  3488|
|3     |  ConEngine_Green |ConvolutionEngine_0 |  3488|
|4     |  ConEngine_Red   |ConvolutionEngine_1 |  3488|
|5     |  Reg_1_1         |Reg                 |    51|
|6     |  Reg_1_2         |Reg_2               |    51|
|7     |  Reg_1_3         |Reg_3               |    51|
|8     |  Reg_1_4         |Reg_4               |    51|
|9     |  Reg_1_5         |Reg_5               |    51|
|10    |  Reg_1_6         |Reg_6               |    51|
|11    |  Reg_1_7         |Reg_7               |    51|
|12    |  Reg_2_1         |Reg_8               |    51|
|13    |  Reg_2_2         |Reg_9               |    51|
|14    |  Reg_2_3         |Reg_10              |    51|
|15    |  Reg_2_4         |Reg_11              |    51|
|16    |  Reg_2_5         |Reg_12              |    51|
|17    |  Reg_2_6         |Reg_13              |    51|
|18    |  Reg_2_7         |Reg_14              |    51|
|19    |  Reg_3_1         |Reg_15              |    51|
|20    |  Reg_3_2         |Reg_16              |    51|
|21    |  Reg_3_3         |Reg_17              |    51|
|22    |  Reg_3_4         |Reg_18              |    51|
|23    |  Reg_3_5         |Reg_19              |    51|
|24    |  Reg_3_6         |Reg_20              |    51|
|25    |  Reg_3_7         |Reg_21              |    51|
|26    |  Reg_4_1         |Reg_22              |    51|
|27    |  Reg_4_2         |Reg_23              |    51|
|28    |  Reg_4_3         |Reg_24              |    51|
|29    |  Reg_4_4         |Reg_25              |    51|
|30    |  Reg_4_5         |Reg_26              |    51|
|31    |  Reg_4_6         |Reg_27              |    51|
|32    |  Reg_4_7         |Reg_28              |    51|
|33    |  Reg_5_1         |Reg_29              |    51|
|34    |  Reg_5_2         |Reg_30              |    51|
|35    |  Reg_5_3         |Reg_31              |    51|
|36    |  Reg_5_4         |Reg_32              |    51|
|37    |  Reg_5_5         |Reg_33              |    51|
|38    |  Reg_5_6         |Reg_34              |    51|
|39    |  Reg_5_7         |Reg_35              |    51|
|40    |  Reg_6_1         |Reg_36              |    51|
|41    |  Reg_6_2         |Reg_37              |    51|
|42    |  Reg_6_3         |Reg_38              |    51|
|43    |  Reg_6_4         |Reg_39              |    51|
|44    |  Reg_6_5         |Reg_40              |    51|
|45    |  Reg_6_6         |Reg_41              |    51|
|46    |  Reg_6_7         |Reg_42              |    51|
|47    |  Reg_7_1         |Reg_43              |    51|
|48    |  Reg_7_2         |Reg_44              |    51|
|49    |  Reg_7_3         |Reg_45              |    51|
|50    |  Reg_7_4         |Reg_46              |    51|
|51    |  Reg_7_5         |Reg_47              |    51|
|52    |  Reg_7_6         |Reg_48              |    51|
|53    |  Reg_7_7         |Reg_49              |    51|
|54    |  Tff             |TFlipFlop           |     2|
|55    |  fifo_1          |FifoTesting         |    54|
|56    |  fifo_2          |FifoTesting_50      |    54|
|57    |  fifo_3          |FifoTesting_51      |    54|
|58    |  fifo_4          |FifoTesting_52      |    54|
|59    |  fifo_5          |FifoTesting_53      |    54|
|60    |  fifo_6          |FifoTesting_54      |    54|
|61    |  fifo_7          |FifoTesting_55      |    54|
+------+------------------+--------------------+------+
---------------------------------------------------------------------------------
Finished Writing Synthesis Report : Time (s): cpu = 00:00:38 ; elapsed = 00:00:46 . Memory (MB): peak = 646.039 ; gain = 435.957
---------------------------------------------------------------------------------
Synthesis finished with 0 errors, 0 critical warnings and 0 warnings.
Synthesis Optimization Runtime : Time (s): cpu = 00:00:23 ; elapsed = 00:00:30 . Memory (MB): peak = 646.039 ; gain = 109.242
Synthesis Optimization Complete : Time (s): cpu = 00:00:38 ; elapsed = 00:00:46 . Memory (MB): peak = 646.039 ; gain = 435.957
INFO: [Project 1-571] Translating synthesized netlist
INFO: [Netlist 29-17] Analyzing 791 Unisim elements for replacement
INFO: [Netlist 29-28] Unisim Transformation completed in 1 CPU seconds
INFO: [Project 1-570] Preparing netlist for logic optimization
INFO: [Opt 31-138] Pushed 0 inverter(s) to 0 load pin(s).
INFO: [Project 1-111] Unisim Transformation Summary:
  A total of 28 instances were transformed.
  RAM32M => RAM32M (RAMD32, RAMD32, RAMD32, RAMD32, RAMD32, RAMD32, RAMS32, RAMS32): 28 instances

INFO: [Common 17-83] Releasing license: Synthesis
29 Infos, 2 Warnings, 0 Critical Warnings and 0 Errors encountered.
synth_design completed successfully
synth_design: Time (s): cpu = 00:00:39 ; elapsed = 00:00:44 . Memory (MB): peak = 649.000 ; gain = 438.918
INFO: [Common 17-1381] The checkpoint 'C:/Users/saina/Desktop/SeniorDesign/Top_Module/Top_Module.runs/synth_1/TopLevel_Convolution.dcp' has been generated.
report_utilization: Time (s): cpu = 00:00:00 ; elapsed = 00:00:00.100 . Memory (MB): peak = 649.000 ; gain = 0.000
INFO: [Common 17-206] Exiting Vivado at Tue Feb 28 16:09:08 2017...
