Vivado Simulator 2016.3
Copyright 1986-1999, 2001-2016 Xilinx, Inc. All Rights Reserved.
Running: C:/Xilinx/Vivado/2016.3/bin/unwrapped/win64.o/xelab.exe -wto 4ef828423d4546ac8757e875e23cac8a --debug typical --relax --mt 2 --maxdelay -L xil_defaultlib -L simprims_ver -L secureip --snapshot design_1_tb_time_impl -transport_int_delays -pulse_r 0 -pulse_int_r 0 -pulse_e 0 -pulse_int_e 0 xil_defaultlib.design_1_tb xil_defaultlib.glbl -log elaborate.log 
Using 2 slave threads.
Starting static elaboration
Completed static elaboration
Starting simulation data flow analysis
Completed simulation data flow analysis
INFO: [XSIM 43-3451] SDF backannotation process started with SDF file "design_1_tb_time_impl.sdf", for root module "design_1_tb/uut".
INFO: [XSIM 43-3452] SDF backannotation was successful for SDF file "design_1_tb_time_impl.sdf", for root module "design_1_tb/uut".
Time Resolution for simulation is 1ps
Compiling module simprims_ver.OBUF
Compiling module simprims_ver.IBUF
Compiling module simprims_ver.GND
Compiling module simprims_ver.VCC
Compiling module simprims_ver.DSP48E1(ACASCREG=0,ALUMODEREG=0,...
Compiling module xil_defaultlib.design_1_myip_0_0_dsp_203
Compiling module xil_defaultlib.design_1_myip_0_0_mult_gen_v12_0...
Compiling module xil_defaultlib.design_1_myip_0_0_mult_gen_v12_0...
Compiling module xil_defaultlib.design_1_myip_0_0_mult_gen_0__10...
Compiling module xil_defaultlib.design_1_myip_0_0_dsp_194
Compiling module xil_defaultlib.design_1_myip_0_0_mult_gen_v12_0...
Compiling module xil_defaultlib.design_1_myip_0_0_mult_gen_v12_0...
Compiling module xil_defaultlib.design_1_myip_0_0_mult_gen_0__11...
Compiling module xil_defaultlib.design_1_myip_0_0_dsp_193
Compiling module xil_defaultlib.design_1_myip_0_0_mult_gen_v12_0...
Compiling module xil_defaultlib.design_1_myip_0_0_mult_gen_v12_0...
Compiling module xil_defaultlib.design_1_myip_0_0_mult_gen_0__11...
Compiling module xil_defaultlib.design_1_myip_0_0_dsp_192
Compiling module xil_defaultlib.design_1_myip_0_0_mult_gen_v12_0...
Compiling module xil_defaultlib.design_1_myip_0_0_mult_gen_v12_0...
Compiling module xil_defaultlib.design_1_myip_0_0_mult_gen_0__11...
Compiling module xil_defaultlib.design_1_myip_0_0_dsp_191
Compiling module xil_defaultlib.design_1_myip_0_0_mult_gen_v12_0...
Compiling module xil_defaultlib.design_1_myip_0_0_mult_gen_v12_0...
Compiling module xil_defaultlib.design_1_myip_0_0_mult_gen_0__11...
Compiling module xil_defaultlib.design_1_myip_0_0_dsp_190
Compiling module xil_defaultlib.design_1_myip_0_0_mult_gen_v12_0...
Compiling module xil_defaultlib.design_1_myip_0_0_mult_gen_v12_0...
Compiling module xil_defaultlib.design_1_myip_0_0_mult_gen_0__11...
Compiling module xil_defaultlib.design_1_myip_0_0_dsp_189
Compiling module xil_defaultlib.design_1_myip_0_0_mult_gen_v12_0...
Compiling module xil_defaultlib.design_1_myip_0_0_mult_gen_v12_0...
Compiling module xil_defaultlib.design_1_myip_0_0_mult_gen_0__11...
Compiling module xil_defaultlib.design_1_myip_0_0_dsp_188
Compiling module xil_defaultlib.design_1_myip_0_0_mult_gen_v12_0...
Compiling module xil_defaultlib.design_1_myip_0_0_mult_gen_v12_0...
Compiling module xil_defaultlib.design_1_myip_0_0_mult_gen_0__11...
Compiling module xil_defaultlib.design_1_myip_0_0_dsp_187
Compiling module xil_defaultlib.design_1_myip_0_0_mult_gen_v12_0...
Compiling module xil_defaultlib.design_1_myip_0_0_mult_gen_v12_0...
Compiling module xil_defaultlib.design_1_myip_0_0_mult_gen_0__11...
Compiling module xil_defaultlib.design_1_myip_0_0_dsp_186
Compiling module xil_defaultlib.design_1_myip_0_0_mult_gen_v12_0...
Compiling module xil_defaultlib.design_1_myip_0_0_mult_gen_v12_0...
Compiling module xil_defaultlib.design_1_myip_0_0_mult_gen_0__11...
Compiling module xil_defaultlib.design_1_myip_0_0_dsp_185
Compiling module xil_defaultlib.design_1_myip_0_0_mult_gen_v12_0...
Compiling module xil_defaultlib.design_1_myip_0_0_mult_gen_v12_0...
Compiling module xil_defaultlib.design_1_myip_0_0_mult_gen_0__11...
Compiling module xil_defaultlib.design_1_myip_0_0_dsp_202
Compiling module xil_defaultlib.design_1_myip_0_0_mult_gen_v12_0...
Compiling module xil_defaultlib.design_1_myip_0_0_mult_gen_v12_0...
Compiling module xil_defaultlib.design_1_myip_0_0_mult_gen_0__10...
Compiling module xil_defaultlib.design_1_myip_0_0_dsp_184
Compiling module xil_defaultlib.design_1_myip_0_0_mult_gen_v12_0...
Compiling module xil_defaultlib.design_1_myip_0_0_mult_gen_v12_0...
Compiling module xil_defaultlib.design_1_myip_0_0_mult_gen_0__12...
Compiling module xil_defaultlib.design_1_myip_0_0_dsp_183
Compiling module xil_defaultlib.design_1_myip_0_0_mult_gen_v12_0...
Compiling module xil_defaultlib.design_1_myip_0_0_mult_gen_v12_0...
Compiling module xil_defaultlib.design_1_myip_0_0_mult_gen_0__12...
Compiling module xil_defaultlib.design_1_myip_0_0_dsp_182
Compiling module xil_defaultlib.design_1_myip_0_0_mult_gen_v12_0...
Compiling module xil_defaultlib.design_1_myip_0_0_mult_gen_v12_0...
Compiling module xil_defaultlib.design_1_myip_0_0_mult_gen_0__12...
Compiling module xil_defaultlib.design_1_myip_0_0_dsp_181
Compiling module xil_defaultlib.design_1_myip_0_0_mult_gen_v12_0...
Compiling module xil_defaultlib.design_1_myip_0_0_mult_gen_v12_0...
Compiling module xil_defaultlib.design_1_myip_0_0_mult_gen_0__12...
Compiling module xil_defaultlib.design_1_myip_0_0_dsp_180
Compiling module xil_defaultlib.design_1_myip_0_0_mult_gen_v12_0...
Compiling module xil_defaultlib.design_1_myip_0_0_mult_gen_v12_0...
Compiling module xil_defaultlib.design_1_myip_0_0_mult_gen_0__12...
Compiling module xil_defaultlib.design_1_myip_0_0_dsp_179
Compiling module xil_defaultlib.design_1_myip_0_0_mult_gen_v12_0...
Compiling module xil_defaultlib.design_1_myip_0_0_mult_gen_v12_0...
Compiling module xil_defaultlib.design_1_myip_0_0_mult_gen_0__12...
Compiling module xil_defaultlib.design_1_myip_0_0_dsp_178
Compiling module xil_defaultlib.design_1_myip_0_0_mult_gen_v12_0...
Compiling module xil_defaultlib.design_1_myip_0_0_mult_gen_v12_0...
Compiling module xil_defaultlib.design_1_myip_0_0_mult_gen_0__12...
Compiling module xil_defaultlib.design_1_myip_0_0_dsp_177
Compiling module xil_defaultlib.design_1_myip_0_0_mult_gen_v12_0...
Compiling module xil_defaultlib.design_1_myip_0_0_mult_gen_v12_0...
Compiling module xil_defaultlib.design_1_myip_0_0_mult_gen_0__12...
Compiling module xil_defaultlib.design_1_myip_0_0_dsp_176
Compiling module xil_defaultlib.design_1_myip_0_0_mult_gen_v12_0...
Compiling module xil_defaultlib.design_1_myip_0_0_mult_gen_v12_0...
Compiling module xil_defaultlib.design_1_myip_0_0_mult_gen_0__12...
Compiling module xil_defaultlib.design_1_myip_0_0_dsp_175
Compiling module xil_defaultlib.design_1_myip_0_0_mult_gen_v12_0...
Compiling module xil_defaultlib.design_1_myip_0_0_mult_gen_v12_0...
Compiling module xil_defaultlib.design_1_myip_0_0_mult_gen_0__12...
Compiling module xil_defaultlib.design_1_myip_0_0_dsp_201
Compiling module xil_defaultlib.design_1_myip_0_0_mult_gen_v12_0...
Compiling module xil_defaultlib.design_1_myip_0_0_mult_gen_v12_0...
Compiling module xil_defaultlib.design_1_myip_0_0_mult_gen_0__10...
Compiling module xil_defaultlib.design_1_myip_0_0_dsp_174
Compiling module xil_defaultlib.design_1_myip_0_0_mult_gen_v12_0...
Compiling module xil_defaultlib.design_1_myip_0_0_mult_gen_v12_0...
Compiling module xil_defaultlib.design_1_myip_0_0_mult_gen_0__13...
Compiling module xil_defaultlib.design_1_myip_0_0_dsp_173
Compiling module xil_defaultlib.design_1_myip_0_0_mult_gen_v12_0...
Compiling module xil_defaultlib.design_1_myip_0_0_mult_gen_v12_0...
Compiling module xil_defaultlib.design_1_myip_0_0_mult_gen_0__13...
Compiling module xil_defaultlib.design_1_myip_0_0_dsp_172
Compiling module xil_defaultlib.design_1_myip_0_0_mult_gen_v12_0...
Compiling module xil_defaultlib.design_1_myip_0_0_mult_gen_v12_0...
Compiling module xil_defaultlib.design_1_myip_0_0_mult_gen_0__13...
Compiling module xil_defaultlib.design_1_myip_0_0_dsp_171
Compiling module xil_defaultlib.design_1_myip_0_0_mult_gen_v12_0...
Compiling module xil_defaultlib.design_1_myip_0_0_mult_gen_v12_0...
Compiling module xil_defaultlib.design_1_myip_0_0_mult_gen_0__13...
Compiling module xil_defaultlib.design_1_myip_0_0_dsp_170
Compiling module xil_defaultlib.design_1_myip_0_0_mult_gen_v12_0...
Compiling module xil_defaultlib.design_1_myip_0_0_mult_gen_v12_0...
Compiling module xil_defaultlib.design_1_myip_0_0_mult_gen_0__13...
Compiling module xil_defaultlib.design_1_myip_0_0_dsp_169
Compiling module xil_defaultlib.design_1_myip_0_0_mult_gen_v12_0...
Compiling module xil_defaultlib.design_1_myip_0_0_mult_gen_v12_0...
Compiling module xil_defaultlib.design_1_myip_0_0_mult_gen_0__13...
Compiling module xil_defaultlib.design_1_myip_0_0_dsp_168
Compiling module xil_defaultlib.design_1_myip_0_0_mult_gen_v12_0...
Compiling module xil_defaultlib.design_1_myip_0_0_mult_gen_v12_0...
Compiling module xil_defaultlib.design_1_myip_0_0_mult_gen_0__13...
Compiling module xil_defaultlib.design_1_myip_0_0_dsp_167
Compiling module xil_defaultlib.design_1_myip_0_0_mult_gen_v12_0...
Compiling module xil_defaultlib.design_1_myip_0_0_mult_gen_v12_0...
Compiling module xil_defaultlib.design_1_myip_0_0_mult_gen_0__13...
Compiling module xil_defaultlib.design_1_myip_0_0_dsp_166
Compiling module xil_defaultlib.design_1_myip_0_0_mult_gen_v12_0...
Compiling module xil_defaultlib.design_1_myip_0_0_mult_gen_v12_0...
Compiling module xil_defaultlib.design_1_myip_0_0_mult_gen_0__13...
Compiling module xil_defaultlib.design_1_myip_0_0_dsp_165
Compiling module xil_defaultlib.design_1_myip_0_0_mult_gen_v12_0...
Compiling module xil_defaultlib.design_1_myip_0_0_mult_gen_v12_0...
Compiling module xil_defaultlib.design_1_myip_0_0_mult_gen_0__13...
Compiling module xil_defaultlib.design_1_myip_0_0_dsp_200
Compiling module xil_defaultlib.design_1_myip_0_0_mult_gen_v12_0...
Compiling module xil_defaultlib.design_1_myip_0_0_mult_gen_v12_0...
Compiling module xil_defaultlib.design_1_myip_0_0_mult_gen_0__10...
Compiling module xil_defaultlib.design_1_myip_0_0_dsp_164
Compiling module xil_defaultlib.design_1_myip_0_0_mult_gen_v12_0...
Compiling module xil_defaultlib.design_1_myip_0_0_mult_gen_v12_0...
Compiling module xil_defaultlib.design_1_myip_0_0_mult_gen_0__14...
Compiling module xil_defaultlib.design_1_myip_0_0_dsp_163
Compiling module xil_defaultlib.design_1_myip_0_0_mult_gen_v12_0...
Compiling module xil_defaultlib.design_1_myip_0_0_mult_gen_v12_0...
Compiling module xil_defaultlib.design_1_myip_0_0_mult_gen_0__14...
Compiling module xil_defaultlib.design_1_myip_0_0_dsp_162
Compiling module xil_defaultlib.design_1_myip_0_0_mult_gen_v12_0...
Compiling module xil_defaultlib.design_1_myip_0_0_mult_gen_v12_0...
Compiling module xil_defaultlib.design_1_myip_0_0_mult_gen_0__14...
Compiling module xil_defaultlib.design_1_myip_0_0_dsp_161
Compiling module xil_defaultlib.design_1_myip_0_0_mult_gen_v12_0...
Compiling module xil_defaultlib.design_1_myip_0_0_mult_gen_v12_0...
Compiling module xil_defaultlib.design_1_myip_0_0_mult_gen_0__14...
Compiling module xil_defaultlib.design_1_myip_0_0_dsp_160
Compiling module xil_defaultlib.design_1_myip_0_0_mult_gen_v12_0...
Compiling module xil_defaultlib.design_1_myip_0_0_mult_gen_v12_0...
Compiling module xil_defaultlib.design_1_myip_0_0_mult_gen_0__14...
Compiling module xil_defaultlib.design_1_myip_0_0_dsp_159
Compiling module xil_defaultlib.design_1_myip_0_0_mult_gen_v12_0...
Compiling module xil_defaultlib.design_1_myip_0_0_mult_gen_v12_0...
Compiling module xil_defaultlib.design_1_myip_0_0_mult_gen_0__14...
Compiling module xil_defaultlib.design_1_myip_0_0_dsp_158
Compiling module xil_defaultlib.design_1_myip_0_0_mult_gen_v12_0...
Compiling module xil_defaultlib.design_1_myip_0_0_mult_gen_v12_0...
Compiling module xil_defaultlib.design_1_myip_0_0_mult_gen_0__14...
Compiling module xil_defaultlib.design_1_myip_0_0_dsp_157
Compiling module xil_defaultlib.design_1_myip_0_0_mult_gen_v12_0...
Compiling module xil_defaultlib.design_1_myip_0_0_mult_gen_v12_0...
Compiling module xil_defaultlib.design_1_myip_0_0_mult_gen_0__14...
Compiling module xil_defaultlib.design_1_myip_0_0_dsp_156
Compiling module xil_defaultlib.design_1_myip_0_0_mult_gen_v12_0...
Compiling module xil_defaultlib.design_1_myip_0_0_mult_gen_v12_0...
Compiling module xil_defaultlib.design_1_myip_0_0_mult_gen_0__14...
Compiling module xil_defaultlib.design_1_myip_0_0_dsp_155
Compiling module xil_defaultlib.design_1_myip_0_0_mult_gen_v12_0...
Compiling module xil_defaultlib.design_1_myip_0_0_mult_gen_v12_0...
Compiling module xil_defaultlib.design_1_myip_0_0_mult_gen_0
Compiling module xil_defaultlib.design_1_myip_0_0_dsp_199
Compiling module xil_defaultlib.design_1_myip_0_0_mult_gen_v12_0...
Compiling module xil_defaultlib.design_1_myip_0_0_mult_gen_v12_0...
Compiling module xil_defaultlib.design_1_myip_0_0_mult_gen_0__10...
Compiling module xil_defaultlib.design_1_myip_0_0_dsp_198
Compiling module xil_defaultlib.design_1_myip_0_0_mult_gen_v12_0...
Compiling module xil_defaultlib.design_1_myip_0_0_mult_gen_v12_0...
Compiling module xil_defaultlib.design_1_myip_0_0_mult_gen_0__10...
Compiling module xil_defaultlib.design_1_myip_0_0_dsp_197
Compiling module xil_defaultlib.design_1_myip_0_0_mult_gen_v12_0...
Compiling module xil_defaultlib.design_1_myip_0_0_mult_gen_v12_0...
Compiling module xil_defaultlib.design_1_myip_0_0_mult_gen_0__10...
Compiling module xil_defaultlib.design_1_myip_0_0_dsp_196
Compiling module xil_defaultlib.design_1_myip_0_0_mult_gen_v12_0...
Compiling module xil_defaultlib.design_1_myip_0_0_mult_gen_v12_0...
Compiling module xil_defaultlib.design_1_myip_0_0_mult_gen_0__10...
Compiling module xil_defaultlib.design_1_myip_0_0_dsp_195
Compiling module xil_defaultlib.design_1_myip_0_0_mult_gen_v12_0...
Compiling module xil_defaultlib.design_1_myip_0_0_mult_gen_v12_0...
Compiling module xil_defaultlib.design_1_myip_0_0_mult_gen_0__10...
Compiling module simprims_ver.sffsrce_fdre
Compiling module simprims_ver.FDRE
Compiling module simprims_ver.x_lut2_mux4
Compiling module simprims_ver.LUT2
Compiling module simprims_ver.x_lut1_mux2
Compiling module simprims_ver.LUT1
Compiling module simprims_ver.CARRY4
Compiling module simprims_ver.SRL16E
Compiling module xil_defaultlib.design_1_myip_0_0_ConvolutionEng...
Compiling module xil_defaultlib.design_1_myip_0_0_dsp_154
Compiling module xil_defaultlib.design_1_myip_0_0_mult_gen_v12_0...
Compiling module xil_defaultlib.design_1_myip_0_0_mult_gen_v12_0...
Compiling module xil_defaultlib.design_1_myip_0_0_mult_gen_0__52
Compiling module xil_defaultlib.design_1_myip_0_0_dsp_145
Compiling module xil_defaultlib.design_1_myip_0_0_mult_gen_v12_0...
Compiling module xil_defaultlib.design_1_myip_0_0_mult_gen_v12_0...
Compiling module xil_defaultlib.design_1_myip_0_0_mult_gen_0__61
Compiling module xil_defaultlib.design_1_myip_0_0_dsp_144
Compiling module xil_defaultlib.design_1_myip_0_0_mult_gen_v12_0...
Compiling module xil_defaultlib.design_1_myip_0_0_mult_gen_v12_0...
Compiling module xil_defaultlib.design_1_myip_0_0_mult_gen_0__62
Compiling module xil_defaultlib.design_1_myip_0_0_dsp_143
Compiling module xil_defaultlib.design_1_myip_0_0_mult_gen_v12_0...
Compiling module xil_defaultlib.design_1_myip_0_0_mult_gen_v12_0...
Compiling module xil_defaultlib.design_1_myip_0_0_mult_gen_0__63
Compiling module xil_defaultlib.design_1_myip_0_0_dsp_142
Compiling module xil_defaultlib.design_1_myip_0_0_mult_gen_v12_0...
Compiling module xil_defaultlib.design_1_myip_0_0_mult_gen_v12_0...
Compiling module xil_defaultlib.design_1_myip_0_0_mult_gen_0__64
Compiling module xil_defaultlib.design_1_myip_0_0_dsp_141
Compiling module xil_defaultlib.design_1_myip_0_0_mult_gen_v12_0...
Compiling module xil_defaultlib.design_1_myip_0_0_mult_gen_v12_0...
Compiling module xil_defaultlib.design_1_myip_0_0_mult_gen_0__65
Compiling module xil_defaultlib.design_1_myip_0_0_dsp_140
Compiling module xil_defaultlib.design_1_myip_0_0_mult_gen_v12_0...
Compiling module xil_defaultlib.design_1_myip_0_0_mult_gen_v12_0...
Compiling module xil_defaultlib.design_1_myip_0_0_mult_gen_0__66
Compiling module xil_defaultlib.design_1_myip_0_0_dsp_139
Compiling module xil_defaultlib.design_1_myip_0_0_mult_gen_v12_0...
Compiling module xil_defaultlib.design_1_myip_0_0_mult_gen_v12_0...
Compiling module xil_defaultlib.design_1_myip_0_0_mult_gen_0__67
Compiling module xil_defaultlib.design_1_myip_0_0_dsp_138
Compiling module xil_defaultlib.design_1_myip_0_0_mult_gen_v12_0...
Compiling module xil_defaultlib.design_1_myip_0_0_mult_gen_v12_0...
Compiling module xil_defaultlib.design_1_myip_0_0_mult_gen_0__68
Compiling module xil_defaultlib.design_1_myip_0_0_dsp_137
Compiling module xil_defaultlib.design_1_myip_0_0_mult_gen_v12_0...
Compiling module xil_defaultlib.design_1_myip_0_0_mult_gen_v12_0...
Compiling module xil_defaultlib.design_1_myip_0_0_mult_gen_0__69
Compiling module xil_defaultlib.design_1_myip_0_0_dsp_136
Compiling module xil_defaultlib.design_1_myip_0_0_mult_gen_v12_0...
Compiling module xil_defaultlib.design_1_myip_0_0_mult_gen_v12_0...
Compiling module xil_defaultlib.design_1_myip_0_0_mult_gen_0__70
Compiling module xil_defaultlib.design_1_myip_0_0_dsp_153
Compiling module xil_defaultlib.design_1_myip_0_0_mult_gen_v12_0...
Compiling module xil_defaultlib.design_1_myip_0_0_mult_gen_v12_0...
Compiling module xil_defaultlib.design_1_myip_0_0_mult_gen_0__53
Compiling module xil_defaultlib.design_1_myip_0_0_dsp_135
Compiling module xil_defaultlib.design_1_myip_0_0_mult_gen_v12_0...
Compiling module xil_defaultlib.design_1_myip_0_0_mult_gen_v12_0...
Compiling module xil_defaultlib.design_1_myip_0_0_mult_gen_0__71
Compiling module xil_defaultlib.design_1_myip_0_0_dsp_134
Compiling module xil_defaultlib.design_1_myip_0_0_mult_gen_v12_0...
Compiling module xil_defaultlib.design_1_myip_0_0_mult_gen_v12_0...
Compiling module xil_defaultlib.design_1_myip_0_0_mult_gen_0__72
Compiling module xil_defaultlib.design_1_myip_0_0_dsp_133
Compiling module xil_defaultlib.design_1_myip_0_0_mult_gen_v12_0...
Compiling module xil_defaultlib.design_1_myip_0_0_mult_gen_v12_0...
Compiling module xil_defaultlib.design_1_myip_0_0_mult_gen_0__73
Compiling module xil_defaultlib.design_1_myip_0_0_dsp_132
Compiling module xil_defaultlib.design_1_myip_0_0_mult_gen_v12_0...
Compiling module xil_defaultlib.design_1_myip_0_0_mult_gen_v12_0...
Compiling module xil_defaultlib.design_1_myip_0_0_mult_gen_0__74
Compiling module xil_defaultlib.design_1_myip_0_0_dsp_131
Compiling module xil_defaultlib.design_1_myip_0_0_mult_gen_v12_0...
Compiling module xil_defaultlib.design_1_myip_0_0_mult_gen_v12_0...
Compiling module xil_defaultlib.design_1_myip_0_0_mult_gen_0__75
Compiling module xil_defaultlib.design_1_myip_0_0_dsp_130
Compiling module xil_defaultlib.design_1_myip_0_0_mult_gen_v12_0...
Compiling module xil_defaultlib.design_1_myip_0_0_mult_gen_v12_0...
Compiling module xil_defaultlib.design_1_myip_0_0_mult_gen_0__76
Compiling module xil_defaultlib.design_1_myip_0_0_dsp_129
Compiling module xil_defaultlib.design_1_myip_0_0_mult_gen_v12_0...
Compiling module xil_defaultlib.design_1_myip_0_0_mult_gen_v12_0...
Compiling module xil_defaultlib.design_1_myip_0_0_mult_gen_0__77
Compiling module xil_defaultlib.design_1_myip_0_0_dsp_128
Compiling module xil_defaultlib.design_1_myip_0_0_mult_gen_v12_0...
Compiling module xil_defaultlib.design_1_myip_0_0_mult_gen_v12_0...
Compiling module xil_defaultlib.design_1_myip_0_0_mult_gen_0__78
Compiling module xil_defaultlib.design_1_myip_0_0_dsp_127
Compiling module xil_defaultlib.design_1_myip_0_0_mult_gen_v12_0...
Compiling module xil_defaultlib.design_1_myip_0_0_mult_gen_v12_0...
Compiling module xil_defaultlib.design_1_myip_0_0_mult_gen_0__79
Compiling module xil_defaultlib.design_1_myip_0_0_dsp_126
Compiling module xil_defaultlib.design_1_myip_0_0_mult_gen_v12_0...
Compiling module xil_defaultlib.design_1_myip_0_0_mult_gen_v12_0...
Compiling module xil_defaultlib.design_1_myip_0_0_mult_gen_0__80
Compiling module xil_defaultlib.design_1_myip_0_0_dsp_152
Compiling module xil_defaultlib.design_1_myip_0_0_mult_gen_v12_0...
Compiling module xil_defaultlib.design_1_myip_0_0_mult_gen_v12_0...
Compiling module xil_defaultlib.design_1_myip_0_0_mult_gen_0__54
Compiling module xil_defaultlib.design_1_myip_0_0_dsp_125
Compiling module xil_defaultlib.design_1_myip_0_0_mult_gen_v12_0...
Compiling module xil_defaultlib.design_1_myip_0_0_mult_gen_v12_0...
Compiling module xil_defaultlib.design_1_myip_0_0_mult_gen_0__81
Compiling module xil_defaultlib.design_1_myip_0_0_dsp_124
Compiling module xil_defaultlib.design_1_myip_0_0_mult_gen_v12_0...
Compiling module xil_defaultlib.design_1_myip_0_0_mult_gen_v12_0...
Compiling module xil_defaultlib.design_1_myip_0_0_mult_gen_0__82
Compiling module xil_defaultlib.design_1_myip_0_0_dsp_123
Compiling module xil_defaultlib.design_1_myip_0_0_mult_gen_v12_0...
Compiling module xil_defaultlib.design_1_myip_0_0_mult_gen_v12_0...
Compiling module xil_defaultlib.design_1_myip_0_0_mult_gen_0__83
Compiling module xil_defaultlib.design_1_myip_0_0_dsp_122
Compiling module xil_defaultlib.design_1_myip_0_0_mult_gen_v12_0...
Compiling module xil_defaultlib.design_1_myip_0_0_mult_gen_v12_0...
Compiling module xil_defaultlib.design_1_myip_0_0_mult_gen_0__84
Compiling module xil_defaultlib.design_1_myip_0_0_dsp_121
Compiling module xil_defaultlib.design_1_myip_0_0_mult_gen_v12_0...
Compiling module xil_defaultlib.design_1_myip_0_0_mult_gen_v12_0...
Compiling module xil_defaultlib.design_1_myip_0_0_mult_gen_0__85
Compiling module xil_defaultlib.design_1_myip_0_0_dsp_120
Compiling module xil_defaultlib.design_1_myip_0_0_mult_gen_v12_0...
Compiling module xil_defaultlib.design_1_myip_0_0_mult_gen_v12_0...
Compiling module xil_defaultlib.design_1_myip_0_0_mult_gen_0__86
Compiling module xil_defaultlib.design_1_myip_0_0_dsp_119
Compiling module xil_defaultlib.design_1_myip_0_0_mult_gen_v12_0...
Compiling module xil_defaultlib.design_1_myip_0_0_mult_gen_v12_0...
Compiling module xil_defaultlib.design_1_myip_0_0_mult_gen_0__87
Compiling module xil_defaultlib.design_1_myip_0_0_dsp_118
Compiling module xil_defaultlib.design_1_myip_0_0_mult_gen_v12_0...
Compiling module xil_defaultlib.design_1_myip_0_0_mult_gen_v12_0...
Compiling module xil_defaultlib.design_1_myip_0_0_mult_gen_0__88
Compiling module xil_defaultlib.design_1_myip_0_0_dsp_117
Compiling module xil_defaultlib.design_1_myip_0_0_mult_gen_v12_0...
Compiling module xil_defaultlib.design_1_myip_0_0_mult_gen_v12_0...
Compiling module xil_defaultlib.design_1_myip_0_0_mult_gen_0__89
Compiling module xil_defaultlib.design_1_myip_0_0_dsp_116
Compiling module xil_defaultlib.design_1_myip_0_0_mult_gen_v12_0...
Compiling module xil_defaultlib.design_1_myip_0_0_mult_gen_v12_0...
Compiling module xil_defaultlib.design_1_myip_0_0_mult_gen_0__90
Compiling module xil_defaultlib.design_1_myip_0_0_dsp_151
Compiling module xil_defaultlib.design_1_myip_0_0_mult_gen_v12_0...
Compiling module xil_defaultlib.design_1_myip_0_0_mult_gen_v12_0...
Compiling module xil_defaultlib.design_1_myip_0_0_mult_gen_0__55
Compiling module xil_defaultlib.design_1_myip_0_0_dsp_115
Compiling module xil_defaultlib.design_1_myip_0_0_mult_gen_v12_0...
Compiling module xil_defaultlib.design_1_myip_0_0_mult_gen_v12_0...
Compiling module xil_defaultlib.design_1_myip_0_0_mult_gen_0__91
Compiling module xil_defaultlib.design_1_myip_0_0_dsp_114
Compiling module xil_defaultlib.design_1_myip_0_0_mult_gen_v12_0...
Compiling module xil_defaultlib.design_1_myip_0_0_mult_gen_v12_0...
Compiling module xil_defaultlib.design_1_myip_0_0_mult_gen_0__92
Compiling module xil_defaultlib.design_1_myip_0_0_dsp_113
Compiling module xil_defaultlib.design_1_myip_0_0_mult_gen_v12_0...
Compiling module xil_defaultlib.design_1_myip_0_0_mult_gen_v12_0...
Compiling module xil_defaultlib.design_1_myip_0_0_mult_gen_0__93
Compiling module xil_defaultlib.design_1_myip_0_0_dsp_112
Compiling module xil_defaultlib.design_1_myip_0_0_mult_gen_v12_0...
Compiling module xil_defaultlib.design_1_myip_0_0_mult_gen_v12_0...
Compiling module xil_defaultlib.design_1_myip_0_0_mult_gen_0__94
Compiling module xil_defaultlib.design_1_myip_0_0_dsp_111
Compiling module xil_defaultlib.design_1_myip_0_0_mult_gen_v12_0...
Compiling module xil_defaultlib.design_1_myip_0_0_mult_gen_v12_0...
Compiling module xil_defaultlib.design_1_myip_0_0_mult_gen_0__95
Compiling module xil_defaultlib.design_1_myip_0_0_dsp_110
Compiling module xil_defaultlib.design_1_myip_0_0_mult_gen_v12_0...
Compiling module xil_defaultlib.design_1_myip_0_0_mult_gen_v12_0...
Compiling module xil_defaultlib.design_1_myip_0_0_mult_gen_0__96
Compiling module xil_defaultlib.design_1_myip_0_0_dsp_109
Compiling module xil_defaultlib.design_1_myip_0_0_mult_gen_v12_0...
Compiling module xil_defaultlib.design_1_myip_0_0_mult_gen_v12_0...
Compiling module xil_defaultlib.design_1_myip_0_0_mult_gen_0__97
Compiling module xil_defaultlib.design_1_myip_0_0_dsp_108
Compiling module xil_defaultlib.design_1_myip_0_0_mult_gen_v12_0...
Compiling module xil_defaultlib.design_1_myip_0_0_mult_gen_v12_0...
Compiling module xil_defaultlib.design_1_myip_0_0_mult_gen_0__98
Compiling module xil_defaultlib.design_1_myip_0_0_dsp_107
Compiling module xil_defaultlib.design_1_myip_0_0_mult_gen_v12_0...
Compiling module xil_defaultlib.design_1_myip_0_0_mult_gen_v12_0...
Compiling module xil_defaultlib.design_1_myip_0_0_mult_gen_0__99
Compiling module xil_defaultlib.design_1_myip_0_0_dsp_106
Compiling module xil_defaultlib.design_1_myip_0_0_mult_gen_v12_0...
Compiling module xil_defaultlib.design_1_myip_0_0_mult_gen_v12_0...
Compiling module xil_defaultlib.design_1_myip_0_0_mult_gen_0__10...
Compiling module xil_defaultlib.design_1_myip_0_0_dsp_150
Compiling module xil_defaultlib.design_1_myip_0_0_mult_gen_v12_0...
Compiling module xil_defaultlib.design_1_myip_0_0_mult_gen_v12_0...
Compiling module xil_defaultlib.design_1_myip_0_0_mult_gen_0__56
Compiling module xil_defaultlib.design_1_myip_0_0_dsp_149
Compiling module xil_defaultlib.design_1_myip_0_0_mult_gen_v12_0...
Compiling module xil_defaultlib.design_1_myip_0_0_mult_gen_v12_0...
Compiling module xil_defaultlib.design_1_myip_0_0_mult_gen_0__57
Compiling module xil_defaultlib.design_1_myip_0_0_dsp_148
Compiling module xil_defaultlib.design_1_myip_0_0_mult_gen_v12_0...
Compiling module xil_defaultlib.design_1_myip_0_0_mult_gen_v12_0...
Compiling module xil_defaultlib.design_1_myip_0_0_mult_gen_0__58
Compiling module xil_defaultlib.design_1_myip_0_0_dsp_147
Compiling module xil_defaultlib.design_1_myip_0_0_mult_gen_v12_0...
Compiling module xil_defaultlib.design_1_myip_0_0_mult_gen_v12_0...
Compiling module xil_defaultlib.design_1_myip_0_0_mult_gen_0__59
Compiling module xil_defaultlib.design_1_myip_0_0_dsp_146
Compiling module xil_defaultlib.design_1_myip_0_0_mult_gen_v12_0...
Compiling module xil_defaultlib.design_1_myip_0_0_mult_gen_v12_0...
Compiling module xil_defaultlib.design_1_myip_0_0_mult_gen_0__60
Compiling module xil_defaultlib.design_1_myip_0_0_ConvolutionEng...
Compiling module xil_defaultlib.design_1_myip_0_0_dsp_105
Compiling module xil_defaultlib.design_1_myip_0_0_mult_gen_v12_0...
Compiling module xil_defaultlib.design_1_myip_0_0_mult_gen_v12_0...
Compiling module xil_defaultlib.design_1_myip_0_0_mult_gen_0__3
Compiling module xil_defaultlib.design_1_myip_0_0_dsp_96
Compiling module xil_defaultlib.design_1_myip_0_0_mult_gen_v12_0...
Compiling module xil_defaultlib.design_1_myip_0_0_mult_gen_v12_0...
Compiling module xil_defaultlib.design_1_myip_0_0_mult_gen_0__12
Compiling module xil_defaultlib.design_1_myip_0_0_dsp_95
Compiling module xil_defaultlib.design_1_myip_0_0_mult_gen_v12_0...
Compiling module xil_defaultlib.design_1_myip_0_0_mult_gen_v12_0...
Compiling module xil_defaultlib.design_1_myip_0_0_mult_gen_0__13
Compiling module xil_defaultlib.design_1_myip_0_0_dsp_94
Compiling module xil_defaultlib.design_1_myip_0_0_mult_gen_v12_0...
Compiling module xil_defaultlib.design_1_myip_0_0_mult_gen_v12_0...
Compiling module xil_defaultlib.design_1_myip_0_0_mult_gen_0__14
Compiling module xil_defaultlib.design_1_myip_0_0_dsp_93
Compiling module xil_defaultlib.design_1_myip_0_0_mult_gen_v12_0...
Compiling module xil_defaultlib.design_1_myip_0_0_mult_gen_v12_0...
Compiling module xil_defaultlib.design_1_myip_0_0_mult_gen_0__15
Compiling module xil_defaultlib.design_1_myip_0_0_dsp_92
Compiling module xil_defaultlib.design_1_myip_0_0_mult_gen_v12_0...
Compiling module xil_defaultlib.design_1_myip_0_0_mult_gen_v12_0...
Compiling module xil_defaultlib.design_1_myip_0_0_mult_gen_0__16
Compiling module xil_defaultlib.design_1_myip_0_0_dsp_91
Compiling module xil_defaultlib.design_1_myip_0_0_mult_gen_v12_0...
Compiling module xil_defaultlib.design_1_myip_0_0_mult_gen_v12_0...
Compiling module xil_defaultlib.design_1_myip_0_0_mult_gen_0__17
Compiling module xil_defaultlib.design_1_myip_0_0_dsp_90
Compiling module xil_defaultlib.design_1_myip_0_0_mult_gen_v12_0...
Compiling module xil_defaultlib.design_1_myip_0_0_mult_gen_v12_0...
Compiling module xil_defaultlib.design_1_myip_0_0_mult_gen_0__18
Compiling module xil_defaultlib.design_1_myip_0_0_dsp_89
Compiling module xil_defaultlib.design_1_myip_0_0_mult_gen_v12_0...
Compiling module xil_defaultlib.design_1_myip_0_0_mult_gen_v12_0...
Compiling module xil_defaultlib.design_1_myip_0_0_mult_gen_0__19
Compiling module xil_defaultlib.design_1_myip_0_0_dsp_88
Compiling module xil_defaultlib.design_1_myip_0_0_mult_gen_v12_0...
Compiling module xil_defaultlib.design_1_myip_0_0_mult_gen_v12_0...
Compiling module xil_defaultlib.design_1_myip_0_0_mult_gen_0__20
Compiling module xil_defaultlib.design_1_myip_0_0_dsp_87
Compiling module xil_defaultlib.design_1_myip_0_0_mult_gen_v12_0...
Compiling module xil_defaultlib.design_1_myip_0_0_mult_gen_v12_0...
Compiling module xil_defaultlib.design_1_myip_0_0_mult_gen_0__21
Compiling module xil_defaultlib.design_1_myip_0_0_dsp_104
Compiling module xil_defaultlib.design_1_myip_0_0_mult_gen_v12_0...
Compiling module xil_defaultlib.design_1_myip_0_0_mult_gen_v12_0...
Compiling module xil_defaultlib.design_1_myip_0_0_mult_gen_0__4
Compiling module xil_defaultlib.design_1_myip_0_0_dsp_86
Compiling module xil_defaultlib.design_1_myip_0_0_mult_gen_v12_0...
Compiling module xil_defaultlib.design_1_myip_0_0_mult_gen_v12_0...
Compiling module xil_defaultlib.design_1_myip_0_0_mult_gen_0__22
Compiling module xil_defaultlib.design_1_myip_0_0_dsp_85
Compiling module xil_defaultlib.design_1_myip_0_0_mult_gen_v12_0...
Compiling module xil_defaultlib.design_1_myip_0_0_mult_gen_v12_0...
Compiling module xil_defaultlib.design_1_myip_0_0_mult_gen_0__23
Compiling module xil_defaultlib.design_1_myip_0_0_dsp_84
Compiling module xil_defaultlib.design_1_myip_0_0_mult_gen_v12_0...
Compiling module xil_defaultlib.design_1_myip_0_0_mult_gen_v12_0...
Compiling module xil_defaultlib.design_1_myip_0_0_mult_gen_0__24
Compiling module xil_defaultlib.design_1_myip_0_0_dsp_83
Compiling module xil_defaultlib.design_1_myip_0_0_mult_gen_v12_0...
Compiling module xil_defaultlib.design_1_myip_0_0_mult_gen_v12_0...
Compiling module xil_defaultlib.design_1_myip_0_0_mult_gen_0__25
Compiling module xil_defaultlib.design_1_myip_0_0_dsp_82
Compiling module xil_defaultlib.design_1_myip_0_0_mult_gen_v12_0...
Compiling module xil_defaultlib.design_1_myip_0_0_mult_gen_v12_0...
Compiling module xil_defaultlib.design_1_myip_0_0_mult_gen_0__26
Compiling module xil_defaultlib.design_1_myip_0_0_dsp_81
Compiling module xil_defaultlib.design_1_myip_0_0_mult_gen_v12_0...
Compiling module xil_defaultlib.design_1_myip_0_0_mult_gen_v12_0...
Compiling module xil_defaultlib.design_1_myip_0_0_mult_gen_0__27
Compiling module xil_defaultlib.design_1_myip_0_0_dsp_80
Compiling module xil_defaultlib.design_1_myip_0_0_mult_gen_v12_0...
Compiling module xil_defaultlib.design_1_myip_0_0_mult_gen_v12_0...
Compiling module xil_defaultlib.design_1_myip_0_0_mult_gen_0__28
Compiling module xil_defaultlib.design_1_myip_0_0_dsp_79
Compiling module xil_defaultlib.design_1_myip_0_0_mult_gen_v12_0...
Compiling module xil_defaultlib.design_1_myip_0_0_mult_gen_v12_0...
Compiling module xil_defaultlib.design_1_myip_0_0_mult_gen_0__29
Compiling module xil_defaultlib.design_1_myip_0_0_dsp_78
Compiling module xil_defaultlib.design_1_myip_0_0_mult_gen_v12_0...
Compiling module xil_defaultlib.design_1_myip_0_0_mult_gen_v12_0...
Compiling module xil_defaultlib.design_1_myip_0_0_mult_gen_0__30
Compiling module xil_defaultlib.design_1_myip_0_0_dsp_77
Compiling module xil_defaultlib.design_1_myip_0_0_mult_gen_v12_0...
Compiling module xil_defaultlib.design_1_myip_0_0_mult_gen_v12_0...
Compiling module xil_defaultlib.design_1_myip_0_0_mult_gen_0__31
Compiling module xil_defaultlib.design_1_myip_0_0_dsp_103
Compiling module xil_defaultlib.design_1_myip_0_0_mult_gen_v12_0...
Compiling module xil_defaultlib.design_1_myip_0_0_mult_gen_v12_0...
Compiling module xil_defaultlib.design_1_myip_0_0_mult_gen_0__5
Compiling module xil_defaultlib.design_1_myip_0_0_dsp_76
Compiling module xil_defaultlib.design_1_myip_0_0_mult_gen_v12_0...
Compiling module xil_defaultlib.design_1_myip_0_0_mult_gen_v12_0...
Compiling module xil_defaultlib.design_1_myip_0_0_mult_gen_0__32
Compiling module xil_defaultlib.design_1_myip_0_0_dsp_75
Compiling module xil_defaultlib.design_1_myip_0_0_mult_gen_v12_0...
Compiling module xil_defaultlib.design_1_myip_0_0_mult_gen_v12_0...
Compiling module xil_defaultlib.design_1_myip_0_0_mult_gen_0__33
Compiling module xil_defaultlib.design_1_myip_0_0_dsp_74
Compiling module xil_defaultlib.design_1_myip_0_0_mult_gen_v12_0...
Compiling module xil_defaultlib.design_1_myip_0_0_mult_gen_v12_0...
Compiling module xil_defaultlib.design_1_myip_0_0_mult_gen_0__34
Compiling module xil_defaultlib.design_1_myip_0_0_dsp_73
Compiling module xil_defaultlib.design_1_myip_0_0_mult_gen_v12_0...
Compiling module xil_defaultlib.design_1_myip_0_0_mult_gen_v12_0...
Compiling module xil_defaultlib.design_1_myip_0_0_mult_gen_0__35
Compiling module xil_defaultlib.design_1_myip_0_0_dsp_72
Compiling module xil_defaultlib.design_1_myip_0_0_mult_gen_v12_0...
Compiling module xil_defaultlib.design_1_myip_0_0_mult_gen_v12_0...
Compiling module xil_defaultlib.design_1_myip_0_0_mult_gen_0__36
Compiling module xil_defaultlib.design_1_myip_0_0_dsp_71
Compiling module xil_defaultlib.design_1_myip_0_0_mult_gen_v12_0...
Compiling module xil_defaultlib.design_1_myip_0_0_mult_gen_v12_0...
Compiling module xil_defaultlib.design_1_myip_0_0_mult_gen_0__37
Compiling module xil_defaultlib.design_1_myip_0_0_dsp_70
Compiling module xil_defaultlib.design_1_myip_0_0_mult_gen_v12_0...
Compiling module xil_defaultlib.design_1_myip_0_0_mult_gen_v12_0...
Compiling module xil_defaultlib.design_1_myip_0_0_mult_gen_0__38
Compiling module xil_defaultlib.design_1_myip_0_0_dsp_69
Compiling module xil_defaultlib.design_1_myip_0_0_mult_gen_v12_0...
Compiling module xil_defaultlib.design_1_myip_0_0_mult_gen_v12_0...
Compiling module xil_defaultlib.design_1_myip_0_0_mult_gen_0__39
Compiling module xil_defaultlib.design_1_myip_0_0_dsp_68
Compiling module xil_defaultlib.design_1_myip_0_0_mult_gen_v12_0...
Compiling module xil_defaultlib.design_1_myip_0_0_mult_gen_v12_0...
Compiling module xil_defaultlib.design_1_myip_0_0_mult_gen_0__40
Compiling module xil_defaultlib.design_1_myip_0_0_dsp_67
Compiling module xil_defaultlib.design_1_myip_0_0_mult_gen_v12_0...
Compiling module xil_defaultlib.design_1_myip_0_0_mult_gen_v12_0...
Compiling module xil_defaultlib.design_1_myip_0_0_mult_gen_0__41
Compiling module xil_defaultlib.design_1_myip_0_0_dsp_102
Compiling module xil_defaultlib.design_1_myip_0_0_mult_gen_v12_0...
Compiling module xil_defaultlib.design_1_myip_0_0_mult_gen_v12_0...
Compiling module xil_defaultlib.design_1_myip_0_0_mult_gen_0__6
Compiling module xil_defaultlib.design_1_myip_0_0_dsp_66
Compiling module xil_defaultlib.design_1_myip_0_0_mult_gen_v12_0...
Compiling module xil_defaultlib.design_1_myip_0_0_mult_gen_v12_0...
Compiling module xil_defaultlib.design_1_myip_0_0_mult_gen_0__42
Compiling module xil_defaultlib.design_1_myip_0_0_dsp_65
Compiling module xil_defaultlib.design_1_myip_0_0_mult_gen_v12_0...
Compiling module xil_defaultlib.design_1_myip_0_0_mult_gen_v12_0...
Compiling module xil_defaultlib.design_1_myip_0_0_mult_gen_0__43
Compiling module xil_defaultlib.design_1_myip_0_0_dsp_64
Compiling module xil_defaultlib.design_1_myip_0_0_mult_gen_v12_0...
Compiling module xil_defaultlib.design_1_myip_0_0_mult_gen_v12_0...
Compiling module xil_defaultlib.design_1_myip_0_0_mult_gen_0__44
Compiling module xil_defaultlib.design_1_myip_0_0_dsp_63
Compiling module xil_defaultlib.design_1_myip_0_0_mult_gen_v12_0...
Compiling module xil_defaultlib.design_1_myip_0_0_mult_gen_v12_0...
Compiling module xil_defaultlib.design_1_myip_0_0_mult_gen_0__45
Compiling module xil_defaultlib.design_1_myip_0_0_dsp_62
Compiling module xil_defaultlib.design_1_myip_0_0_mult_gen_v12_0...
Compiling module xil_defaultlib.design_1_myip_0_0_mult_gen_v12_0...
Compiling module xil_defaultlib.design_1_myip_0_0_mult_gen_0__46
Compiling module xil_defaultlib.design_1_myip_0_0_dsp_61
Compiling module xil_defaultlib.design_1_myip_0_0_mult_gen_v12_0...
Compiling module xil_defaultlib.design_1_myip_0_0_mult_gen_v12_0...
Compiling module xil_defaultlib.design_1_myip_0_0_mult_gen_0__47
Compiling module xil_defaultlib.design_1_myip_0_0_dsp_60
Compiling module xil_defaultlib.design_1_myip_0_0_mult_gen_v12_0...
Compiling module xil_defaultlib.design_1_myip_0_0_mult_gen_v12_0...
Compiling module xil_defaultlib.design_1_myip_0_0_mult_gen_0__48
Compiling module xil_defaultlib.design_1_myip_0_0_dsp_59
Compiling module xil_defaultlib.design_1_myip_0_0_mult_gen_v12_0...
Compiling module xil_defaultlib.design_1_myip_0_0_mult_gen_v12_0...
Compiling module xil_defaultlib.design_1_myip_0_0_mult_gen_0__49
Compiling module xil_defaultlib.design_1_myip_0_0_dsp_58
Compiling module xil_defaultlib.design_1_myip_0_0_mult_gen_v12_0...
Compiling module xil_defaultlib.design_1_myip_0_0_mult_gen_v12_0...
Compiling module xil_defaultlib.design_1_myip_0_0_mult_gen_0__50
Compiling module xil_defaultlib.design_1_myip_0_0_dsp
Compiling module xil_defaultlib.design_1_myip_0_0_mult_gen_v12_0...
Compiling module xil_defaultlib.design_1_myip_0_0_mult_gen_v12_0...
Compiling module xil_defaultlib.design_1_myip_0_0_mult_gen_0__51
Compiling module xil_defaultlib.design_1_myip_0_0_dsp_101
Compiling module xil_defaultlib.design_1_myip_0_0_mult_gen_v12_0...
Compiling module xil_defaultlib.design_1_myip_0_0_mult_gen_v12_0...
Compiling module xil_defaultlib.design_1_myip_0_0_mult_gen_0__7
Compiling module xil_defaultlib.design_1_myip_0_0_dsp_100
Compiling module xil_defaultlib.design_1_myip_0_0_mult_gen_v12_0...
Compiling module xil_defaultlib.design_1_myip_0_0_mult_gen_v12_0...
Compiling module xil_defaultlib.design_1_myip_0_0_mult_gen_0__8
Compiling module xil_defaultlib.design_1_myip_0_0_dsp_99
Compiling module xil_defaultlib.design_1_myip_0_0_mult_gen_v12_0...
Compiling module xil_defaultlib.design_1_myip_0_0_mult_gen_v12_0...
Compiling module xil_defaultlib.design_1_myip_0_0_mult_gen_0__9
Compiling module xil_defaultlib.design_1_myip_0_0_dsp_98
Compiling module xil_defaultlib.design_1_myip_0_0_mult_gen_v12_0...
Compiling module xil_defaultlib.design_1_myip_0_0_mult_gen_v12_0...
Compiling module xil_defaultlib.design_1_myip_0_0_mult_gen_0__10
Compiling module xil_defaultlib.design_1_myip_0_0_dsp_97
Compiling module xil_defaultlib.design_1_myip_0_0_mult_gen_v12_0...
Compiling module xil_defaultlib.design_1_myip_0_0_mult_gen_v12_0...
Compiling module xil_defaultlib.design_1_myip_0_0_mult_gen_0__11
Compiling module xil_defaultlib.design_1_myip_0_0_ConvolutionEng...
Compiling module simprims_ver.x_lut3_mux4
Compiling module simprims_ver.x_lut3_mux4_reduced_0
Compiling module simprims_ver.LUT3
Compiling module simprims_ver.FDRE(INIT=1'b1)
Compiling module xil_defaultlib.design_1_myip_0_0_Reg
Compiling module xil_defaultlib.design_1_myip_0_0_Reg_0
Compiling module xil_defaultlib.design_1_myip_0_0_Reg_1
Compiling module xil_defaultlib.design_1_myip_0_0_Reg_2
Compiling module xil_defaultlib.design_1_myip_0_0_Reg_3
Compiling module xil_defaultlib.design_1_myip_0_0_Reg_4
Compiling module xil_defaultlib.design_1_myip_0_0_Reg_5
Compiling module xil_defaultlib.design_1_myip_0_0_Reg_6
Compiling module xil_defaultlib.design_1_myip_0_0_Reg_7
Compiling module xil_defaultlib.design_1_myip_0_0_Reg_8
Compiling module xil_defaultlib.design_1_myip_0_0_Reg_9
Compiling module xil_defaultlib.design_1_myip_0_0_Reg_10
Compiling module xil_defaultlib.design_1_myip_0_0_Reg_11
Compiling module xil_defaultlib.design_1_myip_0_0_Reg_12
Compiling module xil_defaultlib.design_1_myip_0_0_Reg_13
Compiling module xil_defaultlib.design_1_myip_0_0_Reg_14
Compiling module xil_defaultlib.design_1_myip_0_0_Reg_15
Compiling module xil_defaultlib.design_1_myip_0_0_Reg_16
Compiling module xil_defaultlib.design_1_myip_0_0_Reg_17
Compiling module xil_defaultlib.design_1_myip_0_0_Reg_18
Compiling module xil_defaultlib.design_1_myip_0_0_Reg_19
Compiling module xil_defaultlib.design_1_myip_0_0_Reg_20
Compiling module xil_defaultlib.design_1_myip_0_0_Reg_21
Compiling module xil_defaultlib.design_1_myip_0_0_Reg_22
Compiling module xil_defaultlib.design_1_myip_0_0_Reg_23
Compiling module xil_defaultlib.design_1_myip_0_0_Reg_24
Compiling module xil_defaultlib.design_1_myip_0_0_Reg_25
Compiling module xil_defaultlib.design_1_myip_0_0_Reg_26
Compiling module xil_defaultlib.design_1_myip_0_0_Reg_27
Compiling module xil_defaultlib.design_1_myip_0_0_Reg_28
Compiling module xil_defaultlib.design_1_myip_0_0_Reg_29
Compiling module xil_defaultlib.design_1_myip_0_0_Reg_30
Compiling module xil_defaultlib.design_1_myip_0_0_Reg_31
Compiling module xil_defaultlib.design_1_myip_0_0_Reg_32
Compiling module xil_defaultlib.design_1_myip_0_0_Reg_33
Compiling module xil_defaultlib.design_1_myip_0_0_Reg_34
Compiling module xil_defaultlib.design_1_myip_0_0_Reg_35
Compiling module xil_defaultlib.design_1_myip_0_0_Reg_36
Compiling module xil_defaultlib.design_1_myip_0_0_Reg_37
Compiling module xil_defaultlib.design_1_myip_0_0_Reg_38
Compiling module xil_defaultlib.design_1_myip_0_0_Reg_39
Compiling module xil_defaultlib.design_1_myip_0_0_Reg_40
Compiling module xil_defaultlib.design_1_myip_0_0_Reg_41
Compiling module xil_defaultlib.design_1_myip_0_0_Reg_42
Compiling module xil_defaultlib.design_1_myip_0_0_Reg_43
Compiling module xil_defaultlib.design_1_myip_0_0_Reg_44
Compiling module xil_defaultlib.design_1_myip_0_0_Reg_45
Compiling module xil_defaultlib.design_1_myip_0_0_Reg_46
Compiling module xil_defaultlib.design_1_myip_0_0_Reg_47
Compiling module simprims_ver.sffsrce_fdse
Compiling module simprims_ver.FDSE
Compiling module xil_defaultlib.design_1_myip_0_0_TFlipFlop
Compiling module simprims_ver.LUT5
Compiling module xil_defaultlib.design_1_myip_0_0_delay_line__pa...
Compiling module simprims_ver.DSP48E1(ACASCREG=0,ALUMODEREG=0,...
Compiling module xil_defaultlib.design_1_myip_0_0_dsp__parameter...
Compiling module xil_defaultlib.design_1_myip_0_0_mult_gen_v12_0...
Compiling module xil_defaultlib.design_1_myip_0_0_mult_gen_v12_0...
Compiling module xil_defaultlib.design_1_myip_0_0_mult_gen_1
Compiling module xil_defaultlib.design_1_myip_0_0_Divide__xdcDup...
Compiling module xil_defaultlib.design_1_myip_0_0_delay_line__pa...
Compiling module xil_defaultlib.design_1_myip_0_0_dsp__parameter...
Compiling module xil_defaultlib.design_1_myip_0_0_mult_gen_v12_0...
Compiling module xil_defaultlib.design_1_myip_0_0_mult_gen_v12_0...
Compiling module xil_defaultlib.design_1_myip_0_0_mult_gen_1__4
Compiling module xil_defaultlib.design_1_myip_0_0_Divide__xdcDup...
Compiling module xil_defaultlib.design_1_myip_0_0_delay_line__pa...
Compiling module xil_defaultlib.design_1_myip_0_0_dsp__parameter...
Compiling module xil_defaultlib.design_1_myip_0_0_mult_gen_v12_0...
Compiling module xil_defaultlib.design_1_myip_0_0_mult_gen_v12_0...
Compiling module xil_defaultlib.design_1_myip_0_0_mult_gen_1__3
Compiling module xil_defaultlib.design_1_myip_0_0_Divide
Compiling module simprims_ver.RAMD32
Compiling module simprims_ver.RAMS32
Compiling module xil_defaultlib.RAM32M_UNIQ_BASE_
Compiling module simprims_ver.LUT6
Compiling module xil_defaultlib.RAM32M_HD28
Compiling module xil_defaultlib.RAM32M_HD29
Compiling module xil_defaultlib.RAM32M_HD30
Compiling module simprims_ver.LUT4
Compiling module xil_defaultlib.design_1_myip_0_0_FifoTesting
Compiling module xil_defaultlib.RAM32M_HD31
Compiling module xil_defaultlib.RAM32M_HD32
Compiling module xil_defaultlib.RAM32M_HD33
Compiling module xil_defaultlib.RAM32M_HD34
Compiling module xil_defaultlib.design_1_myip_0_0_FifoTesting_48
Compiling module xil_defaultlib.RAM32M_HD35
Compiling module xil_defaultlib.RAM32M_HD36
Compiling module xil_defaultlib.RAM32M_HD37
Compiling module xil_defaultlib.RAM32M_HD38
Compiling module xil_defaultlib.design_1_myip_0_0_FifoTesting_49
Compiling module xil_defaultlib.RAM32M_HD39
Compiling module xil_defaultlib.RAM32M_HD40
Compiling module xil_defaultlib.RAM32M_HD41
Compiling module xil_defaultlib.RAM32M_HD42
Compiling module xil_defaultlib.design_1_myip_0_0_FifoTesting_50
Compiling module xil_defaultlib.RAM32M_HD43
Compiling module xil_defaultlib.RAM32M_HD44
Compiling module xil_defaultlib.RAM32M_HD45
Compiling module xil_defaultlib.RAM32M_HD46
Compiling module xil_defaultlib.design_1_myip_0_0_FifoTesting_51
Compiling module xil_defaultlib.RAM32M_HD47
Compiling module xil_defaultlib.RAM32M_HD48
Compiling module xil_defaultlib.RAM32M_HD49
Compiling module xil_defaultlib.RAM32M_HD50
Compiling module xil_defaultlib.design_1_myip_0_0_FifoTesting_52
Compiling module xil_defaultlib.RAM32M_HD51
Compiling module xil_defaultlib.RAM32M_HD52
Compiling module xil_defaultlib.RAM32M_HD53
Compiling module xil_defaultlib.RAM32M_HD54
Compiling module xil_defaultlib.design_1_myip_0_0_FifoTesting_53
Compiling module xil_defaultlib.design_1_myip_0_0_TopLevel_Convo...
Compiling module simprims_ver.RAMD64E(RAM_ADDRESS_MASK=2'b11,R...
Compiling module xil_defaultlib.RAM64M_UNIQ_BASE_
Compiling module xil_defaultlib.design_1_myip_0_0_FifoBuffer2
Compiling module xil_defaultlib.design_1_myip_0_0_myip_v1_0
Compiling module xil_defaultlib.design_1_myip_0_0
Compiling module xil_defaultlib.design_1
Compiling module simprims_ver.BUFG
Compiling module xil_defaultlib.design_1_wrapper
Compiling module xil_defaultlib.design_1_tb
Compiling module xil_defaultlib.glbl
Built simulation snapshot design_1_tb_time_impl
