INFO: [VRFC 10-2263] Analyzing Verilog file "C:/Users/saina/Desktop/SeniorDesign/Ip_Try1/Ip_Try1.sim/sim_1/impl/timing/design_1_tb_time_impl.v" into library xil_defaultlib
INFO: [VRFC 10-311] analyzing module RAM32M_UNIQ_BASE_
INFO: [VRFC 10-311] analyzing module RAM32M_HD28
INFO: [VRFC 10-311] analyzing module RAM32M_HD29
INFO: [VRFC 10-311] analyzing module RAM32M_HD30
INFO: [VRFC 10-311] analyzing module RAM32M_HD31
INFO: [VRFC 10-311] analyzing module RAM32M_HD32
INFO: [VRFC 10-311] analyzing module RAM32M_HD33
INFO: [VRFC 10-311] analyzing module RAM32M_HD34
INFO: [VRFC 10-311] analyzing module RAM32M_HD35
INFO: [VRFC 10-311] analyzing module RAM32M_HD36
INFO: [VRFC 10-311] analyzing module RAM32M_HD37
INFO: [VRFC 10-311] analyzing module RAM32M_HD38
INFO: [VRFC 10-311] analyzing module RAM32M_HD39
INFO: [VRFC 10-311] analyzing module RAM32M_HD40
INFO: [VRFC 10-311] analyzing module RAM32M_HD41
INFO: [VRFC 10-311] analyzing module RAM32M_HD42
INFO: [VRFC 10-311] analyzing module RAM32M_HD43
INFO: [VRFC 10-311] analyzing module RAM32M_HD44
INFO: [VRFC 10-311] analyzing module RAM32M_HD45
INFO: [VRFC 10-311] analyzing module RAM32M_HD46
INFO: [VRFC 10-311] analyzing module RAM32M_HD47
INFO: [VRFC 10-311] analyzing module RAM32M_HD48
INFO: [VRFC 10-311] analyzing module RAM32M_HD49
INFO: [VRFC 10-311] analyzing module RAM32M_HD50
INFO: [VRFC 10-311] analyzing module RAM32M_HD51
INFO: [VRFC 10-311] analyzing module RAM32M_HD52
INFO: [VRFC 10-311] analyzing module RAM32M_HD53
INFO: [VRFC 10-311] analyzing module RAM32M_HD54
INFO: [VRFC 10-311] analyzing module RAM64M_UNIQ_BASE_
INFO: [VRFC 10-311] analyzing module design_1
INFO: [VRFC 10-311] analyzing module design_1_myip_0_0
INFO: [VRFC 10-311] analyzing module design_1_myip_0_0_ConvolutionEngine
INFO: [VRFC 10-311] analyzing module design_1_myip_0_0_ConvolutionEngine__xdcDup__1
INFO: [VRFC 10-311] analyzing module design_1_myip_0_0_ConvolutionEngine__xdcDup__2
INFO: [VRFC 10-311] analyzing module design_1_myip_0_0_Divide
INFO: [VRFC 10-311] analyzing module design_1_myip_0_0_Divide__xdcDup__1
INFO: [VRFC 10-311] analyzing module design_1_myip_0_0_Divide__xdcDup__2
INFO: [VRFC 10-311] analyzing module design_1_myip_0_0_FifoBuffer2
INFO: [VRFC 10-311] analyzing module design_1_myip_0_0_FifoTesting
INFO: [VRFC 10-311] analyzing module design_1_myip_0_0_FifoTesting_48
INFO: [VRFC 10-311] analyzing module design_1_myip_0_0_FifoTesting_49
INFO: [VRFC 10-311] analyzing module design_1_myip_0_0_FifoTesting_50
INFO: [VRFC 10-311] analyzing module design_1_myip_0_0_FifoTesting_51
INFO: [VRFC 10-311] analyzing module design_1_myip_0_0_FifoTesting_52
INFO: [VRFC 10-311] analyzing module design_1_myip_0_0_FifoTesting_53
INFO: [VRFC 10-311] analyzing module design_1_myip_0_0_Reg
INFO: [VRFC 10-311] analyzing module design_1_myip_0_0_Reg_0
INFO: [VRFC 10-311] analyzing module design_1_myip_0_0_Reg_1
INFO: [VRFC 10-311] analyzing module design_1_myip_0_0_Reg_10
INFO: [VRFC 10-311] analyzing module design_1_myip_0_0_Reg_11
INFO: [VRFC 10-311] analyzing module design_1_myip_0_0_Reg_12
INFO: [VRFC 10-311] analyzing module design_1_myip_0_0_Reg_13
INFO: [VRFC 10-311] analyzing module design_1_myip_0_0_Reg_14
INFO: [VRFC 10-311] analyzing module design_1_myip_0_0_Reg_15
INFO: [VRFC 10-311] analyzing module design_1_myip_0_0_Reg_16
INFO: [VRFC 10-311] analyzing module design_1_myip_0_0_Reg_17
INFO: [VRFC 10-311] analyzing module design_1_myip_0_0_Reg_18
INFO: [VRFC 10-311] analyzing module design_1_myip_0_0_Reg_19
INFO: [VRFC 10-311] analyzing module design_1_myip_0_0_Reg_2
INFO: [VRFC 10-311] analyzing module design_1_myip_0_0_Reg_20
INFO: [VRFC 10-311] analyzing module design_1_myip_0_0_Reg_21
INFO: [VRFC 10-311] analyzing module design_1_myip_0_0_Reg_22
INFO: [VRFC 10-311] analyzing module design_1_myip_0_0_Reg_23
INFO: [VRFC 10-311] analyzing module design_1_myip_0_0_Reg_24
INFO: [VRFC 10-311] analyzing module design_1_myip_0_0_Reg_25
INFO: [VRFC 10-311] analyzing module design_1_myip_0_0_Reg_26
INFO: [VRFC 10-311] analyzing module design_1_myip_0_0_Reg_27
INFO: [VRFC 10-311] analyzing module design_1_myip_0_0_Reg_28
INFO: [VRFC 10-311] analyzing module design_1_myip_0_0_Reg_29
INFO: [VRFC 10-311] analyzing module design_1_myip_0_0_Reg_3
INFO: [VRFC 10-311] analyzing module design_1_myip_0_0_Reg_30
INFO: [VRFC 10-311] analyzing module design_1_myip_0_0_Reg_31
INFO: [VRFC 10-311] analyzing module design_1_myip_0_0_Reg_32
INFO: [VRFC 10-311] analyzing module design_1_myip_0_0_Reg_33
INFO: [VRFC 10-311] analyzing module design_1_myip_0_0_Reg_34
INFO: [VRFC 10-311] analyzing module design_1_myip_0_0_Reg_35
INFO: [VRFC 10-311] analyzing module design_1_myip_0_0_Reg_36
INFO: [VRFC 10-311] analyzing module design_1_myip_0_0_Reg_37
INFO: [VRFC 10-311] analyzing module design_1_myip_0_0_Reg_38
INFO: [VRFC 10-311] analyzing module design_1_myip_0_0_Reg_39
INFO: [VRFC 10-311] analyzing module design_1_myip_0_0_Reg_4
INFO: [VRFC 10-311] analyzing module design_1_myip_0_0_Reg_40
INFO: [VRFC 10-311] analyzing module design_1_myip_0_0_Reg_41
INFO: [VRFC 10-311] analyzing module design_1_myip_0_0_Reg_42
INFO: [VRFC 10-311] analyzing module design_1_myip_0_0_Reg_43
INFO: [VRFC 10-311] analyzing module design_1_myip_0_0_Reg_44
INFO: [VRFC 10-311] analyzing module design_1_myip_0_0_Reg_45
INFO: [VRFC 10-311] analyzing module design_1_myip_0_0_Reg_46
INFO: [VRFC 10-311] analyzing module design_1_myip_0_0_Reg_47
INFO: [VRFC 10-311] analyzing module design_1_myip_0_0_Reg_5
INFO: [VRFC 10-311] analyzing module design_1_myip_0_0_Reg_6
INFO: [VRFC 10-311] analyzing module design_1_myip_0_0_Reg_7
INFO: [VRFC 10-311] analyzing module design_1_myip_0_0_Reg_8
INFO: [VRFC 10-311] analyzing module design_1_myip_0_0_Reg_9
INFO: [VRFC 10-311] analyzing module design_1_myip_0_0_TFlipFlop
INFO: [VRFC 10-311] analyzing module design_1_myip_0_0_TopLevel_Convolution
INFO: [VRFC 10-311] analyzing module design_1_myip_0_0_mult_gen_0
INFO: [VRFC 10-311] analyzing module design_1_myip_0_0_mult_gen_0__10
INFO: [VRFC 10-311] analyzing module design_1_myip_0_0_mult_gen_0__100
INFO: [VRFC 10-311] analyzing module design_1_myip_0_0_mult_gen_0__101
INFO: [VRFC 10-311] analyzing module design_1_myip_0_0_mult_gen_0__102
INFO: [VRFC 10-311] analyzing module design_1_myip_0_0_mult_gen_0__103
INFO: [VRFC 10-311] analyzing module design_1_myip_0_0_mult_gen_0__104
INFO: [VRFC 10-311] analyzing module design_1_myip_0_0_mult_gen_0__105
INFO: [VRFC 10-311] analyzing module design_1_myip_0_0_mult_gen_0__106
INFO: [VRFC 10-311] analyzing module design_1_myip_0_0_mult_gen_0__107
INFO: [VRFC 10-311] analyzing module design_1_myip_0_0_mult_gen_0__108
INFO: [VRFC 10-311] analyzing module design_1_myip_0_0_mult_gen_0__109
INFO: [VRFC 10-311] analyzing module design_1_myip_0_0_mult_gen_0__11
INFO: [VRFC 10-311] analyzing module design_1_myip_0_0_mult_gen_0__110
INFO: [VRFC 10-311] analyzing module design_1_myip_0_0_mult_gen_0__111
INFO: [VRFC 10-311] analyzing module design_1_myip_0_0_mult_gen_0__112
INFO: [VRFC 10-311] analyzing module design_1_myip_0_0_mult_gen_0__113
INFO: [VRFC 10-311] analyzing module design_1_myip_0_0_mult_gen_0__114
INFO: [VRFC 10-311] analyzing module design_1_myip_0_0_mult_gen_0__115
INFO: [VRFC 10-311] analyzing module design_1_myip_0_0_mult_gen_0__116
INFO: [VRFC 10-311] analyzing module design_1_myip_0_0_mult_gen_0__117
INFO: [VRFC 10-311] analyzing module design_1_myip_0_0_mult_gen_0__118
INFO: [VRFC 10-311] analyzing module design_1_myip_0_0_mult_gen_0__119
INFO: [VRFC 10-311] analyzing module design_1_myip_0_0_mult_gen_0__12
INFO: [VRFC 10-311] analyzing module design_1_myip_0_0_mult_gen_0__120
INFO: [VRFC 10-311] analyzing module design_1_myip_0_0_mult_gen_0__121
INFO: [VRFC 10-311] analyzing module design_1_myip_0_0_mult_gen_0__122
INFO: [VRFC 10-311] analyzing module design_1_myip_0_0_mult_gen_0__123
INFO: [VRFC 10-311] analyzing module design_1_myip_0_0_mult_gen_0__124
INFO: [VRFC 10-311] analyzing module design_1_myip_0_0_mult_gen_0__125
INFO: [VRFC 10-311] analyzing module design_1_myip_0_0_mult_gen_0__126
INFO: [VRFC 10-311] analyzing module design_1_myip_0_0_mult_gen_0__127
INFO: [VRFC 10-311] analyzing module design_1_myip_0_0_mult_gen_0__128
INFO: [VRFC 10-311] analyzing module design_1_myip_0_0_mult_gen_0__129
INFO: [VRFC 10-311] analyzing module design_1_myip_0_0_mult_gen_0__13
INFO: [VRFC 10-311] analyzing module design_1_myip_0_0_mult_gen_0__130
INFO: [VRFC 10-311] analyzing module design_1_myip_0_0_mult_gen_0__131
INFO: [VRFC 10-311] analyzing module design_1_myip_0_0_mult_gen_0__132
INFO: [VRFC 10-311] analyzing module design_1_myip_0_0_mult_gen_0__133
INFO: [VRFC 10-311] analyzing module design_1_myip_0_0_mult_gen_0__134
INFO: [VRFC 10-311] analyzing module design_1_myip_0_0_mult_gen_0__135
INFO: [VRFC 10-311] analyzing module design_1_myip_0_0_mult_gen_0__136
INFO: [VRFC 10-311] analyzing module design_1_myip_0_0_mult_gen_0__137
INFO: [VRFC 10-311] analyzing module design_1_myip_0_0_mult_gen_0__138
INFO: [VRFC 10-311] analyzing module design_1_myip_0_0_mult_gen_0__139
INFO: [VRFC 10-311] analyzing module design_1_myip_0_0_mult_gen_0__14
INFO: [VRFC 10-311] analyzing module design_1_myip_0_0_mult_gen_0__140
INFO: [VRFC 10-311] analyzing module design_1_myip_0_0_mult_gen_0__141
INFO: [VRFC 10-311] analyzing module design_1_myip_0_0_mult_gen_0__142
INFO: [VRFC 10-311] analyzing module design_1_myip_0_0_mult_gen_0__143
INFO: [VRFC 10-311] analyzing module design_1_myip_0_0_mult_gen_0__144
INFO: [VRFC 10-311] analyzing module design_1_myip_0_0_mult_gen_0__145
INFO: [VRFC 10-311] analyzing module design_1_myip_0_0_mult_gen_0__146
INFO: [VRFC 10-311] analyzing module design_1_myip_0_0_mult_gen_0__147
INFO: [VRFC 10-311] analyzing module design_1_myip_0_0_mult_gen_0__148
INFO: [VRFC 10-311] analyzing module design_1_myip_0_0_mult_gen_0__15
INFO: [VRFC 10-311] analyzing module design_1_myip_0_0_mult_gen_0__16
INFO: [VRFC 10-311] analyzing module design_1_myip_0_0_mult_gen_0__17
INFO: [VRFC 10-311] analyzing module design_1_myip_0_0_mult_gen_0__18
INFO: [VRFC 10-311] analyzing module design_1_myip_0_0_mult_gen_0__19
INFO: [VRFC 10-311] analyzing module design_1_myip_0_0_mult_gen_0__20
INFO: [VRFC 10-311] analyzing module design_1_myip_0_0_mult_gen_0__21
INFO: [VRFC 10-311] analyzing module design_1_myip_0_0_mult_gen_0__22
INFO: [VRFC 10-311] analyzing module design_1_myip_0_0_mult_gen_0__23
INFO: [VRFC 10-311] analyzing module design_1_myip_0_0_mult_gen_0__24
INFO: [VRFC 10-311] analyzing module design_1_myip_0_0_mult_gen_0__25
INFO: [VRFC 10-311] analyzing module design_1_myip_0_0_mult_gen_0__26
INFO: [VRFC 10-311] analyzing module design_1_myip_0_0_mult_gen_0__27
INFO: [VRFC 10-311] analyzing module design_1_myip_0_0_mult_gen_0__28
INFO: [VRFC 10-311] analyzing module design_1_myip_0_0_mult_gen_0__29
INFO: [VRFC 10-311] analyzing module design_1_myip_0_0_mult_gen_0__3
INFO: [VRFC 10-311] analyzing module design_1_myip_0_0_mult_gen_0__30
INFO: [VRFC 10-311] analyzing module design_1_myip_0_0_mult_gen_0__31
INFO: [VRFC 10-311] analyzing module design_1_myip_0_0_mult_gen_0__32
INFO: [VRFC 10-311] analyzing module design_1_myip_0_0_mult_gen_0__33
INFO: [VRFC 10-311] analyzing module design_1_myip_0_0_mult_gen_0__34
INFO: [VRFC 10-311] analyzing module design_1_myip_0_0_mult_gen_0__35
INFO: [VRFC 10-311] analyzing module design_1_myip_0_0_mult_gen_0__36
INFO: [VRFC 10-311] analyzing module design_1_myip_0_0_mult_gen_0__37
INFO: [VRFC 10-311] analyzing module design_1_myip_0_0_mult_gen_0__38
INFO: [VRFC 10-311] analyzing module design_1_myip_0_0_mult_gen_0__39
INFO: [VRFC 10-311] analyzing module design_1_myip_0_0_mult_gen_0__4
INFO: [VRFC 10-311] analyzing module design_1_myip_0_0_mult_gen_0__40
INFO: [VRFC 10-311] analyzing module design_1_myip_0_0_mult_gen_0__41
INFO: [VRFC 10-311] analyzing module design_1_myip_0_0_mult_gen_0__42
INFO: [VRFC 10-311] analyzing module design_1_myip_0_0_mult_gen_0__43
INFO: [VRFC 10-311] analyzing module design_1_myip_0_0_mult_gen_0__44
INFO: [VRFC 10-311] analyzing module design_1_myip_0_0_mult_gen_0__45
INFO: [VRFC 10-311] analyzing module design_1_myip_0_0_mult_gen_0__46
INFO: [VRFC 10-311] analyzing module design_1_myip_0_0_mult_gen_0__47
INFO: [VRFC 10-311] analyzing module design_1_myip_0_0_mult_gen_0__48
INFO: [VRFC 10-311] analyzing module design_1_myip_0_0_mult_gen_0__49
INFO: [VRFC 10-311] analyzing module design_1_myip_0_0_mult_gen_0__5
INFO: [VRFC 10-311] analyzing module design_1_myip_0_0_mult_gen_0__50
INFO: [VRFC 10-311] analyzing module design_1_myip_0_0_mult_gen_0__51
INFO: [VRFC 10-311] analyzing module design_1_myip_0_0_mult_gen_0__52
INFO: [VRFC 10-311] analyzing module design_1_myip_0_0_mult_gen_0__53
INFO: [VRFC 10-311] analyzing module design_1_myip_0_0_mult_gen_0__54
INFO: [VRFC 10-311] analyzing module design_1_myip_0_0_mult_gen_0__55
INFO: [VRFC 10-311] analyzing module design_1_myip_0_0_mult_gen_0__56
INFO: [VRFC 10-311] analyzing module design_1_myip_0_0_mult_gen_0__57
INFO: [VRFC 10-311] analyzing module design_1_myip_0_0_mult_gen_0__58
INFO: [VRFC 10-311] analyzing module design_1_myip_0_0_mult_gen_0__59
INFO: [VRFC 10-311] analyzing module design_1_myip_0_0_mult_gen_0__6
INFO: [VRFC 10-311] analyzing module design_1_myip_0_0_mult_gen_0__60
INFO: [VRFC 10-311] analyzing module design_1_myip_0_0_mult_gen_0__61
INFO: [VRFC 10-311] analyzing module design_1_myip_0_0_mult_gen_0__62
INFO: [VRFC 10-311] analyzing module design_1_myip_0_0_mult_gen_0__63
INFO: [VRFC 10-311] analyzing module design_1_myip_0_0_mult_gen_0__64
INFO: [VRFC 10-311] analyzing module design_1_myip_0_0_mult_gen_0__65
INFO: [VRFC 10-311] analyzing module design_1_myip_0_0_mult_gen_0__66
INFO: [VRFC 10-311] analyzing module design_1_myip_0_0_mult_gen_0__67
INFO: [VRFC 10-311] analyzing module design_1_myip_0_0_mult_gen_0__68
INFO: [VRFC 10-311] analyzing module design_1_myip_0_0_mult_gen_0__69
INFO: [VRFC 10-311] analyzing module design_1_myip_0_0_mult_gen_0__7
INFO: [VRFC 10-311] analyzing module design_1_myip_0_0_mult_gen_0__70
INFO: [VRFC 10-311] analyzing module design_1_myip_0_0_mult_gen_0__71
INFO: [VRFC 10-311] analyzing module design_1_myip_0_0_mult_gen_0__72
INFO: [VRFC 10-311] analyzing module design_1_myip_0_0_mult_gen_0__73
INFO: [VRFC 10-311] analyzing module design_1_myip_0_0_mult_gen_0__74
INFO: [VRFC 10-311] analyzing module design_1_myip_0_0_mult_gen_0__75
INFO: [VRFC 10-311] analyzing module design_1_myip_0_0_mult_gen_0__76
INFO: [VRFC 10-311] analyzing module design_1_myip_0_0_mult_gen_0__77
INFO: [VRFC 10-311] analyzing module design_1_myip_0_0_mult_gen_0__78
INFO: [VRFC 10-311] analyzing module design_1_myip_0_0_mult_gen_0__79
INFO: [VRFC 10-311] analyzing module design_1_myip_0_0_mult_gen_0__8
INFO: [VRFC 10-311] analyzing module design_1_myip_0_0_mult_gen_0__80
INFO: [VRFC 10-311] analyzing module design_1_myip_0_0_mult_gen_0__81
INFO: [VRFC 10-311] analyzing module design_1_myip_0_0_mult_gen_0__82
INFO: [VRFC 10-311] analyzing module design_1_myip_0_0_mult_gen_0__83
INFO: [VRFC 10-311] analyzing module design_1_myip_0_0_mult_gen_0__84
INFO: [VRFC 10-311] analyzing module design_1_myip_0_0_mult_gen_0__85
INFO: [VRFC 10-311] analyzing module design_1_myip_0_0_mult_gen_0__86
INFO: [VRFC 10-311] analyzing module design_1_myip_0_0_mult_gen_0__87
INFO: [VRFC 10-311] analyzing module design_1_myip_0_0_mult_gen_0__88
INFO: [VRFC 10-311] analyzing module design_1_myip_0_0_mult_gen_0__89
INFO: [VRFC 10-311] analyzing module design_1_myip_0_0_mult_gen_0__9
INFO: [VRFC 10-311] analyzing module design_1_myip_0_0_mult_gen_0__90
INFO: [VRFC 10-311] analyzing module design_1_myip_0_0_mult_gen_0__91
INFO: [VRFC 10-311] analyzing module design_1_myip_0_0_mult_gen_0__92
INFO: [VRFC 10-311] analyzing module design_1_myip_0_0_mult_gen_0__93
INFO: [VRFC 10-311] analyzing module design_1_myip_0_0_mult_gen_0__94
INFO: [VRFC 10-311] analyzing module design_1_myip_0_0_mult_gen_0__95
INFO: [VRFC 10-311] analyzing module design_1_myip_0_0_mult_gen_0__96
INFO: [VRFC 10-311] analyzing module design_1_myip_0_0_mult_gen_0__97
INFO: [VRFC 10-311] analyzing module design_1_myip_0_0_mult_gen_0__98
INFO: [VRFC 10-311] analyzing module design_1_myip_0_0_mult_gen_0__99
INFO: [VRFC 10-311] analyzing module design_1_myip_0_0_mult_gen_1
INFO: [VRFC 10-311] analyzing module design_1_myip_0_0_mult_gen_1__3
INFO: [VRFC 10-311] analyzing module design_1_myip_0_0_mult_gen_1__4
INFO: [VRFC 10-311] analyzing module design_1_myip_0_0_myip_v1_0
INFO: [VRFC 10-311] analyzing module design_1_wrapper
INFO: [VRFC 10-311] analyzing module design_1_myip_0_0_mult_gen_v12_0_12
INFO: [VRFC 10-311] analyzing module design_1_myip_0_0_mult_gen_v12_0_12__10
INFO: [VRFC 10-311] analyzing module design_1_myip_0_0_mult_gen_v12_0_12__100
INFO: [VRFC 10-311] analyzing module design_1_myip_0_0_mult_gen_v12_0_12__101
INFO: [VRFC 10-311] analyzing module design_1_myip_0_0_mult_gen_v12_0_12__102
INFO: [VRFC 10-311] analyzing module design_1_myip_0_0_mult_gen_v12_0_12__103
INFO: [VRFC 10-311] analyzing module design_1_myip_0_0_mult_gen_v12_0_12__104
INFO: [VRFC 10-311] analyzing module design_1_myip_0_0_mult_gen_v12_0_12__105
INFO: [VRFC 10-311] analyzing module design_1_myip_0_0_mult_gen_v12_0_12__106
INFO: [VRFC 10-311] analyzing module design_1_myip_0_0_mult_gen_v12_0_12__107
INFO: [VRFC 10-311] analyzing module design_1_myip_0_0_mult_gen_v12_0_12__108
INFO: [VRFC 10-311] analyzing module design_1_myip_0_0_mult_gen_v12_0_12__109
INFO: [VRFC 10-311] analyzing module design_1_myip_0_0_mult_gen_v12_0_12__11
INFO: [VRFC 10-311] analyzing module design_1_myip_0_0_mult_gen_v12_0_12__110
INFO: [VRFC 10-311] analyzing module design_1_myip_0_0_mult_gen_v12_0_12__111
INFO: [VRFC 10-311] analyzing module design_1_myip_0_0_mult_gen_v12_0_12__112
INFO: [VRFC 10-311] analyzing module design_1_myip_0_0_mult_gen_v12_0_12__113
INFO: [VRFC 10-311] analyzing module design_1_myip_0_0_mult_gen_v12_0_12__114
INFO: [VRFC 10-311] analyzing module design_1_myip_0_0_mult_gen_v12_0_12__115
INFO: [VRFC 10-311] analyzing module design_1_myip_0_0_mult_gen_v12_0_12__116
INFO: [VRFC 10-311] analyzing module design_1_myip_0_0_mult_gen_v12_0_12__117
INFO: [VRFC 10-311] analyzing module design_1_myip_0_0_mult_gen_v12_0_12__118
INFO: [VRFC 10-311] analyzing module design_1_myip_0_0_mult_gen_v12_0_12__119
INFO: [VRFC 10-311] analyzing module design_1_myip_0_0_mult_gen_v12_0_12__12
INFO: [VRFC 10-311] analyzing module design_1_myip_0_0_mult_gen_v12_0_12__120
INFO: [VRFC 10-311] analyzing module design_1_myip_0_0_mult_gen_v12_0_12__121
INFO: [VRFC 10-311] analyzing module design_1_myip_0_0_mult_gen_v12_0_12__122
INFO: [VRFC 10-311] analyzing module design_1_myip_0_0_mult_gen_v12_0_12__123
INFO: [VRFC 10-311] analyzing module design_1_myip_0_0_mult_gen_v12_0_12__124
INFO: [VRFC 10-311] analyzing module design_1_myip_0_0_mult_gen_v12_0_12__125
INFO: [VRFC 10-311] analyzing module design_1_myip_0_0_mult_gen_v12_0_12__126
INFO: [VRFC 10-311] analyzing module design_1_myip_0_0_mult_gen_v12_0_12__127
INFO: [VRFC 10-311] analyzing module design_1_myip_0_0_mult_gen_v12_0_12__128
INFO: [VRFC 10-311] analyzing module design_1_myip_0_0_mult_gen_v12_0_12__129
INFO: [VRFC 10-311] analyzing module design_1_myip_0_0_mult_gen_v12_0_12__13
INFO: [VRFC 10-311] analyzing module design_1_myip_0_0_mult_gen_v12_0_12__130
INFO: [VRFC 10-311] analyzing module design_1_myip_0_0_mult_gen_v12_0_12__131
INFO: [VRFC 10-311] analyzing module design_1_myip_0_0_mult_gen_v12_0_12__132
INFO: [VRFC 10-311] analyzing module design_1_myip_0_0_mult_gen_v12_0_12__133
INFO: [VRFC 10-311] analyzing module design_1_myip_0_0_mult_gen_v12_0_12__134
INFO: [VRFC 10-311] analyzing module design_1_myip_0_0_mult_gen_v12_0_12__135
INFO: [VRFC 10-311] analyzing module design_1_myip_0_0_mult_gen_v12_0_12__136
INFO: [VRFC 10-311] analyzing module design_1_myip_0_0_mult_gen_v12_0_12__137
INFO: [VRFC 10-311] analyzing module design_1_myip_0_0_mult_gen_v12_0_12__138
INFO: [VRFC 10-311] analyzing module design_1_myip_0_0_mult_gen_v12_0_12__139
INFO: [VRFC 10-311] analyzing module design_1_myip_0_0_mult_gen_v12_0_12__14
INFO: [VRFC 10-311] analyzing module design_1_myip_0_0_mult_gen_v12_0_12__140
INFO: [VRFC 10-311] analyzing module design_1_myip_0_0_mult_gen_v12_0_12__141
INFO: [VRFC 10-311] analyzing module design_1_myip_0_0_mult_gen_v12_0_12__142
INFO: [VRFC 10-311] analyzing module design_1_myip_0_0_mult_gen_v12_0_12__143
INFO: [VRFC 10-311] analyzing module design_1_myip_0_0_mult_gen_v12_0_12__144
INFO: [VRFC 10-311] analyzing module design_1_myip_0_0_mult_gen_v12_0_12__145
INFO: [VRFC 10-311] analyzing module design_1_myip_0_0_mult_gen_v12_0_12__146
INFO: [VRFC 10-311] analyzing module design_1_myip_0_0_mult_gen_v12_0_12__147
INFO: [VRFC 10-311] analyzing module design_1_myip_0_0_mult_gen_v12_0_12__148
INFO: [VRFC 10-311] analyzing module design_1_myip_0_0_mult_gen_v12_0_12__15
INFO: [VRFC 10-311] analyzing module design_1_myip_0_0_mult_gen_v12_0_12__16
INFO: [VRFC 10-311] analyzing module design_1_myip_0_0_mult_gen_v12_0_12__17
INFO: [VRFC 10-311] analyzing module design_1_myip_0_0_mult_gen_v12_0_12__18
INFO: [VRFC 10-311] analyzing module design_1_myip_0_0_mult_gen_v12_0_12__19
INFO: [VRFC 10-311] analyzing module design_1_myip_0_0_mult_gen_v12_0_12__20
INFO: [VRFC 10-311] analyzing module design_1_myip_0_0_mult_gen_v12_0_12__21
INFO: [VRFC 10-311] analyzing module design_1_myip_0_0_mult_gen_v12_0_12__22
INFO: [VRFC 10-311] analyzing module design_1_myip_0_0_mult_gen_v12_0_12__23
INFO: [VRFC 10-311] analyzing module design_1_myip_0_0_mult_gen_v12_0_12__24
INFO: [VRFC 10-311] analyzing module design_1_myip_0_0_mult_gen_v12_0_12__25
INFO: [VRFC 10-311] analyzing module design_1_myip_0_0_mult_gen_v12_0_12__26
INFO: [VRFC 10-311] analyzing module design_1_myip_0_0_mult_gen_v12_0_12__27
INFO: [VRFC 10-311] analyzing module design_1_myip_0_0_mult_gen_v12_0_12__28
INFO: [VRFC 10-311] analyzing module design_1_myip_0_0_mult_gen_v12_0_12__29
INFO: [VRFC 10-311] analyzing module design_1_myip_0_0_mult_gen_v12_0_12__3
INFO: [VRFC 10-311] analyzing module design_1_myip_0_0_mult_gen_v12_0_12__30
INFO: [VRFC 10-311] analyzing module design_1_myip_0_0_mult_gen_v12_0_12__31
INFO: [VRFC 10-311] analyzing module design_1_myip_0_0_mult_gen_v12_0_12__32
INFO: [VRFC 10-311] analyzing module design_1_myip_0_0_mult_gen_v12_0_12__33
INFO: [VRFC 10-311] analyzing module design_1_myip_0_0_mult_gen_v12_0_12__34
INFO: [VRFC 10-311] analyzing module design_1_myip_0_0_mult_gen_v12_0_12__35
INFO: [VRFC 10-311] analyzing module design_1_myip_0_0_mult_gen_v12_0_12__36
INFO: [VRFC 10-311] analyzing module design_1_myip_0_0_mult_gen_v12_0_12__37
INFO: [VRFC 10-311] analyzing module design_1_myip_0_0_mult_gen_v12_0_12__38
INFO: [VRFC 10-311] analyzing module design_1_myip_0_0_mult_gen_v12_0_12__39
INFO: [VRFC 10-311] analyzing module design_1_myip_0_0_mult_gen_v12_0_12__4
INFO: [VRFC 10-311] analyzing module design_1_myip_0_0_mult_gen_v12_0_12__40
INFO: [VRFC 10-311] analyzing module design_1_myip_0_0_mult_gen_v12_0_12__41
INFO: [VRFC 10-311] analyzing module design_1_myip_0_0_mult_gen_v12_0_12__42
INFO: [VRFC 10-311] analyzing module design_1_myip_0_0_mult_gen_v12_0_12__43
INFO: [VRFC 10-311] analyzing module design_1_myip_0_0_mult_gen_v12_0_12__44
INFO: [VRFC 10-311] analyzing module design_1_myip_0_0_mult_gen_v12_0_12__45
INFO: [VRFC 10-311] analyzing module design_1_myip_0_0_mult_gen_v12_0_12__46
INFO: [VRFC 10-311] analyzing module design_1_myip_0_0_mult_gen_v12_0_12__47
INFO: [VRFC 10-311] analyzing module design_1_myip_0_0_mult_gen_v12_0_12__48
INFO: [VRFC 10-311] analyzing module design_1_myip_0_0_mult_gen_v12_0_12__49
INFO: [VRFC 10-311] analyzing module design_1_myip_0_0_mult_gen_v12_0_12__5
INFO: [VRFC 10-311] analyzing module design_1_myip_0_0_mult_gen_v12_0_12__50
INFO: [VRFC 10-311] analyzing module design_1_myip_0_0_mult_gen_v12_0_12__51
INFO: [VRFC 10-311] analyzing module design_1_myip_0_0_mult_gen_v12_0_12__52
INFO: [VRFC 10-311] analyzing module design_1_myip_0_0_mult_gen_v12_0_12__53
INFO: [VRFC 10-311] analyzing module design_1_myip_0_0_mult_gen_v12_0_12__54
INFO: [VRFC 10-311] analyzing module design_1_myip_0_0_mult_gen_v12_0_12__55
INFO: [VRFC 10-311] analyzing module design_1_myip_0_0_mult_gen_v12_0_12__56
INFO: [VRFC 10-311] analyzing module design_1_myip_0_0_mult_gen_v12_0_12__57
INFO: [VRFC 10-311] analyzing module design_1_myip_0_0_mult_gen_v12_0_12__58
INFO: [VRFC 10-311] analyzing module design_1_myip_0_0_mult_gen_v12_0_12__59
INFO: [VRFC 10-311] analyzing module design_1_myip_0_0_mult_gen_v12_0_12__6
INFO: [VRFC 10-311] analyzing module design_1_myip_0_0_mult_gen_v12_0_12__60
INFO: [VRFC 10-311] analyzing module design_1_myip_0_0_mult_gen_v12_0_12__61
INFO: [VRFC 10-311] analyzing module design_1_myip_0_0_mult_gen_v12_0_12__62
INFO: [VRFC 10-311] analyzing module design_1_myip_0_0_mult_gen_v12_0_12__63
INFO: [VRFC 10-311] analyzing module design_1_myip_0_0_mult_gen_v12_0_12__64
INFO: [VRFC 10-311] analyzing module design_1_myip_0_0_mult_gen_v12_0_12__65
INFO: [VRFC 10-311] analyzing module design_1_myip_0_0_mult_gen_v12_0_12__66
INFO: [VRFC 10-311] analyzing module design_1_myip_0_0_mult_gen_v12_0_12__67
INFO: [VRFC 10-311] analyzing module design_1_myip_0_0_mult_gen_v12_0_12__68
INFO: [VRFC 10-311] analyzing module design_1_myip_0_0_mult_gen_v12_0_12__69
INFO: [VRFC 10-311] analyzing module design_1_myip_0_0_mult_gen_v12_0_12__7
INFO: [VRFC 10-311] analyzing module design_1_myip_0_0_mult_gen_v12_0_12__70
INFO: [VRFC 10-311] analyzing module design_1_myip_0_0_mult_gen_v12_0_12__71
INFO: [VRFC 10-311] analyzing module design_1_myip_0_0_mult_gen_v12_0_12__72
INFO: [VRFC 10-311] analyzing module design_1_myip_0_0_mult_gen_v12_0_12__73
INFO: [VRFC 10-311] analyzing module design_1_myip_0_0_mult_gen_v12_0_12__74
INFO: [VRFC 10-311] analyzing module design_1_myip_0_0_mult_gen_v12_0_12__75
INFO: [VRFC 10-311] analyzing module design_1_myip_0_0_mult_gen_v12_0_12__76
INFO: [VRFC 10-311] analyzing module design_1_myip_0_0_mult_gen_v12_0_12__77
INFO: [VRFC 10-311] analyzing module design_1_myip_0_0_mult_gen_v12_0_12__78
INFO: [VRFC 10-311] analyzing module design_1_myip_0_0_mult_gen_v12_0_12__79
INFO: [VRFC 10-311] analyzing module design_1_myip_0_0_mult_gen_v12_0_12__8
INFO: [VRFC 10-311] analyzing module design_1_myip_0_0_mult_gen_v12_0_12__80
INFO: [VRFC 10-311] analyzing module design_1_myip_0_0_mult_gen_v12_0_12__81
INFO: [VRFC 10-311] analyzing module design_1_myip_0_0_mult_gen_v12_0_12__82
INFO: [VRFC 10-311] analyzing module design_1_myip_0_0_mult_gen_v12_0_12__83
INFO: [VRFC 10-311] analyzing module design_1_myip_0_0_mult_gen_v12_0_12__84
INFO: [VRFC 10-311] analyzing module design_1_myip_0_0_mult_gen_v12_0_12__85
INFO: [VRFC 10-311] analyzing module design_1_myip_0_0_mult_gen_v12_0_12__86
INFO: [VRFC 10-311] analyzing module design_1_myip_0_0_mult_gen_v12_0_12__87
INFO: [VRFC 10-311] analyzing module design_1_myip_0_0_mult_gen_v12_0_12__88
INFO: [VRFC 10-311] analyzing module design_1_myip_0_0_mult_gen_v12_0_12__89
INFO: [VRFC 10-311] analyzing module design_1_myip_0_0_mult_gen_v12_0_12__9
INFO: [VRFC 10-311] analyzing module design_1_myip_0_0_mult_gen_v12_0_12__90
INFO: [VRFC 10-311] analyzing module design_1_myip_0_0_mult_gen_v12_0_12__91
INFO: [VRFC 10-311] analyzing module design_1_myip_0_0_mult_gen_v12_0_12__92
INFO: [VRFC 10-311] analyzing module design_1_myip_0_0_mult_gen_v12_0_12__93
INFO: [VRFC 10-311] analyzing module design_1_myip_0_0_mult_gen_v12_0_12__94
INFO: [VRFC 10-311] analyzing module design_1_myip_0_0_mult_gen_v12_0_12__95
INFO: [VRFC 10-311] analyzing module design_1_myip_0_0_mult_gen_v12_0_12__96
INFO: [VRFC 10-311] analyzing module design_1_myip_0_0_mult_gen_v12_0_12__97
INFO: [VRFC 10-311] analyzing module design_1_myip_0_0_mult_gen_v12_0_12__98
INFO: [VRFC 10-311] analyzing module design_1_myip_0_0_mult_gen_v12_0_12__99
INFO: [VRFC 10-311] analyzing module design_1_myip_0_0_mult_gen_v12_0_12__parameterized1
INFO: [VRFC 10-311] analyzing module design_1_myip_0_0_mult_gen_v12_0_12__parameterized1__3
INFO: [VRFC 10-311] analyzing module design_1_myip_0_0_mult_gen_v12_0_12__parameterized1__4
INFO: [VRFC 10-311] analyzing module design_1_myip_0_0_delay_line__parameterized4
INFO: [VRFC 10-311] analyzing module design_1_myip_0_0_delay_line__parameterized4_55
INFO: [VRFC 10-311] analyzing module design_1_myip_0_0_delay_line__parameterized4_57
INFO: [VRFC 10-311] analyzing module design_1_myip_0_0_dsp
INFO: [VRFC 10-311] analyzing module design_1_myip_0_0_dsp_100
INFO: [VRFC 10-311] analyzing module design_1_myip_0_0_dsp_101
INFO: [VRFC 10-311] analyzing module design_1_myip_0_0_dsp_102
INFO: [VRFC 10-311] analyzing module design_1_myip_0_0_dsp_103
INFO: [VRFC 10-311] analyzing module design_1_myip_0_0_dsp_104
INFO: [VRFC 10-311] analyzing module design_1_myip_0_0_dsp_105
INFO: [VRFC 10-311] analyzing module design_1_myip_0_0_dsp_106
INFO: [VRFC 10-311] analyzing module design_1_myip_0_0_dsp_107
INFO: [VRFC 10-311] analyzing module design_1_myip_0_0_dsp_108
INFO: [VRFC 10-311] analyzing module design_1_myip_0_0_dsp_109
INFO: [VRFC 10-311] analyzing module design_1_myip_0_0_dsp_110
INFO: [VRFC 10-311] analyzing module design_1_myip_0_0_dsp_111
INFO: [VRFC 10-311] analyzing module design_1_myip_0_0_dsp_112
INFO: [VRFC 10-311] analyzing module design_1_myip_0_0_dsp_113
INFO: [VRFC 10-311] analyzing module design_1_myip_0_0_dsp_114
INFO: [VRFC 10-311] analyzing module design_1_myip_0_0_dsp_115
INFO: [VRFC 10-311] analyzing module design_1_myip_0_0_dsp_116
INFO: [VRFC 10-311] analyzing module design_1_myip_0_0_dsp_117
INFO: [VRFC 10-311] analyzing module design_1_myip_0_0_dsp_118
INFO: [VRFC 10-311] analyzing module design_1_myip_0_0_dsp_119
INFO: [VRFC 10-311] analyzing module design_1_myip_0_0_dsp_120
INFO: [VRFC 10-311] analyzing module design_1_myip_0_0_dsp_121
INFO: [VRFC 10-311] analyzing module design_1_myip_0_0_dsp_122
INFO: [VRFC 10-311] analyzing module design_1_myip_0_0_dsp_123
INFO: [VRFC 10-311] analyzing module design_1_myip_0_0_dsp_124
INFO: [VRFC 10-311] analyzing module design_1_myip_0_0_dsp_125
INFO: [VRFC 10-311] analyzing module design_1_myip_0_0_dsp_126
INFO: [VRFC 10-311] analyzing module design_1_myip_0_0_dsp_127
INFO: [VRFC 10-311] analyzing module design_1_myip_0_0_dsp_128
INFO: [VRFC 10-311] analyzing module design_1_myip_0_0_dsp_129
INFO: [VRFC 10-311] analyzing module design_1_myip_0_0_dsp_130
INFO: [VRFC 10-311] analyzing module design_1_myip_0_0_dsp_131
INFO: [VRFC 10-311] analyzing module design_1_myip_0_0_dsp_132
INFO: [VRFC 10-311] analyzing module design_1_myip_0_0_dsp_133
INFO: [VRFC 10-311] analyzing module design_1_myip_0_0_dsp_134
INFO: [VRFC 10-311] analyzing module design_1_myip_0_0_dsp_135
INFO: [VRFC 10-311] analyzing module design_1_myip_0_0_dsp_136
INFO: [VRFC 10-311] analyzing module design_1_myip_0_0_dsp_137
INFO: [VRFC 10-311] analyzing module design_1_myip_0_0_dsp_138
INFO: [VRFC 10-311] analyzing module design_1_myip_0_0_dsp_139
INFO: [VRFC 10-311] analyzing module design_1_myip_0_0_dsp_140
INFO: [VRFC 10-311] analyzing module design_1_myip_0_0_dsp_141
INFO: [VRFC 10-311] analyzing module design_1_myip_0_0_dsp_142
INFO: [VRFC 10-311] analyzing module design_1_myip_0_0_dsp_143
INFO: [VRFC 10-311] analyzing module design_1_myip_0_0_dsp_144
INFO: [VRFC 10-311] analyzing module design_1_myip_0_0_dsp_145
INFO: [VRFC 10-311] analyzing module design_1_myip_0_0_dsp_146
INFO: [VRFC 10-311] analyzing module design_1_myip_0_0_dsp_147
INFO: [VRFC 10-311] analyzing module design_1_myip_0_0_dsp_148
INFO: [VRFC 10-311] analyzing module design_1_myip_0_0_dsp_149
INFO: [VRFC 10-311] analyzing module design_1_myip_0_0_dsp_150
INFO: [VRFC 10-311] analyzing module design_1_myip_0_0_dsp_151
INFO: [VRFC 10-311] analyzing module design_1_myip_0_0_dsp_152
INFO: [VRFC 10-311] analyzing module design_1_myip_0_0_dsp_153
INFO: [VRFC 10-311] analyzing module design_1_myip_0_0_dsp_154
INFO: [VRFC 10-311] analyzing module design_1_myip_0_0_dsp_155
INFO: [VRFC 10-311] analyzing module design_1_myip_0_0_dsp_156
INFO: [VRFC 10-311] analyzing module design_1_myip_0_0_dsp_157
INFO: [VRFC 10-311] analyzing module design_1_myip_0_0_dsp_158
INFO: [VRFC 10-311] analyzing module design_1_myip_0_0_dsp_159
INFO: [VRFC 10-311] analyzing module design_1_myip_0_0_dsp_160
INFO: [VRFC 10-311] analyzing module design_1_myip_0_0_dsp_161
INFO: [VRFC 10-311] analyzing module design_1_myip_0_0_dsp_162
INFO: [VRFC 10-311] analyzing module design_1_myip_0_0_dsp_163
INFO: [VRFC 10-311] analyzing module design_1_myip_0_0_dsp_164
INFO: [VRFC 10-311] analyzing module design_1_myip_0_0_dsp_165
INFO: [VRFC 10-311] analyzing module design_1_myip_0_0_dsp_166
INFO: [VRFC 10-311] analyzing module design_1_myip_0_0_dsp_167
INFO: [VRFC 10-311] analyzing module design_1_myip_0_0_dsp_168
INFO: [VRFC 10-311] analyzing module design_1_myip_0_0_dsp_169
INFO: [VRFC 10-311] analyzing module design_1_myip_0_0_dsp_170
INFO: [VRFC 10-311] analyzing module design_1_myip_0_0_dsp_171
INFO: [VRFC 10-311] analyzing module design_1_myip_0_0_dsp_172
INFO: [VRFC 10-311] analyzing module design_1_myip_0_0_dsp_173
INFO: [VRFC 10-311] analyzing module design_1_myip_0_0_dsp_174
INFO: [VRFC 10-311] analyzing module design_1_myip_0_0_dsp_175
INFO: [VRFC 10-311] analyzing module design_1_myip_0_0_dsp_176
INFO: [VRFC 10-311] analyzing module design_1_myip_0_0_dsp_177
INFO: [VRFC 10-311] analyzing module design_1_myip_0_0_dsp_178
INFO: [VRFC 10-311] analyzing module design_1_myip_0_0_dsp_179
INFO: [VRFC 10-311] analyzing module design_1_myip_0_0_dsp_180
INFO: [VRFC 10-311] analyzing module design_1_myip_0_0_dsp_181
INFO: [VRFC 10-311] analyzing module design_1_myip_0_0_dsp_182
INFO: [VRFC 10-311] analyzing module design_1_myip_0_0_dsp_183
INFO: [VRFC 10-311] analyzing module design_1_myip_0_0_dsp_184
INFO: [VRFC 10-311] analyzing module design_1_myip_0_0_dsp_185
INFO: [VRFC 10-311] analyzing module design_1_myip_0_0_dsp_186
INFO: [VRFC 10-311] analyzing module design_1_myip_0_0_dsp_187
INFO: [VRFC 10-311] analyzing module design_1_myip_0_0_dsp_188
INFO: [VRFC 10-311] analyzing module design_1_myip_0_0_dsp_189
INFO: [VRFC 10-311] analyzing module design_1_myip_0_0_dsp_190
INFO: [VRFC 10-311] analyzing module design_1_myip_0_0_dsp_191
INFO: [VRFC 10-311] analyzing module design_1_myip_0_0_dsp_192
INFO: [VRFC 10-311] analyzing module design_1_myip_0_0_dsp_193
INFO: [VRFC 10-311] analyzing module design_1_myip_0_0_dsp_194
INFO: [VRFC 10-311] analyzing module design_1_myip_0_0_dsp_195
INFO: [VRFC 10-311] analyzing module design_1_myip_0_0_dsp_196
INFO: [VRFC 10-311] analyzing module design_1_myip_0_0_dsp_197
INFO: [VRFC 10-311] analyzing module design_1_myip_0_0_dsp_198
INFO: [VRFC 10-311] analyzing module design_1_myip_0_0_dsp_199
INFO: [VRFC 10-311] analyzing module design_1_myip_0_0_dsp_200
INFO: [VRFC 10-311] analyzing module design_1_myip_0_0_dsp_201
INFO: [VRFC 10-311] analyzing module design_1_myip_0_0_dsp_202
INFO: [VRFC 10-311] analyzing module design_1_myip_0_0_dsp_203
INFO: [VRFC 10-311] analyzing module design_1_myip_0_0_dsp_58
INFO: [VRFC 10-311] analyzing module design_1_myip_0_0_dsp_59
INFO: [VRFC 10-311] analyzing module design_1_myip_0_0_dsp_60
INFO: [VRFC 10-311] analyzing module design_1_myip_0_0_dsp_61
INFO: [VRFC 10-311] analyzing module design_1_myip_0_0_dsp_62
INFO: [VRFC 10-311] analyzing module design_1_myip_0_0_dsp_63
INFO: [VRFC 10-311] analyzing module design_1_myip_0_0_dsp_64
INFO: [VRFC 10-311] analyzing module design_1_myip_0_0_dsp_65
INFO: [VRFC 10-311] analyzing module design_1_myip_0_0_dsp_66
INFO: [VRFC 10-311] analyzing module design_1_myip_0_0_dsp_67
INFO: [VRFC 10-311] analyzing module design_1_myip_0_0_dsp_68
INFO: [VRFC 10-311] analyzing module design_1_myip_0_0_dsp_69
INFO: [VRFC 10-311] analyzing module design_1_myip_0_0_dsp_70
INFO: [VRFC 10-311] analyzing module design_1_myip_0_0_dsp_71
INFO: [VRFC 10-311] analyzing module design_1_myip_0_0_dsp_72
INFO: [VRFC 10-311] analyzing module design_1_myip_0_0_dsp_73
INFO: [VRFC 10-311] analyzing module design_1_myip_0_0_dsp_74
INFO: [VRFC 10-311] analyzing module design_1_myip_0_0_dsp_75
INFO: [VRFC 10-311] analyzing module design_1_myip_0_0_dsp_76
INFO: [VRFC 10-311] analyzing module design_1_myip_0_0_dsp_77
INFO: [VRFC 10-311] analyzing module design_1_myip_0_0_dsp_78
INFO: [VRFC 10-311] analyzing module design_1_myip_0_0_dsp_79
INFO: [VRFC 10-311] analyzing module design_1_myip_0_0_dsp_80
INFO: [VRFC 10-311] analyzing module design_1_myip_0_0_dsp_81
INFO: [VRFC 10-311] analyzing module design_1_myip_0_0_dsp_82
INFO: [VRFC 10-311] analyzing module design_1_myip_0_0_dsp_83
INFO: [VRFC 10-311] analyzing module design_1_myip_0_0_dsp_84
INFO: [VRFC 10-311] analyzing module design_1_myip_0_0_dsp_85
INFO: [VRFC 10-311] analyzing module design_1_myip_0_0_dsp_86
INFO: [VRFC 10-311] analyzing module design_1_myip_0_0_dsp_87
INFO: [VRFC 10-311] analyzing module design_1_myip_0_0_dsp_88
INFO: [VRFC 10-311] analyzing module design_1_myip_0_0_dsp_89
INFO: [VRFC 10-311] analyzing module design_1_myip_0_0_dsp_90
INFO: [VRFC 10-311] analyzing module design_1_myip_0_0_dsp_91
INFO: [VRFC 10-311] analyzing module design_1_myip_0_0_dsp_92
INFO: [VRFC 10-311] analyzing module design_1_myip_0_0_dsp_93
INFO: [VRFC 10-311] analyzing module design_1_myip_0_0_dsp_94
INFO: [VRFC 10-311] analyzing module design_1_myip_0_0_dsp_95
INFO: [VRFC 10-311] analyzing module design_1_myip_0_0_dsp_96
INFO: [VRFC 10-311] analyzing module design_1_myip_0_0_dsp_97
INFO: [VRFC 10-311] analyzing module design_1_myip_0_0_dsp_98
INFO: [VRFC 10-311] analyzing module design_1_myip_0_0_dsp_99
INFO: [VRFC 10-311] analyzing module design_1_myip_0_0_dsp__parameterized0
INFO: [VRFC 10-311] analyzing module design_1_myip_0_0_dsp__parameterized0_54
INFO: [VRFC 10-311] analyzing module design_1_myip_0_0_dsp__parameterized0_56
INFO: [VRFC 10-311] analyzing module design_1_myip_0_0_mult_gen_v12_0_12_viv
INFO: [VRFC 10-311] analyzing module design_1_myip_0_0_mult_gen_v12_0_12_viv__10
INFO: [VRFC 10-311] analyzing module design_1_myip_0_0_mult_gen_v12_0_12_viv__100
INFO: [VRFC 10-311] analyzing module design_1_myip_0_0_mult_gen_v12_0_12_viv__101
INFO: [VRFC 10-311] analyzing module design_1_myip_0_0_mult_gen_v12_0_12_viv__102
INFO: [VRFC 10-311] analyzing module design_1_myip_0_0_mult_gen_v12_0_12_viv__103
INFO: [VRFC 10-311] analyzing module design_1_myip_0_0_mult_gen_v12_0_12_viv__104
INFO: [VRFC 10-311] analyzing module design_1_myip_0_0_mult_gen_v12_0_12_viv__105
INFO: [VRFC 10-311] analyzing module design_1_myip_0_0_mult_gen_v12_0_12_viv__106
INFO: [VRFC 10-311] analyzing module design_1_myip_0_0_mult_gen_v12_0_12_viv__107
INFO: [VRFC 10-311] analyzing module design_1_myip_0_0_mult_gen_v12_0_12_viv__108
INFO: [VRFC 10-311] analyzing module design_1_myip_0_0_mult_gen_v12_0_12_viv__109
INFO: [VRFC 10-311] analyzing module design_1_myip_0_0_mult_gen_v12_0_12_viv__11
INFO: [VRFC 10-311] analyzing module design_1_myip_0_0_mult_gen_v12_0_12_viv__110
INFO: [VRFC 10-311] analyzing module design_1_myip_0_0_mult_gen_v12_0_12_viv__111
INFO: [VRFC 10-311] analyzing module design_1_myip_0_0_mult_gen_v12_0_12_viv__112
INFO: [VRFC 10-311] analyzing module design_1_myip_0_0_mult_gen_v12_0_12_viv__113
INFO: [VRFC 10-311] analyzing module design_1_myip_0_0_mult_gen_v12_0_12_viv__114
INFO: [VRFC 10-311] analyzing module design_1_myip_0_0_mult_gen_v12_0_12_viv__115
INFO: [VRFC 10-311] analyzing module design_1_myip_0_0_mult_gen_v12_0_12_viv__116
INFO: [VRFC 10-311] analyzing module design_1_myip_0_0_mult_gen_v12_0_12_viv__117
INFO: [VRFC 10-311] analyzing module design_1_myip_0_0_mult_gen_v12_0_12_viv__118
INFO: [VRFC 10-311] analyzing module design_1_myip_0_0_mult_gen_v12_0_12_viv__119
INFO: [VRFC 10-311] analyzing module design_1_myip_0_0_mult_gen_v12_0_12_viv__12
INFO: [VRFC 10-311] analyzing module design_1_myip_0_0_mult_gen_v12_0_12_viv__120
INFO: [VRFC 10-311] analyzing module design_1_myip_0_0_mult_gen_v12_0_12_viv__121
INFO: [VRFC 10-311] analyzing module design_1_myip_0_0_mult_gen_v12_0_12_viv__122
INFO: [VRFC 10-311] analyzing module design_1_myip_0_0_mult_gen_v12_0_12_viv__123
INFO: [VRFC 10-311] analyzing module design_1_myip_0_0_mult_gen_v12_0_12_viv__124
INFO: [VRFC 10-311] analyzing module design_1_myip_0_0_mult_gen_v12_0_12_viv__125
INFO: [VRFC 10-311] analyzing module design_1_myip_0_0_mult_gen_v12_0_12_viv__126
INFO: [VRFC 10-311] analyzing module design_1_myip_0_0_mult_gen_v12_0_12_viv__127
INFO: [VRFC 10-311] analyzing module design_1_myip_0_0_mult_gen_v12_0_12_viv__128
INFO: [VRFC 10-311] analyzing module design_1_myip_0_0_mult_gen_v12_0_12_viv__129
INFO: [VRFC 10-311] analyzing module design_1_myip_0_0_mult_gen_v12_0_12_viv__13
INFO: [VRFC 10-311] analyzing module design_1_myip_0_0_mult_gen_v12_0_12_viv__130
INFO: [VRFC 10-311] analyzing module design_1_myip_0_0_mult_gen_v12_0_12_viv__131
INFO: [VRFC 10-311] analyzing module design_1_myip_0_0_mult_gen_v12_0_12_viv__132
INFO: [VRFC 10-311] analyzing module design_1_myip_0_0_mult_gen_v12_0_12_viv__133
INFO: [VRFC 10-311] analyzing module design_1_myip_0_0_mult_gen_v12_0_12_viv__134
INFO: [VRFC 10-311] analyzing module design_1_myip_0_0_mult_gen_v12_0_12_viv__135
INFO: [VRFC 10-311] analyzing module design_1_myip_0_0_mult_gen_v12_0_12_viv__136
INFO: [VRFC 10-311] analyzing module design_1_myip_0_0_mult_gen_v12_0_12_viv__137
INFO: [VRFC 10-311] analyzing module design_1_myip_0_0_mult_gen_v12_0_12_viv__138
INFO: [VRFC 10-311] analyzing module design_1_myip_0_0_mult_gen_v12_0_12_viv__139
INFO: [VRFC 10-311] analyzing module design_1_myip_0_0_mult_gen_v12_0_12_viv__14
INFO: [VRFC 10-311] analyzing module design_1_myip_0_0_mult_gen_v12_0_12_viv__140
INFO: [VRFC 10-311] analyzing module design_1_myip_0_0_mult_gen_v12_0_12_viv__141
INFO: [VRFC 10-311] analyzing module design_1_myip_0_0_mult_gen_v12_0_12_viv__142
INFO: [VRFC 10-311] analyzing module design_1_myip_0_0_mult_gen_v12_0_12_viv__143
INFO: [VRFC 10-311] analyzing module design_1_myip_0_0_mult_gen_v12_0_12_viv__144
INFO: [VRFC 10-311] analyzing module design_1_myip_0_0_mult_gen_v12_0_12_viv__145
INFO: [VRFC 10-311] analyzing module design_1_myip_0_0_mult_gen_v12_0_12_viv__146
INFO: [VRFC 10-311] analyzing module design_1_myip_0_0_mult_gen_v12_0_12_viv__147
INFO: [VRFC 10-311] analyzing module design_1_myip_0_0_mult_gen_v12_0_12_viv__148
INFO: [VRFC 10-311] analyzing module design_1_myip_0_0_mult_gen_v12_0_12_viv__15
INFO: [VRFC 10-311] analyzing module design_1_myip_0_0_mult_gen_v12_0_12_viv__16
INFO: [VRFC 10-311] analyzing module design_1_myip_0_0_mult_gen_v12_0_12_viv__17
INFO: [VRFC 10-311] analyzing module design_1_myip_0_0_mult_gen_v12_0_12_viv__18
INFO: [VRFC 10-311] analyzing module design_1_myip_0_0_mult_gen_v12_0_12_viv__19
INFO: [VRFC 10-311] analyzing module design_1_myip_0_0_mult_gen_v12_0_12_viv__20
INFO: [VRFC 10-311] analyzing module design_1_myip_0_0_mult_gen_v12_0_12_viv__21
INFO: [VRFC 10-311] analyzing module design_1_myip_0_0_mult_gen_v12_0_12_viv__22
INFO: [VRFC 10-311] analyzing module design_1_myip_0_0_mult_gen_v12_0_12_viv__23
INFO: [VRFC 10-311] analyzing module design_1_myip_0_0_mult_gen_v12_0_12_viv__24
INFO: [VRFC 10-311] analyzing module design_1_myip_0_0_mult_gen_v12_0_12_viv__25
INFO: [VRFC 10-311] analyzing module design_1_myip_0_0_mult_gen_v12_0_12_viv__26
INFO: [VRFC 10-311] analyzing module design_1_myip_0_0_mult_gen_v12_0_12_viv__27
INFO: [VRFC 10-311] analyzing module design_1_myip_0_0_mult_gen_v12_0_12_viv__28
INFO: [VRFC 10-311] analyzing module design_1_myip_0_0_mult_gen_v12_0_12_viv__29
INFO: [VRFC 10-311] analyzing module design_1_myip_0_0_mult_gen_v12_0_12_viv__3
INFO: [VRFC 10-311] analyzing module design_1_myip_0_0_mult_gen_v12_0_12_viv__30
INFO: [VRFC 10-311] analyzing module design_1_myip_0_0_mult_gen_v12_0_12_viv__31
INFO: [VRFC 10-311] analyzing module design_1_myip_0_0_mult_gen_v12_0_12_viv__32
INFO: [VRFC 10-311] analyzing module design_1_myip_0_0_mult_gen_v12_0_12_viv__33
INFO: [VRFC 10-311] analyzing module design_1_myip_0_0_mult_gen_v12_0_12_viv__34
INFO: [VRFC 10-311] analyzing module design_1_myip_0_0_mult_gen_v12_0_12_viv__35
INFO: [VRFC 10-311] analyzing module design_1_myip_0_0_mult_gen_v12_0_12_viv__36
INFO: [VRFC 10-311] analyzing module design_1_myip_0_0_mult_gen_v12_0_12_viv__37
INFO: [VRFC 10-311] analyzing module design_1_myip_0_0_mult_gen_v12_0_12_viv__38
INFO: [VRFC 10-311] analyzing module design_1_myip_0_0_mult_gen_v12_0_12_viv__39
INFO: [VRFC 10-311] analyzing module design_1_myip_0_0_mult_gen_v12_0_12_viv__4
INFO: [VRFC 10-311] analyzing module design_1_myip_0_0_mult_gen_v12_0_12_viv__40
INFO: [VRFC 10-311] analyzing module design_1_myip_0_0_mult_gen_v12_0_12_viv__41
INFO: [VRFC 10-311] analyzing module design_1_myip_0_0_mult_gen_v12_0_12_viv__42
INFO: [VRFC 10-311] analyzing module design_1_myip_0_0_mult_gen_v12_0_12_viv__43
INFO: [VRFC 10-311] analyzing module design_1_myip_0_0_mult_gen_v12_0_12_viv__44
INFO: [VRFC 10-311] analyzing module design_1_myip_0_0_mult_gen_v12_0_12_viv__45
INFO: [VRFC 10-311] analyzing module design_1_myip_0_0_mult_gen_v12_0_12_viv__46
INFO: [VRFC 10-311] analyzing module design_1_myip_0_0_mult_gen_v12_0_12_viv__47
INFO: [VRFC 10-311] analyzing module design_1_myip_0_0_mult_gen_v12_0_12_viv__48
INFO: [VRFC 10-311] analyzing module design_1_myip_0_0_mult_gen_v12_0_12_viv__49
INFO: [VRFC 10-311] analyzing module design_1_myip_0_0_mult_gen_v12_0_12_viv__5
INFO: [VRFC 10-311] analyzing module design_1_myip_0_0_mult_gen_v12_0_12_viv__50
INFO: [VRFC 10-311] analyzing module design_1_myip_0_0_mult_gen_v12_0_12_viv__51
INFO: [VRFC 10-311] analyzing module design_1_myip_0_0_mult_gen_v12_0_12_viv__52
INFO: [VRFC 10-311] analyzing module design_1_myip_0_0_mult_gen_v12_0_12_viv__53
INFO: [VRFC 10-311] analyzing module design_1_myip_0_0_mult_gen_v12_0_12_viv__54
INFO: [VRFC 10-311] analyzing module design_1_myip_0_0_mult_gen_v12_0_12_viv__55
INFO: [VRFC 10-311] analyzing module design_1_myip_0_0_mult_gen_v12_0_12_viv__56
INFO: [VRFC 10-311] analyzing module design_1_myip_0_0_mult_gen_v12_0_12_viv__57
INFO: [VRFC 10-311] analyzing module design_1_myip_0_0_mult_gen_v12_0_12_viv__58
INFO: [VRFC 10-311] analyzing module design_1_myip_0_0_mult_gen_v12_0_12_viv__59
INFO: [VRFC 10-311] analyzing module design_1_myip_0_0_mult_gen_v12_0_12_viv__6
INFO: [VRFC 10-311] analyzing module design_1_myip_0_0_mult_gen_v12_0_12_viv__60
INFO: [VRFC 10-311] analyzing module design_1_myip_0_0_mult_gen_v12_0_12_viv__61
INFO: [VRFC 10-311] analyzing module design_1_myip_0_0_mult_gen_v12_0_12_viv__62
INFO: [VRFC 10-311] analyzing module design_1_myip_0_0_mult_gen_v12_0_12_viv__63
INFO: [VRFC 10-311] analyzing module design_1_myip_0_0_mult_gen_v12_0_12_viv__64
INFO: [VRFC 10-311] analyzing module design_1_myip_0_0_mult_gen_v12_0_12_viv__65
INFO: [VRFC 10-311] analyzing module design_1_myip_0_0_mult_gen_v12_0_12_viv__66
INFO: [VRFC 10-311] analyzing module design_1_myip_0_0_mult_gen_v12_0_12_viv__67
INFO: [VRFC 10-311] analyzing module design_1_myip_0_0_mult_gen_v12_0_12_viv__68
INFO: [VRFC 10-311] analyzing module design_1_myip_0_0_mult_gen_v12_0_12_viv__69
INFO: [VRFC 10-311] analyzing module design_1_myip_0_0_mult_gen_v12_0_12_viv__7
INFO: [VRFC 10-311] analyzing module design_1_myip_0_0_mult_gen_v12_0_12_viv__70
INFO: [VRFC 10-311] analyzing module design_1_myip_0_0_mult_gen_v12_0_12_viv__71
INFO: [VRFC 10-311] analyzing module design_1_myip_0_0_mult_gen_v12_0_12_viv__72
INFO: [VRFC 10-311] analyzing module design_1_myip_0_0_mult_gen_v12_0_12_viv__73
INFO: [VRFC 10-311] analyzing module design_1_myip_0_0_mult_gen_v12_0_12_viv__74
INFO: [VRFC 10-311] analyzing module design_1_myip_0_0_mult_gen_v12_0_12_viv__75
INFO: [VRFC 10-311] analyzing module design_1_myip_0_0_mult_gen_v12_0_12_viv__76
INFO: [VRFC 10-311] analyzing module design_1_myip_0_0_mult_gen_v12_0_12_viv__77
INFO: [VRFC 10-311] analyzing module design_1_myip_0_0_mult_gen_v12_0_12_viv__78
INFO: [VRFC 10-311] analyzing module design_1_myip_0_0_mult_gen_v12_0_12_viv__79
INFO: [VRFC 10-311] analyzing module design_1_myip_0_0_mult_gen_v12_0_12_viv__8
INFO: [VRFC 10-311] analyzing module design_1_myip_0_0_mult_gen_v12_0_12_viv__80
INFO: [VRFC 10-311] analyzing module design_1_myip_0_0_mult_gen_v12_0_12_viv__81
INFO: [VRFC 10-311] analyzing module design_1_myip_0_0_mult_gen_v12_0_12_viv__82
INFO: [VRFC 10-311] analyzing module design_1_myip_0_0_mult_gen_v12_0_12_viv__83
INFO: [VRFC 10-311] analyzing module design_1_myip_0_0_mult_gen_v12_0_12_viv__84
INFO: [VRFC 10-311] analyzing module design_1_myip_0_0_mult_gen_v12_0_12_viv__85
INFO: [VRFC 10-311] analyzing module design_1_myip_0_0_mult_gen_v12_0_12_viv__86
INFO: [VRFC 10-311] analyzing module design_1_myip_0_0_mult_gen_v12_0_12_viv__87
INFO: [VRFC 10-311] analyzing module design_1_myip_0_0_mult_gen_v12_0_12_viv__88
INFO: [VRFC 10-311] analyzing module design_1_myip_0_0_mult_gen_v12_0_12_viv__89
INFO: [VRFC 10-311] analyzing module design_1_myip_0_0_mult_gen_v12_0_12_viv__9
INFO: [VRFC 10-311] analyzing module design_1_myip_0_0_mult_gen_v12_0_12_viv__90
INFO: [VRFC 10-311] analyzing module design_1_myip_0_0_mult_gen_v12_0_12_viv__91
INFO: [VRFC 10-311] analyzing module design_1_myip_0_0_mult_gen_v12_0_12_viv__92
INFO: [VRFC 10-311] analyzing module design_1_myip_0_0_mult_gen_v12_0_12_viv__93
INFO: [VRFC 10-311] analyzing module design_1_myip_0_0_mult_gen_v12_0_12_viv__94
INFO: [VRFC 10-311] analyzing module design_1_myip_0_0_mult_gen_v12_0_12_viv__95
INFO: [VRFC 10-311] analyzing module design_1_myip_0_0_mult_gen_v12_0_12_viv__96
INFO: [VRFC 10-311] analyzing module design_1_myip_0_0_mult_gen_v12_0_12_viv__97
INFO: [VRFC 10-311] analyzing module design_1_myip_0_0_mult_gen_v12_0_12_viv__98
INFO: [VRFC 10-311] analyzing module design_1_myip_0_0_mult_gen_v12_0_12_viv__99
INFO: [VRFC 10-311] analyzing module design_1_myip_0_0_mult_gen_v12_0_12_viv__parameterized1
INFO: [VRFC 10-311] analyzing module design_1_myip_0_0_mult_gen_v12_0_12_viv__parameterized1__3
INFO: [VRFC 10-311] analyzing module design_1_myip_0_0_mult_gen_v12_0_12_viv__parameterized1__4
INFO: [VRFC 10-311] analyzing module glbl
INFO: [VRFC 10-2263] Analyzing Verilog file "C:/Users/saina/Desktop/SeniorDesign/Ip_Try1/Ip_Try1.srcs/sim_1/new/design_1_tb.v" into library xil_defaultlib
INFO: [VRFC 10-311] analyzing module design_1_tb
