#-----------------------------------------------------------
# Vivado v2016.3 (64-bit)
# SW Build 1682563 on Mon Oct 10 19:07:27 MDT 2016
# IP Build 1681267 on Mon Oct 10 21:28:31 MDT 2016
# Start of session at: Mon Feb 13 21:18:38 2017
# Process ID: 5600
# Current directory: F:/SeniorDesign/ConEngine_Verilog
# Command line: vivado.exe -gui_launcher_event rodinguilauncherevent648 F:\SeniorDesign\ConEngine_Verilog\ConEngine_Verilog.xpr
# Log file: F:/SeniorDesign/ConEngine_Verilog/vivado.log
# Journal file: F:/SeniorDesign/ConEngine_Verilog\vivado.jou
#-----------------------------------------------------------
start_gui
open_project F:/SeniorDesign/ConEngine_Verilog/ConEngine_Verilog.xpr
Scanning sources...
Finished scanning sources
INFO: [Project 1-230] Project 'ConEngine_Verilog.xpr' upgraded for this version of Vivado.
INFO: [IP_Flow 19-234] Refreshing IP repositories
INFO: [IP_Flow 19-1704] No user IP repositories specified
INFO: [IP_Flow 19-2313] Loaded Vivado IP repository 'C:/Xilinx/Vivado/2016.3/data/ip'.
open_project: Time (s): cpu = 00:00:09 ; elapsed = 00:00:06 . Memory (MB): peak = 715.238 ; gain = 69.457
exit
INFO: [Common 17-206] Exiting Vivado at Tue Feb 14 11:52:49 2017...
