#-----------------------------------------------------------
# Vivado v2016.2 (64-bit)
# SW Build 1577090 on Thu Jun  2 16:32:40 MDT 2016
# IP Build 1577682 on Fri Jun  3 12:00:54 MDT 2016
# Start of session at: Sun Feb 12 15:35:39 2017
# Process ID: 1472
# Current directory: F:/SeniorDesign/ConEngine_Verilog
# Command line: vivado.exe -gui_launcher_event rodinguilauncherevent3672 F:\SeniorDesign\ConEngine_Verilog\ConEngine_Verilog.xpr
# Log file: F:/SeniorDesign/ConEngine_Verilog/vivado.log
# Journal file: F:/SeniorDesign/ConEngine_Verilog\vivado.jou
#-----------------------------------------------------------
start_gui
open_project F:/SeniorDesign/ConEngine_Verilog/ConEngine_Verilog.xpr
Scanning sources...
Finished scanning sources
INFO: [IP_Flow 19-234] Refreshing IP repositories
INFO: [IP_Flow 19-1704] No user IP repositories specified
INFO: [IP_Flow 19-2313] Loaded Vivado IP repository 'C:/Xilinx/Vivado/2016.2/data/ip'.
open_project: Time (s): cpu = 00:00:10 ; elapsed = 00:00:39 . Memory (MB): peak = 507.313 ; gain = 81.188
update_compile_order -fileset sources_1
update_compile_order -fileset sim_1
exit
INFO: [Common 17-206] Exiting Vivado at Sun Feb 12 15:49:55 2017...
