INFO: [VRFC 10-2263] Analyzing Verilog file "C:/Users/saina/Desktop/SeniorDesign/Top_Module/Top_Module.sim/sim_1/impl/timing/FifoTesting_tb_time_impl.v" into library xil_defaultlib
INFO: [VRFC 10-311] analyzing module RAM32M_UNIQ_BASE_
INFO: [VRFC 10-311] analyzing module RAM32M_HD1
INFO: [VRFC 10-311] analyzing module RAM32M_HD10
INFO: [VRFC 10-311] analyzing module RAM32M_HD11
INFO: [VRFC 10-311] analyzing module RAM32M_HD12
INFO: [VRFC 10-311] analyzing module RAM32M_HD13
INFO: [VRFC 10-311] analyzing module RAM32M_HD14
INFO: [VRFC 10-311] analyzing module RAM32M_HD15
INFO: [VRFC 10-311] analyzing module RAM32M_HD16
INFO: [VRFC 10-311] analyzing module RAM32M_HD17
INFO: [VRFC 10-311] analyzing module RAM32M_HD18
INFO: [VRFC 10-311] analyzing module RAM32M_HD19
INFO: [VRFC 10-311] analyzing module RAM32M_HD2
INFO: [VRFC 10-311] analyzing module RAM32M_HD20
INFO: [VRFC 10-311] analyzing module RAM32M_HD21
INFO: [VRFC 10-311] analyzing module RAM32M_HD22
INFO: [VRFC 10-311] analyzing module RAM32M_HD23
INFO: [VRFC 10-311] analyzing module RAM32M_HD24
INFO: [VRFC 10-311] analyzing module RAM32M_HD25
INFO: [VRFC 10-311] analyzing module RAM32M_HD26
INFO: [VRFC 10-311] analyzing module RAM32M_HD27
INFO: [VRFC 10-311] analyzing module RAM32M_HD3
INFO: [VRFC 10-311] analyzing module RAM32M_HD4
INFO: [VRFC 10-311] analyzing module RAM32M_HD5
INFO: [VRFC 10-311] analyzing module RAM32M_HD6
INFO: [VRFC 10-311] analyzing module RAM32M_HD7
INFO: [VRFC 10-311] analyzing module RAM32M_HD8
INFO: [VRFC 10-311] analyzing module RAM32M_HD9
INFO: [VRFC 10-311] analyzing module ConvolutionEngine
INFO: [VRFC 10-311] analyzing module ConvolutionEngine_0
INFO: [VRFC 10-311] analyzing module ConvolutionEngine_1
INFO: [VRFC 10-311] analyzing module Divide
INFO: [VRFC 10-311] analyzing module Divide_50
INFO: [VRFC 10-311] analyzing module Divide_51
INFO: [VRFC 10-311] analyzing module FifoTesting
INFO: [VRFC 10-311] analyzing module FifoTesting_52
INFO: [VRFC 10-311] analyzing module FifoTesting_53
INFO: [VRFC 10-311] analyzing module FifoTesting_54
INFO: [VRFC 10-311] analyzing module FifoTesting_55
INFO: [VRFC 10-311] analyzing module FifoTesting_56
INFO: [VRFC 10-311] analyzing module FifoTesting_57
INFO: [VRFC 10-311] analyzing module Reg
INFO: [VRFC 10-311] analyzing module Reg_10
INFO: [VRFC 10-311] analyzing module Reg_11
INFO: [VRFC 10-311] analyzing module Reg_12
INFO: [VRFC 10-311] analyzing module Reg_13
INFO: [VRFC 10-311] analyzing module Reg_14
INFO: [VRFC 10-311] analyzing module Reg_15
INFO: [VRFC 10-311] analyzing module Reg_16
INFO: [VRFC 10-311] analyzing module Reg_17
INFO: [VRFC 10-311] analyzing module Reg_18
INFO: [VRFC 10-311] analyzing module Reg_19
INFO: [VRFC 10-311] analyzing module Reg_2
INFO: [VRFC 10-311] analyzing module Reg_20
INFO: [VRFC 10-311] analyzing module Reg_21
INFO: [VRFC 10-311] analyzing module Reg_22
INFO: [VRFC 10-311] analyzing module Reg_23
INFO: [VRFC 10-311] analyzing module Reg_24
INFO: [VRFC 10-311] analyzing module Reg_25
INFO: [VRFC 10-311] analyzing module Reg_26
INFO: [VRFC 10-311] analyzing module Reg_27
INFO: [VRFC 10-311] analyzing module Reg_28
INFO: [VRFC 10-311] analyzing module Reg_29
INFO: [VRFC 10-311] analyzing module Reg_3
INFO: [VRFC 10-311] analyzing module Reg_30
INFO: [VRFC 10-311] analyzing module Reg_31
INFO: [VRFC 10-311] analyzing module Reg_32
INFO: [VRFC 10-311] analyzing module Reg_33
INFO: [VRFC 10-311] analyzing module Reg_34
INFO: [VRFC 10-311] analyzing module Reg_35
INFO: [VRFC 10-311] analyzing module Reg_36
INFO: [VRFC 10-311] analyzing module Reg_37
INFO: [VRFC 10-311] analyzing module Reg_38
INFO: [VRFC 10-311] analyzing module Reg_39
INFO: [VRFC 10-311] analyzing module Reg_4
INFO: [VRFC 10-311] analyzing module Reg_40
INFO: [VRFC 10-311] analyzing module Reg_41
INFO: [VRFC 10-311] analyzing module Reg_42
INFO: [VRFC 10-311] analyzing module Reg_43
INFO: [VRFC 10-311] analyzing module Reg_44
INFO: [VRFC 10-311] analyzing module Reg_45
INFO: [VRFC 10-311] analyzing module Reg_46
INFO: [VRFC 10-311] analyzing module Reg_47
INFO: [VRFC 10-311] analyzing module Reg_48
INFO: [VRFC 10-311] analyzing module Reg_49
INFO: [VRFC 10-311] analyzing module Reg_5
INFO: [VRFC 10-311] analyzing module Reg_6
INFO: [VRFC 10-311] analyzing module Reg_7
INFO: [VRFC 10-311] analyzing module Reg_8
INFO: [VRFC 10-311] analyzing module Reg_9
INFO: [VRFC 10-311] analyzing module TFlipFlop
INFO: [VRFC 10-311] analyzing module TopLevel_Convolution
INFO: [VRFC 10-311] analyzing module mult_gen_0
INFO: [VRFC 10-311] analyzing module mult_gen_0_HD147
INFO: [VRFC 10-311] analyzing module mult_gen_0_HD151
INFO: [VRFC 10-311] analyzing module mult_gen_0_HD155
INFO: [VRFC 10-311] analyzing module mult_gen_0_HD159
INFO: [VRFC 10-311] analyzing module mult_gen_0_HD163
INFO: [VRFC 10-311] analyzing module mult_gen_0_HD167
INFO: [VRFC 10-311] analyzing module mult_gen_0_HD171
INFO: [VRFC 10-311] analyzing module mult_gen_0_HD175
INFO: [VRFC 10-311] analyzing module mult_gen_0_HD179
INFO: [VRFC 10-311] analyzing module mult_gen_0_HD183
INFO: [VRFC 10-311] analyzing module mult_gen_0_HD187
INFO: [VRFC 10-311] analyzing module mult_gen_0_HD191
INFO: [VRFC 10-311] analyzing module mult_gen_0_HD195
INFO: [VRFC 10-311] analyzing module mult_gen_0_HD199
INFO: [VRFC 10-311] analyzing module mult_gen_0_HD203
INFO: [VRFC 10-311] analyzing module mult_gen_0_HD207
INFO: [VRFC 10-311] analyzing module mult_gen_0_HD211
INFO: [VRFC 10-311] analyzing module mult_gen_0_HD215
INFO: [VRFC 10-311] analyzing module mult_gen_0_HD219
INFO: [VRFC 10-311] analyzing module mult_gen_0_HD223
INFO: [VRFC 10-311] analyzing module mult_gen_0_HD227
INFO: [VRFC 10-311] analyzing module mult_gen_0_HD231
INFO: [VRFC 10-311] analyzing module mult_gen_0_HD235
INFO: [VRFC 10-311] analyzing module mult_gen_0_HD239
INFO: [VRFC 10-311] analyzing module mult_gen_0_HD243
INFO: [VRFC 10-311] analyzing module mult_gen_0_HD247
INFO: [VRFC 10-311] analyzing module mult_gen_0_HD251
INFO: [VRFC 10-311] analyzing module mult_gen_0_HD255
INFO: [VRFC 10-311] analyzing module mult_gen_0_HD259
INFO: [VRFC 10-311] analyzing module mult_gen_0_HD263
INFO: [VRFC 10-311] analyzing module mult_gen_0_HD267
INFO: [VRFC 10-311] analyzing module mult_gen_0_HD271
INFO: [VRFC 10-311] analyzing module mult_gen_0_HD275
INFO: [VRFC 10-311] analyzing module mult_gen_0_HD279
INFO: [VRFC 10-311] analyzing module mult_gen_0_HD283
INFO: [VRFC 10-311] analyzing module mult_gen_0_HD287
INFO: [VRFC 10-311] analyzing module mult_gen_0_HD291
INFO: [VRFC 10-311] analyzing module mult_gen_0_HD295
INFO: [VRFC 10-311] analyzing module mult_gen_0_HD299
INFO: [VRFC 10-311] analyzing module mult_gen_0_HD303
INFO: [VRFC 10-311] analyzing module mult_gen_0_HD307
INFO: [VRFC 10-311] analyzing module mult_gen_0_HD311
INFO: [VRFC 10-311] analyzing module mult_gen_0_HD315
INFO: [VRFC 10-311] analyzing module mult_gen_0_HD319
INFO: [VRFC 10-311] analyzing module mult_gen_0_HD323
INFO: [VRFC 10-311] analyzing module mult_gen_0_HD327
INFO: [VRFC 10-311] analyzing module mult_gen_0_HD331
INFO: [VRFC 10-311] analyzing module mult_gen_0_HD335
INFO: [VRFC 10-311] analyzing module mult_gen_0_HD339
INFO: [VRFC 10-311] analyzing module mult_gen_0_HD343
INFO: [VRFC 10-311] analyzing module mult_gen_0_HD347
INFO: [VRFC 10-311] analyzing module mult_gen_0_HD351
INFO: [VRFC 10-311] analyzing module mult_gen_0_HD355
INFO: [VRFC 10-311] analyzing module mult_gen_0_HD359
INFO: [VRFC 10-311] analyzing module mult_gen_0_HD363
INFO: [VRFC 10-311] analyzing module mult_gen_0_HD367
INFO: [VRFC 10-311] analyzing module mult_gen_0_HD371
INFO: [VRFC 10-311] analyzing module mult_gen_0_HD375
INFO: [VRFC 10-311] analyzing module mult_gen_0_HD379
INFO: [VRFC 10-311] analyzing module mult_gen_0_HD383
INFO: [VRFC 10-311] analyzing module mult_gen_0_HD387
INFO: [VRFC 10-311] analyzing module mult_gen_0_HD391
INFO: [VRFC 10-311] analyzing module mult_gen_0_HD395
INFO: [VRFC 10-311] analyzing module mult_gen_0_HD399
INFO: [VRFC 10-311] analyzing module mult_gen_0_HD403
INFO: [VRFC 10-311] analyzing module mult_gen_0_HD407
INFO: [VRFC 10-311] analyzing module mult_gen_0_HD411
INFO: [VRFC 10-311] analyzing module mult_gen_0_HD415
INFO: [VRFC 10-311] analyzing module mult_gen_0_HD419
INFO: [VRFC 10-311] analyzing module mult_gen_0_HD423
INFO: [VRFC 10-311] analyzing module mult_gen_0_HD427
INFO: [VRFC 10-311] analyzing module mult_gen_0_HD431
INFO: [VRFC 10-311] analyzing module mult_gen_0_HD435
INFO: [VRFC 10-311] analyzing module mult_gen_0_HD439
INFO: [VRFC 10-311] analyzing module mult_gen_0_HD443
INFO: [VRFC 10-311] analyzing module mult_gen_0_HD447
INFO: [VRFC 10-311] analyzing module mult_gen_0_HD451
INFO: [VRFC 10-311] analyzing module mult_gen_0_HD455
INFO: [VRFC 10-311] analyzing module mult_gen_0_HD459
INFO: [VRFC 10-311] analyzing module mult_gen_0_HD463
INFO: [VRFC 10-311] analyzing module mult_gen_0_HD467
INFO: [VRFC 10-311] analyzing module mult_gen_0_HD471
INFO: [VRFC 10-311] analyzing module mult_gen_0_HD475
INFO: [VRFC 10-311] analyzing module mult_gen_0_HD479
INFO: [VRFC 10-311] analyzing module mult_gen_0_HD483
INFO: [VRFC 10-311] analyzing module mult_gen_0_HD487
INFO: [VRFC 10-311] analyzing module mult_gen_0_HD491
INFO: [VRFC 10-311] analyzing module mult_gen_0_HD495
INFO: [VRFC 10-311] analyzing module mult_gen_0_HD499
INFO: [VRFC 10-311] analyzing module mult_gen_0_HD503
INFO: [VRFC 10-311] analyzing module mult_gen_0_HD507
INFO: [VRFC 10-311] analyzing module mult_gen_0_HD511
INFO: [VRFC 10-311] analyzing module mult_gen_0_HD515
INFO: [VRFC 10-311] analyzing module mult_gen_0_HD519
INFO: [VRFC 10-311] analyzing module mult_gen_0_HD523
INFO: [VRFC 10-311] analyzing module mult_gen_0_HD527
INFO: [VRFC 10-311] analyzing module mult_gen_0_HD531
INFO: [VRFC 10-311] analyzing module mult_gen_0_HD535
INFO: [VRFC 10-311] analyzing module mult_gen_0_HD539
INFO: [VRFC 10-311] analyzing module mult_gen_0_HD543
INFO: [VRFC 10-311] analyzing module mult_gen_0_HD547
INFO: [VRFC 10-311] analyzing module mult_gen_0_HD551
INFO: [VRFC 10-311] analyzing module mult_gen_0_HD555
INFO: [VRFC 10-311] analyzing module mult_gen_0_HD559
INFO: [VRFC 10-311] analyzing module mult_gen_0_HD563
INFO: [VRFC 10-311] analyzing module mult_gen_0_HD567
INFO: [VRFC 10-311] analyzing module mult_gen_0_HD571
INFO: [VRFC 10-311] analyzing module mult_gen_0_HD575
INFO: [VRFC 10-311] analyzing module mult_gen_0_HD579
INFO: [VRFC 10-311] analyzing module mult_gen_0_HD583
INFO: [VRFC 10-311] analyzing module mult_gen_0_HD587
INFO: [VRFC 10-311] analyzing module mult_gen_0_HD591
INFO: [VRFC 10-311] analyzing module mult_gen_0_HD595
INFO: [VRFC 10-311] analyzing module mult_gen_0_HD599
INFO: [VRFC 10-311] analyzing module mult_gen_0_HD603
INFO: [VRFC 10-311] analyzing module mult_gen_0_HD607
INFO: [VRFC 10-311] analyzing module mult_gen_0_HD611
INFO: [VRFC 10-311] analyzing module mult_gen_0_HD615
INFO: [VRFC 10-311] analyzing module mult_gen_0_HD619
INFO: [VRFC 10-311] analyzing module mult_gen_0_HD623
INFO: [VRFC 10-311] analyzing module mult_gen_0_HD627
INFO: [VRFC 10-311] analyzing module mult_gen_0_HD631
INFO: [VRFC 10-311] analyzing module mult_gen_0_HD635
INFO: [VRFC 10-311] analyzing module mult_gen_0_HD639
INFO: [VRFC 10-311] analyzing module mult_gen_0_HD643
INFO: [VRFC 10-311] analyzing module mult_gen_0_HD647
INFO: [VRFC 10-311] analyzing module mult_gen_0_HD651
INFO: [VRFC 10-311] analyzing module mult_gen_0_HD655
INFO: [VRFC 10-311] analyzing module mult_gen_0_HD659
INFO: [VRFC 10-311] analyzing module mult_gen_0_HD663
INFO: [VRFC 10-311] analyzing module mult_gen_0_HD667
INFO: [VRFC 10-311] analyzing module mult_gen_0_HD671
INFO: [VRFC 10-311] analyzing module mult_gen_0_HD675
INFO: [VRFC 10-311] analyzing module mult_gen_0_HD679
INFO: [VRFC 10-311] analyzing module mult_gen_0_HD683
INFO: [VRFC 10-311] analyzing module mult_gen_0_HD687
INFO: [VRFC 10-311] analyzing module mult_gen_0_HD691
INFO: [VRFC 10-311] analyzing module mult_gen_0_HD695
INFO: [VRFC 10-311] analyzing module mult_gen_0_HD699
INFO: [VRFC 10-311] analyzing module mult_gen_0_HD703
INFO: [VRFC 10-311] analyzing module mult_gen_0_HD707
INFO: [VRFC 10-311] analyzing module mult_gen_0_HD711
INFO: [VRFC 10-311] analyzing module mult_gen_0_HD715
INFO: [VRFC 10-311] analyzing module mult_gen_0_HD719
INFO: [VRFC 10-311] analyzing module mult_gen_0_HD723
INFO: [VRFC 10-311] analyzing module mult_gen_0_HD727
INFO: [VRFC 10-311] analyzing module mult_gen_1
INFO: [VRFC 10-311] analyzing module mult_gen_1_HD733
INFO: [VRFC 10-311] analyzing module mult_gen_1_HD738
INFO: [VRFC 10-311] analyzing module mult_gen_0_mult_gen_v12_0_12
INFO: [VRFC 10-311] analyzing module mult_gen_0_mult_gen_v12_0_12_HD148
INFO: [VRFC 10-311] analyzing module mult_gen_0_mult_gen_v12_0_12_HD152
INFO: [VRFC 10-311] analyzing module mult_gen_0_mult_gen_v12_0_12_HD156
INFO: [VRFC 10-311] analyzing module mult_gen_0_mult_gen_v12_0_12_HD160
INFO: [VRFC 10-311] analyzing module mult_gen_0_mult_gen_v12_0_12_HD164
INFO: [VRFC 10-311] analyzing module mult_gen_0_mult_gen_v12_0_12_HD168
INFO: [VRFC 10-311] analyzing module mult_gen_0_mult_gen_v12_0_12_HD172
INFO: [VRFC 10-311] analyzing module mult_gen_0_mult_gen_v12_0_12_HD176
INFO: [VRFC 10-311] analyzing module mult_gen_0_mult_gen_v12_0_12_HD180
INFO: [VRFC 10-311] analyzing module mult_gen_0_mult_gen_v12_0_12_HD184
INFO: [VRFC 10-311] analyzing module mult_gen_0_mult_gen_v12_0_12_HD188
INFO: [VRFC 10-311] analyzing module mult_gen_0_mult_gen_v12_0_12_HD192
INFO: [VRFC 10-311] analyzing module mult_gen_0_mult_gen_v12_0_12_HD196
INFO: [VRFC 10-311] analyzing module mult_gen_0_mult_gen_v12_0_12_HD200
INFO: [VRFC 10-311] analyzing module mult_gen_0_mult_gen_v12_0_12_HD204
INFO: [VRFC 10-311] analyzing module mult_gen_0_mult_gen_v12_0_12_HD208
INFO: [VRFC 10-311] analyzing module mult_gen_0_mult_gen_v12_0_12_HD212
INFO: [VRFC 10-311] analyzing module mult_gen_0_mult_gen_v12_0_12_HD216
INFO: [VRFC 10-311] analyzing module mult_gen_0_mult_gen_v12_0_12_HD220
INFO: [VRFC 10-311] analyzing module mult_gen_0_mult_gen_v12_0_12_HD224
INFO: [VRFC 10-311] analyzing module mult_gen_0_mult_gen_v12_0_12_HD228
INFO: [VRFC 10-311] analyzing module mult_gen_0_mult_gen_v12_0_12_HD232
INFO: [VRFC 10-311] analyzing module mult_gen_0_mult_gen_v12_0_12_HD236
INFO: [VRFC 10-311] analyzing module mult_gen_0_mult_gen_v12_0_12_HD240
INFO: [VRFC 10-311] analyzing module mult_gen_0_mult_gen_v12_0_12_HD244
INFO: [VRFC 10-311] analyzing module mult_gen_0_mult_gen_v12_0_12_HD248
INFO: [VRFC 10-311] analyzing module mult_gen_0_mult_gen_v12_0_12_HD252
INFO: [VRFC 10-311] analyzing module mult_gen_0_mult_gen_v12_0_12_HD256
INFO: [VRFC 10-311] analyzing module mult_gen_0_mult_gen_v12_0_12_HD260
INFO: [VRFC 10-311] analyzing module mult_gen_0_mult_gen_v12_0_12_HD264
INFO: [VRFC 10-311] analyzing module mult_gen_0_mult_gen_v12_0_12_HD268
INFO: [VRFC 10-311] analyzing module mult_gen_0_mult_gen_v12_0_12_HD272
INFO: [VRFC 10-311] analyzing module mult_gen_0_mult_gen_v12_0_12_HD276
INFO: [VRFC 10-311] analyzing module mult_gen_0_mult_gen_v12_0_12_HD280
INFO: [VRFC 10-311] analyzing module mult_gen_0_mult_gen_v12_0_12_HD284
INFO: [VRFC 10-311] analyzing module mult_gen_0_mult_gen_v12_0_12_HD288
INFO: [VRFC 10-311] analyzing module mult_gen_0_mult_gen_v12_0_12_HD292
INFO: [VRFC 10-311] analyzing module mult_gen_0_mult_gen_v12_0_12_HD296
INFO: [VRFC 10-311] analyzing module mult_gen_0_mult_gen_v12_0_12_HD300
INFO: [VRFC 10-311] analyzing module mult_gen_0_mult_gen_v12_0_12_HD304
INFO: [VRFC 10-311] analyzing module mult_gen_0_mult_gen_v12_0_12_HD308
INFO: [VRFC 10-311] analyzing module mult_gen_0_mult_gen_v12_0_12_HD312
INFO: [VRFC 10-311] analyzing module mult_gen_0_mult_gen_v12_0_12_HD316
INFO: [VRFC 10-311] analyzing module mult_gen_0_mult_gen_v12_0_12_HD320
INFO: [VRFC 10-311] analyzing module mult_gen_0_mult_gen_v12_0_12_HD324
INFO: [VRFC 10-311] analyzing module mult_gen_0_mult_gen_v12_0_12_HD328
INFO: [VRFC 10-311] analyzing module mult_gen_0_mult_gen_v12_0_12_HD332
INFO: [VRFC 10-311] analyzing module mult_gen_0_mult_gen_v12_0_12_HD336
INFO: [VRFC 10-311] analyzing module mult_gen_0_mult_gen_v12_0_12_HD340
INFO: [VRFC 10-311] analyzing module mult_gen_0_mult_gen_v12_0_12_HD344
INFO: [VRFC 10-311] analyzing module mult_gen_0_mult_gen_v12_0_12_HD348
INFO: [VRFC 10-311] analyzing module mult_gen_0_mult_gen_v12_0_12_HD352
INFO: [VRFC 10-311] analyzing module mult_gen_0_mult_gen_v12_0_12_HD356
INFO: [VRFC 10-311] analyzing module mult_gen_0_mult_gen_v12_0_12_HD360
INFO: [VRFC 10-311] analyzing module mult_gen_0_mult_gen_v12_0_12_HD364
INFO: [VRFC 10-311] analyzing module mult_gen_0_mult_gen_v12_0_12_HD368
INFO: [VRFC 10-311] analyzing module mult_gen_0_mult_gen_v12_0_12_HD372
INFO: [VRFC 10-311] analyzing module mult_gen_0_mult_gen_v12_0_12_HD376
INFO: [VRFC 10-311] analyzing module mult_gen_0_mult_gen_v12_0_12_HD380
INFO: [VRFC 10-311] analyzing module mult_gen_0_mult_gen_v12_0_12_HD384
INFO: [VRFC 10-311] analyzing module mult_gen_0_mult_gen_v12_0_12_HD388
INFO: [VRFC 10-311] analyzing module mult_gen_0_mult_gen_v12_0_12_HD392
INFO: [VRFC 10-311] analyzing module mult_gen_0_mult_gen_v12_0_12_HD396
INFO: [VRFC 10-311] analyzing module mult_gen_0_mult_gen_v12_0_12_HD400
INFO: [VRFC 10-311] analyzing module mult_gen_0_mult_gen_v12_0_12_HD404
INFO: [VRFC 10-311] analyzing module mult_gen_0_mult_gen_v12_0_12_HD408
INFO: [VRFC 10-311] analyzing module mult_gen_0_mult_gen_v12_0_12_HD412
INFO: [VRFC 10-311] analyzing module mult_gen_0_mult_gen_v12_0_12_HD416
INFO: [VRFC 10-311] analyzing module mult_gen_0_mult_gen_v12_0_12_HD420
INFO: [VRFC 10-311] analyzing module mult_gen_0_mult_gen_v12_0_12_HD424
INFO: [VRFC 10-311] analyzing module mult_gen_0_mult_gen_v12_0_12_HD428
INFO: [VRFC 10-311] analyzing module mult_gen_0_mult_gen_v12_0_12_HD432
INFO: [VRFC 10-311] analyzing module mult_gen_0_mult_gen_v12_0_12_HD436
INFO: [VRFC 10-311] analyzing module mult_gen_0_mult_gen_v12_0_12_HD440
INFO: [VRFC 10-311] analyzing module mult_gen_0_mult_gen_v12_0_12_HD444
INFO: [VRFC 10-311] analyzing module mult_gen_0_mult_gen_v12_0_12_HD448
INFO: [VRFC 10-311] analyzing module mult_gen_0_mult_gen_v12_0_12_HD452
INFO: [VRFC 10-311] analyzing module mult_gen_0_mult_gen_v12_0_12_HD456
INFO: [VRFC 10-311] analyzing module mult_gen_0_mult_gen_v12_0_12_HD460
INFO: [VRFC 10-311] analyzing module mult_gen_0_mult_gen_v12_0_12_HD464
INFO: [VRFC 10-311] analyzing module mult_gen_0_mult_gen_v12_0_12_HD468
INFO: [VRFC 10-311] analyzing module mult_gen_0_mult_gen_v12_0_12_HD472
INFO: [VRFC 10-311] analyzing module mult_gen_0_mult_gen_v12_0_12_HD476
INFO: [VRFC 10-311] analyzing module mult_gen_0_mult_gen_v12_0_12_HD480
INFO: [VRFC 10-311] analyzing module mult_gen_0_mult_gen_v12_0_12_HD484
INFO: [VRFC 10-311] analyzing module mult_gen_0_mult_gen_v12_0_12_HD488
INFO: [VRFC 10-311] analyzing module mult_gen_0_mult_gen_v12_0_12_HD492
INFO: [VRFC 10-311] analyzing module mult_gen_0_mult_gen_v12_0_12_HD496
INFO: [VRFC 10-311] analyzing module mult_gen_0_mult_gen_v12_0_12_HD500
INFO: [VRFC 10-311] analyzing module mult_gen_0_mult_gen_v12_0_12_HD504
INFO: [VRFC 10-311] analyzing module mult_gen_0_mult_gen_v12_0_12_HD508
INFO: [VRFC 10-311] analyzing module mult_gen_0_mult_gen_v12_0_12_HD512
INFO: [VRFC 10-311] analyzing module mult_gen_0_mult_gen_v12_0_12_HD516
INFO: [VRFC 10-311] analyzing module mult_gen_0_mult_gen_v12_0_12_HD520
INFO: [VRFC 10-311] analyzing module mult_gen_0_mult_gen_v12_0_12_HD524
INFO: [VRFC 10-311] analyzing module mult_gen_0_mult_gen_v12_0_12_HD528
INFO: [VRFC 10-311] analyzing module mult_gen_0_mult_gen_v12_0_12_HD532
INFO: [VRFC 10-311] analyzing module mult_gen_0_mult_gen_v12_0_12_HD536
INFO: [VRFC 10-311] analyzing module mult_gen_0_mult_gen_v12_0_12_HD540
INFO: [VRFC 10-311] analyzing module mult_gen_0_mult_gen_v12_0_12_HD544
INFO: [VRFC 10-311] analyzing module mult_gen_0_mult_gen_v12_0_12_HD548
INFO: [VRFC 10-311] analyzing module mult_gen_0_mult_gen_v12_0_12_HD552
INFO: [VRFC 10-311] analyzing module mult_gen_0_mult_gen_v12_0_12_HD556
INFO: [VRFC 10-311] analyzing module mult_gen_0_mult_gen_v12_0_12_HD560
INFO: [VRFC 10-311] analyzing module mult_gen_0_mult_gen_v12_0_12_HD564
INFO: [VRFC 10-311] analyzing module mult_gen_0_mult_gen_v12_0_12_HD568
INFO: [VRFC 10-311] analyzing module mult_gen_0_mult_gen_v12_0_12_HD572
INFO: [VRFC 10-311] analyzing module mult_gen_0_mult_gen_v12_0_12_HD576
INFO: [VRFC 10-311] analyzing module mult_gen_0_mult_gen_v12_0_12_HD580
INFO: [VRFC 10-311] analyzing module mult_gen_0_mult_gen_v12_0_12_HD584
INFO: [VRFC 10-311] analyzing module mult_gen_0_mult_gen_v12_0_12_HD588
INFO: [VRFC 10-311] analyzing module mult_gen_0_mult_gen_v12_0_12_HD592
INFO: [VRFC 10-311] analyzing module mult_gen_0_mult_gen_v12_0_12_HD596
INFO: [VRFC 10-311] analyzing module mult_gen_0_mult_gen_v12_0_12_HD600
INFO: [VRFC 10-311] analyzing module mult_gen_0_mult_gen_v12_0_12_HD604
INFO: [VRFC 10-311] analyzing module mult_gen_0_mult_gen_v12_0_12_HD608
INFO: [VRFC 10-311] analyzing module mult_gen_0_mult_gen_v12_0_12_HD612
INFO: [VRFC 10-311] analyzing module mult_gen_0_mult_gen_v12_0_12_HD616
INFO: [VRFC 10-311] analyzing module mult_gen_0_mult_gen_v12_0_12_HD620
INFO: [VRFC 10-311] analyzing module mult_gen_0_mult_gen_v12_0_12_HD624
INFO: [VRFC 10-311] analyzing module mult_gen_0_mult_gen_v12_0_12_HD628
INFO: [VRFC 10-311] analyzing module mult_gen_0_mult_gen_v12_0_12_HD632
INFO: [VRFC 10-311] analyzing module mult_gen_0_mult_gen_v12_0_12_HD636
INFO: [VRFC 10-311] analyzing module mult_gen_0_mult_gen_v12_0_12_HD640
INFO: [VRFC 10-311] analyzing module mult_gen_0_mult_gen_v12_0_12_HD644
INFO: [VRFC 10-311] analyzing module mult_gen_0_mult_gen_v12_0_12_HD648
INFO: [VRFC 10-311] analyzing module mult_gen_0_mult_gen_v12_0_12_HD652
INFO: [VRFC 10-311] analyzing module mult_gen_0_mult_gen_v12_0_12_HD656
INFO: [VRFC 10-311] analyzing module mult_gen_0_mult_gen_v12_0_12_HD660
INFO: [VRFC 10-311] analyzing module mult_gen_0_mult_gen_v12_0_12_HD664
INFO: [VRFC 10-311] analyzing module mult_gen_0_mult_gen_v12_0_12_HD668
INFO: [VRFC 10-311] analyzing module mult_gen_0_mult_gen_v12_0_12_HD672
INFO: [VRFC 10-311] analyzing module mult_gen_0_mult_gen_v12_0_12_HD676
INFO: [VRFC 10-311] analyzing module mult_gen_0_mult_gen_v12_0_12_HD680
INFO: [VRFC 10-311] analyzing module mult_gen_0_mult_gen_v12_0_12_HD684
INFO: [VRFC 10-311] analyzing module mult_gen_0_mult_gen_v12_0_12_HD688
INFO: [VRFC 10-311] analyzing module mult_gen_0_mult_gen_v12_0_12_HD692
INFO: [VRFC 10-311] analyzing module mult_gen_0_mult_gen_v12_0_12_HD696
INFO: [VRFC 10-311] analyzing module mult_gen_0_mult_gen_v12_0_12_HD700
INFO: [VRFC 10-311] analyzing module mult_gen_0_mult_gen_v12_0_12_HD704
INFO: [VRFC 10-311] analyzing module mult_gen_0_mult_gen_v12_0_12_HD708
INFO: [VRFC 10-311] analyzing module mult_gen_0_mult_gen_v12_0_12_HD712
INFO: [VRFC 10-311] analyzing module mult_gen_0_mult_gen_v12_0_12_HD716
INFO: [VRFC 10-311] analyzing module mult_gen_0_mult_gen_v12_0_12_HD720
INFO: [VRFC 10-311] analyzing module mult_gen_0_mult_gen_v12_0_12_HD724
INFO: [VRFC 10-311] analyzing module mult_gen_0_mult_gen_v12_0_12_HD728
INFO: [VRFC 10-311] analyzing module mult_gen_1_mult_gen_v12_0_12
INFO: [VRFC 10-311] analyzing module mult_gen_1_mult_gen_v12_0_12_HD734
INFO: [VRFC 10-311] analyzing module mult_gen_1_mult_gen_v12_0_12_HD739
INFO: [VRFC 10-311] analyzing module mult_gen_0_dsp
INFO: [VRFC 10-311] analyzing module mult_gen_0_dsp_HD150
INFO: [VRFC 10-311] analyzing module mult_gen_0_dsp_HD154
INFO: [VRFC 10-311] analyzing module mult_gen_0_dsp_HD158
INFO: [VRFC 10-311] analyzing module mult_gen_0_dsp_HD162
INFO: [VRFC 10-311] analyzing module mult_gen_0_dsp_HD166
INFO: [VRFC 10-311] analyzing module mult_gen_0_dsp_HD170
INFO: [VRFC 10-311] analyzing module mult_gen_0_dsp_HD174
INFO: [VRFC 10-311] analyzing module mult_gen_0_dsp_HD178
INFO: [VRFC 10-311] analyzing module mult_gen_0_dsp_HD182
INFO: [VRFC 10-311] analyzing module mult_gen_0_dsp_HD186
INFO: [VRFC 10-311] analyzing module mult_gen_0_dsp_HD190
INFO: [VRFC 10-311] analyzing module mult_gen_0_dsp_HD194
INFO: [VRFC 10-311] analyzing module mult_gen_0_dsp_HD198
INFO: [VRFC 10-311] analyzing module mult_gen_0_dsp_HD202
INFO: [VRFC 10-311] analyzing module mult_gen_0_dsp_HD206
INFO: [VRFC 10-311] analyzing module mult_gen_0_dsp_HD210
INFO: [VRFC 10-311] analyzing module mult_gen_0_dsp_HD214
INFO: [VRFC 10-311] analyzing module mult_gen_0_dsp_HD218
INFO: [VRFC 10-311] analyzing module mult_gen_0_dsp_HD222
INFO: [VRFC 10-311] analyzing module mult_gen_0_dsp_HD226
INFO: [VRFC 10-311] analyzing module mult_gen_0_dsp_HD230
INFO: [VRFC 10-311] analyzing module mult_gen_0_dsp_HD234
INFO: [VRFC 10-311] analyzing module mult_gen_0_dsp_HD238
INFO: [VRFC 10-311] analyzing module mult_gen_0_dsp_HD242
INFO: [VRFC 10-311] analyzing module mult_gen_0_dsp_HD246
INFO: [VRFC 10-311] analyzing module mult_gen_0_dsp_HD250
INFO: [VRFC 10-311] analyzing module mult_gen_0_dsp_HD254
INFO: [VRFC 10-311] analyzing module mult_gen_0_dsp_HD258
INFO: [VRFC 10-311] analyzing module mult_gen_0_dsp_HD262
INFO: [VRFC 10-311] analyzing module mult_gen_0_dsp_HD266
INFO: [VRFC 10-311] analyzing module mult_gen_0_dsp_HD270
INFO: [VRFC 10-311] analyzing module mult_gen_0_dsp_HD274
INFO: [VRFC 10-311] analyzing module mult_gen_0_dsp_HD278
INFO: [VRFC 10-311] analyzing module mult_gen_0_dsp_HD282
INFO: [VRFC 10-311] analyzing module mult_gen_0_dsp_HD286
INFO: [VRFC 10-311] analyzing module mult_gen_0_dsp_HD290
INFO: [VRFC 10-311] analyzing module mult_gen_0_dsp_HD294
INFO: [VRFC 10-311] analyzing module mult_gen_0_dsp_HD298
INFO: [VRFC 10-311] analyzing module mult_gen_0_dsp_HD302
INFO: [VRFC 10-311] analyzing module mult_gen_0_dsp_HD306
INFO: [VRFC 10-311] analyzing module mult_gen_0_dsp_HD310
INFO: [VRFC 10-311] analyzing module mult_gen_0_dsp_HD314
INFO: [VRFC 10-311] analyzing module mult_gen_0_dsp_HD318
INFO: [VRFC 10-311] analyzing module mult_gen_0_dsp_HD322
INFO: [VRFC 10-311] analyzing module mult_gen_0_dsp_HD326
INFO: [VRFC 10-311] analyzing module mult_gen_0_dsp_HD330
INFO: [VRFC 10-311] analyzing module mult_gen_0_dsp_HD334
INFO: [VRFC 10-311] analyzing module mult_gen_0_dsp_HD338
INFO: [VRFC 10-311] analyzing module mult_gen_0_dsp_HD342
INFO: [VRFC 10-311] analyzing module mult_gen_0_dsp_HD346
INFO: [VRFC 10-311] analyzing module mult_gen_0_dsp_HD350
INFO: [VRFC 10-311] analyzing module mult_gen_0_dsp_HD354
INFO: [VRFC 10-311] analyzing module mult_gen_0_dsp_HD358
INFO: [VRFC 10-311] analyzing module mult_gen_0_dsp_HD362
INFO: [VRFC 10-311] analyzing module mult_gen_0_dsp_HD366
INFO: [VRFC 10-311] analyzing module mult_gen_0_dsp_HD370
INFO: [VRFC 10-311] analyzing module mult_gen_0_dsp_HD374
INFO: [VRFC 10-311] analyzing module mult_gen_0_dsp_HD378
INFO: [VRFC 10-311] analyzing module mult_gen_0_dsp_HD382
INFO: [VRFC 10-311] analyzing module mult_gen_0_dsp_HD386
INFO: [VRFC 10-311] analyzing module mult_gen_0_dsp_HD390
INFO: [VRFC 10-311] analyzing module mult_gen_0_dsp_HD394
INFO: [VRFC 10-311] analyzing module mult_gen_0_dsp_HD398
INFO: [VRFC 10-311] analyzing module mult_gen_0_dsp_HD402
INFO: [VRFC 10-311] analyzing module mult_gen_0_dsp_HD406
INFO: [VRFC 10-311] analyzing module mult_gen_0_dsp_HD410
INFO: [VRFC 10-311] analyzing module mult_gen_0_dsp_HD414
INFO: [VRFC 10-311] analyzing module mult_gen_0_dsp_HD418
INFO: [VRFC 10-311] analyzing module mult_gen_0_dsp_HD422
INFO: [VRFC 10-311] analyzing module mult_gen_0_dsp_HD426
INFO: [VRFC 10-311] analyzing module mult_gen_0_dsp_HD430
INFO: [VRFC 10-311] analyzing module mult_gen_0_dsp_HD434
INFO: [VRFC 10-311] analyzing module mult_gen_0_dsp_HD438
INFO: [VRFC 10-311] analyzing module mult_gen_0_dsp_HD442
INFO: [VRFC 10-311] analyzing module mult_gen_0_dsp_HD446
INFO: [VRFC 10-311] analyzing module mult_gen_0_dsp_HD450
INFO: [VRFC 10-311] analyzing module mult_gen_0_dsp_HD454
INFO: [VRFC 10-311] analyzing module mult_gen_0_dsp_HD458
INFO: [VRFC 10-311] analyzing module mult_gen_0_dsp_HD462
INFO: [VRFC 10-311] analyzing module mult_gen_0_dsp_HD466
INFO: [VRFC 10-311] analyzing module mult_gen_0_dsp_HD470
INFO: [VRFC 10-311] analyzing module mult_gen_0_dsp_HD474
INFO: [VRFC 10-311] analyzing module mult_gen_0_dsp_HD478
INFO: [VRFC 10-311] analyzing module mult_gen_0_dsp_HD482
INFO: [VRFC 10-311] analyzing module mult_gen_0_dsp_HD486
INFO: [VRFC 10-311] analyzing module mult_gen_0_dsp_HD490
INFO: [VRFC 10-311] analyzing module mult_gen_0_dsp_HD494
INFO: [VRFC 10-311] analyzing module mult_gen_0_dsp_HD498
INFO: [VRFC 10-311] analyzing module mult_gen_0_dsp_HD502
INFO: [VRFC 10-311] analyzing module mult_gen_0_dsp_HD506
INFO: [VRFC 10-311] analyzing module mult_gen_0_dsp_HD510
INFO: [VRFC 10-311] analyzing module mult_gen_0_dsp_HD514
INFO: [VRFC 10-311] analyzing module mult_gen_0_dsp_HD518
INFO: [VRFC 10-311] analyzing module mult_gen_0_dsp_HD522
INFO: [VRFC 10-311] analyzing module mult_gen_0_dsp_HD526
INFO: [VRFC 10-311] analyzing module mult_gen_0_dsp_HD530
INFO: [VRFC 10-311] analyzing module mult_gen_0_dsp_HD534
INFO: [VRFC 10-311] analyzing module mult_gen_0_dsp_HD538
INFO: [VRFC 10-311] analyzing module mult_gen_0_dsp_HD542
INFO: [VRFC 10-311] analyzing module mult_gen_0_dsp_HD546
INFO: [VRFC 10-311] analyzing module mult_gen_0_dsp_HD550
INFO: [VRFC 10-311] analyzing module mult_gen_0_dsp_HD554
INFO: [VRFC 10-311] analyzing module mult_gen_0_dsp_HD558
INFO: [VRFC 10-311] analyzing module mult_gen_0_dsp_HD562
INFO: [VRFC 10-311] analyzing module mult_gen_0_dsp_HD566
INFO: [VRFC 10-311] analyzing module mult_gen_0_dsp_HD570
INFO: [VRFC 10-311] analyzing module mult_gen_0_dsp_HD574
INFO: [VRFC 10-311] analyzing module mult_gen_0_dsp_HD578
INFO: [VRFC 10-311] analyzing module mult_gen_0_dsp_HD582
INFO: [VRFC 10-311] analyzing module mult_gen_0_dsp_HD586
INFO: [VRFC 10-311] analyzing module mult_gen_0_dsp_HD590
INFO: [VRFC 10-311] analyzing module mult_gen_0_dsp_HD594
INFO: [VRFC 10-311] analyzing module mult_gen_0_dsp_HD598
INFO: [VRFC 10-311] analyzing module mult_gen_0_dsp_HD602
INFO: [VRFC 10-311] analyzing module mult_gen_0_dsp_HD606
INFO: [VRFC 10-311] analyzing module mult_gen_0_dsp_HD610
INFO: [VRFC 10-311] analyzing module mult_gen_0_dsp_HD614
INFO: [VRFC 10-311] analyzing module mult_gen_0_dsp_HD618
INFO: [VRFC 10-311] analyzing module mult_gen_0_dsp_HD622
INFO: [VRFC 10-311] analyzing module mult_gen_0_dsp_HD626
INFO: [VRFC 10-311] analyzing module mult_gen_0_dsp_HD630
INFO: [VRFC 10-311] analyzing module mult_gen_0_dsp_HD634
INFO: [VRFC 10-311] analyzing module mult_gen_0_dsp_HD638
INFO: [VRFC 10-311] analyzing module mult_gen_0_dsp_HD642
INFO: [VRFC 10-311] analyzing module mult_gen_0_dsp_HD646
INFO: [VRFC 10-311] analyzing module mult_gen_0_dsp_HD650
INFO: [VRFC 10-311] analyzing module mult_gen_0_dsp_HD654
INFO: [VRFC 10-311] analyzing module mult_gen_0_dsp_HD658
INFO: [VRFC 10-311] analyzing module mult_gen_0_dsp_HD662
INFO: [VRFC 10-311] analyzing module mult_gen_0_dsp_HD666
INFO: [VRFC 10-311] analyzing module mult_gen_0_dsp_HD670
INFO: [VRFC 10-311] analyzing module mult_gen_0_dsp_HD674
INFO: [VRFC 10-311] analyzing module mult_gen_0_dsp_HD678
INFO: [VRFC 10-311] analyzing module mult_gen_0_dsp_HD682
INFO: [VRFC 10-311] analyzing module mult_gen_0_dsp_HD686
INFO: [VRFC 10-311] analyzing module mult_gen_0_dsp_HD690
INFO: [VRFC 10-311] analyzing module mult_gen_0_dsp_HD694
INFO: [VRFC 10-311] analyzing module mult_gen_0_dsp_HD698
INFO: [VRFC 10-311] analyzing module mult_gen_0_dsp_HD702
INFO: [VRFC 10-311] analyzing module mult_gen_0_dsp_HD706
INFO: [VRFC 10-311] analyzing module mult_gen_0_dsp_HD710
INFO: [VRFC 10-311] analyzing module mult_gen_0_dsp_HD714
INFO: [VRFC 10-311] analyzing module mult_gen_0_dsp_HD718
INFO: [VRFC 10-311] analyzing module mult_gen_0_dsp_HD722
INFO: [VRFC 10-311] analyzing module mult_gen_0_dsp_HD726
INFO: [VRFC 10-311] analyzing module mult_gen_0_dsp_HD730
INFO: [VRFC 10-311] analyzing module mult_gen_0_mult_gen_v12_0_12_viv
INFO: [VRFC 10-311] analyzing module mult_gen_0_mult_gen_v12_0_12_viv_HD149
INFO: [VRFC 10-311] analyzing module mult_gen_0_mult_gen_v12_0_12_viv_HD153
INFO: [VRFC 10-311] analyzing module mult_gen_0_mult_gen_v12_0_12_viv_HD157
INFO: [VRFC 10-311] analyzing module mult_gen_0_mult_gen_v12_0_12_viv_HD161
INFO: [VRFC 10-311] analyzing module mult_gen_0_mult_gen_v12_0_12_viv_HD165
INFO: [VRFC 10-311] analyzing module mult_gen_0_mult_gen_v12_0_12_viv_HD169
INFO: [VRFC 10-311] analyzing module mult_gen_0_mult_gen_v12_0_12_viv_HD173
INFO: [VRFC 10-311] analyzing module mult_gen_0_mult_gen_v12_0_12_viv_HD177
INFO: [VRFC 10-311] analyzing module mult_gen_0_mult_gen_v12_0_12_viv_HD181
INFO: [VRFC 10-311] analyzing module mult_gen_0_mult_gen_v12_0_12_viv_HD185
INFO: [VRFC 10-311] analyzing module mult_gen_0_mult_gen_v12_0_12_viv_HD189
INFO: [VRFC 10-311] analyzing module mult_gen_0_mult_gen_v12_0_12_viv_HD193
INFO: [VRFC 10-311] analyzing module mult_gen_0_mult_gen_v12_0_12_viv_HD197
INFO: [VRFC 10-311] analyzing module mult_gen_0_mult_gen_v12_0_12_viv_HD201
INFO: [VRFC 10-311] analyzing module mult_gen_0_mult_gen_v12_0_12_viv_HD205
INFO: [VRFC 10-311] analyzing module mult_gen_0_mult_gen_v12_0_12_viv_HD209
INFO: [VRFC 10-311] analyzing module mult_gen_0_mult_gen_v12_0_12_viv_HD213
INFO: [VRFC 10-311] analyzing module mult_gen_0_mult_gen_v12_0_12_viv_HD217
INFO: [VRFC 10-311] analyzing module mult_gen_0_mult_gen_v12_0_12_viv_HD221
INFO: [VRFC 10-311] analyzing module mult_gen_0_mult_gen_v12_0_12_viv_HD225
INFO: [VRFC 10-311] analyzing module mult_gen_0_mult_gen_v12_0_12_viv_HD229
INFO: [VRFC 10-311] analyzing module mult_gen_0_mult_gen_v12_0_12_viv_HD233
INFO: [VRFC 10-311] analyzing module mult_gen_0_mult_gen_v12_0_12_viv_HD237
INFO: [VRFC 10-311] analyzing module mult_gen_0_mult_gen_v12_0_12_viv_HD241
INFO: [VRFC 10-311] analyzing module mult_gen_0_mult_gen_v12_0_12_viv_HD245
INFO: [VRFC 10-311] analyzing module mult_gen_0_mult_gen_v12_0_12_viv_HD249
INFO: [VRFC 10-311] analyzing module mult_gen_0_mult_gen_v12_0_12_viv_HD253
INFO: [VRFC 10-311] analyzing module mult_gen_0_mult_gen_v12_0_12_viv_HD257
INFO: [VRFC 10-311] analyzing module mult_gen_0_mult_gen_v12_0_12_viv_HD261
INFO: [VRFC 10-311] analyzing module mult_gen_0_mult_gen_v12_0_12_viv_HD265
INFO: [VRFC 10-311] analyzing module mult_gen_0_mult_gen_v12_0_12_viv_HD269
INFO: [VRFC 10-311] analyzing module mult_gen_0_mult_gen_v12_0_12_viv_HD273
INFO: [VRFC 10-311] analyzing module mult_gen_0_mult_gen_v12_0_12_viv_HD277
INFO: [VRFC 10-311] analyzing module mult_gen_0_mult_gen_v12_0_12_viv_HD281
INFO: [VRFC 10-311] analyzing module mult_gen_0_mult_gen_v12_0_12_viv_HD285
INFO: [VRFC 10-311] analyzing module mult_gen_0_mult_gen_v12_0_12_viv_HD289
INFO: [VRFC 10-311] analyzing module mult_gen_0_mult_gen_v12_0_12_viv_HD293
INFO: [VRFC 10-311] analyzing module mult_gen_0_mult_gen_v12_0_12_viv_HD297
INFO: [VRFC 10-311] analyzing module mult_gen_0_mult_gen_v12_0_12_viv_HD301
INFO: [VRFC 10-311] analyzing module mult_gen_0_mult_gen_v12_0_12_viv_HD305
INFO: [VRFC 10-311] analyzing module mult_gen_0_mult_gen_v12_0_12_viv_HD309
INFO: [VRFC 10-311] analyzing module mult_gen_0_mult_gen_v12_0_12_viv_HD313
INFO: [VRFC 10-311] analyzing module mult_gen_0_mult_gen_v12_0_12_viv_HD317
INFO: [VRFC 10-311] analyzing module mult_gen_0_mult_gen_v12_0_12_viv_HD321
INFO: [VRFC 10-311] analyzing module mult_gen_0_mult_gen_v12_0_12_viv_HD325
INFO: [VRFC 10-311] analyzing module mult_gen_0_mult_gen_v12_0_12_viv_HD329
INFO: [VRFC 10-311] analyzing module mult_gen_0_mult_gen_v12_0_12_viv_HD333
INFO: [VRFC 10-311] analyzing module mult_gen_0_mult_gen_v12_0_12_viv_HD337
INFO: [VRFC 10-311] analyzing module mult_gen_0_mult_gen_v12_0_12_viv_HD341
INFO: [VRFC 10-311] analyzing module mult_gen_0_mult_gen_v12_0_12_viv_HD345
INFO: [VRFC 10-311] analyzing module mult_gen_0_mult_gen_v12_0_12_viv_HD349
INFO: [VRFC 10-311] analyzing module mult_gen_0_mult_gen_v12_0_12_viv_HD353
INFO: [VRFC 10-311] analyzing module mult_gen_0_mult_gen_v12_0_12_viv_HD357
INFO: [VRFC 10-311] analyzing module mult_gen_0_mult_gen_v12_0_12_viv_HD361
INFO: [VRFC 10-311] analyzing module mult_gen_0_mult_gen_v12_0_12_viv_HD365
INFO: [VRFC 10-311] analyzing module mult_gen_0_mult_gen_v12_0_12_viv_HD369
INFO: [VRFC 10-311] analyzing module mult_gen_0_mult_gen_v12_0_12_viv_HD373
INFO: [VRFC 10-311] analyzing module mult_gen_0_mult_gen_v12_0_12_viv_HD377
INFO: [VRFC 10-311] analyzing module mult_gen_0_mult_gen_v12_0_12_viv_HD381
INFO: [VRFC 10-311] analyzing module mult_gen_0_mult_gen_v12_0_12_viv_HD385
INFO: [VRFC 10-311] analyzing module mult_gen_0_mult_gen_v12_0_12_viv_HD389
INFO: [VRFC 10-311] analyzing module mult_gen_0_mult_gen_v12_0_12_viv_HD393
INFO: [VRFC 10-311] analyzing module mult_gen_0_mult_gen_v12_0_12_viv_HD397
INFO: [VRFC 10-311] analyzing module mult_gen_0_mult_gen_v12_0_12_viv_HD401
INFO: [VRFC 10-311] analyzing module mult_gen_0_mult_gen_v12_0_12_viv_HD405
INFO: [VRFC 10-311] analyzing module mult_gen_0_mult_gen_v12_0_12_viv_HD409
INFO: [VRFC 10-311] analyzing module mult_gen_0_mult_gen_v12_0_12_viv_HD413
INFO: [VRFC 10-311] analyzing module mult_gen_0_mult_gen_v12_0_12_viv_HD417
INFO: [VRFC 10-311] analyzing module mult_gen_0_mult_gen_v12_0_12_viv_HD421
INFO: [VRFC 10-311] analyzing module mult_gen_0_mult_gen_v12_0_12_viv_HD425
INFO: [VRFC 10-311] analyzing module mult_gen_0_mult_gen_v12_0_12_viv_HD429
INFO: [VRFC 10-311] analyzing module mult_gen_0_mult_gen_v12_0_12_viv_HD433
INFO: [VRFC 10-311] analyzing module mult_gen_0_mult_gen_v12_0_12_viv_HD437
INFO: [VRFC 10-311] analyzing module mult_gen_0_mult_gen_v12_0_12_viv_HD441
INFO: [VRFC 10-311] analyzing module mult_gen_0_mult_gen_v12_0_12_viv_HD445
INFO: [VRFC 10-311] analyzing module mult_gen_0_mult_gen_v12_0_12_viv_HD449
INFO: [VRFC 10-311] analyzing module mult_gen_0_mult_gen_v12_0_12_viv_HD453
INFO: [VRFC 10-311] analyzing module mult_gen_0_mult_gen_v12_0_12_viv_HD457
INFO: [VRFC 10-311] analyzing module mult_gen_0_mult_gen_v12_0_12_viv_HD461
INFO: [VRFC 10-311] analyzing module mult_gen_0_mult_gen_v12_0_12_viv_HD465
INFO: [VRFC 10-311] analyzing module mult_gen_0_mult_gen_v12_0_12_viv_HD469
INFO: [VRFC 10-311] analyzing module mult_gen_0_mult_gen_v12_0_12_viv_HD473
INFO: [VRFC 10-311] analyzing module mult_gen_0_mult_gen_v12_0_12_viv_HD477
INFO: [VRFC 10-311] analyzing module mult_gen_0_mult_gen_v12_0_12_viv_HD481
INFO: [VRFC 10-311] analyzing module mult_gen_0_mult_gen_v12_0_12_viv_HD485
INFO: [VRFC 10-311] analyzing module mult_gen_0_mult_gen_v12_0_12_viv_HD489
INFO: [VRFC 10-311] analyzing module mult_gen_0_mult_gen_v12_0_12_viv_HD493
INFO: [VRFC 10-311] analyzing module mult_gen_0_mult_gen_v12_0_12_viv_HD497
INFO: [VRFC 10-311] analyzing module mult_gen_0_mult_gen_v12_0_12_viv_HD501
INFO: [VRFC 10-311] analyzing module mult_gen_0_mult_gen_v12_0_12_viv_HD505
INFO: [VRFC 10-311] analyzing module mult_gen_0_mult_gen_v12_0_12_viv_HD509
INFO: [VRFC 10-311] analyzing module mult_gen_0_mult_gen_v12_0_12_viv_HD513
INFO: [VRFC 10-311] analyzing module mult_gen_0_mult_gen_v12_0_12_viv_HD517
INFO: [VRFC 10-311] analyzing module mult_gen_0_mult_gen_v12_0_12_viv_HD521
INFO: [VRFC 10-311] analyzing module mult_gen_0_mult_gen_v12_0_12_viv_HD525
INFO: [VRFC 10-311] analyzing module mult_gen_0_mult_gen_v12_0_12_viv_HD529
INFO: [VRFC 10-311] analyzing module mult_gen_0_mult_gen_v12_0_12_viv_HD533
INFO: [VRFC 10-311] analyzing module mult_gen_0_mult_gen_v12_0_12_viv_HD537
INFO: [VRFC 10-311] analyzing module mult_gen_0_mult_gen_v12_0_12_viv_HD541
INFO: [VRFC 10-311] analyzing module mult_gen_0_mult_gen_v12_0_12_viv_HD545
INFO: [VRFC 10-311] analyzing module mult_gen_0_mult_gen_v12_0_12_viv_HD549
INFO: [VRFC 10-311] analyzing module mult_gen_0_mult_gen_v12_0_12_viv_HD553
INFO: [VRFC 10-311] analyzing module mult_gen_0_mult_gen_v12_0_12_viv_HD557
INFO: [VRFC 10-311] analyzing module mult_gen_0_mult_gen_v12_0_12_viv_HD561
INFO: [VRFC 10-311] analyzing module mult_gen_0_mult_gen_v12_0_12_viv_HD565
INFO: [VRFC 10-311] analyzing module mult_gen_0_mult_gen_v12_0_12_viv_HD569
INFO: [VRFC 10-311] analyzing module mult_gen_0_mult_gen_v12_0_12_viv_HD573
INFO: [VRFC 10-311] analyzing module mult_gen_0_mult_gen_v12_0_12_viv_HD577
INFO: [VRFC 10-311] analyzing module mult_gen_0_mult_gen_v12_0_12_viv_HD581
INFO: [VRFC 10-311] analyzing module mult_gen_0_mult_gen_v12_0_12_viv_HD585
INFO: [VRFC 10-311] analyzing module mult_gen_0_mult_gen_v12_0_12_viv_HD589
INFO: [VRFC 10-311] analyzing module mult_gen_0_mult_gen_v12_0_12_viv_HD593
INFO: [VRFC 10-311] analyzing module mult_gen_0_mult_gen_v12_0_12_viv_HD597
INFO: [VRFC 10-311] analyzing module mult_gen_0_mult_gen_v12_0_12_viv_HD601
INFO: [VRFC 10-311] analyzing module mult_gen_0_mult_gen_v12_0_12_viv_HD605
INFO: [VRFC 10-311] analyzing module mult_gen_0_mult_gen_v12_0_12_viv_HD609
INFO: [VRFC 10-311] analyzing module mult_gen_0_mult_gen_v12_0_12_viv_HD613
INFO: [VRFC 10-311] analyzing module mult_gen_0_mult_gen_v12_0_12_viv_HD617
INFO: [VRFC 10-311] analyzing module mult_gen_0_mult_gen_v12_0_12_viv_HD621
INFO: [VRFC 10-311] analyzing module mult_gen_0_mult_gen_v12_0_12_viv_HD625
INFO: [VRFC 10-311] analyzing module mult_gen_0_mult_gen_v12_0_12_viv_HD629
INFO: [VRFC 10-311] analyzing module mult_gen_0_mult_gen_v12_0_12_viv_HD633
INFO: [VRFC 10-311] analyzing module mult_gen_0_mult_gen_v12_0_12_viv_HD637
INFO: [VRFC 10-311] analyzing module mult_gen_0_mult_gen_v12_0_12_viv_HD641
INFO: [VRFC 10-311] analyzing module mult_gen_0_mult_gen_v12_0_12_viv_HD645
INFO: [VRFC 10-311] analyzing module mult_gen_0_mult_gen_v12_0_12_viv_HD649
INFO: [VRFC 10-311] analyzing module mult_gen_0_mult_gen_v12_0_12_viv_HD653
INFO: [VRFC 10-311] analyzing module mult_gen_0_mult_gen_v12_0_12_viv_HD657
INFO: [VRFC 10-311] analyzing module mult_gen_0_mult_gen_v12_0_12_viv_HD661
INFO: [VRFC 10-311] analyzing module mult_gen_0_mult_gen_v12_0_12_viv_HD665
INFO: [VRFC 10-311] analyzing module mult_gen_0_mult_gen_v12_0_12_viv_HD669
INFO: [VRFC 10-311] analyzing module mult_gen_0_mult_gen_v12_0_12_viv_HD673
INFO: [VRFC 10-311] analyzing module mult_gen_0_mult_gen_v12_0_12_viv_HD677
INFO: [VRFC 10-311] analyzing module mult_gen_0_mult_gen_v12_0_12_viv_HD681
INFO: [VRFC 10-311] analyzing module mult_gen_0_mult_gen_v12_0_12_viv_HD685
INFO: [VRFC 10-311] analyzing module mult_gen_0_mult_gen_v12_0_12_viv_HD689
INFO: [VRFC 10-311] analyzing module mult_gen_0_mult_gen_v12_0_12_viv_HD693
INFO: [VRFC 10-311] analyzing module mult_gen_0_mult_gen_v12_0_12_viv_HD697
INFO: [VRFC 10-311] analyzing module mult_gen_0_mult_gen_v12_0_12_viv_HD701
INFO: [VRFC 10-311] analyzing module mult_gen_0_mult_gen_v12_0_12_viv_HD705
INFO: [VRFC 10-311] analyzing module mult_gen_0_mult_gen_v12_0_12_viv_HD709
INFO: [VRFC 10-311] analyzing module mult_gen_0_mult_gen_v12_0_12_viv_HD713
INFO: [VRFC 10-311] analyzing module mult_gen_0_mult_gen_v12_0_12_viv_HD717
INFO: [VRFC 10-311] analyzing module mult_gen_0_mult_gen_v12_0_12_viv_HD721
INFO: [VRFC 10-311] analyzing module mult_gen_0_mult_gen_v12_0_12_viv_HD725
INFO: [VRFC 10-311] analyzing module mult_gen_0_mult_gen_v12_0_12_viv_HD729
INFO: [VRFC 10-311] analyzing module mult_gen_1_delay_line__parameterized3
INFO: [VRFC 10-311] analyzing module mult_gen_1_delay_line__parameterized3_HD737
INFO: [VRFC 10-311] analyzing module mult_gen_1_delay_line__parameterized3_HD742
INFO: [VRFC 10-311] analyzing module mult_gen_1_dsp
INFO: [VRFC 10-311] analyzing module mult_gen_1_dsp_HD736
INFO: [VRFC 10-311] analyzing module mult_gen_1_dsp_HD741
INFO: [VRFC 10-311] analyzing module mult_gen_1_mult_gen_v12_0_12_viv
INFO: [VRFC 10-311] analyzing module mult_gen_1_mult_gen_v12_0_12_viv_HD735
INFO: [VRFC 10-311] analyzing module mult_gen_1_mult_gen_v12_0_12_viv_HD740
INFO: [VRFC 10-311] analyzing module glbl
INFO: [VRFC 10-2263] Analyzing Verilog file "C:/Users/saina/Desktop/SeniorDesign/Top_Module/Top_Module.srcs/sim_1/new/TopLevel_Convolution_tb.v" into library xil_defaultlib
INFO: [VRFC 10-311] analyzing module FifoTesting_tb
