Vivado Simulator 2016.3
Copyright 1986-1999, 2001-2016 Xilinx, Inc. All Rights Reserved.
Running: C:/Xilinx/Vivado/2016.3/bin/unwrapped/win64.o/xelab.exe -wto 28d6c5201c454e92bf6c4d8e32c4482b --debug typical --relax --mt 2 --maxdelay -L xil_defaultlib -L simprims_ver -L secureip --snapshot FifoTesting_tb_time_impl -transport_int_delays -pulse_r 0 -pulse_int_r 0 -pulse_e 0 -pulse_int_e 0 xil_defaultlib.FifoTesting_tb xil_defaultlib.glbl -log elaborate.log 
Using 2 slave threads.
Starting static elaboration
Completed static elaboration
Starting simulation data flow analysis
Completed simulation data flow analysis
INFO: [XSIM 43-3451] SDF backannotation process started with SDF file "FifoTesting_tb_time_impl.sdf", for root module "FifoTesting_tb/uut".
INFO: [XSIM 43-3452] SDF backannotation was successful for SDF file "FifoTesting_tb_time_impl.sdf", for root module "FifoTesting_tb/uut".
Time Resolution for simulation is 1ps
Compiling module simprims_ver.DSP48E1(ACASCREG=0,ALUMODEREG=0,...
Compiling module xil_defaultlib.mult_gen_0_dsp
Compiling module xil_defaultlib.mult_gen_0_mult_gen_v12_0_12_viv
Compiling module xil_defaultlib.mult_gen_0_mult_gen_v12_0_12
Compiling module xil_defaultlib.mult_gen_0
Compiling module xil_defaultlib.mult_gen_0_dsp_HD150
Compiling module xil_defaultlib.mult_gen_0_mult_gen_v12_0_12_viv...
Compiling module xil_defaultlib.mult_gen_0_mult_gen_v12_0_12_HD1...
Compiling module xil_defaultlib.mult_gen_0_HD147
Compiling module xil_defaultlib.mult_gen_0_dsp_HD154
Compiling module xil_defaultlib.mult_gen_0_mult_gen_v12_0_12_viv...
Compiling module xil_defaultlib.mult_gen_0_mult_gen_v12_0_12_HD1...
Compiling module xil_defaultlib.mult_gen_0_HD151
Compiling module xil_defaultlib.mult_gen_0_dsp_HD158
Compiling module xil_defaultlib.mult_gen_0_mult_gen_v12_0_12_viv...
Compiling module xil_defaultlib.mult_gen_0_mult_gen_v12_0_12_HD1...
Compiling module xil_defaultlib.mult_gen_0_HD155
Compiling module xil_defaultlib.mult_gen_0_dsp_HD162
Compiling module xil_defaultlib.mult_gen_0_mult_gen_v12_0_12_viv...
Compiling module xil_defaultlib.mult_gen_0_mult_gen_v12_0_12_HD1...
Compiling module xil_defaultlib.mult_gen_0_HD159
Compiling module xil_defaultlib.mult_gen_0_dsp_HD166
Compiling module xil_defaultlib.mult_gen_0_mult_gen_v12_0_12_viv...
Compiling module xil_defaultlib.mult_gen_0_mult_gen_v12_0_12_HD1...
Compiling module xil_defaultlib.mult_gen_0_HD163
Compiling module xil_defaultlib.mult_gen_0_dsp_HD170
Compiling module xil_defaultlib.mult_gen_0_mult_gen_v12_0_12_viv...
Compiling module xil_defaultlib.mult_gen_0_mult_gen_v12_0_12_HD1...
Compiling module xil_defaultlib.mult_gen_0_HD167
Compiling module xil_defaultlib.mult_gen_0_dsp_HD174
Compiling module xil_defaultlib.mult_gen_0_mult_gen_v12_0_12_viv...
Compiling module xil_defaultlib.mult_gen_0_mult_gen_v12_0_12_HD1...
Compiling module xil_defaultlib.mult_gen_0_HD171
Compiling module xil_defaultlib.mult_gen_0_dsp_HD178
Compiling module xil_defaultlib.mult_gen_0_mult_gen_v12_0_12_viv...
Compiling module xil_defaultlib.mult_gen_0_mult_gen_v12_0_12_HD1...
Compiling module xil_defaultlib.mult_gen_0_HD175
Compiling module xil_defaultlib.mult_gen_0_dsp_HD182
Compiling module xil_defaultlib.mult_gen_0_mult_gen_v12_0_12_viv...
Compiling module xil_defaultlib.mult_gen_0_mult_gen_v12_0_12_HD1...
Compiling module xil_defaultlib.mult_gen_0_HD179
Compiling module xil_defaultlib.mult_gen_0_dsp_HD186
Compiling module xil_defaultlib.mult_gen_0_mult_gen_v12_0_12_viv...
Compiling module xil_defaultlib.mult_gen_0_mult_gen_v12_0_12_HD1...
Compiling module xil_defaultlib.mult_gen_0_HD183
Compiling module xil_defaultlib.mult_gen_0_dsp_HD190
Compiling module xil_defaultlib.mult_gen_0_mult_gen_v12_0_12_viv...
Compiling module xil_defaultlib.mult_gen_0_mult_gen_v12_0_12_HD1...
Compiling module xil_defaultlib.mult_gen_0_HD187
Compiling module xil_defaultlib.mult_gen_0_dsp_HD194
Compiling module xil_defaultlib.mult_gen_0_mult_gen_v12_0_12_viv...
Compiling module xil_defaultlib.mult_gen_0_mult_gen_v12_0_12_HD1...
Compiling module xil_defaultlib.mult_gen_0_HD191
Compiling module xil_defaultlib.mult_gen_0_dsp_HD198
Compiling module xil_defaultlib.mult_gen_0_mult_gen_v12_0_12_viv...
Compiling module xil_defaultlib.mult_gen_0_mult_gen_v12_0_12_HD1...
Compiling module xil_defaultlib.mult_gen_0_HD195
Compiling module xil_defaultlib.mult_gen_0_dsp_HD202
Compiling module xil_defaultlib.mult_gen_0_mult_gen_v12_0_12_viv...
Compiling module xil_defaultlib.mult_gen_0_mult_gen_v12_0_12_HD2...
Compiling module xil_defaultlib.mult_gen_0_HD199
Compiling module xil_defaultlib.mult_gen_0_dsp_HD206
Compiling module xil_defaultlib.mult_gen_0_mult_gen_v12_0_12_viv...
Compiling module xil_defaultlib.mult_gen_0_mult_gen_v12_0_12_HD2...
Compiling module xil_defaultlib.mult_gen_0_HD203
Compiling module xil_defaultlib.mult_gen_0_dsp_HD210
Compiling module xil_defaultlib.mult_gen_0_mult_gen_v12_0_12_viv...
Compiling module xil_defaultlib.mult_gen_0_mult_gen_v12_0_12_HD2...
Compiling module xil_defaultlib.mult_gen_0_HD207
Compiling module xil_defaultlib.mult_gen_0_dsp_HD214
Compiling module xil_defaultlib.mult_gen_0_mult_gen_v12_0_12_viv...
Compiling module xil_defaultlib.mult_gen_0_mult_gen_v12_0_12_HD2...
Compiling module xil_defaultlib.mult_gen_0_HD211
Compiling module xil_defaultlib.mult_gen_0_dsp_HD218
Compiling module xil_defaultlib.mult_gen_0_mult_gen_v12_0_12_viv...
Compiling module xil_defaultlib.mult_gen_0_mult_gen_v12_0_12_HD2...
Compiling module xil_defaultlib.mult_gen_0_HD215
Compiling module xil_defaultlib.mult_gen_0_dsp_HD222
Compiling module xil_defaultlib.mult_gen_0_mult_gen_v12_0_12_viv...
Compiling module xil_defaultlib.mult_gen_0_mult_gen_v12_0_12_HD2...
Compiling module xil_defaultlib.mult_gen_0_HD219
Compiling module xil_defaultlib.mult_gen_0_dsp_HD226
Compiling module xil_defaultlib.mult_gen_0_mult_gen_v12_0_12_viv...
Compiling module xil_defaultlib.mult_gen_0_mult_gen_v12_0_12_HD2...
Compiling module xil_defaultlib.mult_gen_0_HD223
Compiling module xil_defaultlib.mult_gen_0_dsp_HD230
Compiling module xil_defaultlib.mult_gen_0_mult_gen_v12_0_12_viv...
Compiling module xil_defaultlib.mult_gen_0_mult_gen_v12_0_12_HD2...
Compiling module xil_defaultlib.mult_gen_0_HD227
Compiling module xil_defaultlib.mult_gen_0_dsp_HD234
Compiling module xil_defaultlib.mult_gen_0_mult_gen_v12_0_12_viv...
Compiling module xil_defaultlib.mult_gen_0_mult_gen_v12_0_12_HD2...
Compiling module xil_defaultlib.mult_gen_0_HD231
Compiling module xil_defaultlib.mult_gen_0_dsp_HD238
Compiling module xil_defaultlib.mult_gen_0_mult_gen_v12_0_12_viv...
Compiling module xil_defaultlib.mult_gen_0_mult_gen_v12_0_12_HD2...
Compiling module xil_defaultlib.mult_gen_0_HD235
Compiling module xil_defaultlib.mult_gen_0_dsp_HD242
Compiling module xil_defaultlib.mult_gen_0_mult_gen_v12_0_12_viv...
Compiling module xil_defaultlib.mult_gen_0_mult_gen_v12_0_12_HD2...
Compiling module xil_defaultlib.mult_gen_0_HD239
Compiling module xil_defaultlib.mult_gen_0_dsp_HD246
Compiling module xil_defaultlib.mult_gen_0_mult_gen_v12_0_12_viv...
Compiling module xil_defaultlib.mult_gen_0_mult_gen_v12_0_12_HD2...
Compiling module xil_defaultlib.mult_gen_0_HD243
Compiling module xil_defaultlib.mult_gen_0_dsp_HD250
Compiling module xil_defaultlib.mult_gen_0_mult_gen_v12_0_12_viv...
Compiling module xil_defaultlib.mult_gen_0_mult_gen_v12_0_12_HD2...
Compiling module xil_defaultlib.mult_gen_0_HD247
Compiling module xil_defaultlib.mult_gen_0_dsp_HD254
Compiling module xil_defaultlib.mult_gen_0_mult_gen_v12_0_12_viv...
Compiling module xil_defaultlib.mult_gen_0_mult_gen_v12_0_12_HD2...
Compiling module xil_defaultlib.mult_gen_0_HD251
Compiling module xil_defaultlib.mult_gen_0_dsp_HD258
Compiling module xil_defaultlib.mult_gen_0_mult_gen_v12_0_12_viv...
Compiling module xil_defaultlib.mult_gen_0_mult_gen_v12_0_12_HD2...
Compiling module xil_defaultlib.mult_gen_0_HD255
Compiling module xil_defaultlib.mult_gen_0_dsp_HD262
Compiling module xil_defaultlib.mult_gen_0_mult_gen_v12_0_12_viv...
Compiling module xil_defaultlib.mult_gen_0_mult_gen_v12_0_12_HD2...
Compiling module xil_defaultlib.mult_gen_0_HD259
Compiling module xil_defaultlib.mult_gen_0_dsp_HD266
Compiling module xil_defaultlib.mult_gen_0_mult_gen_v12_0_12_viv...
Compiling module xil_defaultlib.mult_gen_0_mult_gen_v12_0_12_HD2...
Compiling module xil_defaultlib.mult_gen_0_HD263
Compiling module xil_defaultlib.mult_gen_0_dsp_HD270
Compiling module xil_defaultlib.mult_gen_0_mult_gen_v12_0_12_viv...
Compiling module xil_defaultlib.mult_gen_0_mult_gen_v12_0_12_HD2...
Compiling module xil_defaultlib.mult_gen_0_HD267
Compiling module xil_defaultlib.mult_gen_0_dsp_HD274
Compiling module xil_defaultlib.mult_gen_0_mult_gen_v12_0_12_viv...
Compiling module xil_defaultlib.mult_gen_0_mult_gen_v12_0_12_HD2...
Compiling module xil_defaultlib.mult_gen_0_HD271
Compiling module xil_defaultlib.mult_gen_0_dsp_HD278
Compiling module xil_defaultlib.mult_gen_0_mult_gen_v12_0_12_viv...
Compiling module xil_defaultlib.mult_gen_0_mult_gen_v12_0_12_HD2...
Compiling module xil_defaultlib.mult_gen_0_HD275
Compiling module xil_defaultlib.mult_gen_0_dsp_HD282
Compiling module xil_defaultlib.mult_gen_0_mult_gen_v12_0_12_viv...
Compiling module xil_defaultlib.mult_gen_0_mult_gen_v12_0_12_HD2...
Compiling module xil_defaultlib.mult_gen_0_HD279
Compiling module xil_defaultlib.mult_gen_0_dsp_HD286
Compiling module xil_defaultlib.mult_gen_0_mult_gen_v12_0_12_viv...
Compiling module xil_defaultlib.mult_gen_0_mult_gen_v12_0_12_HD2...
Compiling module xil_defaultlib.mult_gen_0_HD283
Compiling module xil_defaultlib.mult_gen_0_dsp_HD290
Compiling module xil_defaultlib.mult_gen_0_mult_gen_v12_0_12_viv...
Compiling module xil_defaultlib.mult_gen_0_mult_gen_v12_0_12_HD2...
Compiling module xil_defaultlib.mult_gen_0_HD287
Compiling module xil_defaultlib.mult_gen_0_dsp_HD294
Compiling module xil_defaultlib.mult_gen_0_mult_gen_v12_0_12_viv...
Compiling module xil_defaultlib.mult_gen_0_mult_gen_v12_0_12_HD2...
Compiling module xil_defaultlib.mult_gen_0_HD291
Compiling module xil_defaultlib.mult_gen_0_dsp_HD298
Compiling module xil_defaultlib.mult_gen_0_mult_gen_v12_0_12_viv...
Compiling module xil_defaultlib.mult_gen_0_mult_gen_v12_0_12_HD2...
Compiling module xil_defaultlib.mult_gen_0_HD295
Compiling module xil_defaultlib.mult_gen_0_dsp_HD302
Compiling module xil_defaultlib.mult_gen_0_mult_gen_v12_0_12_viv...
Compiling module xil_defaultlib.mult_gen_0_mult_gen_v12_0_12_HD3...
Compiling module xil_defaultlib.mult_gen_0_HD299
Compiling module xil_defaultlib.mult_gen_0_dsp_HD306
Compiling module xil_defaultlib.mult_gen_0_mult_gen_v12_0_12_viv...
Compiling module xil_defaultlib.mult_gen_0_mult_gen_v12_0_12_HD3...
Compiling module xil_defaultlib.mult_gen_0_HD303
Compiling module xil_defaultlib.mult_gen_0_dsp_HD310
Compiling module xil_defaultlib.mult_gen_0_mult_gen_v12_0_12_viv...
Compiling module xil_defaultlib.mult_gen_0_mult_gen_v12_0_12_HD3...
Compiling module xil_defaultlib.mult_gen_0_HD307
Compiling module xil_defaultlib.mult_gen_0_dsp_HD314
Compiling module xil_defaultlib.mult_gen_0_mult_gen_v12_0_12_viv...
Compiling module xil_defaultlib.mult_gen_0_mult_gen_v12_0_12_HD3...
Compiling module xil_defaultlib.mult_gen_0_HD311
Compiling module xil_defaultlib.mult_gen_0_dsp_HD318
Compiling module xil_defaultlib.mult_gen_0_mult_gen_v12_0_12_viv...
Compiling module xil_defaultlib.mult_gen_0_mult_gen_v12_0_12_HD3...
Compiling module xil_defaultlib.mult_gen_0_HD315
Compiling module xil_defaultlib.mult_gen_0_dsp_HD322
Compiling module xil_defaultlib.mult_gen_0_mult_gen_v12_0_12_viv...
Compiling module xil_defaultlib.mult_gen_0_mult_gen_v12_0_12_HD3...
Compiling module xil_defaultlib.mult_gen_0_HD319
Compiling module xil_defaultlib.mult_gen_0_dsp_HD326
Compiling module xil_defaultlib.mult_gen_0_mult_gen_v12_0_12_viv...
Compiling module xil_defaultlib.mult_gen_0_mult_gen_v12_0_12_HD3...
Compiling module xil_defaultlib.mult_gen_0_HD323
Compiling module xil_defaultlib.mult_gen_0_dsp_HD330
Compiling module xil_defaultlib.mult_gen_0_mult_gen_v12_0_12_viv...
Compiling module xil_defaultlib.mult_gen_0_mult_gen_v12_0_12_HD3...
Compiling module xil_defaultlib.mult_gen_0_HD327
Compiling module xil_defaultlib.mult_gen_0_dsp_HD334
Compiling module xil_defaultlib.mult_gen_0_mult_gen_v12_0_12_viv...
Compiling module xil_defaultlib.mult_gen_0_mult_gen_v12_0_12_HD3...
Compiling module xil_defaultlib.mult_gen_0_HD331
Compiling module xil_defaultlib.mult_gen_0_dsp_HD338
Compiling module xil_defaultlib.mult_gen_0_mult_gen_v12_0_12_viv...
Compiling module xil_defaultlib.mult_gen_0_mult_gen_v12_0_12_HD3...
Compiling module xil_defaultlib.mult_gen_0_HD335
Compiling module simprims_ver.sffsrce_fdre
Compiling module simprims_ver.FDRE
Compiling module simprims_ver.x_lut2_mux4
Compiling module simprims_ver.LUT2
Compiling module simprims_ver.x_lut1_mux2
Compiling module simprims_ver.LUT1
Compiling module simprims_ver.CARRY4
Compiling module simprims_ver.SRL16E
Compiling module xil_defaultlib.ConvolutionEngine
Compiling module xil_defaultlib.mult_gen_0_dsp_HD342
Compiling module xil_defaultlib.mult_gen_0_mult_gen_v12_0_12_viv...
Compiling module xil_defaultlib.mult_gen_0_mult_gen_v12_0_12_HD3...
Compiling module xil_defaultlib.mult_gen_0_HD339
Compiling module xil_defaultlib.mult_gen_0_dsp_HD346
Compiling module xil_defaultlib.mult_gen_0_mult_gen_v12_0_12_viv...
Compiling module xil_defaultlib.mult_gen_0_mult_gen_v12_0_12_HD3...
Compiling module xil_defaultlib.mult_gen_0_HD343
Compiling module xil_defaultlib.mult_gen_0_dsp_HD350
Compiling module xil_defaultlib.mult_gen_0_mult_gen_v12_0_12_viv...
Compiling module xil_defaultlib.mult_gen_0_mult_gen_v12_0_12_HD3...
Compiling module xil_defaultlib.mult_gen_0_HD347
Compiling module xil_defaultlib.mult_gen_0_dsp_HD354
Compiling module xil_defaultlib.mult_gen_0_mult_gen_v12_0_12_viv...
Compiling module xil_defaultlib.mult_gen_0_mult_gen_v12_0_12_HD3...
Compiling module xil_defaultlib.mult_gen_0_HD351
Compiling module xil_defaultlib.mult_gen_0_dsp_HD358
Compiling module xil_defaultlib.mult_gen_0_mult_gen_v12_0_12_viv...
Compiling module xil_defaultlib.mult_gen_0_mult_gen_v12_0_12_HD3...
Compiling module xil_defaultlib.mult_gen_0_HD355
Compiling module xil_defaultlib.mult_gen_0_dsp_HD362
Compiling module xil_defaultlib.mult_gen_0_mult_gen_v12_0_12_viv...
Compiling module xil_defaultlib.mult_gen_0_mult_gen_v12_0_12_HD3...
Compiling module xil_defaultlib.mult_gen_0_HD359
Compiling module xil_defaultlib.mult_gen_0_dsp_HD366
Compiling module xil_defaultlib.mult_gen_0_mult_gen_v12_0_12_viv...
Compiling module xil_defaultlib.mult_gen_0_mult_gen_v12_0_12_HD3...
Compiling module xil_defaultlib.mult_gen_0_HD363
Compiling module xil_defaultlib.mult_gen_0_dsp_HD370
Compiling module xil_defaultlib.mult_gen_0_mult_gen_v12_0_12_viv...
Compiling module xil_defaultlib.mult_gen_0_mult_gen_v12_0_12_HD3...
Compiling module xil_defaultlib.mult_gen_0_HD367
Compiling module xil_defaultlib.mult_gen_0_dsp_HD374
Compiling module xil_defaultlib.mult_gen_0_mult_gen_v12_0_12_viv...
Compiling module xil_defaultlib.mult_gen_0_mult_gen_v12_0_12_HD3...
Compiling module xil_defaultlib.mult_gen_0_HD371
Compiling module xil_defaultlib.mult_gen_0_dsp_HD378
Compiling module xil_defaultlib.mult_gen_0_mult_gen_v12_0_12_viv...
Compiling module xil_defaultlib.mult_gen_0_mult_gen_v12_0_12_HD3...
Compiling module xil_defaultlib.mult_gen_0_HD375
Compiling module xil_defaultlib.mult_gen_0_dsp_HD382
Compiling module xil_defaultlib.mult_gen_0_mult_gen_v12_0_12_viv...
Compiling module xil_defaultlib.mult_gen_0_mult_gen_v12_0_12_HD3...
Compiling module xil_defaultlib.mult_gen_0_HD379
Compiling module xil_defaultlib.mult_gen_0_dsp_HD386
Compiling module xil_defaultlib.mult_gen_0_mult_gen_v12_0_12_viv...
Compiling module xil_defaultlib.mult_gen_0_mult_gen_v12_0_12_HD3...
Compiling module xil_defaultlib.mult_gen_0_HD383
Compiling module xil_defaultlib.mult_gen_0_dsp_HD390
Compiling module xil_defaultlib.mult_gen_0_mult_gen_v12_0_12_viv...
Compiling module xil_defaultlib.mult_gen_0_mult_gen_v12_0_12_HD3...
Compiling module xil_defaultlib.mult_gen_0_HD387
Compiling module xil_defaultlib.mult_gen_0_dsp_HD394
Compiling module xil_defaultlib.mult_gen_0_mult_gen_v12_0_12_viv...
Compiling module xil_defaultlib.mult_gen_0_mult_gen_v12_0_12_HD3...
Compiling module xil_defaultlib.mult_gen_0_HD391
Compiling module xil_defaultlib.mult_gen_0_dsp_HD398
Compiling module xil_defaultlib.mult_gen_0_mult_gen_v12_0_12_viv...
Compiling module xil_defaultlib.mult_gen_0_mult_gen_v12_0_12_HD3...
Compiling module xil_defaultlib.mult_gen_0_HD395
Compiling module xil_defaultlib.mult_gen_0_dsp_HD402
Compiling module xil_defaultlib.mult_gen_0_mult_gen_v12_0_12_viv...
Compiling module xil_defaultlib.mult_gen_0_mult_gen_v12_0_12_HD4...
Compiling module xil_defaultlib.mult_gen_0_HD399
Compiling module xil_defaultlib.mult_gen_0_dsp_HD406
Compiling module xil_defaultlib.mult_gen_0_mult_gen_v12_0_12_viv...
Compiling module xil_defaultlib.mult_gen_0_mult_gen_v12_0_12_HD4...
Compiling module xil_defaultlib.mult_gen_0_HD403
Compiling module xil_defaultlib.mult_gen_0_dsp_HD410
Compiling module xil_defaultlib.mult_gen_0_mult_gen_v12_0_12_viv...
Compiling module xil_defaultlib.mult_gen_0_mult_gen_v12_0_12_HD4...
Compiling module xil_defaultlib.mult_gen_0_HD407
Compiling module xil_defaultlib.mult_gen_0_dsp_HD414
Compiling module xil_defaultlib.mult_gen_0_mult_gen_v12_0_12_viv...
Compiling module xil_defaultlib.mult_gen_0_mult_gen_v12_0_12_HD4...
Compiling module xil_defaultlib.mult_gen_0_HD411
Compiling module xil_defaultlib.mult_gen_0_dsp_HD418
Compiling module xil_defaultlib.mult_gen_0_mult_gen_v12_0_12_viv...
Compiling module xil_defaultlib.mult_gen_0_mult_gen_v12_0_12_HD4...
Compiling module xil_defaultlib.mult_gen_0_HD415
Compiling module xil_defaultlib.mult_gen_0_dsp_HD422
Compiling module xil_defaultlib.mult_gen_0_mult_gen_v12_0_12_viv...
Compiling module xil_defaultlib.mult_gen_0_mult_gen_v12_0_12_HD4...
Compiling module xil_defaultlib.mult_gen_0_HD419
Compiling module xil_defaultlib.mult_gen_0_dsp_HD426
Compiling module xil_defaultlib.mult_gen_0_mult_gen_v12_0_12_viv...
Compiling module xil_defaultlib.mult_gen_0_mult_gen_v12_0_12_HD4...
Compiling module xil_defaultlib.mult_gen_0_HD423
Compiling module xil_defaultlib.mult_gen_0_dsp_HD430
Compiling module xil_defaultlib.mult_gen_0_mult_gen_v12_0_12_viv...
Compiling module xil_defaultlib.mult_gen_0_mult_gen_v12_0_12_HD4...
Compiling module xil_defaultlib.mult_gen_0_HD427
Compiling module xil_defaultlib.mult_gen_0_dsp_HD434
Compiling module xil_defaultlib.mult_gen_0_mult_gen_v12_0_12_viv...
Compiling module xil_defaultlib.mult_gen_0_mult_gen_v12_0_12_HD4...
Compiling module xil_defaultlib.mult_gen_0_HD431
Compiling module xil_defaultlib.mult_gen_0_dsp_HD438
Compiling module xil_defaultlib.mult_gen_0_mult_gen_v12_0_12_viv...
Compiling module xil_defaultlib.mult_gen_0_mult_gen_v12_0_12_HD4...
Compiling module xil_defaultlib.mult_gen_0_HD435
Compiling module xil_defaultlib.mult_gen_0_dsp_HD442
Compiling module xil_defaultlib.mult_gen_0_mult_gen_v12_0_12_viv...
Compiling module xil_defaultlib.mult_gen_0_mult_gen_v12_0_12_HD4...
Compiling module xil_defaultlib.mult_gen_0_HD439
Compiling module xil_defaultlib.mult_gen_0_dsp_HD446
Compiling module xil_defaultlib.mult_gen_0_mult_gen_v12_0_12_viv...
Compiling module xil_defaultlib.mult_gen_0_mult_gen_v12_0_12_HD4...
Compiling module xil_defaultlib.mult_gen_0_HD443
Compiling module xil_defaultlib.mult_gen_0_dsp_HD450
Compiling module xil_defaultlib.mult_gen_0_mult_gen_v12_0_12_viv...
Compiling module xil_defaultlib.mult_gen_0_mult_gen_v12_0_12_HD4...
Compiling module xil_defaultlib.mult_gen_0_HD447
Compiling module xil_defaultlib.mult_gen_0_dsp_HD454
Compiling module xil_defaultlib.mult_gen_0_mult_gen_v12_0_12_viv...
Compiling module xil_defaultlib.mult_gen_0_mult_gen_v12_0_12_HD4...
Compiling module xil_defaultlib.mult_gen_0_HD451
Compiling module xil_defaultlib.mult_gen_0_dsp_HD458
Compiling module xil_defaultlib.mult_gen_0_mult_gen_v12_0_12_viv...
Compiling module xil_defaultlib.mult_gen_0_mult_gen_v12_0_12_HD4...
Compiling module xil_defaultlib.mult_gen_0_HD455
Compiling module xil_defaultlib.mult_gen_0_dsp_HD462
Compiling module xil_defaultlib.mult_gen_0_mult_gen_v12_0_12_viv...
Compiling module xil_defaultlib.mult_gen_0_mult_gen_v12_0_12_HD4...
Compiling module xil_defaultlib.mult_gen_0_HD459
Compiling module xil_defaultlib.mult_gen_0_dsp_HD466
Compiling module xil_defaultlib.mult_gen_0_mult_gen_v12_0_12_viv...
Compiling module xil_defaultlib.mult_gen_0_mult_gen_v12_0_12_HD4...
Compiling module xil_defaultlib.mult_gen_0_HD463
Compiling module xil_defaultlib.mult_gen_0_dsp_HD470
Compiling module xil_defaultlib.mult_gen_0_mult_gen_v12_0_12_viv...
Compiling module xil_defaultlib.mult_gen_0_mult_gen_v12_0_12_HD4...
Compiling module xil_defaultlib.mult_gen_0_HD467
Compiling module xil_defaultlib.mult_gen_0_dsp_HD474
Compiling module xil_defaultlib.mult_gen_0_mult_gen_v12_0_12_viv...
Compiling module xil_defaultlib.mult_gen_0_mult_gen_v12_0_12_HD4...
Compiling module xil_defaultlib.mult_gen_0_HD471
Compiling module xil_defaultlib.mult_gen_0_dsp_HD478
Compiling module xil_defaultlib.mult_gen_0_mult_gen_v12_0_12_viv...
Compiling module xil_defaultlib.mult_gen_0_mult_gen_v12_0_12_HD4...
Compiling module xil_defaultlib.mult_gen_0_HD475
Compiling module xil_defaultlib.mult_gen_0_dsp_HD482
Compiling module xil_defaultlib.mult_gen_0_mult_gen_v12_0_12_viv...
Compiling module xil_defaultlib.mult_gen_0_mult_gen_v12_0_12_HD4...
Compiling module xil_defaultlib.mult_gen_0_HD479
Compiling module xil_defaultlib.mult_gen_0_dsp_HD486
Compiling module xil_defaultlib.mult_gen_0_mult_gen_v12_0_12_viv...
Compiling module xil_defaultlib.mult_gen_0_mult_gen_v12_0_12_HD4...
Compiling module xil_defaultlib.mult_gen_0_HD483
Compiling module xil_defaultlib.mult_gen_0_dsp_HD490
Compiling module xil_defaultlib.mult_gen_0_mult_gen_v12_0_12_viv...
Compiling module xil_defaultlib.mult_gen_0_mult_gen_v12_0_12_HD4...
Compiling module xil_defaultlib.mult_gen_0_HD487
Compiling module xil_defaultlib.mult_gen_0_dsp_HD494
Compiling module xil_defaultlib.mult_gen_0_mult_gen_v12_0_12_viv...
Compiling module xil_defaultlib.mult_gen_0_mult_gen_v12_0_12_HD4...
Compiling module xil_defaultlib.mult_gen_0_HD491
Compiling module xil_defaultlib.mult_gen_0_dsp_HD498
Compiling module xil_defaultlib.mult_gen_0_mult_gen_v12_0_12_viv...
Compiling module xil_defaultlib.mult_gen_0_mult_gen_v12_0_12_HD4...
Compiling module xil_defaultlib.mult_gen_0_HD495
Compiling module xil_defaultlib.mult_gen_0_dsp_HD502
Compiling module xil_defaultlib.mult_gen_0_mult_gen_v12_0_12_viv...
Compiling module xil_defaultlib.mult_gen_0_mult_gen_v12_0_12_HD5...
Compiling module xil_defaultlib.mult_gen_0_HD499
Compiling module xil_defaultlib.mult_gen_0_dsp_HD506
Compiling module xil_defaultlib.mult_gen_0_mult_gen_v12_0_12_viv...
Compiling module xil_defaultlib.mult_gen_0_mult_gen_v12_0_12_HD5...
Compiling module xil_defaultlib.mult_gen_0_HD503
Compiling module xil_defaultlib.mult_gen_0_dsp_HD510
Compiling module xil_defaultlib.mult_gen_0_mult_gen_v12_0_12_viv...
Compiling module xil_defaultlib.mult_gen_0_mult_gen_v12_0_12_HD5...
Compiling module xil_defaultlib.mult_gen_0_HD507
Compiling module xil_defaultlib.mult_gen_0_dsp_HD514
Compiling module xil_defaultlib.mult_gen_0_mult_gen_v12_0_12_viv...
Compiling module xil_defaultlib.mult_gen_0_mult_gen_v12_0_12_HD5...
Compiling module xil_defaultlib.mult_gen_0_HD511
Compiling module xil_defaultlib.mult_gen_0_dsp_HD518
Compiling module xil_defaultlib.mult_gen_0_mult_gen_v12_0_12_viv...
Compiling module xil_defaultlib.mult_gen_0_mult_gen_v12_0_12_HD5...
Compiling module xil_defaultlib.mult_gen_0_HD515
Compiling module xil_defaultlib.mult_gen_0_dsp_HD522
Compiling module xil_defaultlib.mult_gen_0_mult_gen_v12_0_12_viv...
Compiling module xil_defaultlib.mult_gen_0_mult_gen_v12_0_12_HD5...
Compiling module xil_defaultlib.mult_gen_0_HD519
Compiling module xil_defaultlib.mult_gen_0_dsp_HD526
Compiling module xil_defaultlib.mult_gen_0_mult_gen_v12_0_12_viv...
Compiling module xil_defaultlib.mult_gen_0_mult_gen_v12_0_12_HD5...
Compiling module xil_defaultlib.mult_gen_0_HD523
Compiling module xil_defaultlib.mult_gen_0_dsp_HD530
Compiling module xil_defaultlib.mult_gen_0_mult_gen_v12_0_12_viv...
Compiling module xil_defaultlib.mult_gen_0_mult_gen_v12_0_12_HD5...
Compiling module xil_defaultlib.mult_gen_0_HD527
Compiling module xil_defaultlib.mult_gen_0_dsp_HD534
Compiling module xil_defaultlib.mult_gen_0_mult_gen_v12_0_12_viv...
Compiling module xil_defaultlib.mult_gen_0_mult_gen_v12_0_12_HD5...
Compiling module xil_defaultlib.mult_gen_0_HD531
Compiling module xil_defaultlib.ConvolutionEngine_0
Compiling module xil_defaultlib.mult_gen_0_dsp_HD538
Compiling module xil_defaultlib.mult_gen_0_mult_gen_v12_0_12_viv...
Compiling module xil_defaultlib.mult_gen_0_mult_gen_v12_0_12_HD5...
Compiling module xil_defaultlib.mult_gen_0_HD535
Compiling module xil_defaultlib.mult_gen_0_dsp_HD542
Compiling module xil_defaultlib.mult_gen_0_mult_gen_v12_0_12_viv...
Compiling module xil_defaultlib.mult_gen_0_mult_gen_v12_0_12_HD5...
Compiling module xil_defaultlib.mult_gen_0_HD539
Compiling module xil_defaultlib.mult_gen_0_dsp_HD546
Compiling module xil_defaultlib.mult_gen_0_mult_gen_v12_0_12_viv...
Compiling module xil_defaultlib.mult_gen_0_mult_gen_v12_0_12_HD5...
Compiling module xil_defaultlib.mult_gen_0_HD543
Compiling module xil_defaultlib.mult_gen_0_dsp_HD550
Compiling module xil_defaultlib.mult_gen_0_mult_gen_v12_0_12_viv...
Compiling module xil_defaultlib.mult_gen_0_mult_gen_v12_0_12_HD5...
Compiling module xil_defaultlib.mult_gen_0_HD547
Compiling module xil_defaultlib.mult_gen_0_dsp_HD554
Compiling module xil_defaultlib.mult_gen_0_mult_gen_v12_0_12_viv...
Compiling module xil_defaultlib.mult_gen_0_mult_gen_v12_0_12_HD5...
Compiling module xil_defaultlib.mult_gen_0_HD551
Compiling module xil_defaultlib.mult_gen_0_dsp_HD558
Compiling module xil_defaultlib.mult_gen_0_mult_gen_v12_0_12_viv...
Compiling module xil_defaultlib.mult_gen_0_mult_gen_v12_0_12_HD5...
Compiling module xil_defaultlib.mult_gen_0_HD555
Compiling module xil_defaultlib.mult_gen_0_dsp_HD562
Compiling module xil_defaultlib.mult_gen_0_mult_gen_v12_0_12_viv...
Compiling module xil_defaultlib.mult_gen_0_mult_gen_v12_0_12_HD5...
Compiling module xil_defaultlib.mult_gen_0_HD559
Compiling module xil_defaultlib.mult_gen_0_dsp_HD566
Compiling module xil_defaultlib.mult_gen_0_mult_gen_v12_0_12_viv...
Compiling module xil_defaultlib.mult_gen_0_mult_gen_v12_0_12_HD5...
Compiling module xil_defaultlib.mult_gen_0_HD563
Compiling module xil_defaultlib.mult_gen_0_dsp_HD570
Compiling module xil_defaultlib.mult_gen_0_mult_gen_v12_0_12_viv...
Compiling module xil_defaultlib.mult_gen_0_mult_gen_v12_0_12_HD5...
Compiling module xil_defaultlib.mult_gen_0_HD567
Compiling module xil_defaultlib.mult_gen_0_dsp_HD574
Compiling module xil_defaultlib.mult_gen_0_mult_gen_v12_0_12_viv...
Compiling module xil_defaultlib.mult_gen_0_mult_gen_v12_0_12_HD5...
Compiling module xil_defaultlib.mult_gen_0_HD571
Compiling module xil_defaultlib.mult_gen_0_dsp_HD578
Compiling module xil_defaultlib.mult_gen_0_mult_gen_v12_0_12_viv...
Compiling module xil_defaultlib.mult_gen_0_mult_gen_v12_0_12_HD5...
Compiling module xil_defaultlib.mult_gen_0_HD575
Compiling module xil_defaultlib.mult_gen_0_dsp_HD582
Compiling module xil_defaultlib.mult_gen_0_mult_gen_v12_0_12_viv...
Compiling module xil_defaultlib.mult_gen_0_mult_gen_v12_0_12_HD5...
Compiling module xil_defaultlib.mult_gen_0_HD579
Compiling module xil_defaultlib.mult_gen_0_dsp_HD586
Compiling module xil_defaultlib.mult_gen_0_mult_gen_v12_0_12_viv...
Compiling module xil_defaultlib.mult_gen_0_mult_gen_v12_0_12_HD5...
Compiling module xil_defaultlib.mult_gen_0_HD583
Compiling module xil_defaultlib.mult_gen_0_dsp_HD590
Compiling module xil_defaultlib.mult_gen_0_mult_gen_v12_0_12_viv...
Compiling module xil_defaultlib.mult_gen_0_mult_gen_v12_0_12_HD5...
Compiling module xil_defaultlib.mult_gen_0_HD587
Compiling module xil_defaultlib.mult_gen_0_dsp_HD594
Compiling module xil_defaultlib.mult_gen_0_mult_gen_v12_0_12_viv...
Compiling module xil_defaultlib.mult_gen_0_mult_gen_v12_0_12_HD5...
Compiling module xil_defaultlib.mult_gen_0_HD591
Compiling module xil_defaultlib.mult_gen_0_dsp_HD598
Compiling module xil_defaultlib.mult_gen_0_mult_gen_v12_0_12_viv...
Compiling module xil_defaultlib.mult_gen_0_mult_gen_v12_0_12_HD5...
Compiling module xil_defaultlib.mult_gen_0_HD595
Compiling module xil_defaultlib.mult_gen_0_dsp_HD602
Compiling module xil_defaultlib.mult_gen_0_mult_gen_v12_0_12_viv...
Compiling module xil_defaultlib.mult_gen_0_mult_gen_v12_0_12_HD6...
Compiling module xil_defaultlib.mult_gen_0_HD599
Compiling module xil_defaultlib.mult_gen_0_dsp_HD606
Compiling module xil_defaultlib.mult_gen_0_mult_gen_v12_0_12_viv...
Compiling module xil_defaultlib.mult_gen_0_mult_gen_v12_0_12_HD6...
Compiling module xil_defaultlib.mult_gen_0_HD603
Compiling module xil_defaultlib.mult_gen_0_dsp_HD610
Compiling module xil_defaultlib.mult_gen_0_mult_gen_v12_0_12_viv...
Compiling module xil_defaultlib.mult_gen_0_mult_gen_v12_0_12_HD6...
Compiling module xil_defaultlib.mult_gen_0_HD607
Compiling module xil_defaultlib.mult_gen_0_dsp_HD614
Compiling module xil_defaultlib.mult_gen_0_mult_gen_v12_0_12_viv...
Compiling module xil_defaultlib.mult_gen_0_mult_gen_v12_0_12_HD6...
Compiling module xil_defaultlib.mult_gen_0_HD611
Compiling module xil_defaultlib.mult_gen_0_dsp_HD618
Compiling module xil_defaultlib.mult_gen_0_mult_gen_v12_0_12_viv...
Compiling module xil_defaultlib.mult_gen_0_mult_gen_v12_0_12_HD6...
Compiling module xil_defaultlib.mult_gen_0_HD615
Compiling module xil_defaultlib.mult_gen_0_dsp_HD622
Compiling module xil_defaultlib.mult_gen_0_mult_gen_v12_0_12_viv...
Compiling module xil_defaultlib.mult_gen_0_mult_gen_v12_0_12_HD6...
Compiling module xil_defaultlib.mult_gen_0_HD619
Compiling module xil_defaultlib.mult_gen_0_dsp_HD626
Compiling module xil_defaultlib.mult_gen_0_mult_gen_v12_0_12_viv...
Compiling module xil_defaultlib.mult_gen_0_mult_gen_v12_0_12_HD6...
Compiling module xil_defaultlib.mult_gen_0_HD623
Compiling module xil_defaultlib.mult_gen_0_dsp_HD630
Compiling module xil_defaultlib.mult_gen_0_mult_gen_v12_0_12_viv...
Compiling module xil_defaultlib.mult_gen_0_mult_gen_v12_0_12_HD6...
Compiling module xil_defaultlib.mult_gen_0_HD627
Compiling module xil_defaultlib.mult_gen_0_dsp_HD634
Compiling module xil_defaultlib.mult_gen_0_mult_gen_v12_0_12_viv...
Compiling module xil_defaultlib.mult_gen_0_mult_gen_v12_0_12_HD6...
Compiling module xil_defaultlib.mult_gen_0_HD631
Compiling module xil_defaultlib.mult_gen_0_dsp_HD638
Compiling module xil_defaultlib.mult_gen_0_mult_gen_v12_0_12_viv...
Compiling module xil_defaultlib.mult_gen_0_mult_gen_v12_0_12_HD6...
Compiling module xil_defaultlib.mult_gen_0_HD635
Compiling module xil_defaultlib.mult_gen_0_dsp_HD642
Compiling module xil_defaultlib.mult_gen_0_mult_gen_v12_0_12_viv...
Compiling module xil_defaultlib.mult_gen_0_mult_gen_v12_0_12_HD6...
Compiling module xil_defaultlib.mult_gen_0_HD639
Compiling module xil_defaultlib.mult_gen_0_dsp_HD646
Compiling module xil_defaultlib.mult_gen_0_mult_gen_v12_0_12_viv...
Compiling module xil_defaultlib.mult_gen_0_mult_gen_v12_0_12_HD6...
Compiling module xil_defaultlib.mult_gen_0_HD643
Compiling module xil_defaultlib.mult_gen_0_dsp_HD650
Compiling module xil_defaultlib.mult_gen_0_mult_gen_v12_0_12_viv...
Compiling module xil_defaultlib.mult_gen_0_mult_gen_v12_0_12_HD6...
Compiling module xil_defaultlib.mult_gen_0_HD647
Compiling module xil_defaultlib.mult_gen_0_dsp_HD654
Compiling module xil_defaultlib.mult_gen_0_mult_gen_v12_0_12_viv...
Compiling module xil_defaultlib.mult_gen_0_mult_gen_v12_0_12_HD6...
Compiling module xil_defaultlib.mult_gen_0_HD651
Compiling module xil_defaultlib.mult_gen_0_dsp_HD658
Compiling module xil_defaultlib.mult_gen_0_mult_gen_v12_0_12_viv...
Compiling module xil_defaultlib.mult_gen_0_mult_gen_v12_0_12_HD6...
Compiling module xil_defaultlib.mult_gen_0_HD655
Compiling module xil_defaultlib.mult_gen_0_dsp_HD662
Compiling module xil_defaultlib.mult_gen_0_mult_gen_v12_0_12_viv...
Compiling module xil_defaultlib.mult_gen_0_mult_gen_v12_0_12_HD6...
Compiling module xil_defaultlib.mult_gen_0_HD659
Compiling module xil_defaultlib.mult_gen_0_dsp_HD666
Compiling module xil_defaultlib.mult_gen_0_mult_gen_v12_0_12_viv...
Compiling module xil_defaultlib.mult_gen_0_mult_gen_v12_0_12_HD6...
Compiling module xil_defaultlib.mult_gen_0_HD663
Compiling module xil_defaultlib.mult_gen_0_dsp_HD670
Compiling module xil_defaultlib.mult_gen_0_mult_gen_v12_0_12_viv...
Compiling module xil_defaultlib.mult_gen_0_mult_gen_v12_0_12_HD6...
Compiling module xil_defaultlib.mult_gen_0_HD667
Compiling module xil_defaultlib.mult_gen_0_dsp_HD674
Compiling module xil_defaultlib.mult_gen_0_mult_gen_v12_0_12_viv...
Compiling module xil_defaultlib.mult_gen_0_mult_gen_v12_0_12_HD6...
Compiling module xil_defaultlib.mult_gen_0_HD671
Compiling module xil_defaultlib.mult_gen_0_dsp_HD678
Compiling module xil_defaultlib.mult_gen_0_mult_gen_v12_0_12_viv...
Compiling module xil_defaultlib.mult_gen_0_mult_gen_v12_0_12_HD6...
Compiling module xil_defaultlib.mult_gen_0_HD675
Compiling module xil_defaultlib.mult_gen_0_dsp_HD682
Compiling module xil_defaultlib.mult_gen_0_mult_gen_v12_0_12_viv...
Compiling module xil_defaultlib.mult_gen_0_mult_gen_v12_0_12_HD6...
Compiling module xil_defaultlib.mult_gen_0_HD679
Compiling module xil_defaultlib.mult_gen_0_dsp_HD686
Compiling module xil_defaultlib.mult_gen_0_mult_gen_v12_0_12_viv...
Compiling module xil_defaultlib.mult_gen_0_mult_gen_v12_0_12_HD6...
Compiling module xil_defaultlib.mult_gen_0_HD683
Compiling module xil_defaultlib.mult_gen_0_dsp_HD690
Compiling module xil_defaultlib.mult_gen_0_mult_gen_v12_0_12_viv...
Compiling module xil_defaultlib.mult_gen_0_mult_gen_v12_0_12_HD6...
Compiling module xil_defaultlib.mult_gen_0_HD687
Compiling module xil_defaultlib.mult_gen_0_dsp_HD694
Compiling module xil_defaultlib.mult_gen_0_mult_gen_v12_0_12_viv...
Compiling module xil_defaultlib.mult_gen_0_mult_gen_v12_0_12_HD6...
Compiling module xil_defaultlib.mult_gen_0_HD691
Compiling module xil_defaultlib.mult_gen_0_dsp_HD698
Compiling module xil_defaultlib.mult_gen_0_mult_gen_v12_0_12_viv...
Compiling module xil_defaultlib.mult_gen_0_mult_gen_v12_0_12_HD6...
Compiling module xil_defaultlib.mult_gen_0_HD695
Compiling module xil_defaultlib.mult_gen_0_dsp_HD702
Compiling module xil_defaultlib.mult_gen_0_mult_gen_v12_0_12_viv...
Compiling module xil_defaultlib.mult_gen_0_mult_gen_v12_0_12_HD7...
Compiling module xil_defaultlib.mult_gen_0_HD699
Compiling module xil_defaultlib.mult_gen_0_dsp_HD706
Compiling module xil_defaultlib.mult_gen_0_mult_gen_v12_0_12_viv...
Compiling module xil_defaultlib.mult_gen_0_mult_gen_v12_0_12_HD7...
Compiling module xil_defaultlib.mult_gen_0_HD703
Compiling module xil_defaultlib.mult_gen_0_dsp_HD710
Compiling module xil_defaultlib.mult_gen_0_mult_gen_v12_0_12_viv...
Compiling module xil_defaultlib.mult_gen_0_mult_gen_v12_0_12_HD7...
Compiling module xil_defaultlib.mult_gen_0_HD707
Compiling module xil_defaultlib.mult_gen_0_dsp_HD714
Compiling module xil_defaultlib.mult_gen_0_mult_gen_v12_0_12_viv...
Compiling module xil_defaultlib.mult_gen_0_mult_gen_v12_0_12_HD7...
Compiling module xil_defaultlib.mult_gen_0_HD711
Compiling module xil_defaultlib.mult_gen_0_dsp_HD718
Compiling module xil_defaultlib.mult_gen_0_mult_gen_v12_0_12_viv...
Compiling module xil_defaultlib.mult_gen_0_mult_gen_v12_0_12_HD7...
Compiling module xil_defaultlib.mult_gen_0_HD715
Compiling module xil_defaultlib.mult_gen_0_dsp_HD722
Compiling module xil_defaultlib.mult_gen_0_mult_gen_v12_0_12_viv...
Compiling module xil_defaultlib.mult_gen_0_mult_gen_v12_0_12_HD7...
Compiling module xil_defaultlib.mult_gen_0_HD719
Compiling module xil_defaultlib.mult_gen_0_dsp_HD726
Compiling module xil_defaultlib.mult_gen_0_mult_gen_v12_0_12_viv...
Compiling module xil_defaultlib.mult_gen_0_mult_gen_v12_0_12_HD7...
Compiling module xil_defaultlib.mult_gen_0_HD723
Compiling module xil_defaultlib.mult_gen_0_dsp_HD730
Compiling module xil_defaultlib.mult_gen_0_mult_gen_v12_0_12_viv...
Compiling module xil_defaultlib.mult_gen_0_mult_gen_v12_0_12_HD7...
Compiling module xil_defaultlib.mult_gen_0_HD727
Compiling module xil_defaultlib.ConvolutionEngine_1
Compiling module simprims_ver.latchsre_ldce
Compiling module simprims_ver.LDCE
Compiling module simprims_ver.x_lut3_mux4
Compiling module simprims_ver.x_lut3_mux4_reduced_0
Compiling module simprims_ver.LUT3
Compiling module simprims_ver.FDRE(INIT=1'b1)
Compiling module xil_defaultlib.Reg
Compiling module xil_defaultlib.Reg_2
Compiling module xil_defaultlib.Reg_3
Compiling module xil_defaultlib.Reg_4
Compiling module xil_defaultlib.Reg_5
Compiling module xil_defaultlib.Reg_6
Compiling module xil_defaultlib.Reg_7
Compiling module xil_defaultlib.Reg_8
Compiling module xil_defaultlib.Reg_9
Compiling module xil_defaultlib.Reg_10
Compiling module xil_defaultlib.Reg_11
Compiling module xil_defaultlib.Reg_12
Compiling module xil_defaultlib.Reg_13
Compiling module xil_defaultlib.Reg_14
Compiling module xil_defaultlib.Reg_15
Compiling module xil_defaultlib.Reg_16
Compiling module xil_defaultlib.Reg_17
Compiling module xil_defaultlib.Reg_18
Compiling module xil_defaultlib.Reg_19
Compiling module xil_defaultlib.Reg_20
Compiling module xil_defaultlib.Reg_21
Compiling module xil_defaultlib.Reg_22
Compiling module xil_defaultlib.Reg_23
Compiling module xil_defaultlib.Reg_24
Compiling module xil_defaultlib.Reg_25
Compiling module xil_defaultlib.Reg_26
Compiling module xil_defaultlib.Reg_27
Compiling module xil_defaultlib.Reg_28
Compiling module xil_defaultlib.Reg_29
Compiling module xil_defaultlib.Reg_30
Compiling module xil_defaultlib.Reg_31
Compiling module xil_defaultlib.Reg_32
Compiling module xil_defaultlib.Reg_33
Compiling module xil_defaultlib.Reg_34
Compiling module xil_defaultlib.Reg_35
Compiling module xil_defaultlib.Reg_36
Compiling module xil_defaultlib.Reg_37
Compiling module xil_defaultlib.Reg_38
Compiling module xil_defaultlib.Reg_39
Compiling module xil_defaultlib.Reg_40
Compiling module xil_defaultlib.Reg_41
Compiling module xil_defaultlib.Reg_42
Compiling module xil_defaultlib.Reg_43
Compiling module xil_defaultlib.Reg_44
Compiling module xil_defaultlib.Reg_45
Compiling module xil_defaultlib.Reg_46
Compiling module xil_defaultlib.Reg_47
Compiling module xil_defaultlib.Reg_48
Compiling module xil_defaultlib.Reg_49
Compiling module simprims_ver.sffsrce_fdse
Compiling module simprims_ver.FDSE
Compiling module xil_defaultlib.TFlipFlop
Compiling module simprims_ver.BUFG
Compiling module simprims_ver.IBUF
Compiling module simprims_ver.OBUF
Compiling module xil_defaultlib.mult_gen_1_delay_line__parameter...
Compiling module simprims_ver.DSP48E1(ACASCREG=0,ALUMODEREG=0,...
Compiling module simprims_ver.DSP48E1(ACASCREG=0,ALUMODEREG=0,...
Compiling module xil_defaultlib.mult_gen_1_dsp
Compiling module xil_defaultlib.mult_gen_1_mult_gen_v12_0_12_viv
Compiling module xil_defaultlib.mult_gen_1_mult_gen_v12_0_12
Compiling module xil_defaultlib.mult_gen_1
Compiling module xil_defaultlib.Divide
Compiling module xil_defaultlib.mult_gen_1_delay_line__parameter...
Compiling module xil_defaultlib.mult_gen_1_dsp_HD736
Compiling module xil_defaultlib.mult_gen_1_mult_gen_v12_0_12_viv...
Compiling module xil_defaultlib.mult_gen_1_mult_gen_v12_0_12_HD7...
Compiling module xil_defaultlib.mult_gen_1_HD733
Compiling module xil_defaultlib.Divide_50
Compiling module xil_defaultlib.mult_gen_1_delay_line__parameter...
Compiling module xil_defaultlib.mult_gen_1_dsp_HD741
Compiling module xil_defaultlib.mult_gen_1_mult_gen_v12_0_12_viv...
Compiling module xil_defaultlib.mult_gen_1_mult_gen_v12_0_12_HD7...
Compiling module xil_defaultlib.mult_gen_1_HD738
Compiling module xil_defaultlib.Divide_51
Compiling module simprims_ver.RAMD32
Compiling module simprims_ver.RAMS32
Compiling module xil_defaultlib.RAM32M_UNIQ_BASE_
Compiling module simprims_ver.LUT6
Compiling module xil_defaultlib.RAM32M_HD1
Compiling module xil_defaultlib.RAM32M_HD2
Compiling module xil_defaultlib.RAM32M_HD3
Compiling module simprims_ver.LUT4
Compiling module simprims_ver.LUT5
Compiling module xil_defaultlib.FifoTesting
Compiling module xil_defaultlib.RAM32M_HD4
Compiling module xil_defaultlib.RAM32M_HD5
Compiling module xil_defaultlib.RAM32M_HD6
Compiling module xil_defaultlib.RAM32M_HD7
Compiling module xil_defaultlib.FifoTesting_52
Compiling module xil_defaultlib.RAM32M_HD8
Compiling module xil_defaultlib.RAM32M_HD9
Compiling module xil_defaultlib.RAM32M_HD10
Compiling module xil_defaultlib.RAM32M_HD11
Compiling module xil_defaultlib.FifoTesting_53
Compiling module xil_defaultlib.RAM32M_HD12
Compiling module xil_defaultlib.RAM32M_HD13
Compiling module xil_defaultlib.RAM32M_HD14
Compiling module xil_defaultlib.RAM32M_HD15
Compiling module xil_defaultlib.FifoTesting_54
Compiling module xil_defaultlib.RAM32M_HD16
Compiling module xil_defaultlib.RAM32M_HD17
Compiling module xil_defaultlib.RAM32M_HD18
Compiling module xil_defaultlib.RAM32M_HD19
Compiling module xil_defaultlib.FifoTesting_55
Compiling module xil_defaultlib.RAM32M_HD20
Compiling module xil_defaultlib.RAM32M_HD21
Compiling module xil_defaultlib.RAM32M_HD22
Compiling module xil_defaultlib.RAM32M_HD23
Compiling module xil_defaultlib.FifoTesting_56
Compiling module xil_defaultlib.RAM32M_HD24
Compiling module xil_defaultlib.RAM32M_HD25
Compiling module xil_defaultlib.RAM32M_HD26
Compiling module xil_defaultlib.RAM32M_HD27
Compiling module xil_defaultlib.FifoTesting_57
Compiling module xil_defaultlib.TopLevel_Convolution
Compiling module xil_defaultlib.FifoTesting_tb
Compiling module xil_defaultlib.glbl
Built simulation snapshot FifoTesting_tb_time_impl
