#-----------------------------------------------------------
# Vivado v2016.3 (64-bit)
# SW Build 1682563 on Mon Oct 10 19:07:27 MDT 2016
# IP Build 1681267 on Mon Oct 10 21:28:31 MDT 2016
# Start of session at: Sat Feb 18 21:32:09 2017
# Process ID: 10780
# Current directory: C:/Users/saina/Desktop/SeniorDesign/Top_Module
# Command line: vivado.exe -gui_launcher_event rodinguilauncherevent5596 C:\Users\saina\Desktop\SeniorDesign\Top_Module\Top_Module.xpr
# Log file: C:/Users/saina/Desktop/SeniorDesign/Top_Module/vivado.log
# Journal file: C:/Users/saina/Desktop/SeniorDesign/Top_Module\vivado.jou
#-----------------------------------------------------------
start_gui
open_project C:/Users/saina/Desktop/SeniorDesign/Top_Module/Top_Module.xpr
INFO: [Project 1-313] Project file moved from 'C:/Users/saina/Desktop/Top_Module' since last save.
Scanning sources...
Finished scanning sources
INFO: [IP_Flow 19-234] Refreshing IP repositories
INFO: [IP_Flow 19-1704] No user IP repositories specified
INFO: [IP_Flow 19-2313] Loaded Vivado IP repository 'C:/Xilinx/Vivado/2016.3/data/ip'.
open_project: Time (s): cpu = 00:00:13 ; elapsed = 00:00:13 . Memory (MB): peak = 736.918 ; gain = 129.402
exit
INFO: [Common 17-206] Exiting Vivado at Sun Feb 19 00:01:11 2017...
