
*** Running vivado
    with args -log ConEngineUpdated_c_addsub_25_0.vds -m64 -product Vivado -mode batch -messageDb vivado.pb -notrace -source ConEngineUpdated_c_addsub_25_0.tcl


****** Vivado v2016.3 (64-bit)
  **** SW Build 1682563 on Mon Oct 10 19:07:27 MDT 2016
  **** IP Build 1681267 on Mon Oct 10 21:28:31 MDT 2016
    ** Copyright 1986-2016 Xilinx, Inc. All Rights Reserved.

source ConEngineUpdated_c_addsub_25_0.tcl -notrace
Starting RTL Elaboration : Time (s): cpu = 00:00:09 ; elapsed = 00:00:12 . Memory (MB): peak = 290.531 ; gain = 80.770
INFO: [Synth 8-638] synthesizing module 'ConEngineUpdated_c_addsub_25_0' [c:/Users/saina/ConvolutionEngineUpdated/ConvolutionEngineUpdated.srcs/sources_1/bd/ConEngineUpdated/ip/ConEngineUpdated_c_addsub_25_0/synth/ConEngineUpdated_c_addsub_25_0.vhd:68]
INFO: [Synth 8-256] done synthesizing module 'ConEngineUpdated_c_addsub_25_0' (7#1) [c:/Users/saina/ConvolutionEngineUpdated/ConvolutionEngineUpdated.srcs/sources_1/bd/ConEngineUpdated/ip/ConEngineUpdated_c_addsub_25_0/synth/ConEngineUpdated_c_addsub_25_0.vhd:68]
Finished RTL Elaboration : Time (s): cpu = 00:00:12 ; elapsed = 00:00:14 . Memory (MB): peak = 332.914 ; gain = 123.152
Finished RTL Optimization Phase 1 : Time (s): cpu = 00:00:12 ; elapsed = 00:00:14 . Memory (MB): peak = 332.914 ; gain = 123.152
INFO: [Device 21-403] Loading part xc7z020clg484-1
Constraint Validation Runtime : Time (s): cpu = 00:00:00 ; elapsed = 00:00:00.025 . Memory (MB): peak = 615.141 ; gain = 0.000
Finished Constraint Validation : Time (s): cpu = 00:00:25 ; elapsed = 00:00:29 . Memory (MB): peak = 615.141 ; gain = 405.379
Finished Loading Part and Timing Information : Time (s): cpu = 00:00:25 ; elapsed = 00:00:29 . Memory (MB): peak = 615.141 ; gain = 405.379
Finished applying 'set_property' XDC Constraints : Time (s): cpu = 00:00:25 ; elapsed = 00:00:29 . Memory (MB): peak = 615.141 ; gain = 405.379
Finished RTL Optimization Phase 2 : Time (s): cpu = 00:00:25 ; elapsed = 00:00:29 . Memory (MB): peak = 615.141 ; gain = 405.379
Finished Cross Boundary and Area Optimization : Time (s): cpu = 00:00:26 ; elapsed = 00:00:29 . Memory (MB): peak = 615.141 ; gain = 405.379
Finished Applying XDC Timing Constraints : Time (s): cpu = 00:00:40 ; elapsed = 00:00:44 . Memory (MB): peak = 615.141 ; gain = 405.379
Finished Timing Optimization : Time (s): cpu = 00:00:40 ; elapsed = 00:00:44 . Memory (MB): peak = 615.141 ; gain = 405.379
Finished Technology Mapping : Time (s): cpu = 00:00:40 ; elapsed = 00:00:44 . Memory (MB): peak = 622.105 ; gain = 412.344
Finished IO Insertion : Time (s): cpu = 00:00:41 ; elapsed = 00:00:45 . Memory (MB): peak = 622.105 ; gain = 412.344
Finished Renaming Generated Instances : Time (s): cpu = 00:00:41 ; elapsed = 00:00:45 . Memory (MB): peak = 622.105 ; gain = 412.344
Finished Rebuilding User Hierarchy : Time (s): cpu = 00:00:41 ; elapsed = 00:00:45 . Memory (MB): peak = 622.105 ; gain = 412.344
Finished Renaming Generated Ports : Time (s): cpu = 00:00:41 ; elapsed = 00:00:45 . Memory (MB): peak = 622.105 ; gain = 412.344
Finished Handling Custom Attributes : Time (s): cpu = 00:00:41 ; elapsed = 00:00:45 . Memory (MB): peak = 622.105 ; gain = 412.344
Finished Renaming Generated Nets : Time (s): cpu = 00:00:41 ; elapsed = 00:00:45 . Memory (MB): peak = 622.105 ; gain = 412.344

Report Cell Usage: 
+------+------+------+
|      |Cell  |Count |
+------+------+------+
|1     |LUT2  |    19|
|2     |MUXCY |    17|
|3     |XORCY |    18|
|4     |FDRE  |    18|
+------+------+------+
Finished Writing Synthesis Report : Time (s): cpu = 00:00:41 ; elapsed = 00:00:45 . Memory (MB): peak = 622.105 ; gain = 412.344
synth_design: Time (s): cpu = 00:00:40 ; elapsed = 00:00:42 . Memory (MB): peak = 637.402 ; gain = 422.238
