Unable to capture context for thread 8444 in process 1144, can not generate back trace
Unable to capture context for thread 6536 in process 1144, can not generate back trace
Exception at PC 0x00007FFC81F17788
Unable to capture context for thread 8444 in process 1144, can not generate back trace
Exception at PC 0x00007FFC29FFBB93
Printing stacktrace...

Exception at PC 0x00007FFC81F17788
Unable to capture context for thread 7760 in process 1144, can not generate back trace
Exception at PC 0x00007FFC81F17788
Exception at PC 0x00007FFC81F17788
Exception at PC 0x00007FFC81F17788
Exception at PC 0x00007FFC81F17788
Exception at PC 0x00007FFC81F17788
Exception at PC 0x00007FFC81F17788
Exception at PC 0x00007FFC81F17788
Exception at PC 0x00007FFC81F17788
Exception at PC 0x00007FFC81F17788
Exception at PC 0x00007FFC81F17788
Exception at PC 0x00007FFC81F17788
Exception at PC 0x00007FFC81F17788
Exception at PC 0x00007FFC81F17788
Exception at PC 0x00007FFC81F17788
Exception at PC 0x00007FFC81F17788
[0]  [0x00007FFC29FFBB93]
[1]  [0x00007FFC29FFBB93]
[2]  [0x00007FFC29FFB4A1]
[3]  [0x00007FFC29FFB3EF]
[4]  [0x00007FFC29FE19FE]
[5]  [0x00007FFC29FE0ED1]
[6]  [0x00007FFC29FE0D76]
[7]  [0x00007FFC29F879F6]
[8]  [0x00007FFC29F77AFB]
[9]  [0x00007FFC2A09E90A]
[10]  [0x00007FFC2A0B9F87]
[11]  [0x00007FFC2A0BA05F]
[12] (BaseThreadInitThunk+0x14) [0x00007FFC85758364]
[13] (RtlUserThreadStart+0x21) [0x00007FFC85A070D1]
Done
