
*** Running vivado
    with args -log TopLevel_Convolution.vdi -applog -m64 -product Vivado -messageDb vivado.pb -mode batch -source TopLevel_Convolution.tcl -notrace


****** Vivado v2016.3 (64-bit)
  **** SW Build 1682563 on Mon Oct 10 19:07:27 MDT 2016
  **** IP Build 1681267 on Mon Oct 10 21:28:31 MDT 2016
    ** Copyright 1986-2016 Xilinx, Inc. All Rights Reserved.

source TopLevel_Convolution.tcl -notrace
Design is defaulting to srcset: sources_1
Design is defaulting to constrset: constrs_1
INFO: [Project 1-454] Reading design checkpoint 'c:/Users/saina/Desktop/SeniorDesign/Top_Module/Top_Module.srcs/sources_1/ip/mult_gen_0_2/mult_gen_0.dcp' for cell 'ConEngine_Blue/DSP_1'
INFO: [Project 1-454] Reading design checkpoint 'c:/Users/saina/Desktop/SeniorDesign/Top_Module/Top_Module.srcs/sources_1/ip/mult_gen_1_1/mult_gen_1.dcp' for cell 'divide_blue/mult_result'
INFO: [Netlist 29-17] Analyzing 972 Unisim elements for replacement
INFO: [Netlist 29-28] Unisim Transformation completed in 0 CPU seconds
INFO: [Project 1-479] Netlist was created with Vivado 2016.3
INFO: [Device 21-403] Loading part xc7z020clg484-1
INFO: [Project 1-570] Preparing netlist for logic optimization
INFO: [Project 1-538] Using original IP XDC constraints instead of the XDC constraints in dcp 'c:/Users/saina/Desktop/SeniorDesign/Top_Module/Top_Module.srcs/sources_1/ip/mult_gen_0_2/mult_gen_0.dcp'
INFO: [Project 1-538] Using original IP XDC constraints instead of the XDC constraints in dcp 'c:/Users/saina/Desktop/SeniorDesign/Top_Module/Top_Module.srcs/sources_1/ip/mult_gen_0_2/mult_gen_0.dcp'
INFO: [Project 1-538] Using original IP XDC constraints instead of the XDC constraints in dcp 'c:/Users/saina/Desktop/SeniorDesign/Top_Module/Top_Module.srcs/sources_1/ip/mult_gen_0_2/mult_gen_0.dcp'
INFO: [Project 1-538] Using original IP XDC constraints instead of the XDC constraints in dcp 'c:/Users/saina/Desktop/SeniorDesign/Top_Module/Top_Module.srcs/sources_1/ip/mult_gen_0_2/mult_gen_0.dcp'
INFO: [Project 1-538] Using original IP XDC constraints instead of the XDC constraints in dcp 'c:/Users/saina/Desktop/SeniorDesign/Top_Module/Top_Module.srcs/sources_1/ip/mult_gen_0_2/mult_gen_0.dcp'
INFO: [Project 1-538] Using original IP XDC constraints instead of the XDC constraints in dcp 'c:/Users/saina/Desktop/SeniorDesign/Top_Module/Top_Module.srcs/sources_1/ip/mult_gen_0_2/mult_gen_0.dcp'
INFO: [Project 1-538] Using original IP XDC constraints instead of the XDC constraints in dcp 'c:/Users/saina/Desktop/SeniorDesign/Top_Module/Top_Module.srcs/sources_1/ip/mult_gen_0_2/mult_gen_0.dcp'
INFO: [Project 1-538] Using original IP XDC constraints instead of the XDC constraints in dcp 'c:/Users/saina/Desktop/SeniorDesign/Top_Module/Top_Module.srcs/sources_1/ip/mult_gen_0_2/mult_gen_0.dcp'
INFO: [Project 1-538] Using original IP XDC constraints instead of the XDC constraints in dcp 'c:/Users/saina/Desktop/SeniorDesign/Top_Module/Top_Module.srcs/sources_1/ip/mult_gen_0_2/mult_gen_0.dcp'
INFO: [Project 1-538] Using original IP XDC constraints instead of the XDC constraints in dcp 'c:/Users/saina/Desktop/SeniorDesign/Top_Module/Top_Module.srcs/sources_1/ip/mult_gen_0_2/mult_gen_0.dcp'
INFO: [Project 1-538] Using original IP XDC constraints instead of the XDC constraints in dcp 'c:/Users/saina/Desktop/SeniorDesign/Top_Module/Top_Module.srcs/sources_1/ip/mult_gen_0_2/mult_gen_0.dcp'
INFO: [Project 1-538] Using original IP XDC constraints instead of the XDC constraints in dcp 'c:/Users/saina/Desktop/SeniorDesign/Top_Module/Top_Module.srcs/sources_1/ip/mult_gen_0_2/mult_gen_0.dcp'
INFO: [Project 1-538] Using original IP XDC constraints instead of the XDC constraints in dcp 'c:/Users/saina/Desktop/SeniorDesign/Top_Module/Top_Module.srcs/sources_1/ip/mult_gen_0_2/mult_gen_0.dcp'
INFO: [Project 1-538] Using original IP XDC constraints instead of the XDC constraints in dcp 'c:/Users/saina/Desktop/SeniorDesign/Top_Module/Top_Module.srcs/sources_1/ip/mult_gen_0_2/mult_gen_0.dcp'
INFO: [Project 1-538] Using original IP XDC constraints instead of the XDC constraints in dcp 'c:/Users/saina/Desktop/SeniorDesign/Top_Module/Top_Module.srcs/sources_1/ip/mult_gen_0_2/mult_gen_0.dcp'
INFO: [Project 1-538] Using original IP XDC constraints instead of the XDC constraints in dcp 'c:/Users/saina/Desktop/SeniorDesign/Top_Module/Top_Module.srcs/sources_1/ip/mult_gen_0_2/mult_gen_0.dcp'
INFO: [Project 1-538] Using original IP XDC constraints instead of the XDC constraints in dcp 'c:/Users/saina/Desktop/SeniorDesign/Top_Module/Top_Module.srcs/sources_1/ip/mult_gen_0_2/mult_gen_0.dcp'
INFO: [Project 1-538] Using original IP XDC constraints instead of the XDC constraints in dcp 'c:/Users/saina/Desktop/SeniorDesign/Top_Module/Top_Module.srcs/sources_1/ip/mult_gen_0_2/mult_gen_0.dcp'
INFO: [Project 1-538] Using original IP XDC constraints instead of the XDC constraints in dcp 'c:/Users/saina/Desktop/SeniorDesign/Top_Module/Top_Module.srcs/sources_1/ip/mult_gen_0_2/mult_gen_0.dcp'
INFO: [Project 1-538] Using original IP XDC constraints instead of the XDC constraints in dcp 'c:/Users/saina/Desktop/SeniorDesign/Top_Module/Top_Module.srcs/sources_1/ip/mult_gen_0_2/mult_gen_0.dcp'
INFO: [Project 1-538] Using original IP XDC constraints instead of the XDC constraints in dcp 'c:/Users/saina/Desktop/SeniorDesign/Top_Module/Top_Module.srcs/sources_1/ip/mult_gen_0_2/mult_gen_0.dcp'
INFO: [Project 1-538] Using original IP XDC constraints instead of the XDC constraints in dcp 'c:/Users/saina/Desktop/SeniorDesign/Top_Module/Top_Module.srcs/sources_1/ip/mult_gen_0_2/mult_gen_0.dcp'
INFO: [Project 1-538] Using original IP XDC constraints instead of the XDC constraints in dcp 'c:/Users/saina/Desktop/SeniorDesign/Top_Module/Top_Module.srcs/sources_1/ip/mult_gen_0_2/mult_gen_0.dcp'
INFO: [Project 1-538] Using original IP XDC constraints instead of the XDC constraints in dcp 'c:/Users/saina/Desktop/SeniorDesign/Top_Module/Top_Module.srcs/sources_1/ip/mult_gen_0_2/mult_gen_0.dcp'
INFO: [Project 1-538] Using original IP XDC constraints instead of the XDC constraints in dcp 'c:/Users/saina/Desktop/SeniorDesign/Top_Module/Top_Module.srcs/sources_1/ip/mult_gen_0_2/mult_gen_0.dcp'
INFO: [Project 1-538] Using original IP XDC constraints instead of the XDC constraints in dcp 'c:/Users/saina/Desktop/SeniorDesign/Top_Module/Top_Module.srcs/sources_1/ip/mult_gen_0_2/mult_gen_0.dcp'
INFO: [Project 1-538] Using original IP XDC constraints instead of the XDC constraints in dcp 'c:/Users/saina/Desktop/SeniorDesign/Top_Module/Top_Module.srcs/sources_1/ip/mult_gen_0_2/mult_gen_0.dcp'
INFO: [Project 1-538] Using original IP XDC constraints instead of the XDC constraints in dcp 'c:/Users/saina/Desktop/SeniorDesign/Top_Module/Top_Module.srcs/sources_1/ip/mult_gen_0_2/mult_gen_0.dcp'
INFO: [Project 1-538] Using original IP XDC constraints instead of the XDC constraints in dcp 'c:/Users/saina/Desktop/SeniorDesign/Top_Module/Top_Module.srcs/sources_1/ip/mult_gen_0_2/mult_gen_0.dcp'
INFO: [Project 1-538] Using original IP XDC constraints instead of the XDC constraints in dcp 'c:/Users/saina/Desktop/SeniorDesign/Top_Module/Top_Module.srcs/sources_1/ip/mult_gen_0_2/mult_gen_0.dcp'
INFO: [Project 1-538] Using original IP XDC constraints instead of the XDC constraints in dcp 'c:/Users/saina/Desktop/SeniorDesign/Top_Module/Top_Module.srcs/sources_1/ip/mult_gen_0_2/mult_gen_0.dcp'
INFO: [Project 1-538] Using original IP XDC constraints instead of the XDC constraints in dcp 'c:/Users/saina/Desktop/SeniorDesign/Top_Module/Top_Module.srcs/sources_1/ip/mult_gen_0_2/mult_gen_0.dcp'
INFO: [Project 1-538] Using original IP XDC constraints instead of the XDC constraints in dcp 'c:/Users/saina/Desktop/SeniorDesign/Top_Module/Top_Module.srcs/sources_1/ip/mult_gen_0_2/mult_gen_0.dcp'
INFO: [Project 1-538] Using original IP XDC constraints instead of the XDC constraints in dcp 'c:/Users/saina/Desktop/SeniorDesign/Top_Module/Top_Module.srcs/sources_1/ip/mult_gen_0_2/mult_gen_0.dcp'
INFO: [Project 1-538] Using original IP XDC constraints instead of the XDC constraints in dcp 'c:/Users/saina/Desktop/SeniorDesign/Top_Module/Top_Module.srcs/sources_1/ip/mult_gen_0_2/mult_gen_0.dcp'
INFO: [Project 1-538] Using original IP XDC constraints instead of the XDC constraints in dcp 'c:/Users/saina/Desktop/SeniorDesign/Top_Module/Top_Module.srcs/sources_1/ip/mult_gen_0_2/mult_gen_0.dcp'
INFO: [Project 1-538] Using original IP XDC constraints instead of the XDC constraints in dcp 'c:/Users/saina/Desktop/SeniorDesign/Top_Module/Top_Module.srcs/sources_1/ip/mult_gen_0_2/mult_gen_0.dcp'
INFO: [Project 1-538] Using original IP XDC constraints instead of the XDC constraints in dcp 'c:/Users/saina/Desktop/SeniorDesign/Top_Module/Top_Module.srcs/sources_1/ip/mult_gen_0_2/mult_gen_0.dcp'
INFO: [Project 1-538] Using original IP XDC constraints instead of the XDC constraints in dcp 'c:/Users/saina/Desktop/SeniorDesign/Top_Module/Top_Module.srcs/sources_1/ip/mult_gen_0_2/mult_gen_0.dcp'
INFO: [Project 1-538] Using original IP XDC constraints instead of the XDC constraints in dcp 'c:/Users/saina/Desktop/SeniorDesign/Top_Module/Top_Module.srcs/sources_1/ip/mult_gen_0_2/mult_gen_0.dcp'
INFO: [Project 1-538] Using original IP XDC constraints instead of the XDC constraints in dcp 'c:/Users/saina/Desktop/SeniorDesign/Top_Module/Top_Module.srcs/sources_1/ip/mult_gen_0_2/mult_gen_0.dcp'
INFO: [Project 1-538] Using original IP XDC constraints instead of the XDC constraints in dcp 'c:/Users/saina/Desktop/SeniorDesign/Top_Module/Top_Module.srcs/sources_1/ip/mult_gen_0_2/mult_gen_0.dcp'
INFO: [Project 1-538] Using original IP XDC constraints instead of the XDC constraints in dcp 'c:/Users/saina/Desktop/SeniorDesign/Top_Module/Top_Module.srcs/sources_1/ip/mult_gen_0_2/mult_gen_0.dcp'
INFO: [Project 1-538] Using original IP XDC constraints instead of the XDC constraints in dcp 'c:/Users/saina/Desktop/SeniorDesign/Top_Module/Top_Module.srcs/sources_1/ip/mult_gen_0_2/mult_gen_0.dcp'
INFO: [Project 1-538] Using original IP XDC constraints instead of the XDC constraints in dcp 'c:/Users/saina/Desktop/SeniorDesign/Top_Module/Top_Module.srcs/sources_1/ip/mult_gen_0_2/mult_gen_0.dcp'
INFO: [Project 1-538] Using original IP XDC constraints instead of the XDC constraints in dcp 'c:/Users/saina/Desktop/SeniorDesign/Top_Module/Top_Module.srcs/sources_1/ip/mult_gen_0_2/mult_gen_0.dcp'
INFO: [Project 1-538] Using original IP XDC constraints instead of the XDC constraints in dcp 'c:/Users/saina/Desktop/SeniorDesign/Top_Module/Top_Module.srcs/sources_1/ip/mult_gen_0_2/mult_gen_0.dcp'
INFO: [Project 1-538] Using original IP XDC constraints instead of the XDC constraints in dcp 'c:/Users/saina/Desktop/SeniorDesign/Top_Module/Top_Module.srcs/sources_1/ip/mult_gen_0_2/mult_gen_0.dcp'
INFO: [Project 1-538] Using original IP XDC constraints instead of the XDC constraints in dcp 'c:/Users/saina/Desktop/SeniorDesign/Top_Module/Top_Module.srcs/sources_1/ip/mult_gen_0_2/mult_gen_0.dcp'
INFO: [Project 1-538] Using original IP XDC constraints instead of the XDC constraints in dcp 'c:/Users/saina/Desktop/SeniorDesign/Top_Module/Top_Module.srcs/sources_1/ip/mult_gen_0_2/mult_gen_0.dcp'
INFO: [Project 1-538] Using original IP XDC constraints instead of the XDC constraints in dcp 'c:/Users/saina/Desktop/SeniorDesign/Top_Module/Top_Module.srcs/sources_1/ip/mult_gen_0_2/mult_gen_0.dcp'
INFO: [Project 1-538] Using original IP XDC constraints instead of the XDC constraints in dcp 'c:/Users/saina/Desktop/SeniorDesign/Top_Module/Top_Module.srcs/sources_1/ip/mult_gen_0_2/mult_gen_0.dcp'
INFO: [Project 1-538] Using original IP XDC constraints instead of the XDC constraints in dcp 'c:/Users/saina/Desktop/SeniorDesign/Top_Module/Top_Module.srcs/sources_1/ip/mult_gen_0_2/mult_gen_0.dcp'
INFO: [Project 1-538] Using original IP XDC constraints instead of the XDC constraints in dcp 'c:/Users/saina/Desktop/SeniorDesign/Top_Module/Top_Module.srcs/sources_1/ip/mult_gen_0_2/mult_gen_0.dcp'
INFO: [Project 1-538] Using original IP XDC constraints instead of the XDC constraints in dcp 'c:/Users/saina/Desktop/SeniorDesign/Top_Module/Top_Module.srcs/sources_1/ip/mult_gen_0_2/mult_gen_0.dcp'
INFO: [Project 1-538] Using original IP XDC constraints instead of the XDC constraints in dcp 'c:/Users/saina/Desktop/SeniorDesign/Top_Module/Top_Module.srcs/sources_1/ip/mult_gen_0_2/mult_gen_0.dcp'
INFO: [Project 1-538] Using original IP XDC constraints instead of the XDC constraints in dcp 'c:/Users/saina/Desktop/SeniorDesign/Top_Module/Top_Module.srcs/sources_1/ip/mult_gen_0_2/mult_gen_0.dcp'
INFO: [Project 1-538] Using original IP XDC constraints instead of the XDC constraints in dcp 'c:/Users/saina/Desktop/SeniorDesign/Top_Module/Top_Module.srcs/sources_1/ip/mult_gen_0_2/mult_gen_0.dcp'
INFO: [Project 1-538] Using original IP XDC constraints instead of the XDC constraints in dcp 'c:/Users/saina/Desktop/SeniorDesign/Top_Module/Top_Module.srcs/sources_1/ip/mult_gen_0_2/mult_gen_0.dcp'
INFO: [Project 1-538] Using original IP XDC constraints instead of the XDC constraints in dcp 'c:/Users/saina/Desktop/SeniorDesign/Top_Module/Top_Module.srcs/sources_1/ip/mult_gen_0_2/mult_gen_0.dcp'
INFO: [Project 1-538] Using original IP XDC constraints instead of the XDC constraints in dcp 'c:/Users/saina/Desktop/SeniorDesign/Top_Module/Top_Module.srcs/sources_1/ip/mult_gen_0_2/mult_gen_0.dcp'
INFO: [Project 1-538] Using original IP XDC constraints instead of the XDC constraints in dcp 'c:/Users/saina/Desktop/SeniorDesign/Top_Module/Top_Module.srcs/sources_1/ip/mult_gen_0_2/mult_gen_0.dcp'
INFO: [Project 1-538] Using original IP XDC constraints instead of the XDC constraints in dcp 'c:/Users/saina/Desktop/SeniorDesign/Top_Module/Top_Module.srcs/sources_1/ip/mult_gen_0_2/mult_gen_0.dcp'
INFO: [Project 1-538] Using original IP XDC constraints instead of the XDC constraints in dcp 'c:/Users/saina/Desktop/SeniorDesign/Top_Module/Top_Module.srcs/sources_1/ip/mult_gen_0_2/mult_gen_0.dcp'
INFO: [Project 1-538] Using original IP XDC constraints instead of the XDC constraints in dcp 'c:/Users/saina/Desktop/SeniorDesign/Top_Module/Top_Module.srcs/sources_1/ip/mult_gen_0_2/mult_gen_0.dcp'
INFO: [Project 1-538] Using original IP XDC constraints instead of the XDC constraints in dcp 'c:/Users/saina/Desktop/SeniorDesign/Top_Module/Top_Module.srcs/sources_1/ip/mult_gen_0_2/mult_gen_0.dcp'
INFO: [Project 1-538] Using original IP XDC constraints instead of the XDC constraints in dcp 'c:/Users/saina/Desktop/SeniorDesign/Top_Module/Top_Module.srcs/sources_1/ip/mult_gen_0_2/mult_gen_0.dcp'
INFO: [Project 1-538] Using original IP XDC constraints instead of the XDC constraints in dcp 'c:/Users/saina/Desktop/SeniorDesign/Top_Module/Top_Module.srcs/sources_1/ip/mult_gen_0_2/mult_gen_0.dcp'
INFO: [Project 1-538] Using original IP XDC constraints instead of the XDC constraints in dcp 'c:/Users/saina/Desktop/SeniorDesign/Top_Module/Top_Module.srcs/sources_1/ip/mult_gen_0_2/mult_gen_0.dcp'
INFO: [Project 1-538] Using original IP XDC constraints instead of the XDC constraints in dcp 'c:/Users/saina/Desktop/SeniorDesign/Top_Module/Top_Module.srcs/sources_1/ip/mult_gen_0_2/mult_gen_0.dcp'
INFO: [Project 1-538] Using original IP XDC constraints instead of the XDC constraints in dcp 'c:/Users/saina/Desktop/SeniorDesign/Top_Module/Top_Module.srcs/sources_1/ip/mult_gen_0_2/mult_gen_0.dcp'
INFO: [Project 1-538] Using original IP XDC constraints instead of the XDC constraints in dcp 'c:/Users/saina/Desktop/SeniorDesign/Top_Module/Top_Module.srcs/sources_1/ip/mult_gen_0_2/mult_gen_0.dcp'
INFO: [Project 1-538] Using original IP XDC constraints instead of the XDC constraints in dcp 'c:/Users/saina/Desktop/SeniorDesign/Top_Module/Top_Module.srcs/sources_1/ip/mult_gen_0_2/mult_gen_0.dcp'
INFO: [Project 1-538] Using original IP XDC constraints instead of the XDC constraints in dcp 'c:/Users/saina/Desktop/SeniorDesign/Top_Module/Top_Module.srcs/sources_1/ip/mult_gen_0_2/mult_gen_0.dcp'
INFO: [Project 1-538] Using original IP XDC constraints instead of the XDC constraints in dcp 'c:/Users/saina/Desktop/SeniorDesign/Top_Module/Top_Module.srcs/sources_1/ip/mult_gen_0_2/mult_gen_0.dcp'
INFO: [Project 1-538] Using original IP XDC constraints instead of the XDC constraints in dcp 'c:/Users/saina/Desktop/SeniorDesign/Top_Module/Top_Module.srcs/sources_1/ip/mult_gen_0_2/mult_gen_0.dcp'
INFO: [Project 1-538] Using original IP XDC constraints instead of the XDC constraints in dcp 'c:/Users/saina/Desktop/SeniorDesign/Top_Module/Top_Module.srcs/sources_1/ip/mult_gen_0_2/mult_gen_0.dcp'
INFO: [Project 1-538] Using original IP XDC constraints instead of the XDC constraints in dcp 'c:/Users/saina/Desktop/SeniorDesign/Top_Module/Top_Module.srcs/sources_1/ip/mult_gen_0_2/mult_gen_0.dcp'
INFO: [Project 1-538] Using original IP XDC constraints instead of the XDC constraints in dcp 'c:/Users/saina/Desktop/SeniorDesign/Top_Module/Top_Module.srcs/sources_1/ip/mult_gen_0_2/mult_gen_0.dcp'
INFO: [Project 1-538] Using original IP XDC constraints instead of the XDC constraints in dcp 'c:/Users/saina/Desktop/SeniorDesign/Top_Module/Top_Module.srcs/sources_1/ip/mult_gen_0_2/mult_gen_0.dcp'
INFO: [Project 1-538] Using original IP XDC constraints instead of the XDC constraints in dcp 'c:/Users/saina/Desktop/SeniorDesign/Top_Module/Top_Module.srcs/sources_1/ip/mult_gen_0_2/mult_gen_0.dcp'
INFO: [Project 1-538] Using original IP XDC constraints instead of the XDC constraints in dcp 'c:/Users/saina/Desktop/SeniorDesign/Top_Module/Top_Module.srcs/sources_1/ip/mult_gen_0_2/mult_gen_0.dcp'
INFO: [Project 1-538] Using original IP XDC constraints instead of the XDC constraints in dcp 'c:/Users/saina/Desktop/SeniorDesign/Top_Module/Top_Module.srcs/sources_1/ip/mult_gen_0_2/mult_gen_0.dcp'
INFO: [Project 1-538] Using original IP XDC constraints instead of the XDC constraints in dcp 'c:/Users/saina/Desktop/SeniorDesign/Top_Module/Top_Module.srcs/sources_1/ip/mult_gen_0_2/mult_gen_0.dcp'
INFO: [Project 1-538] Using original IP XDC constraints instead of the XDC constraints in dcp 'c:/Users/saina/Desktop/SeniorDesign/Top_Module/Top_Module.srcs/sources_1/ip/mult_gen_0_2/mult_gen_0.dcp'
INFO: [Project 1-538] Using original IP XDC constraints instead of the XDC constraints in dcp 'c:/Users/saina/Desktop/SeniorDesign/Top_Module/Top_Module.srcs/sources_1/ip/mult_gen_0_2/mult_gen_0.dcp'
INFO: [Project 1-538] Using original IP XDC constraints instead of the XDC constraints in dcp 'c:/Users/saina/Desktop/SeniorDesign/Top_Module/Top_Module.srcs/sources_1/ip/mult_gen_0_2/mult_gen_0.dcp'
INFO: [Project 1-538] Using original IP XDC constraints instead of the XDC constraints in dcp 'c:/Users/saina/Desktop/SeniorDesign/Top_Module/Top_Module.srcs/sources_1/ip/mult_gen_0_2/mult_gen_0.dcp'
INFO: [Project 1-538] Using original IP XDC constraints instead of the XDC constraints in dcp 'c:/Users/saina/Desktop/SeniorDesign/Top_Module/Top_Module.srcs/sources_1/ip/mult_gen_0_2/mult_gen_0.dcp'
INFO: [Project 1-538] Using original IP XDC constraints instead of the XDC constraints in dcp 'c:/Users/saina/Desktop/SeniorDesign/Top_Module/Top_Module.srcs/sources_1/ip/mult_gen_0_2/mult_gen_0.dcp'
INFO: [Project 1-538] Using original IP XDC constraints instead of the XDC constraints in dcp 'c:/Users/saina/Desktop/SeniorDesign/Top_Module/Top_Module.srcs/sources_1/ip/mult_gen_0_2/mult_gen_0.dcp'
INFO: [Project 1-538] Using original IP XDC constraints instead of the XDC constraints in dcp 'c:/Users/saina/Desktop/SeniorDesign/Top_Module/Top_Module.srcs/sources_1/ip/mult_gen_0_2/mult_gen_0.dcp'
INFO: [Project 1-538] Using original IP XDC constraints instead of the XDC constraints in dcp 'c:/Users/saina/Desktop/SeniorDesign/Top_Module/Top_Module.srcs/sources_1/ip/mult_gen_0_2/mult_gen_0.dcp'
INFO: [Project 1-538] Using original IP XDC constraints instead of the XDC constraints in dcp 'c:/Users/saina/Desktop/SeniorDesign/Top_Module/Top_Module.srcs/sources_1/ip/mult_gen_0_2/mult_gen_0.dcp'
INFO: [Project 1-538] Using original IP XDC constraints instead of the XDC constraints in dcp 'c:/Users/saina/Desktop/SeniorDesign/Top_Module/Top_Module.srcs/sources_1/ip/mult_gen_0_2/mult_gen_0.dcp'
INFO: [Project 1-538] Using original IP XDC constraints instead of the XDC constraints in dcp 'c:/Users/saina/Desktop/SeniorDesign/Top_Module/Top_Module.srcs/sources_1/ip/mult_gen_0_2/mult_gen_0.dcp'
INFO: [Project 1-538] Using original IP XDC constraints instead of the XDC constraints in dcp 'c:/Users/saina/Desktop/SeniorDesign/Top_Module/Top_Module.srcs/sources_1/ip/mult_gen_0_2/mult_gen_0.dcp'
INFO: [Project 1-538] Using original IP XDC constraints instead of the XDC constraints in dcp 'c:/Users/saina/Desktop/SeniorDesign/Top_Module/Top_Module.srcs/sources_1/ip/mult_gen_0_2/mult_gen_0.dcp'
INFO: [Project 1-538] Using original IP XDC constraints instead of the XDC constraints in dcp 'c:/Users/saina/Desktop/SeniorDesign/Top_Module/Top_Module.srcs/sources_1/ip/mult_gen_0_2/mult_gen_0.dcp'
INFO: [Project 1-538] Using original IP XDC constraints instead of the XDC constraints in dcp 'c:/Users/saina/Desktop/SeniorDesign/Top_Module/Top_Module.srcs/sources_1/ip/mult_gen_0_2/mult_gen_0.dcp'
INFO: [Common 17-14] Message 'Project 1-538' appears 100 times and further instances of the messages will be disabled. Use the Tcl command set_msg_config to change the current settings.
INFO: [Opt 31-138] Pushed 0 inverter(s) to 0 load pin(s).
INFO: [Project 1-111] Unisim Transformation Summary:
  A total of 28 instances were transformed.
  RAM32M => RAM32M (RAMD32, RAMD32, RAMD32, RAMD32, RAMD32, RAMD32, RAMS32, RAMS32): 28 instances

link_design: Time (s): cpu = 00:00:08 ; elapsed = 00:00:09 . Memory (MB): peak = 515.484 ; gain = 306.273
INFO: [Vivado_Tcl 4-424] Cannot write hardware definition file as there are no IPI block design hardware handoff files present
Command: opt_design
Attempting to get a license for feature 'Implementation' and/or device 'xc7z020'
INFO: [Common 17-349] Got license for feature 'Implementation' and/or device 'xc7z020'
Running DRC as a precondition to command opt_design

Starting DRC Task
INFO: [DRC 23-27] Running DRC with 2 threads
INFO: [Project 1-461] DRC finished with 0 Errors
INFO: [Project 1-462] Please refer to the DRC report (report_drc) for more information.

Time (s): cpu = 00:00:02 ; elapsed = 00:00:00.808 . Memory (MB): peak = 522.398 ; gain = 6.914
INFO: [Timing 38-35] Done setting XDC timing constraints.

Starting Logic Optimization Task
Implement Debug Cores | Checksum: 119fa5b77

Phase 1 Retarget
INFO: [Opt 31-138] Pushed 0 inverter(s) to 0 load pin(s).
INFO: [Opt 31-49] Retargeted 0 cell(s).
Phase 1 Retarget | Checksum: 187d2d4b7

Time (s): cpu = 00:00:00 ; elapsed = 00:00:00.855 . Memory (MB): peak = 1038.363 ; gain = 0.961

Phase 2 Constant propagation
INFO: [Opt 31-138] Pushed 0 inverter(s) to 0 load pin(s).
INFO: [Opt 31-10] Eliminated 0 cells.
Phase 2 Constant propagation | Checksum: 187d2d4b7

Time (s): cpu = 00:00:01 ; elapsed = 00:00:02 . Memory (MB): peak = 1038.363 ; gain = 0.961

Phase 3 Sweep
INFO: [Opt 31-12] Eliminated 2739 unconnected nets.
INFO: [Opt 31-11] Eliminated 624 unconnected cells.
Phase 3 Sweep | Checksum: 8fd929c1

Time (s): cpu = 00:00:03 ; elapsed = 00:00:03 . Memory (MB): peak = 1038.363 ; gain = 0.961

Phase 4 BUFG optimization
INFO: [Opt 31-12] Eliminated 0 unconnected nets.
INFO: [Opt 31-11] Eliminated 0 unconnected cells.
Phase 4 BUFG optimization | Checksum: 8fd929c1

Time (s): cpu = 00:00:05 ; elapsed = 00:00:06 . Memory (MB): peak = 1038.363 ; gain = 0.961

Starting Connectivity Check Task

Time (s): cpu = 00:00:00 ; elapsed = 00:00:00.015 . Memory (MB): peak = 1038.363 ; gain = 0.000
Ending Logic Optimization Task | Checksum: 8fd929c1

Time (s): cpu = 00:00:06 ; elapsed = 00:00:06 . Memory (MB): peak = 1038.363 ; gain = 0.961

Starting Power Optimization Task
INFO: [Pwropt 34-132] Skipping clock gating for clocks with a period < 2.00 ns.
Ending Power Optimization Task | Checksum: 8fd929c1

Time (s): cpu = 00:00:00 ; elapsed = 00:00:00.063 . Memory (MB): peak = 1038.363 ; gain = 0.000
INFO: [Common 17-83] Releasing license: Implementation
126 Infos, 0 Warnings, 0 Critical Warnings and 0 Errors encountered.
opt_design completed successfully
opt_design: Time (s): cpu = 00:00:23 ; elapsed = 00:00:22 . Memory (MB): peak = 1038.363 ; gain = 522.879
INFO: [Common 17-1381] The checkpoint 'C:/Users/saina/Desktop/SeniorDesign/Top_Module/Top_Module.runs/impl_1/TopLevel_Convolution_opt.dcp' has been generated.
INFO: [DRC 23-27] Running DRC with 2 threads
INFO: [Coretcl 2-168] The results of DRC are in file C:/Users/saina/Desktop/SeniorDesign/Top_Module/Top_Module.runs/impl_1/TopLevel_Convolution_drc_opted.rpt.
INFO: [Chipscope 16-241] No debug cores found in the current design.
Before running the implement_debug_core command, either use the Set Up Debug wizard (GUI mode)
or use the create_debug_core and connect_debug_core Tcl commands to insert debug cores into the design.
Command: place_design
Attempting to get a license for feature 'Implementation' and/or device 'xc7z020'
INFO: [Common 17-349] Got license for feature 'Implementation' and/or device 'xc7z020'
INFO: [DRC 23-27] Running DRC with 2 threads
INFO: [Vivado_Tcl 4-198] DRC finished with 0 Errors
INFO: [Vivado_Tcl 4-199] Please refer to the DRC report (report_drc) for more information.
Running DRC as a precondition to command place_design
INFO: [DRC 23-27] Running DRC with 2 threads
INFO: [Vivado_Tcl 4-198] DRC finished with 0 Errors
INFO: [Vivado_Tcl 4-199] Please refer to the DRC report (report_drc) for more information.

Starting Placer Task
INFO: [Place 30-611] Multithreading enabled for place_design using a maximum of 2 CPUs

Phase 1 Placer Initialization
Netlist sorting complete. Time (s): cpu = 00:00:01 ; elapsed = 00:00:00.031 . Memory (MB): peak = 1038.363 ; gain = 0.000
Netlist sorting complete. Time (s): cpu = 00:00:00 ; elapsed = 00:00:00.021 . Memory (MB): peak = 1038.363 ; gain = 0.000

Phase 1.1 IO Placement/ Clock Placement/ Build Placer Device
INFO: [Timing 38-35] Done setting XDC timing constraints.
Phase 1.1 IO Placement/ Clock Placement/ Build Placer Device | Checksum: df0658e1

Time (s): cpu = 00:00:07 ; elapsed = 00:00:05 . Memory (MB): peak = 1071.961 ; gain = 33.598

Phase 1.2 Build Placer Netlist Model
Phase 1.2 Build Placer Netlist Model | Checksum: f966b746

Time (s): cpu = 00:00:07 ; elapsed = 00:00:05 . Memory (MB): peak = 1071.961 ; gain = 33.598

Phase 1.3 Constrain Clocks/Macros
Phase 1.3 Constrain Clocks/Macros | Checksum: f966b746

Time (s): cpu = 00:00:07 ; elapsed = 00:00:05 . Memory (MB): peak = 1071.961 ; gain = 33.598
Phase 1 Placer Initialization | Checksum: f966b746

Time (s): cpu = 00:00:07 ; elapsed = 00:00:05 . Memory (MB): peak = 1071.961 ; gain = 33.598

Phase 2 Global Placement
Phase 2 Global Placement | Checksum: 2168dc327

Time (s): cpu = 00:00:13 ; elapsed = 00:00:09 . Memory (MB): peak = 1071.961 ; gain = 33.598

Phase 3 Detail Placement

Phase 3.1 Commit Multi Column Macros
Phase 3.1 Commit Multi Column Macros | Checksum: 2168dc327

Time (s): cpu = 00:00:13 ; elapsed = 00:00:09 . Memory (MB): peak = 1071.961 ; gain = 33.598

Phase 3.2 Commit Most Macros & LUTRAMs
Phase 3.2 Commit Most Macros & LUTRAMs | Checksum: 1c12bd8bc

Time (s): cpu = 00:00:14 ; elapsed = 00:00:10 . Memory (MB): peak = 1071.961 ; gain = 33.598

Phase 3.3 Area Swap Optimization
Phase 3.3 Area Swap Optimization | Checksum: 2171ab51e

Time (s): cpu = 00:00:14 ; elapsed = 00:00:10 . Memory (MB): peak = 1071.961 ; gain = 33.598

Phase 3.4 Pipeline Register Optimization
Phase 3.4 Pipeline Register Optimization | Checksum: 289fa38d7

Time (s): cpu = 00:00:14 ; elapsed = 00:00:10 . Memory (MB): peak = 1071.961 ; gain = 33.598

Phase 3.5 Small Shape Detail Placement
Phase 3.5 Small Shape Detail Placement | Checksum: 198b6e090

Time (s): cpu = 00:00:16 ; elapsed = 00:00:11 . Memory (MB): peak = 1071.961 ; gain = 33.598

Phase 3.6 Re-assign LUT pins
Phase 3.6 Re-assign LUT pins | Checksum: 198b6e090

Time (s): cpu = 00:00:16 ; elapsed = 00:00:12 . Memory (MB): peak = 1071.961 ; gain = 33.598

Phase 3.7 Pipeline Register Optimization
Phase 3.7 Pipeline Register Optimization | Checksum: 1c31f3048

Time (s): cpu = 00:00:16 ; elapsed = 00:00:12 . Memory (MB): peak = 1071.961 ; gain = 33.598
Phase 3 Detail Placement | Checksum: 1c31f3048

Time (s): cpu = 00:00:17 ; elapsed = 00:00:12 . Memory (MB): peak = 1071.961 ; gain = 33.598

Phase 4 Post Placement Optimization and Clean-Up

Phase 4.1 Post Commit Optimization
Phase 4.1 Post Commit Optimization | Checksum: 1c31f3048

Time (s): cpu = 00:00:17 ; elapsed = 00:00:13 . Memory (MB): peak = 1071.961 ; gain = 33.598

Phase 4.2 Post Placement Cleanup
Phase 4.2 Post Placement Cleanup | Checksum: 1c31f3048

Time (s): cpu = 00:00:17 ; elapsed = 00:00:13 . Memory (MB): peak = 1071.961 ; gain = 33.598

Phase 4.3 Placer Reporting
Phase 4.3 Placer Reporting | Checksum: 1c31f3048

Time (s): cpu = 00:00:17 ; elapsed = 00:00:13 . Memory (MB): peak = 1071.961 ; gain = 33.598

Phase 4.4 Final Placement Cleanup
Phase 4.4 Final Placement Cleanup | Checksum: fb16f04b

Time (s): cpu = 00:00:17 ; elapsed = 00:00:13 . Memory (MB): peak = 1071.961 ; gain = 33.598
Phase 4 Post Placement Optimization and Clean-Up | Checksum: fb16f04b

Time (s): cpu = 00:00:17 ; elapsed = 00:00:13 . Memory (MB): peak = 1071.961 ; gain = 33.598
Ending Placer Task | Checksum: daa4332b

Time (s): cpu = 00:00:17 ; elapsed = 00:00:13 . Memory (MB): peak = 1071.961 ; gain = 33.598
INFO: [Common 17-83] Releasing license: Implementation
140 Infos, 0 Warnings, 0 Critical Warnings and 0 Errors encountered.
place_design completed successfully
place_design: Time (s): cpu = 00:00:21 ; elapsed = 00:00:15 . Memory (MB): peak = 1071.961 ; gain = 33.598
Writing placer database...
Writing XDEF routing.
Writing XDEF routing logical nets.
Writing XDEF routing special nets.
Write XDEF Complete: Time (s): cpu = 00:00:05 ; elapsed = 00:00:02 . Memory (MB): peak = 1071.961 ; gain = 0.000
INFO: [Common 17-1381] The checkpoint 'C:/Users/saina/Desktop/SeniorDesign/Top_Module/Top_Module.runs/impl_1/TopLevel_Convolution_placed.dcp' has been generated.
report_io: Time (s): cpu = 00:00:00 ; elapsed = 00:00:00.101 . Memory (MB): peak = 1071.961 ; gain = 0.000
report_utilization: Time (s): cpu = 00:00:00 ; elapsed = 00:00:00.131 . Memory (MB): peak = 1071.961 ; gain = 0.000
report_control_sets: Time (s): cpu = 00:00:00 ; elapsed = 00:00:00.031 . Memory (MB): peak = 1071.961 ; gain = 0.000
Command: route_design
Attempting to get a license for feature 'Implementation' and/or device 'xc7z020'
INFO: [Common 17-349] Got license for feature 'Implementation' and/or device 'xc7z020'
Running DRC as a precondition to command route_design
INFO: [DRC 23-27] Running DRC with 2 threads
INFO: [Vivado_Tcl 4-198] DRC finished with 0 Errors
INFO: [Vivado_Tcl 4-199] Please refer to the DRC report (report_drc) for more information.


Starting Routing Task
INFO: [Route 35-254] Multithreading enabled for route_design using a maximum of 2 CPUs
Checksum: PlaceDB: c5355422 ConstDB: 0 ShapeSum: 156edf09 RouteDB: 0

Phase 1 Build RT Design
Phase 1 Build RT Design | Checksum: a153cb76

Time (s): cpu = 00:00:38 ; elapsed = 00:00:32 . Memory (MB): peak = 1187.277 ; gain = 109.996

Phase 2 Router Initialization
INFO: [Route 35-64] No timing constraints were detected. The router will operate in resource-optimization mode.

Phase 2.1 Fix Topology Constraints
Phase 2.1 Fix Topology Constraints | Checksum: a153cb76

Time (s): cpu = 00:00:38 ; elapsed = 00:00:32 . Memory (MB): peak = 1193.879 ; gain = 116.598

Phase 2.2 Pre Route Cleanup
Phase 2.2 Pre Route Cleanup | Checksum: a153cb76

Time (s): cpu = 00:00:38 ; elapsed = 00:00:32 . Memory (MB): peak = 1193.879 ; gain = 116.598
 Number of Nodes with overlaps = 0
Phase 2 Router Initialization | Checksum: 791d058f

Time (s): cpu = 00:00:39 ; elapsed = 00:00:33 . Memory (MB): peak = 1220.879 ; gain = 143.598

Phase 3 Initial Routing
Phase 3 Initial Routing | Checksum: bf8fcffc

Time (s): cpu = 00:00:41 ; elapsed = 00:00:34 . Memory (MB): peak = 1220.879 ; gain = 143.598

Phase 4 Rip-up And Reroute

Phase 4.1 Global Iteration 0
 Number of Nodes with overlaps = 16
 Number of Nodes with overlaps = 0
Phase 4.1 Global Iteration 0 | Checksum: ed56c9bc

Time (s): cpu = 00:00:42 ; elapsed = 00:00:34 . Memory (MB): peak = 1220.879 ; gain = 143.598
Phase 4 Rip-up And Reroute | Checksum: ed56c9bc

Time (s): cpu = 00:00:42 ; elapsed = 00:00:34 . Memory (MB): peak = 1220.879 ; gain = 143.598

Phase 5 Delay and Skew Optimization
Phase 5 Delay and Skew Optimization | Checksum: ed56c9bc

Time (s): cpu = 00:00:42 ; elapsed = 00:00:34 . Memory (MB): peak = 1220.879 ; gain = 143.598

Phase 6 Post Hold Fix

Phase 6.1 Hold Fix Iter
Phase 6.1 Hold Fix Iter | Checksum: ed56c9bc

Time (s): cpu = 00:00:42 ; elapsed = 00:00:34 . Memory (MB): peak = 1220.879 ; gain = 143.598
Phase 6 Post Hold Fix | Checksum: ed56c9bc

Time (s): cpu = 00:00:42 ; elapsed = 00:00:34 . Memory (MB): peak = 1220.879 ; gain = 143.598

Phase 7 Route finalize

Router Utilization Summary
  Global Vertical Routing Utilization    = 1.92016 %
  Global Horizontal Routing Utilization  = 2.17427 %
  Routable Net Status*
  *Does not include unroutable nets such as driverless and loadless.
  Run report_route_status for detailed report.
  Number of Failed Nets               = 0
  Number of Unrouted Nets             = 0
  Number of Partially Routed Nets     = 0
  Number of Node Overlaps             = 0

Congestion Report
North Dir 1x1 Area, Max Cong = 54.0541%, No Congested Regions.
South Dir 1x1 Area, Max Cong = 49.5495%, No Congested Regions.
East Dir 1x1 Area, Max Cong = 50%, No Congested Regions.
West Dir 1x1 Area, Max Cong = 48.5294%, No Congested Regions.
Phase 7 Route finalize | Checksum: ed56c9bc

Time (s): cpu = 00:00:42 ; elapsed = 00:00:34 . Memory (MB): peak = 1220.879 ; gain = 143.598

Phase 8 Verifying routed nets

 Verification completed successfully
Phase 8 Verifying routed nets | Checksum: ed56c9bc

Time (s): cpu = 00:00:42 ; elapsed = 00:00:34 . Memory (MB): peak = 1220.879 ; gain = 143.598

Phase 9 Depositing Routes
Phase 9 Depositing Routes | Checksum: 73b54c05

Time (s): cpu = 00:00:43 ; elapsed = 00:00:35 . Memory (MB): peak = 1220.879 ; gain = 143.598
INFO: [Route 35-16] Router Completed Successfully

Time (s): cpu = 00:00:43 ; elapsed = 00:00:35 . Memory (MB): peak = 1220.879 ; gain = 143.598

Routing Is Done.
INFO: [Common 17-83] Releasing license: Implementation
149 Infos, 0 Warnings, 0 Critical Warnings and 0 Errors encountered.
route_design completed successfully
route_design: Time (s): cpu = 00:00:47 ; elapsed = 00:00:37 . Memory (MB): peak = 1220.879 ; gain = 148.918
Writing placer database...
Writing XDEF routing.
Writing XDEF routing logical nets.
Writing XDEF routing special nets.
Write XDEF Complete: Time (s): cpu = 00:00:06 ; elapsed = 00:00:02 . Memory (MB): peak = 1220.879 ; gain = 0.000
INFO: [Common 17-1381] The checkpoint 'C:/Users/saina/Desktop/SeniorDesign/Top_Module/Top_Module.runs/impl_1/TopLevel_Convolution_routed.dcp' has been generated.
INFO: [DRC 23-27] Running DRC with 2 threads
INFO: [Coretcl 2-168] The results of DRC are in file C:/Users/saina/Desktop/SeniorDesign/Top_Module/Top_Module.runs/impl_1/TopLevel_Convolution_drc_routed.rpt.
INFO: [Timing 38-35] Done setting XDC timing constraints.
INFO: [DRC 23-133] Running Methodology with 2 threads
INFO: [Coretcl 2-1520] The results of Report Methodology are in file C:/Users/saina/Desktop/SeniorDesign/Top_Module/Top_Module.runs/impl_1/TopLevel_Convolution_methodology_drc_routed.rpt.
INFO: [Timing 38-35] Done setting XDC timing constraints.
INFO: [Timing 38-91] UpdateTimingParams: Speed grade: -1, Delay Type: min_max.
INFO: [Timing 38-191] Multithreading enabled for timing update using a maximum of 2 CPUs
INFO: [Timing 38-35] Done setting XDC timing constraints.
WARNING: [Timing 38-313] There are no user specified timing constraints. Timing constraints are needed for proper timing analysis.
Command: report_power -file TopLevel_Convolution_power_routed.rpt -pb TopLevel_Convolution_power_summary_routed.pb -rpx TopLevel_Convolution_power_routed.rpx
WARNING: [Power 33-232] No user defined clocks were found in the design!
Resolution: Please specify clocks using create_clock/create_generated_clock for sequential elements. For pure combinatorial circuits, please specify a virtual clock, otherwise the vectorless estimation might be inaccurate
Running Vector-less Activity Propagation...

Finished Running Vector-less Activity Propagation
159 Infos, 2 Warnings, 0 Critical Warnings and 0 Errors encountered.
report_power completed successfully
INFO: [Common 17-206] Exiting Vivado at Sun Apr 02 13:07:46 2017...
