#-----------------------------------------------------------
# Vivado v2016.2 (64-bit)
# SW Build 1577090 on Thu Jun  2 16:32:40 MDT 2016
# IP Build 1577682 on Fri Jun  3 12:00:54 MDT 2016
# Start of session at: Sun Feb 12 10:08:25 2017
# Process ID: 4084
# Current directory: F:/SeniorDesign/Fifobuffer
# Command line: vivado.exe -gui_launcher_event rodinguilauncherevent4564 F:\SeniorDesign\Fifobuffer\Fifobuffer.xpr
# Log file: F:/SeniorDesign/Fifobuffer/vivado.log
# Journal file: F:/SeniorDesign/Fifobuffer\vivado.jou
#-----------------------------------------------------------
start_gui
open_project F:/SeniorDesign/Fifobuffer/Fifobuffer.xpr
INFO: [Project 1-313] Project file moved from 'C:/Users/saina/Fifobuffer' since last save.
Scanning sources...
Finished scanning sources
WARNING: [filemgmt 56-2] IP Output Repository Path: Could not find the directory 'F:/SeniorDesign/Fifobuffer/Fifobuffer.cache/ip', nor could it be found using path 'C:/Users/saina/Fifobuffer/Fifobuffer.cache/ip'.
CRITICAL WARNING: [Project 1-505] Unrecognized Option Name DSANumComputeUnits
CRITICAL WARNING: [Project 1-505] Unrecognized Option Name XSimRadix
CRITICAL WARNING: [Project 1-505] Unrecognized Option Name XSimTimeUnit
CRITICAL WARNING: [Project 1-505] Unrecognized Option Name XSimArrayDisplayLimit
CRITICAL WARNING: [Project 1-505] Unrecognized Option Name XSimTraceLimit
WARNING: [Project 1-231] Project 'Fifobuffer.xpr' was created with a future version and may or may not perform reliably with this version of Vivado. It has been opened in read-only mode for the protection of unrecognized data. Use 'File | Save Project As...' if you wish to alter a copy of the project.
INFO: [IP_Flow 19-234] Refreshing IP repositories
INFO: [IP_Flow 19-2313] Loaded Vivado IP repository 'C:/Xilinx/Vivado/2016.2/data/ip'.
open_project: Time (s): cpu = 00:00:08 ; elapsed = 00:00:19 . Memory (MB): peak = 504.531 ; gain = 76.871
update_compile_order -fileset sources_1
exit
INFO: [Common 17-206] Exiting Vivado at Sun Feb 12 12:54:58 2017...
