Exception at PC 0x00007FFB3B367788
Unable to capture context for thread 4532 in process 7720, can not generate back trace
Unable to capture context for thread 9512 in process 7720, can not generate back trace
Unable to capture context for thread 4472 in process 7720, can not generate back trace
Exception at PC 0x00007FFAE2E4BB93
Printing stacktrace...

Unable to capture context for thread 4532 in process 7720, can not generate back trace
Unable to capture context for thread 9512 in process 7720, can not generate back trace
Unable to capture context for thread 4472 in process 7720, can not generate back trace
Exception at PC 0x00007FFB3B367788
Exception at PC 0x00007FFB3B367788
Exception at PC 0x00007FFB3B367788
Exception at PC 0x00007FFB3B367788
Exception at PC 0x00007FFB3B367788
Exception at PC 0x00007FFB3B367788
Exception at PC 0x00007FFB3B367788
Exception at PC 0x00007FFB3B367788
Exception at PC 0x00007FFB3B367788
Exception at PC 0x00007FFB3B367788
Exception at PC 0x00007FFB3B367788
Exception at PC 0x00007FFB3B367788
Exception at PC 0x00007FFB3B367788
Exception at PC 0x00007FFB3B367788
Exception at PC 0x00007FFB3B367788
Exception at PC 0x00007FFB3B367788
[0]  [0x00007FFAE2E4BB93]
[1]  [0x00007FFAE2E4BB93]
[2]  [0x00007FFAE2E4B4A1]
[3]  [0x00007FFAE2E4B3EF]
[4]  [0x00007FFAE2E319FE]
[5]  [0x00007FFAE2E30ED1]
[6]  [0x00007FFAE2E30D76]
[7]  [0x00007FFAE2DD79F6]
[8]  [0x00007FFAE2DC7AFB]
[9]  [0x00007FFAE2EEE90A]
[10]  [0x00007FFAE2F09F87]
[11]  [0x00007FFAE2F0A05F]
[12] (BaseThreadInitThunk+0x14) [0x00007FFB3EA58364]
[13] (RtlUserThreadStart+0x21) [0x00007FFB3ED370D1]
Done
