Unable to capture context for thread 4344 in process 7488, can not generate back trace
Exception at PC 0x00007FFB3B367788
Unable to capture context for thread 4124 in process 7488, can not generate back trace
Unable to capture context for thread 10660 in process 7488, can not generate back trace
Unable to capture context for thread 7940 in process 7488, can not generate back trace
Unable to capture context for thread 9588 in process 7488, can not generate back trace
Exception at PC 0x00007FFB3B367788
Unable to capture context for thread 4124 in process 7488, can not generate back trace
Unable to capture context for thread 10660 in process 7488, can not generate back trace
Unable to capture context for thread 7940 in process 7488, can not generate back trace
Unable to capture context for thread 9588 in process 7488, can not generate back trace
Exception at PC 0x00007FFAE2F0BB93
Printing stacktrace...

Exception at PC 0x00007FFB3B367788
Exception at PC 0x00007FFB3B367788
Exception at PC 0x00007FFB3B367788
Exception at PC 0x00007FFB3B367788
Exception at PC 0x00007FFB3B367788
Exception at PC 0x00007FFB3B367788
Exception at PC 0x00007FFB3B367788
Exception at PC 0x00007FFB3B367788
Exception at PC 0x00007FFB3B367788
Exception at PC 0x00007FFB3B367788
Exception at PC 0x00007FFB3B367788
Exception at PC 0x00007FFB3B367788
Exception at PC 0x00007FFB3B367788
Exception at PC 0x00007FFB3B367788
Exception at PC 0x00007FFB3B367788
[0]  [0x00007FFAE2F0BB93]
[1]  [0x00007FFAE2F0BB93]
[2]  [0x00007FFAE2F0B4A1]
[3]  [0x00007FFAE2F0B3EF]
[4]  [0x00007FFAE2EF19FE]
[5]  [0x00007FFAE2EF0ED1]
[6]  [0x00007FFAE2EF0D76]
[7]  [0x00007FFAE2E979F6]
[8]  [0x00007FFAE2E87AFB]
[9]  [0x00007FFAE2FAE90A]
[10]  [0x00007FFAE2FC9F87]
[11]  [0x00007FFAE2FCA05F]
[12] (BaseThreadInitThunk+0x14) [0x00007FFB3EA58364]
[13] (RtlUserThreadStart+0x21) [0x00007FFB3ED370D1]
Done
